2024-12-14 18:29:56,500 [INFO] 程序已以管理员权限运行。
2024-12-14 18:29:56,500 [INFO] [INFO] Initial run. Running enable BitLocker logic...
2024-12-14 18:29:58,822 [INFO] step 1: status check
2024-12-14 18:29:58,884 [INFO] BitLocker 驱动器加密: 配置工具版本 10.0.19041
版权所有 (C) 2013 Microsoft Corporation。保留所有权利。

卷 D: []
[数据卷]

    大小:              232.87 GB
    BitLocker 版本:    2.0
    转换状态:          完全加密
    已加密百分比:      100.0%
    加密方法:    硬件加密 - 1.3.111.2.1619.0.1.2
    保护状态:          保护已启用
    锁定状态:          已解锁
    标识字段:          未知
    自动解锁:          已禁用
    密钥保护器:
        外部密钥
        数字密码
2024-12-14 18:29:58,885 [INFO] disk_current_status : 硬件加密 - 1.3.111.2.1619.0.1.2
2024-12-14 18:30:01,895 [INFO] step : bitlocker add password
2024-12-14 18:30:10,636 [INFO] [INFO] Task created successfully.
2024-12-14 18:30:10,636 [INFO] [INFO] System will now reboot...
2024-12-14 18:30:12,686 [INFO] 流程完成。
