2025-03-27 16:22:56,107 [INFO] 程序已以管理员权限运行。
2025-03-27 16:22:56,107 [INFO] step 0: delay power off
2025-03-27 16:22:56,108 [INFO] step 1 Format
2025-03-27 16:23:16,453 [INFO] step 2: status check
2025-03-27 16:23:16,482 [INFO] current_transition_state : 错误代码 136: Invalid or unsupported disk \\.\PhysicalDrive0
2025-03-27 16:23:16,482 [INFO] 识盘命令输出：
2025-03-27 16:23:16,518 [INFO] smart_log : 错误代码 1: 
2025-03-27 16:23:17,533 [INFO] 识盘命令输出：
2025-03-27 16:23:17,591 [INFO] smart_log : 错误代码 1: 
2025-03-27 16:23:18,602 [INFO] 识盘命令输出：
2025-03-27 16:23:18,660 [INFO] smart_log : 错误代码 1: 
2025-03-27 16:23:19,670 [INFO] 识盘命令输出：
2025-03-27 16:23:19,723 [INFO] smart_log : 错误代码 1: 
2025-03-27 16:23:20,739 [INFO] 识盘命令输出：
2025-03-27 16:23:20,798 [INFO] smart_log : 错误代码 1: 
2025-03-27 16:23:21,807 [INFO] 识盘命令输出：
2025-03-27 16:23:21,869 [INFO] smart_log : 错误代码 1: 
2025-03-27 16:23:22,876 [INFO] 识盘命令输出：
2025-03-27 16:23:22,913 [INFO] smart_log : 错误代码 1: 
2025-03-27 16:23:23,924 [INFO] 识盘命令输出：
2025-03-27 16:23:23,975 [INFO] smart_log : 错误代码 1: 
2025-03-27 16:23:24,990 [INFO] 识盘命令输出：
2025-03-27 16:23:25,046 [INFO] smart_log : 错误代码 1: 
2025-03-27 16:23:26,057 [INFO] 识盘命令输出：
2025-03-27 16:23:26,111 [INFO] smart_log : 错误代码 1: 
2025-03-27 16:23:27,125 [INFO] 等待5秒后开始上电
