2025-02-21 14:48:43,885 [INFO] 程序已以管理员权限运行。
2025-02-21 14:48:43,886 [INFO] step 1: bitlocker unlock
2025-02-21 14:48:49,577 [INFO] current_locked_state : 已解锁
2025-02-21 14:48:49,577 [INFO] step 2: delay power off
2025-02-21 14:48:49,577 [INFO] step 3: bitlocker lock
2025-02-21 14:48:51,159 [INFO] BitLocker 驱动器加密: 配置工具版本 10.0.19041
版权所有 (C) 2013 Microsoft Corporation。保留所有权利。

卷 D: 现在已锁定
2025-02-21 14:48:52,236 [INFO] current_locked_state : 已锁定
2025-02-21 14:48:52,237 [INFO] 识盘命令输出：
2025-02-21 14:48:52,343 [INFO] smart_log : 
2025-02-21 14:48:53,347 [INFO] 识盘命令输出：
2025-02-21 14:48:53,395 [INFO] smart_log : 
2025-02-21 14:48:54,399 [INFO] 识盘命令输出：
2025-02-21 14:48:54,458 [INFO] smart_log : 
2025-02-21 14:48:55,474 [INFO] 识盘命令输出：
2025-02-21 14:48:55,535 [INFO] smart_log : 
2025-02-21 14:48:56,541 [INFO] 识盘命令输出：
2025-02-21 14:48:56,593 [INFO] smart_log : 
2025-02-21 14:48:57,602 [INFO] 识盘命令输出：
2025-02-21 14:48:57,668 [INFO] smart_log : 
2025-02-21 14:48:58,669 [INFO] 识盘命令输出：
2025-02-21 14:48:58,738 [INFO] smart_log : 
2025-02-21 14:48:59,749 [INFO] 识盘命令输出：
2025-02-21 14:49:00,467 [INFO] smart_log : 错误代码 2: 
2025-02-21 14:49:01,481 [INFO] 识盘命令输出：
2025-02-21 14:49:01,542 [INFO] smart_log : 错误代码 1: 
2025-02-21 14:49:02,543 [INFO] 识盘命令输出：
2025-02-21 14:49:02,601 [INFO] smart_log : 错误代码 1: 
2025-02-21 14:49:03,609 [INFO] 识盘命令输出：
2025-02-21 14:49:03,673 [INFO] smart_log : 错误代码 1: 
2025-02-21 14:49:04,676 [INFO] 识盘命令输出：
2025-02-21 14:49:04,738 [INFO] smart_log : 错误代码 1: 
2025-02-21 14:49:05,741 [INFO] 识盘命令输出：
2025-02-21 14:49:05,802 [INFO] smart_log : 错误代码 1: 
2025-02-21 14:49:06,809 [INFO] 识盘命令输出：
2025-02-21 14:49:06,861 [INFO] smart_log : 错误代码 1: 
2025-02-21 14:49:07,877 [INFO] 识盘命令输出：
2025-02-21 14:49:07,938 [INFO] smart_log : 错误代码 1: 
2025-02-21 14:49:08,942 [INFO] 识盘命令输出：
2025-02-21 14:49:08,987 [INFO] smart_log : 错误代码 1: 
2025-02-21 14:49:09,994 [INFO] 识盘命令输出：
2025-02-21 14:49:10,031 [INFO] smart_log : 错误代码 1: 
2025-02-21 14:49:11,044 [INFO] 识盘命令输出：
2025-02-21 14:49:11,097 [INFO] smart_log : 错误代码 1: 
2025-02-21 14:49:12,109 [INFO] 识盘命令输出：
2025-02-21 14:49:12,162 [INFO] smart_log : 错误代码 1: 
2025-02-21 14:49:13,172 [INFO] 识盘命令输出：
2025-02-21 14:49:13,227 [INFO] smart_log : 错误代码 1: 
2025-02-21 14:49:14,236 [INFO] 识盘命令输出：
2025-02-21 14:49:14,298 [INFO] smart_log : 错误代码 1: 
2025-02-21 14:49:15,300 [INFO] 识盘命令输出：
2025-02-21 14:49:15,363 [INFO] smart_log : 错误代码 1: 
2025-02-21 14:49:16,378 [INFO] 识盘命令输出：
2025-02-21 14:49:16,428 [INFO] smart_log : 错误代码 1: 
2025-02-21 14:49:17,429 [INFO] 识盘命令输出：
2025-02-21 14:49:17,484 [INFO] smart_log : 错误代码 1: 
2025-02-21 14:49:18,494 [INFO] 识盘命令输出：
2025-02-21 14:49:18,554 [INFO] smart_log : 错误代码 1: 
2025-02-21 14:49:19,560 [INFO] 识盘命令输出：
2025-02-21 14:49:19,614 [INFO] smart_log : 错误代码 1: 
2025-02-21 14:49:20,624 [INFO] 识盘命令输出：
2025-02-21 14:49:20,682 [INFO] smart_log : 错误代码 1: 
2025-02-21 14:49:21,689 [INFO] 识盘命令输出：
2025-02-21 14:49:21,748 [INFO] smart_log : 错误代码 1: 
2025-02-21 14:49:22,757 [INFO] 等待5秒后开始上电
