2025-03-24 15:32:55,431 [INFO] 程序已以管理员权限运行。
2025-03-24 15:32:55,431 [INFO] 程序已以管理员权限运行。
2025-03-24 15:32:55,473 [INFO] BitLocker 驱动器加密: 配置工具版本 10.0.19041
版权所有 (C) 2013 Microsoft Corporation。保留所有权利。

卷 D: []
[数据卷]

    大小:              447.12 GB
    BitLocker 版本:    无
    转换状态:          完全解密
    已加密百分比:      0.0%
    加密方法:          无
    保护状态:          保护关闭
    锁定状态:          已解锁
    标识字段:          无
    自动解锁:          已禁用
    密钥保护器:        找不到
2025-03-24 15:32:55,473 [INFO] [INFO] Initial run. Running enable BitLocker logic...
2025-03-24 15:33:06,212 [INFO] step 1: status check
2025-03-24 15:33:06,256 [INFO] BitLocker 驱动器加密: 配置工具版本 10.0.19041
版权所有 (C) 2013 Microsoft Corporation。保留所有权利。

卷 D: []
[数据卷]

    大小:              447.12 GB
    BitLocker 版本:    2.0
    转换状态:          完全加密
    已加密百分比:      100.0%
    加密方法:    硬件加密 - 1.3.111.2.1619.0.1.2
    保护状态:          保护已启用
    锁定状态:          已解锁
    标识字段:          未知
    自动解锁:          已禁用
    密钥保护器:
        外部密钥
        数字密码
2025-03-24 15:33:06,257 [INFO] disk_current_status : 硬件加密 - 1.3.111.2.1619.0.1.2
2025-03-24 15:33:09,268 [INFO] step 2: bitlocker add password
2025-03-24 15:33:19,262 [INFO] step 3: APL
2025-03-24 15:33:19,262 [INFO] delay power off
2025-03-24 15:33:19,265 [INFO] 识盘命令输出：
2025-03-24 15:33:19,332 [INFO] smart_log : 
2025-03-24 15:33:20,346 [INFO] 识盘命令输出：
2025-03-24 15:33:20,394 [INFO] smart_log : 
2025-03-24 15:33:21,397 [INFO] 识盘命令输出：
2025-03-24 15:33:22,044 [INFO] smart_log : 错误代码 2: 
2025-03-24 15:33:23,056 [INFO] 识盘命令输出：
2025-03-24 15:33:23,101 [INFO] smart_log : 错误代码 1: 
2025-03-24 15:33:24,107 [INFO] 识盘命令输出：
2025-03-24 15:33:24,145 [INFO] smart_log : 错误代码 1: 
2025-03-24 15:33:25,159 [INFO] 识盘命令输出：
2025-03-24 15:33:25,206 [INFO] smart_log : 错误代码 1: 
2025-03-24 15:33:26,211 [INFO] 识盘命令输出：
2025-03-24 15:33:26,254 [INFO] smart_log : 错误代码 1: 
2025-03-24 15:33:27,263 [INFO] 识盘命令输出：
2025-03-24 15:33:27,309 [INFO] smart_log : 错误代码 1: 
2025-03-24 15:33:28,316 [INFO] 识盘命令输出：
2025-03-24 15:33:28,363 [INFO] smart_log : 错误代码 1: 
2025-03-24 15:33:29,366 [INFO] 等待5秒后开始上电
2025-03-24 15:33:50,067 [INFO] [INFO] Task created successfully.
2025-03-24 15:33:50,068 [INFO] Batch file generated and placed in startup directory: C:\ProgramData\Microsoft\Windows\Start Menu\Programs\StartUp\run_script.bat
2025-03-24 15:33:50,068 [INFO] [INFO] System will now reboot...
2025-03-24 15:33:52,099 [INFO] 流程完成。
