2025-03-05 10:19:55,745 [INFO] 程序已以管理员权限运行。
2025-03-05 10:19:55,745 [INFO] step 0: delay power off
2025-03-05 10:19:55,746 [INFO] step 1 Format
2025-03-05 10:20:16,055 [INFO] step 2: status check
2025-03-05 10:20:16,088 [INFO] current_transition_state : 错误代码 136: Invalid or unsupported disk \\.\PhysicalDrive0
2025-03-05 10:20:16,088 [INFO] 识盘命令输出：
2025-03-05 10:20:16,124 [INFO] smart_log : 错误代码 1: 
2025-03-05 10:20:17,136 [INFO] 识盘命令输出：
2025-03-05 10:20:17,188 [INFO] smart_log : 错误代码 1: 
2025-03-05 10:20:18,202 [INFO] 识盘命令输出：
2025-03-05 10:20:18,259 [INFO] smart_log : 错误代码 1: 
2025-03-05 10:20:19,274 [INFO] 识盘命令输出：
2025-03-05 10:20:19,322 [INFO] smart_log : 错误代码 1: 
2025-03-05 10:20:20,323 [INFO] 识盘命令输出：
2025-03-05 10:20:20,377 [INFO] smart_log : 错误代码 1: 
2025-03-05 10:20:21,378 [INFO] 识盘命令输出：
2025-03-05 10:20:21,435 [INFO] smart_log : 错误代码 1: 
2025-03-05 10:20:22,446 [INFO] 识盘命令输出：
2025-03-05 10:20:22,504 [INFO] smart_log : 错误代码 1: 
2025-03-05 10:20:23,517 [INFO] 识盘命令输出：
2025-03-05 10:20:23,572 [INFO] smart_log : 错误代码 1: 
2025-03-05 10:20:24,581 [INFO] 识盘命令输出：
2025-03-05 10:20:24,633 [INFO] smart_log : 错误代码 1: 
2025-03-05 10:20:25,638 [INFO] 识盘命令输出：
2025-03-05 10:20:25,687 [INFO] smart_log : 错误代码 1: 
2025-03-05 10:20:26,694 [INFO] 等待5秒后开始上电
