2025-03-17 15:33:15,881 [INFO] 程序已以管理员权限运行。
2025-03-17 15:33:15,881 [INFO] step 1: status check
2025-03-17 15:33:15,937 [INFO] BitLocker 驱动器加密: 配置工具版本 10.0.19041
版权所有 (C) 2013 Microsoft Corporation。保留所有权利。

卷 D: []
[数据卷]

    大小:              447.12 GB
    BitLocker 版本:    无
    转换状态:          完全解密
    已加密百分比:      0.0%
    加密方法:          无
    保护状态:          保护关闭
    锁定状态:          已解锁
    标识字段:          无
    自动解锁:          已禁用
    密钥保护器:        找不到
2025-03-17 15:33:15,938 [INFO] disk_current_status : {'BitLocker 驱动器加密': '配置工具版本 10.0.19041', '卷 D': '[]', '大小': '447.12 GB', 'BitLocker 版本': '无', '转换状态': '完全解密', '已加密百分比': '0.0%', '加密方法': '无', '保护状态': '保护关闭', '锁定状态': '已解锁', '标识字段': '无', '自动解锁': '已禁用', '密钥保护器': '找不到'}
2025-03-17 15:33:15,939 [INFO] step 2: bitlocker on
2025-03-17 15:33:30,866 [INFO] key: 367928-553355-048092-455862-509399-170082-481921-394504
2025-03-17 15:33:30,866 [INFO] step 3: bitlocker add password
2025-03-17 15:33:36,814 [INFO] step 4: delay power off
2025-03-17 15:33:36,814 [INFO] 识盘命令输出：
2025-03-17 15:33:36,872 [INFO] smart_log : 
2025-03-17 15:33:37,875 [INFO] 识盘命令输出：
2025-03-17 15:33:37,943 [INFO] smart_log : 
2025-03-17 15:33:38,958 [INFO] 识盘命令输出：
2025-03-17 15:33:39,029 [INFO] smart_log : 
2025-03-17 15:33:40,041 [INFO] 识盘命令输出：
2025-03-17 15:33:40,109 [INFO] smart_log : 
2025-03-17 15:33:41,120 [INFO] 识盘命令输出：
2025-03-17 15:33:41,192 [INFO] smart_log : 
2025-03-17 15:33:42,197 [INFO] 识盘命令输出：
2025-03-17 15:33:42,712 [INFO] smart_log : 错误代码 2: 
2025-03-17 15:33:43,726 [INFO] 识盘命令输出：
2025-03-17 15:33:43,785 [INFO] smart_log : 错误代码 1: 
2025-03-17 15:33:44,789 [INFO] 识盘命令输出：
2025-03-17 15:33:44,850 [INFO] smart_log : 错误代码 1: 
2025-03-17 15:33:45,855 [INFO] 识盘命令输出：
2025-03-17 15:33:45,915 [INFO] smart_log : 错误代码 1: 
2025-03-17 15:33:46,926 [INFO] 识盘命令输出：
2025-03-17 15:33:46,986 [INFO] smart_log : 错误代码 1: 
2025-03-17 15:33:47,993 [INFO] 识盘命令输出：
2025-03-17 15:33:48,047 [INFO] smart_log : 错误代码 1: 
2025-03-17 15:33:49,062 [INFO] 识盘命令输出：
2025-03-17 15:33:49,115 [INFO] smart_log : 错误代码 1: 
2025-03-17 15:33:50,130 [INFO] 识盘命令输出：
2025-03-17 15:33:50,185 [INFO] smart_log : 错误代码 1: 
2025-03-17 15:33:51,198 [INFO] 识盘命令输出：
2025-03-17 15:33:51,259 [INFO] smart_log : 错误代码 1: 
2025-03-17 15:33:52,266 [INFO] 识盘命令输出：
2025-03-17 15:33:52,324 [INFO] smart_log : 错误代码 1: 
2025-03-17 15:33:53,334 [INFO] 识盘命令输出：
2025-03-17 15:33:53,390 [INFO] smart_log : 错误代码 1: 
2025-03-17 15:33:54,402 [INFO] 识盘命令输出：
2025-03-17 15:33:54,458 [INFO] smart_log : 错误代码 1: 
2025-03-17 15:33:55,468 [INFO] 识盘命令输出：
2025-03-17 15:33:55,523 [INFO] smart_log : 错误代码 1: 
2025-03-17 15:33:56,536 [INFO] 识盘命令输出：
2025-03-17 15:33:56,594 [INFO] smart_log : 错误代码 1: 
2025-03-17 15:33:57,604 [INFO] 等待5秒后开始上电
2025-03-17 15:35:13,371 [INFO] disk_current_status : {'BitLocker 驱动器加密': '配置工具版本 10.0.19041', '卷 D': '[]', '大小': '447.12 GB', 'BitLocker 版本': '无', '转换状态': '完全解密', '已加密百分比': '0.0%', '加密方法': '无', '保护状态': '保护关闭', '锁定状态': '已解锁', '标识字段': '无', '自动解锁': '已禁用', '密钥保护器': '找不到'}
