2025-04-07 20:24:17,075 [INFO] 程序已以管理员权限运行。
2025-04-07 20:24:17,075 [INFO] step 3: delay power off
2025-04-07 20:24:17,076 [INFO] step 4: bitlocker unlock
2025-04-07 20:24:22,242 [INFO] current_locked_state : 已解锁
2025-04-07 20:24:22,242 [INFO] 识盘命令输出：
2025-04-07 20:24:22,283 [INFO] smart_log : 
2025-04-07 20:24:23,299 [INFO] 识盘命令输出：
2025-04-07 20:24:23,361 [INFO] smart_log : 
2025-04-07 20:24:24,370 [INFO] 识盘命令输出：
2025-04-07 20:24:24,442 [INFO] smart_log : 
2025-04-07 20:24:25,458 [INFO] 识盘命令输出：
2025-04-07 20:24:25,522 [INFO] smart_log : 
2025-04-07 20:24:26,529 [INFO] 识盘命令输出：
2025-04-07 20:24:26,596 [INFO] smart_log : 
2025-04-07 20:24:27,600 [INFO] 识盘命令输出：
2025-04-07 20:24:27,979 [INFO] smart_log : 错误代码 2: 
2025-04-07 20:24:28,990 [INFO] 识盘命令输出：
2025-04-07 20:24:29,018 [INFO] smart_log : 错误代码 1: 
2025-04-07 20:24:30,028 [INFO] 识盘命令输出：
2025-04-07 20:24:30,083 [INFO] smart_log : 错误代码 1: 
2025-04-07 20:24:31,083 [INFO] 识盘命令输出：
2025-04-07 20:24:31,137 [INFO] smart_log : 错误代码 1: 
2025-04-07 20:24:32,152 [INFO] 识盘命令输出：
2025-04-07 20:24:32,205 [INFO] smart_log : 错误代码 1: 
2025-04-07 20:24:33,205 [INFO] 识盘命令输出：
2025-04-07 20:24:33,257 [INFO] smart_log : 错误代码 1: 
2025-04-07 20:24:34,272 [INFO] 识盘命令输出：
2025-04-07 20:24:34,330 [INFO] smart_log : 错误代码 1: 
2025-04-07 20:24:35,343 [INFO] 识盘命令输出：
2025-04-07 20:24:35,397 [INFO] smart_log : 错误代码 1: 
2025-04-07 20:24:36,399 [INFO] 识盘命令输出：
2025-04-07 20:24:36,453 [INFO] smart_log : 错误代码 1: 
2025-04-07 20:24:37,469 [INFO] 识盘命令输出：
2025-04-07 20:24:37,519 [INFO] smart_log : 错误代码 1: 
2025-04-07 20:24:38,522 [INFO] 识盘命令输出：
2025-04-07 20:24:38,568 [INFO] smart_log : 错误代码 1: 
2025-04-07 20:24:39,578 [INFO] 识盘命令输出：
2025-04-07 20:24:39,639 [INFO] smart_log : 错误代码 1: 
2025-04-07 20:24:40,650 [INFO] 识盘命令输出：
2025-04-07 20:24:40,708 [INFO] smart_log : 错误代码 1: 
2025-04-07 20:24:41,722 [INFO] 识盘命令输出：
2025-04-07 20:24:41,774 [INFO] smart_log : 错误代码 1: 
2025-04-07 20:24:42,778 [INFO] 识盘命令输出：
2025-04-07 20:24:42,836 [INFO] smart_log : 错误代码 1: 
2025-04-07 20:24:43,850 [INFO] 识盘命令输出：
2025-04-07 20:24:43,902 [INFO] smart_log : 错误代码 1: 
2025-04-07 20:24:44,906 [INFO] 识盘命令输出：
2025-04-07 20:24:44,961 [INFO] smart_log : 错误代码 1: 
2025-04-07 20:24:45,961 [INFO] 识盘命令输出：
2025-04-07 20:24:46,014 [INFO] smart_log : 错误代码 1: 
2025-04-07 20:24:47,017 [INFO] 识盘命令输出：
2025-04-07 20:24:47,072 [INFO] smart_log : 错误代码 1: 
2025-04-07 20:24:48,073 [INFO] 识盘命令输出：
2025-04-07 20:24:48,132 [INFO] smart_log : 错误代码 1: 
2025-04-07 20:24:49,141 [INFO] 识盘命令输出：
2025-04-07 20:24:49,193 [INFO] smart_log : 错误代码 1: 
2025-04-07 20:24:50,204 [INFO] 识盘命令输出：
2025-04-07 20:24:50,259 [INFO] smart_log : 错误代码 1: 
2025-04-07 20:24:51,259 [INFO] 识盘命令输出：
2025-04-07 20:24:51,311 [INFO] smart_log : 错误代码 1: 
2025-04-07 20:24:52,314 [INFO] 等待5秒后开始上电
2025-04-07 20:25:08,464 [INFO] current_transition_state : 已锁定
2025-04-07 20:25:08,464 [INFO] step 5: bitlocker unlock again
2025-04-07 20:25:13,523 [INFO] current_locked_state : 已解锁
2025-04-07 20:25:13,523 [INFO] step 8: bitlocker off
2025-04-07 20:25:17,555 [INFO] current_transition_state : 完全解密
