2025-02-18 10:33:17,405 [INFO] 程序已以管理员权限运行。
2025-02-18 10:33:17,406 [INFO] step 1: bitlocker unlock
2025-02-18 10:33:23,152 [INFO] current_locked_state : 已解锁
2025-02-18 10:33:23,152 [INFO] step 2: bitlocker change password
2025-02-18 10:33:30,071 [INFO] step 3: delay power off
2025-02-18 10:33:30,072 [INFO] 识盘命令输出：
2025-02-18 10:33:30,122 [INFO] smart_log : 
2025-02-18 10:33:31,134 [INFO] 识盘命令输出：
2025-02-18 10:33:31,190 [INFO] smart_log : 
2025-02-18 10:33:32,202 [INFO] 识盘命令输出：
2025-02-18 10:33:32,282 [INFO] smart_log : 
2025-02-18 10:33:33,286 [INFO] 识盘命令输出：
2025-02-18 10:33:33,355 [INFO] smart_log : 
2025-02-18 10:33:34,368 [INFO] 识盘命令输出：
2025-02-18 10:33:34,438 [INFO] smart_log : 
2025-02-18 10:33:35,453 [INFO] 识盘命令输出：
2025-02-18 10:33:35,533 [INFO] smart_log : 
2025-02-18 10:33:36,548 [INFO] 识盘命令输出：
2025-02-18 10:33:36,623 [INFO] smart_log : 
2025-02-18 10:33:37,629 [INFO] 识盘命令输出：
2025-02-18 10:33:37,704 [INFO] smart_log : 
2025-02-18 10:33:38,713 [INFO] 识盘命令输出：
2025-02-18 10:33:38,777 [INFO] smart_log : 
2025-02-18 10:33:39,780 [INFO] 识盘命令输出：
2025-02-18 10:33:39,829 [INFO] smart_log : 
2025-02-18 10:33:40,841 [INFO] 识盘命令输出：
2025-02-18 10:33:40,944 [INFO] smart_log : 错误代码 2: 
2025-02-18 10:33:41,956 [INFO] 识盘命令输出：
2025-02-18 10:33:42,005 [INFO] smart_log : 错误代码 1: 
2025-02-18 10:33:43,007 [INFO] 识盘命令输出：
2025-02-18 10:33:43,042 [INFO] smart_log : 错误代码 1: 
2025-02-18 10:33:44,050 [INFO] 识盘命令输出：
2025-02-18 10:33:44,106 [INFO] smart_log : 错误代码 1: 
2025-02-18 10:33:45,110 [INFO] 识盘命令输出：
2025-02-18 10:33:45,168 [INFO] smart_log : 错误代码 1: 
2025-02-18 10:33:46,177 [INFO] 识盘命令输出：
2025-02-18 10:33:46,239 [INFO] smart_log : 错误代码 1: 
2025-02-18 10:33:47,246 [INFO] 识盘命令输出：
2025-02-18 10:33:47,303 [INFO] smart_log : 错误代码 1: 
2025-02-18 10:33:48,313 [INFO] 识盘命令输出：
2025-02-18 10:33:48,383 [INFO] smart_log : 错误代码 1: 
2025-02-18 10:33:49,398 [INFO] 识盘命令输出：
2025-02-18 10:33:49,462 [INFO] smart_log : 错误代码 1: 
2025-02-18 10:33:50,466 [INFO] 识盘命令输出：
2025-02-18 10:33:50,528 [INFO] smart_log : 错误代码 1: 
2025-02-18 10:33:51,534 [INFO] 识盘命令输出：
2025-02-18 10:33:51,591 [INFO] smart_log : 错误代码 1: 
2025-02-18 10:33:52,602 [INFO] 识盘命令输出：
2025-02-18 10:33:52,663 [INFO] smart_log : 错误代码 1: 
2025-02-18 10:33:53,670 [INFO] 识盘命令输出：
2025-02-18 10:33:53,729 [INFO] smart_log : 错误代码 1: 
2025-02-18 10:33:54,744 [INFO] 识盘命令输出：
2025-02-18 10:33:54,772 [INFO] smart_log : 错误代码 1: 
2025-02-18 10:33:55,780 [INFO] 识盘命令输出：
2025-02-18 10:33:55,842 [INFO] smart_log : 错误代码 1: 
2025-02-18 10:33:56,854 [INFO] 识盘命令输出：
2025-02-18 10:33:56,915 [INFO] smart_log : 错误代码 1: 
2025-02-18 10:33:57,918 [INFO] 识盘命令输出：
2025-02-18 10:33:57,976 [INFO] smart_log : 错误代码 1: 
2025-02-18 10:33:58,987 [INFO] 识盘命令输出：
2025-02-18 10:33:59,053 [INFO] smart_log : 错误代码 1: 
2025-02-18 10:34:00,054 [INFO] 识盘命令输出：
2025-02-18 10:34:00,116 [INFO] smart_log : 错误代码 1: 
2025-02-18 10:34:01,123 [INFO] 等待5秒后开始上电
