2025-04-07 11:04:30,625 [INFO] 程序已以管理员权限运行。
2025-04-07 11:04:30,625 [INFO] step 1: new volume
2025-04-07 11:04:50,978 [INFO] step 2: status check
2025-04-07 11:04:51,115 [INFO] current_transition_state : \\.\PhysicalDrive0 ATA RSYE3839Z-960G                           SP301016 PCDH744400085       
TPer function (0x0001)
    ACKNAK = N, ASYNC = N. BufferManagement = N, comIDManagement  = N, Streaming = Y, SYNC = Y
Locking function (0x0002)
    Locked = N, LockingEnabled = Y, LockingSupported = Y, MBRDone = N, MBREnabled = N, MBRAbsent = N, MediaEncrypt = Y
Geometry function (0x0003)
    Align = Y, Alignment Granularity = 8 (4096), Logical Block size = 512, Lowest Aligned LBA = 0
SingleUser function (0x0201)
    ALL = Y, ANY = Y, Policy = N, Locking Objects = 9
DataStore function (0x0202)
    Max Tables = 9, Max Size Tables = 10485760, Table size alignment = 1
OPAL 2.0 function (0x0203)
    Base comID = 0x1004, Initial PIN = 0x00, Reverted PIN = 0x00, comIDs = 1
    Locking Admins = 4, Locking Users = 9, Range Crossing = N
Block SID Authentication function (0x0402)
    SID Blocked State = N, SID Value State = Y, Hardware Reset = N
Supported Data Removal Mechanism function (0x0404)
    Processing = N, Block = 61440s , Crypto = 0s 
**** 1 **** Unknown function codes IGNORED 

TPer Properties: 
  MaxMethods = 1  MaxSubpackets = 1
  MaxPacketSize = 131052  MaxPackets = 1  MaxComPacketSize = 131072
  MaxResponseComPacketSize = 131072  MaxReadSessions = 0  MaxSessions = 1
  MaxIndTokenSize = 131016  MaxAuthentications = 5  MaxTransactionLimit = 1
  DefSessionTimeout = 0
Host Properties: 
  MaxMethods = 1
  MaxSubpackets = 1  MaxPacketSize = 2028  MaxPackets = 1
  MaxComPacketSize = 2048  MaxResponseComPacketSize = 65536  MaxIndTokenSize = 1992
2025-04-07 11:04:51,116 [INFO] step 0: delay power off
2025-04-07 11:04:51,119 [INFO] 识盘命令输出：
2025-04-07 11:04:51,229 [INFO] smart_log : 
2025-04-07 11:04:52,231 [INFO] 识盘命令输出：
2025-04-07 11:04:52,896 [INFO] smart_log : 错误代码 2: 
2025-04-07 11:04:53,904 [INFO] 识盘命令输出：
2025-04-07 11:04:53,951 [INFO] smart_log : 错误代码 1: 
2025-04-07 11:04:54,955 [INFO] 识盘命令输出：
2025-04-07 11:04:55,013 [INFO] smart_log : 错误代码 1: 
2025-04-07 11:04:56,024 [INFO] 识盘命令输出：
2025-04-07 11:04:56,079 [INFO] smart_log : 错误代码 1: 
2025-04-07 11:04:57,091 [INFO] 识盘命令输出：
2025-04-07 11:04:57,151 [INFO] smart_log : 错误代码 1: 
2025-04-07 11:04:58,159 [INFO] 识盘命令输出：
2025-04-07 11:04:58,220 [INFO] smart_log : 错误代码 1: 
2025-04-07 11:04:59,226 [INFO] 识盘命令输出：
2025-04-07 11:04:59,281 [INFO] smart_log : 错误代码 1: 
2025-04-07 11:05:00,295 [INFO] 识盘命令输出：
2025-04-07 11:05:00,347 [INFO] smart_log : 错误代码 1: 
2025-04-07 11:05:01,363 [INFO] 等待5秒后开始上电
