2025-02-21 17:29:54,191 [INFO] 程序已以管理员权限运行。
2025-02-21 17:29:54,191 [INFO] 程序已以管理员权限运行。
2025-02-21 17:29:54,232 [INFO] BitLocker 驱动器加密: 配置工具版本 10.0.19041
版权所有 (C) 2013 Microsoft Corporation。保留所有权利。

卷 D: []
[数据卷]

    大小:              1788.48 GB
    BitLocker 版本:    无
    转换状态:          完全解密
    已加密百分比:      0.0%
    加密方法:          无
    保护状态:          保护关闭
    锁定状态:          已解锁
    标识字段:          无
    自动解锁:          已禁用
    密钥保护器:        找不到
2025-02-21 17:29:54,233 [INFO] [INFO] Initial run. Running enable BitLocker logic...
2025-02-21 17:30:09,779 [INFO] step 1: status check
2025-02-21 17:30:09,831 [INFO] BitLocker 驱动器加密: 配置工具版本 10.0.19041
版权所有 (C) 2013 Microsoft Corporation。保留所有权利。

卷 D: []
[数据卷]

    大小:              1788.48 GB
    BitLocker 版本:    2.0
    转换状态:          完全加密
    已加密百分比:      100.0%
    加密方法:    硬件加密 - 1.3.111.2.1619.0.1.2
    保护状态:          保护已启用
    锁定状态:          已解锁
    标识字段:          未知
    自动解锁:          已禁用
    密钥保护器:
        外部密钥
        数字密码
2025-02-21 17:30:09,832 [INFO] disk_current_status : 硬件加密 - 1.3.111.2.1619.0.1.2
2025-02-21 17:30:12,835 [INFO] step 2: bitlocker add password
2025-02-21 17:30:23,808 [INFO] step 3: APL
2025-02-21 17:30:23,809 [INFO] delay power off
2025-02-21 17:30:23,813 [INFO] 识盘命令输出：
2025-02-21 17:30:23,882 [INFO] smart_log : 
2025-02-21 17:30:24,892 [INFO] 识盘命令输出：
2025-02-21 17:30:24,964 [INFO] smart_log : 
2025-02-21 17:30:25,977 [INFO] 识盘命令输出：
2025-02-21 17:30:26,598 [INFO] smart_log : 错误代码 2: 
2025-02-21 17:30:27,601 [INFO] 识盘命令输出：
2025-02-21 17:30:27,660 [INFO] smart_log : 错误代码 1: 
2025-02-21 17:30:28,669 [INFO] 识盘命令输出：
2025-02-21 17:30:28,727 [INFO] smart_log : 错误代码 1: 
2025-02-21 17:30:29,737 [INFO] 识盘命令输出：
2025-02-21 17:30:29,798 [INFO] smart_log : 错误代码 1: 
2025-02-21 17:30:30,805 [INFO] 识盘命令输出：
2025-02-21 17:30:30,868 [INFO] smart_log : 错误代码 1: 
2025-02-21 17:30:31,873 [INFO] 识盘命令输出：
2025-02-21 17:30:31,934 [INFO] smart_log : 错误代码 1: 
2025-02-21 17:30:32,942 [INFO] 识盘命令输出：
2025-02-21 17:30:33,002 [INFO] smart_log : 错误代码 1: 
2025-02-21 17:30:34,010 [INFO] 等待5秒后开始上电
2025-02-21 17:30:54,719 [INFO] [INFO] Task created successfully.
2025-02-21 17:30:54,720 [INFO] Batch file generated and placed in startup directory: C:\ProgramData\Microsoft\Windows\Start Menu\Programs\StartUp\run_script.bat
2025-02-21 17:30:54,720 [INFO] [INFO] System will now reboot...
2025-02-21 17:30:56,762 [INFO] 流程完成。
