2025-03-17 16:15:41,263 [INFO] 程序已以管理员权限运行。
2025-03-17 16:15:41,263 [INFO] 程序已以管理员权限运行。
2025-03-17 16:15:41,304 [INFO] BitLocker 驱动器加密: 配置工具版本 10.0.19041
版权所有 (C) 2013 Microsoft Corporation。保留所有权利。

卷 D: []
[数据卷]

    大小:              447.12 GB
    BitLocker 版本:    无
    转换状态:          完全解密
    已加密百分比:      0.0%
    加密方法:          无
    保护状态:          保护关闭
    锁定状态:          已解锁
    标识字段:          无
    自动解锁:          已禁用
    密钥保护器:        找不到
2025-03-17 16:15:41,304 [INFO] [INFO] Initial run. Running enable BitLocker logic...
2025-03-17 16:15:56,291 [INFO] step 1: status check
2025-03-17 16:15:56,340 [INFO] BitLocker 驱动器加密: 配置工具版本 10.0.19041
版权所有 (C) 2013 Microsoft Corporation。保留所有权利。

卷 D: []
[数据卷]

    大小:              447.12 GB
    BitLocker 版本:    2.0
    转换状态:          完全加密
    已加密百分比:      100.0%
    加密方法:    硬件加密 - 1.3.111.2.1619.0.1.2
    保护状态:          保护已启用
    锁定状态:          已解锁
    标识字段:          未知
    自动解锁:          已禁用
    密钥保护器:
        外部密钥
        数字密码
2025-03-17 16:15:56,340 [INFO] disk_current_status : 硬件加密 - 1.3.111.2.1619.0.1.2
2025-03-17 16:15:59,348 [INFO] step 2: bitlocker add password
2025-03-17 16:16:10,163 [INFO] step 3: APL
2025-03-17 16:16:10,164 [INFO] delay power off
2025-03-17 16:16:10,168 [INFO] 识盘命令输出：
2025-03-17 16:16:10,233 [INFO] smart_log : 
2025-03-17 16:16:11,248 [INFO] 识盘命令输出：
2025-03-17 16:16:11,319 [INFO] smart_log : 
2025-03-17 16:16:12,331 [INFO] 识盘命令输出：
2025-03-17 16:16:12,953 [INFO] smart_log : 错误代码 2: 
2025-03-17 16:16:13,957 [INFO] 识盘命令输出：
2025-03-17 16:16:14,014 [INFO] smart_log : 错误代码 1: 
2025-03-17 16:16:15,025 [INFO] 识盘命令输出：
2025-03-17 16:16:15,086 [INFO] smart_log : 错误代码 1: 
2025-03-17 16:16:16,094 [INFO] 识盘命令输出：
2025-03-17 16:16:16,148 [INFO] smart_log : 错误代码 1: 
2025-03-17 16:16:17,162 [INFO] 识盘命令输出：
2025-03-17 16:16:17,221 [INFO] smart_log : 错误代码 1: 
2025-03-17 16:16:18,231 [INFO] 识盘命令输出：
2025-03-17 16:16:18,292 [INFO] smart_log : 错误代码 1: 
2025-03-17 16:16:19,299 [INFO] 识盘命令输出：
2025-03-17 16:16:19,358 [INFO] smart_log : 错误代码 1: 
2025-03-17 16:16:20,367 [INFO] 等待5秒后开始上电
2025-03-17 16:16:41,095 [INFO] [INFO] Task created successfully.
2025-03-17 16:16:41,096 [INFO] Batch file generated and placed in startup directory: C:\ProgramData\Microsoft\Windows\Start Menu\Programs\StartUp\run_script.bat
2025-03-17 16:16:41,096 [INFO] [INFO] System will now reboot...
2025-03-17 16:16:43,134 [INFO] 流程完成。
