2025-03-17 17:02:57,216 [INFO] 程序已以管理员权限运行。
2025-03-17 17:02:57,216 [INFO] step 1: status check
2025-03-17 17:02:57,273 [INFO] BitLocker 驱动器加密: 配置工具版本 10.0.19041
版权所有 (C) 2013 Microsoft Corporation。保留所有权利。

卷 D: []
[数据卷]

    大小:              894.24 GB
    BitLocker 版本:    无
    转换状态:          完全解密
    已加密百分比:      0.0%
    加密方法:          无
    保护状态:          保护关闭
    锁定状态:          已解锁
    标识字段:          无
    自动解锁:          已禁用
    密钥保护器:        找不到
2025-03-17 17:02:57,273 [INFO] disk_current_status : {'BitLocker 驱动器加密': '配置工具版本 10.0.19041', '卷 D': '[]', '大小': '894.24 GB', 'BitLocker 版本': '无', '转换状态': '完全解密', '已加密百分比': '0.0%', '加密方法': '无', '保护状态': '保护关闭', '锁定状态': '已解锁', '标识字段': '无', '自动解锁': '已禁用', '密钥保护器': '找不到'}
2025-03-17 17:02:57,275 [INFO] step 2: bitlocker on
2025-03-17 17:02:57,517 [INFO] key: 186010-271865-044825-139359-204545-132165-210936-353287
2025-03-17 17:02:57,517 [INFO] step 3: bitlocker add password
2025-03-17 17:03:01,022 [INFO] step 4: delay power off
2025-03-17 17:03:01,023 [INFO] 识盘命令输出：
2025-03-17 17:03:01,100 [INFO] smart_log : 
2025-03-17 17:03:02,107 [INFO] 识盘命令输出：
2025-03-17 17:03:02,190 [INFO] smart_log : 
2025-03-17 17:03:03,195 [INFO] 识盘命令输出：
2025-03-17 17:03:03,300 [INFO] smart_log : 
2025-03-17 17:03:04,313 [INFO] 识盘命令输出：
2025-03-17 17:03:04,412 [INFO] smart_log : 
2025-03-17 17:03:05,417 [INFO] 识盘命令输出：
2025-03-17 17:03:05,512 [INFO] smart_log : 
2025-03-17 17:03:06,527 [INFO] 识盘命令输出：
2025-03-17 17:03:06,833 [INFO] smart_log : 错误代码 2: 
2025-03-17 17:03:07,835 [INFO] 识盘命令输出：
2025-03-17 17:03:07,896 [INFO] smart_log : 错误代码 1: 
2025-03-17 17:03:08,901 [INFO] 识盘命令输出：
2025-03-17 17:03:08,959 [INFO] smart_log : 错误代码 1: 
2025-03-17 17:03:09,972 [INFO] 识盘命令输出：
2025-03-17 17:03:10,031 [INFO] smart_log : 错误代码 1: 
2025-03-17 17:03:11,044 [INFO] 识盘命令输出：
2025-03-17 17:03:11,104 [INFO] smart_log : 错误代码 1: 
2025-03-17 17:03:12,116 [INFO] 识盘命令输出：
2025-03-17 17:03:12,182 [INFO] smart_log : 错误代码 1: 
2025-03-17 17:03:13,185 [INFO] 识盘命令输出：
2025-03-17 17:03:13,245 [INFO] smart_log : 错误代码 1: 
2025-03-17 17:03:14,257 [INFO] 识盘命令输出：
2025-03-17 17:03:14,317 [INFO] smart_log : 错误代码 1: 
2025-03-17 17:03:15,328 [INFO] 识盘命令输出：
2025-03-17 17:03:15,391 [INFO] smart_log : 错误代码 1: 
2025-03-17 17:03:16,400 [INFO] 识盘命令输出：
2025-03-17 17:03:16,464 [INFO] smart_log : 错误代码 1: 
2025-03-17 17:03:17,472 [INFO] 识盘命令输出：
2025-03-17 17:03:17,528 [INFO] smart_log : 错误代码 1: 
2025-03-17 17:03:18,538 [INFO] 识盘命令输出：
2025-03-17 17:03:18,596 [INFO] smart_log : 错误代码 1: 
2025-03-17 17:03:19,607 [INFO] 识盘命令输出：
2025-03-17 17:03:19,665 [INFO] smart_log : 错误代码 1: 
2025-03-17 17:03:20,678 [INFO] 识盘命令输出：
2025-03-17 17:03:20,738 [INFO] smart_log : 错误代码 1: 
2025-03-17 17:03:21,748 [INFO] 等待5秒后开始上电
2025-03-17 17:04:37,503 [INFO] disk_current_status : {'BitLocker 驱动器加密': '配置工具版本 10.0.19041', '卷 D': '[]', '大小': '894.24 GB', 'BitLocker 版本': '无', '转换状态': '完全解密', '已加密百分比': '0.0%', '加密方法': '无', '保护状态': '保护关闭', '锁定状态': '已解锁', '标识字段': '无', '自动解锁': '已禁用', '密钥保护器': '找不到'}
