2025-03-04 20:19:58,666 [INFO] 程序已以管理员权限运行。
2025-03-04 20:19:58,666 [INFO] step 1: status check
2025-03-04 20:19:58,726 [INFO] BitLocker 驱动器加密: 配置工具版本 10.0.19041
版权所有 (C) 2013 Microsoft Corporation。保留所有权利。

卷 D: []
[数据卷]

    大小:              447.12 GB
    BitLocker 版本:    无
    转换状态:          完全解密
    已加密百分比:      0.0%
    加密方法:          无
    保护状态:          保护关闭
    锁定状态:          已解锁
    标识字段:          无
    自动解锁:          已禁用
    密钥保护器:        找不到
2025-03-04 20:19:58,728 [INFO] disk_current_status : {'BitLocker 驱动器加密': '配置工具版本 10.0.19041', '卷 D': '[]', '大小': '447.12 GB', 'BitLocker 版本': '无', '转换状态': '完全解密', '已加密百分比': '0.0%', '加密方法': '无', '保护状态': '保护关闭', '锁定状态': '已解锁', '标识字段': '无', '自动解锁': '已禁用', '密钥保护器': '找不到'}
2025-03-04 20:19:58,728 [INFO] step 2: bitlocker on
2025-03-04 20:20:13,903 [INFO] key: 309496-271711-090563-249183-719092-328944-200904-113696
2025-03-04 20:20:13,903 [INFO] step 3: bitlocker add password
2025-03-04 20:20:19,845 [INFO] step 4: delay power off
2025-03-04 20:20:19,846 [INFO] 识盘命令输出：
2025-03-04 20:20:19,901 [INFO] smart_log : 
2025-03-04 20:20:20,916 [INFO] 识盘命令输出：
2025-03-04 20:20:20,996 [INFO] smart_log : 
2025-03-04 20:20:22,004 [INFO] 识盘命令输出：
2025-03-04 20:20:22,080 [INFO] smart_log : 
2025-03-04 20:20:23,091 [INFO] 识盘命令输出：
2025-03-04 20:20:23,168 [INFO] smart_log : 
2025-03-04 20:20:24,178 [INFO] 识盘命令输出：
2025-03-04 20:20:24,262 [INFO] smart_log : 
2025-03-04 20:20:25,276 [INFO] 识盘命令输出：
2025-03-04 20:20:25,631 [INFO] smart_log : 错误代码 2: 
2025-03-04 20:20:26,639 [INFO] 识盘命令输出：
2025-03-04 20:20:26,698 [INFO] smart_log : 错误代码 1: 
2025-03-04 20:20:27,703 [INFO] 识盘命令输出：
2025-03-04 20:20:27,775 [INFO] smart_log : 错误代码 1: 
2025-03-04 20:20:28,790 [INFO] 识盘命令输出：
2025-03-04 20:20:28,852 [INFO] smart_log : 错误代码 1: 
2025-03-04 20:20:29,862 [INFO] 识盘命令输出：
2025-03-04 20:20:29,923 [INFO] smart_log : 错误代码 1: 
2025-03-04 20:20:30,929 [INFO] 识盘命令输出：
2025-03-04 20:20:30,986 [INFO] smart_log : 错误代码 1: 
2025-03-04 20:20:31,997 [INFO] 识盘命令输出：
2025-03-04 20:20:32,052 [INFO] smart_log : 错误代码 1: 
2025-03-04 20:20:33,065 [INFO] 识盘命令输出：
2025-03-04 20:20:33,125 [INFO] smart_log : 错误代码 1: 
2025-03-04 20:20:34,139 [INFO] 识盘命令输出：
2025-03-04 20:20:34,198 [INFO] smart_log : 错误代码 1: 
2025-03-04 20:20:35,201 [INFO] 识盘命令输出：
2025-03-04 20:20:35,240 [INFO] smart_log : 错误代码 1: 
2025-03-04 20:20:36,240 [INFO] 识盘命令输出：
2025-03-04 20:20:36,283 [INFO] smart_log : 错误代码 1: 
2025-03-04 20:20:37,296 [INFO] 识盘命令输出：
2025-03-04 20:20:37,334 [INFO] smart_log : 错误代码 1: 
2025-03-04 20:20:38,336 [INFO] 识盘命令输出：
2025-03-04 20:20:38,394 [INFO] smart_log : 错误代码 1: 
2025-03-04 20:20:39,407 [INFO] 识盘命令输出：
2025-03-04 20:20:39,469 [INFO] smart_log : 错误代码 1: 
2025-03-04 20:20:40,479 [INFO] 等待5秒后开始上电
2025-03-04 20:21:56,274 [INFO] disk_current_status : {'BitLocker 驱动器加密': '配置工具版本 10.0.19041', '卷 D': '[]', '大小': '447.12 GB', 'BitLocker 版本': '无', '转换状态': '完全解密', '已加密百分比': '0.0%', '加密方法': '无', '保护状态': '保护关闭', '锁定状态': '已解锁', '标识字段': '无', '自动解锁': '已禁用', '密钥保护器': '找不到'}
