2025-03-24 14:46:14,121 [INFO] 程序已以管理员权限运行。
2025-03-24 14:46:14,121 [INFO] step 1: new volume
2025-03-24 14:46:34,484 [INFO] step 2: status check
2025-03-24 14:46:34,636 [INFO] current_transition_state : \\.\PhysicalDrive0 ATA RSYE3839S-480G                           SP301015 PCDH776400151       
TPer function (0x0001)
    ACKNAK = N, ASYNC = N. BufferManagement = N, comIDManagement  = N, Streaming = Y, SYNC = Y
Locking function (0x0002)
    Locked = N, LockingEnabled = Y, LockingSupported = Y, MBRDone = N, MBREnabled = N, MBRAbsent = N, MediaEncrypt = Y
Geometry function (0x0003)
    Align = Y, Alignment Granularity = 8 (4096), Logical Block size = 512, Lowest Aligned LBA = 0
SingleUser function (0x0201)
    ALL = Y, ANY = Y, Policy = N, Locking Objects = 9
DataStore function (0x0202)
    Max Tables = 9, Max Size Tables = 10485760, Table size alignment = 1
OPAL 2.0 function (0x0203)
    Base comID = 0x1004, Initial PIN = 0x00, Reverted PIN = 0x00, comIDs = 1
    Locking Admins = 4, Locking Users = 9, Range Crossing = N
Block SID Authentication function (0x0402)
    SID Blocked State = N, SID Value State = Y, Hardware Reset = N
Supported Data Removal Mechanism function (0x0404)
    Processing = N, Block = 61440s , Crypto = 0s 
**** 1 **** Unknown function codes IGNORED 

TPer Properties: 
  MaxMethods = 1  MaxSubpackets = 1
  MaxPacketSize = 131052  MaxPackets = 1  MaxComPacketSize = 131072
  MaxResponseComPacketSize = 131072  MaxReadSessions = 0  MaxSessions = 1
  MaxIndTokenSize = 131016  MaxAuthentications = 5  MaxTransactionLimit = 1
  DefSessionTimeout = 0
Host Properties: 
  MaxMethods = 1
  MaxSubpackets = 1  MaxPacketSize = 2028  MaxPackets = 1
  MaxComPacketSize = 2048  MaxResponseComPacketSize = 65536  MaxIndTokenSize = 1992
2025-03-24 14:46:34,638 [INFO] step 0: delay power off
2025-03-24 14:46:34,644 [INFO] 识盘命令输出：
2025-03-24 14:46:34,771 [INFO] smart_log : 
2025-03-24 14:46:35,784 [INFO] 识盘命令输出：
2025-03-24 14:46:36,531 [INFO] smart_log : 错误代码 2: 
2025-03-24 14:46:37,546 [INFO] 识盘命令输出：
2025-03-24 14:46:37,607 [INFO] smart_log : 错误代码 1: 
2025-03-24 14:46:38,608 [INFO] 识盘命令输出：
2025-03-24 14:46:38,654 [INFO] smart_log : 错误代码 1: 
2025-03-24 14:46:39,663 [INFO] 识盘命令输出：
2025-03-24 14:46:39,700 [INFO] smart_log : 错误代码 1: 
2025-03-24 14:46:40,711 [INFO] 识盘命令输出：
2025-03-24 14:46:40,760 [INFO] smart_log : 错误代码 1: 
2025-03-24 14:46:41,774 [INFO] 识盘命令输出：
2025-03-24 14:46:41,832 [INFO] smart_log : 错误代码 1: 
2025-03-24 14:46:42,838 [INFO] 识盘命令输出：
2025-03-24 14:46:42,870 [INFO] smart_log : 错误代码 1: 
2025-03-24 14:46:43,885 [INFO] 识盘命令输出：
2025-03-24 14:46:43,940 [INFO] smart_log : 错误代码 1: 
2025-03-24 14:46:44,950 [INFO] 等待5秒后开始上电
