2025-03-27 16:13:46,591 [INFO] 程序已以管理员权限运行。
2025-03-27 16:13:46,591 [INFO] step 1: bitlocker unlock
2025-03-27 16:13:52,620 [INFO] current_locked_state : 已解锁
2025-03-27 16:13:52,620 [INFO] step 2: bitlocker change password
2025-03-27 16:13:58,453 [INFO] step 3: delay power off
2025-03-27 16:13:58,454 [INFO] 识盘命令输出：
2025-03-27 16:13:58,505 [INFO] smart_log : 
2025-03-27 16:13:59,509 [INFO] 识盘命令输出：
2025-03-27 16:13:59,591 [INFO] smart_log : 
2025-03-27 16:14:00,594 [INFO] 识盘命令输出：
2025-03-27 16:14:00,673 [INFO] smart_log : 
2025-03-27 16:14:01,676 [INFO] 识盘命令输出：
2025-03-27 16:14:01,752 [INFO] smart_log : 
2025-03-27 16:14:02,761 [INFO] 识盘命令输出：
2025-03-27 16:14:02,837 [INFO] smart_log : 
2025-03-27 16:14:03,845 [INFO] 识盘命令输出：
2025-03-27 16:14:03,918 [INFO] smart_log : 
2025-03-27 16:14:04,928 [INFO] 识盘命令输出：
2025-03-27 16:14:04,998 [INFO] smart_log : 
2025-03-27 16:14:06,013 [INFO] 识盘命令输出：
2025-03-27 16:14:06,086 [INFO] smart_log : 
2025-03-27 16:14:07,097 [INFO] 识盘命令输出：
2025-03-27 16:14:07,168 [INFO] smart_log : 
2025-03-27 16:14:08,182 [INFO] 识盘命令输出：
2025-03-27 16:14:08,259 [INFO] smart_log : 
2025-03-27 16:14:09,266 [INFO] 识盘命令输出：
2025-03-27 16:14:09,316 [INFO] smart_log : 错误代码 1: 
2025-03-27 16:14:10,331 [INFO] 识盘命令输出：
2025-03-27 16:14:10,387 [INFO] smart_log : 错误代码 1: 
2025-03-27 16:14:11,400 [INFO] 识盘命令输出：
2025-03-27 16:14:11,452 [INFO] smart_log : 错误代码 1: 
2025-03-27 16:14:12,468 [INFO] 识盘命令输出：
2025-03-27 16:14:12,524 [INFO] smart_log : 错误代码 1: 
2025-03-27 16:14:13,536 [INFO] 识盘命令输出：
2025-03-27 16:14:13,596 [INFO] smart_log : 错误代码 1: 
2025-03-27 16:14:14,605 [INFO] 识盘命令输出：
2025-03-27 16:14:14,663 [INFO] smart_log : 错误代码 1: 
2025-03-27 16:14:15,672 [INFO] 识盘命令输出：
2025-03-27 16:14:15,727 [INFO] smart_log : 错误代码 1: 
2025-03-27 16:14:16,741 [INFO] 识盘命令输出：
2025-03-27 16:14:16,797 [INFO] smart_log : 错误代码 1: 
2025-03-27 16:14:17,809 [INFO] 识盘命令输出：
2025-03-27 16:14:17,859 [INFO] smart_log : 错误代码 1: 
2025-03-27 16:14:18,862 [INFO] 识盘命令输出：
2025-03-27 16:14:18,914 [INFO] smart_log : 错误代码 1: 
2025-03-27 16:14:19,929 [INFO] 识盘命令输出：
2025-03-27 16:14:19,989 [INFO] smart_log : 错误代码 1: 
2025-03-27 16:14:20,997 [INFO] 识盘命令输出：
2025-03-27 16:14:21,056 [INFO] smart_log : 错误代码 1: 
2025-03-27 16:14:22,064 [INFO] 识盘命令输出：
2025-03-27 16:14:22,121 [INFO] smart_log : 错误代码 1: 
2025-03-27 16:14:23,131 [INFO] 识盘命令输出：
2025-03-27 16:14:23,185 [INFO] smart_log : 错误代码 1: 
2025-03-27 16:14:24,200 [INFO] 识盘命令输出：
2025-03-27 16:14:24,261 [INFO] smart_log : 错误代码 1: 
2025-03-27 16:14:25,268 [INFO] 识盘命令输出：
2025-03-27 16:14:25,328 [INFO] smart_log : 错误代码 1: 
2025-03-27 16:14:26,337 [INFO] 识盘命令输出：
2025-03-27 16:14:26,392 [INFO] smart_log : 错误代码 1: 
2025-03-27 16:14:27,405 [INFO] 识盘命令输出：
2025-03-27 16:14:27,465 [INFO] smart_log : 错误代码 1: 
2025-03-27 16:14:28,472 [INFO] 等待5秒后开始上电
2025-03-27 16:15:44,198 [INFO] current_transition_state : 已锁定
