2025-02-21 17:27:43,376 [INFO] 程序已以管理员权限运行。
2025-02-21 17:27:43,376 [INFO] new volume
2025-02-21 17:28:03,727 [INFO] Scanning for Opal compliant disks
\\.\PhysicalDrive0  2      RSYE3839Z-1920                           SP30100B
\\.\PhysicalDrive1 No       
No more disks present ending scan
2025-02-21 17:28:03,727 [INFO] step 1: status check
2025-02-21 17:28:03,775 [INFO] BitLocker 驱动器加密: 配置工具版本 10.0.19041
版权所有 (C) 2013 Microsoft Corporation。保留所有权利。

卷 D: []
[数据卷]

    大小:              1788.48 GB
    BitLocker 版本:    无
    转换状态:          完全解密
    已加密百分比:      0.0%
    加密方法:          无
    保护状态:          保护关闭
    锁定状态:          已解锁
    标识字段:          无
    自动解锁:          已禁用
    密钥保护器:        找不到
2025-02-21 17:28:03,776 [INFO] disk_current_status : {'BitLocker 驱动器加密': '配置工具版本 10.0.19041', '卷 D': '[]', '大小': '1788.48 GB', 'BitLocker 版本': '无', '转换状态': '完全解密', '已加密百分比': '0.0%', '加密方法': '无', '保护状态': '保护关闭', '锁定状态': '已解锁', '标识字段': '无', '自动解锁': '已禁用', '密钥保护器': '找不到'}
2025-02-21 17:28:03,776 [INFO] FIO read write
2025-02-21 17:28:03,776 [INFO] Running command: fio.exe --name=seqwrite --rw=write --bs=128k --size=10G --directory=D\:\fio_test --filename=testfile --iodepth=1 --output=fio_log\seqwrite.log
2025-02-21 17:28:19,605 [INFO] Sequential write completed successfully.
2025-02-21 17:28:19,605 [INFO] step 2: bitlocker on
2025-02-21 17:28:35,120 [INFO] key: {password}
2025-02-21 17:28:36,191 [INFO] disk_current_status : {'BitLocker 驱动器加密': '配置工具版本 10.0.19041', '卷 D': '[]', '大小': '1788.48 GB', 'BitLocker 版本': '无', '转换状态': '完全解密', '已加密百分比': '0.0%', '加密方法': '无', '保护状态': '保护关闭', '锁定状态': '已解锁', '标识字段': '无', '自动解锁': '已禁用', '密钥保护器': '找不到'}
2025-02-21 17:28:36,191 [INFO] step 3: bitlocker add password
2025-02-21 17:28:42,078 [INFO] step 4: bitlocker change password
2025-02-21 17:28:48,956 [INFO] step 5: bitlocker lock
2025-02-21 17:28:52,617 [INFO] BitLocker 驱动器加密: 配置工具版本 10.0.19041
版权所有 (C) 2013 Microsoft Corporation。保留所有权利。

卷 D: 现在已锁定
2025-02-21 17:28:53,700 [INFO] current_locked_state : 已锁定
2025-02-21 17:28:53,700 [INFO] step 6: read and write after disk locked
2025-02-21 17:28:53,701 [ERROR] 写入失败，错误信息：[Errno 22] Invalid argument: 'D://test_file.txt'
Traceback (most recent call last):
  File "t_Tcg_BitLocker_20_BaseIoAPL.py", line 91, in verify_locked
    with open(test_file, "w") as file:
OSError: [Errno 22] Invalid argument: 'D://test_file.txt'
2025-02-21 17:28:53,701 [ERROR] 读取失败，错误信息：[WinError -2144272384] BitLocker 驱动器加密已锁定该驱动器。必须从控制面板解除此驱动器锁定。: 'D://'
Traceback (most recent call last):
  File "t_Tcg_BitLocker_20_BaseIoAPL.py", line 104, in verify_locked
    files = os.listdir(drive_letter)
OSError: [WinError -2144272384] BitLocker 驱动器加密已锁定该驱动器。必须从控制面板解除此驱动器锁定。: 'D://'
2025-02-21 17:28:53,701 [ERROR] 写入失败，错误信息：[Errno 22] Invalid argument: 'D://test_file.txt'
Traceback (most recent call last):
  File "t_Tcg_BitLocker_20_BaseIoAPL.py", line 91, in verify_locked
    with open(test_file, "w") as file:
OSError: [Errno 22] Invalid argument: 'D://test_file.txt'
2025-02-21 17:28:53,702 [ERROR] 读取失败，错误信息：[WinError -2144272384] BitLocker 驱动器加密已锁定该驱动器。必须从控制面板解除此驱动器锁定。: 'D://'
Traceback (most recent call last):
  File "t_Tcg_BitLocker_20_BaseIoAPL.py", line 104, in verify_locked
    files = os.listdir(drive_letter)
OSError: [WinError -2144272384] BitLocker 驱动器加密已锁定该驱动器。必须从控制面板解除此驱动器锁定。: 'D://'
2025-02-21 17:28:53,702 [INFO] D: 已被锁定。
2025-02-21 17:28:53,702 [INFO] step 7: bitlocker unlock
2025-02-21 17:28:59,611 [INFO] current_locked_state : 已解锁
2025-02-21 17:28:59,611 [INFO] step 8: bitlocker off
2025-02-21 17:29:06,048 [INFO] current_transition_state : 完全解密
2025-02-21 17:29:06,049 [INFO] step 9: bitlocker on again
2025-02-21 17:29:21,626 [INFO] key: 069806-449559-340934-402369-045408-643643-308132-572187
2025-02-21 17:29:21,626 [INFO] step 10: bitlocker off
2025-02-21 17:29:28,206 [INFO] current_transition_state : 完全解密
2025-02-21 17:29:28,207 [INFO] step 11: APL
2025-02-21 17:29:28,210 [INFO] delay power off
2025-02-21 17:29:28,212 [INFO] 识盘命令输出：
2025-02-21 17:29:28,280 [INFO] smart_log : 
2025-02-21 17:29:29,289 [INFO] 识盘命令输出：
2025-02-21 17:29:29,340 [INFO] smart_log : 
2025-02-21 17:29:30,342 [INFO] 识盘命令输出：
2025-02-21 17:29:30,990 [INFO] smart_log : 错误代码 2: 
2025-02-21 17:29:31,998 [INFO] 识盘命令输出：
2025-02-21 17:29:32,061 [INFO] smart_log : 错误代码 1: 
2025-02-21 17:29:33,067 [INFO] 识盘命令输出：
2025-02-21 17:29:33,126 [INFO] smart_log : 错误代码 1: 
2025-02-21 17:29:34,135 [INFO] 识盘命令输出：
2025-02-21 17:29:34,197 [INFO] smart_log : 错误代码 1: 
2025-02-21 17:29:35,203 [INFO] 识盘命令输出：
2025-02-21 17:29:35,263 [INFO] smart_log : 错误代码 1: 
2025-02-21 17:29:36,268 [INFO] 识盘命令输出：
2025-02-21 17:29:36,329 [INFO] smart_log : 错误代码 1: 
2025-02-21 17:29:37,337 [INFO] 识盘命令输出：
2025-02-21 17:29:37,403 [INFO] smart_log : 错误代码 1: 
2025-02-21 17:29:38,404 [INFO] 等待5秒后开始上电
