2025-02-21 15:45:48,808 [INFO] 程序已以管理员权限运行。
2025-02-21 15:45:48,808 [INFO] step 1: bitlocker unlock
2025-02-21 15:45:54,652 [INFO] current_locked_state : 已解锁
2025-02-21 15:45:54,652 [INFO] step 2: bitlocker change password
2025-02-21 15:46:01,558 [INFO] step 3: delay power off
2025-02-21 15:46:01,558 [INFO] 识盘命令输出：
2025-02-21 15:46:01,618 [INFO] smart_log : 
2025-02-21 15:46:02,622 [INFO] 识盘命令输出：
2025-02-21 15:46:02,691 [INFO] smart_log : 
2025-02-21 15:46:03,700 [INFO] 识盘命令输出：
2025-02-21 15:46:03,774 [INFO] smart_log : 
2025-02-21 15:46:04,777 [INFO] 识盘命令输出：
2025-02-21 15:46:04,853 [INFO] smart_log : 
2025-02-21 15:46:05,855 [INFO] 识盘命令输出：
2025-02-21 15:46:05,935 [INFO] smart_log : 
2025-02-21 15:46:06,948 [INFO] 识盘命令输出：
2025-02-21 15:46:07,020 [INFO] smart_log : 
2025-02-21 15:46:08,031 [INFO] 识盘命令输出：
2025-02-21 15:46:08,109 [INFO] smart_log : 
2025-02-21 15:46:09,124 [INFO] 识盘命令输出：
2025-02-21 15:46:09,202 [INFO] smart_log : 
2025-02-21 15:46:10,206 [INFO] 识盘命令输出：
2025-02-21 15:46:10,280 [INFO] smart_log : 
2025-02-21 15:46:11,288 [INFO] 识盘命令输出：
2025-02-21 15:46:11,365 [INFO] smart_log : 
2025-02-21 15:46:12,370 [INFO] 识盘命令输出：
2025-02-21 15:46:12,438 [INFO] smart_log : 错误代码 2: 
2025-02-21 15:46:13,451 [INFO] 识盘命令输出：
2025-02-21 15:46:13,505 [INFO] smart_log : 错误代码 1: 
2025-02-21 15:46:14,517 [INFO] 识盘命令输出：
2025-02-21 15:46:14,575 [INFO] smart_log : 错误代码 1: 
2025-02-21 15:46:15,580 [INFO] 识盘命令输出：
2025-02-21 15:46:15,633 [INFO] smart_log : 错误代码 1: 
2025-02-21 15:46:16,648 [INFO] 识盘命令输出：
2025-02-21 15:46:16,693 [INFO] smart_log : 错误代码 1: 
2025-02-21 15:46:17,700 [INFO] 识盘命令输出：
2025-02-21 15:46:17,737 [INFO] smart_log : 错误代码 1: 
2025-02-21 15:46:18,751 [INFO] 识盘命令输出：
2025-02-21 15:46:18,801 [INFO] smart_log : 错误代码 1: 
2025-02-21 15:46:19,816 [INFO] 识盘命令输出：
2025-02-21 15:46:19,874 [INFO] smart_log : 错误代码 1: 
2025-02-21 15:46:20,883 [INFO] 识盘命令输出：
2025-02-21 15:46:20,943 [INFO] smart_log : 错误代码 1: 
2025-02-21 15:46:21,946 [INFO] 识盘命令输出：
2025-02-21 15:46:21,991 [INFO] smart_log : 错误代码 1: 
2025-02-21 15:46:23,006 [INFO] 识盘命令输出：
2025-02-21 15:46:23,065 [INFO] smart_log : 错误代码 1: 
2025-02-21 15:46:24,067 [INFO] 识盘命令输出：
2025-02-21 15:46:24,123 [INFO] smart_log : 错误代码 1: 
2025-02-21 15:46:25,134 [INFO] 识盘命令输出：
2025-02-21 15:46:25,174 [INFO] smart_log : 错误代码 1: 
2025-02-21 15:46:26,187 [INFO] 识盘命令输出：
2025-02-21 15:46:26,238 [INFO] smart_log : 错误代码 1: 
2025-02-21 15:46:27,245 [INFO] 识盘命令输出：
2025-02-21 15:46:27,300 [INFO] smart_log : 错误代码 1: 
2025-02-21 15:46:28,311 [INFO] 识盘命令输出：
2025-02-21 15:46:28,369 [INFO] smart_log : 错误代码 1: 
2025-02-21 15:46:29,375 [INFO] 识盘命令输出：
2025-02-21 15:46:29,424 [INFO] smart_log : 错误代码 1: 
2025-02-21 15:46:30,437 [INFO] 识盘命令输出：
2025-02-21 15:46:30,496 [INFO] smart_log : 错误代码 1: 
2025-02-21 15:46:31,504 [INFO] 识盘命令输出：
2025-02-21 15:46:31,565 [INFO] smart_log : 错误代码 1: 
2025-02-21 15:46:32,567 [INFO] 等待5秒后开始上电
2025-02-21 15:47:48,321 [INFO] current_transition_state : 已锁定
