2025-04-03 17:09:48,321 [INFO] 程序已以管理员权限运行。
2025-04-03 17:09:48,321 [INFO] step 3: delay power off
2025-04-03 17:09:48,322 [INFO] step 4: bitlocker unlock
2025-04-03 17:09:53,971 [INFO] current_locked_state : 已解锁
2025-04-03 17:09:53,971 [INFO] 识盘命令输出：
2025-04-03 17:09:54,011 [INFO] smart_log : 
2025-04-03 17:09:55,013 [INFO] 识盘命令输出：
2025-04-03 17:09:55,074 [INFO] smart_log : 
2025-04-03 17:09:56,081 [INFO] 识盘命令输出：
2025-04-03 17:09:56,147 [INFO] smart_log : 
2025-04-03 17:09:57,150 [INFO] 识盘命令输出：
2025-04-03 17:09:57,219 [INFO] smart_log : 
2025-04-03 17:09:58,233 [INFO] 识盘命令输出：
2025-04-03 17:09:58,297 [INFO] smart_log : 
2025-04-03 17:09:59,302 [INFO] 识盘命令输出：
2025-04-03 17:09:59,360 [INFO] smart_log : 错误代码 1: 
2025-04-03 17:10:00,367 [INFO] 识盘命令输出：
2025-04-03 17:10:00,420 [INFO] smart_log : 错误代码 1: 
2025-04-03 17:10:01,435 [INFO] 识盘命令输出：
2025-04-03 17:10:01,480 [INFO] smart_log : 错误代码 1: 
2025-04-03 17:10:02,487 [INFO] 识盘命令输出：
2025-04-03 17:10:02,539 [INFO] smart_log : 错误代码 1: 
2025-04-03 17:10:03,554 [INFO] 识盘命令输出：
2025-04-03 17:10:03,609 [INFO] smart_log : 错误代码 1: 
2025-04-03 17:10:04,622 [INFO] 识盘命令输出：
2025-04-03 17:10:04,675 [INFO] smart_log : 错误代码 1: 
2025-04-03 17:10:05,690 [INFO] 识盘命令输出：
2025-04-03 17:10:05,742 [INFO] smart_log : 错误代码 1: 
2025-04-03 17:10:06,757 [INFO] 识盘命令输出：
2025-04-03 17:10:06,810 [INFO] smart_log : 错误代码 1: 
2025-04-03 17:10:07,825 [INFO] 识盘命令输出：
2025-04-03 17:10:07,881 [INFO] smart_log : 错误代码 1: 
2025-04-03 17:10:08,892 [INFO] 识盘命令输出：
2025-04-03 17:10:08,945 [INFO] smart_log : 错误代码 1: 
2025-04-03 17:10:09,959 [INFO] 识盘命令输出：
2025-04-03 17:10:10,018 [INFO] smart_log : 错误代码 1: 
2025-04-03 17:10:11,028 [INFO] 识盘命令输出：
2025-04-03 17:10:11,084 [INFO] smart_log : 错误代码 1: 
2025-04-03 17:10:12,095 [INFO] 识盘命令输出：
2025-04-03 17:10:12,150 [INFO] smart_log : 错误代码 1: 
2025-04-03 17:10:13,162 [INFO] 识盘命令输出：
2025-04-03 17:10:13,219 [INFO] smart_log : 错误代码 1: 
2025-04-03 17:10:14,230 [INFO] 识盘命令输出：
2025-04-03 17:10:14,288 [INFO] smart_log : 错误代码 1: 
2025-04-03 17:10:15,299 [INFO] 识盘命令输出：
2025-04-03 17:10:15,352 [INFO] smart_log : 错误代码 1: 
2025-04-03 17:10:16,367 [INFO] 识盘命令输出：
2025-04-03 17:10:16,422 [INFO] smart_log : 错误代码 1: 
2025-04-03 17:10:17,435 [INFO] 识盘命令输出：
2025-04-03 17:10:17,490 [INFO] smart_log : 错误代码 1: 
2025-04-03 17:10:18,502 [INFO] 识盘命令输出：
2025-04-03 17:10:18,552 [INFO] smart_log : 错误代码 1: 
2025-04-03 17:10:19,554 [INFO] 识盘命令输出：
2025-04-03 17:10:19,614 [INFO] smart_log : 错误代码 1: 
2025-04-03 17:10:20,622 [INFO] 识盘命令输出：
2025-04-03 17:10:20,673 [INFO] smart_log : 错误代码 1: 
2025-04-03 17:10:21,675 [INFO] 识盘命令输出：
2025-04-03 17:10:21,730 [INFO] smart_log : 错误代码 1: 
2025-04-03 17:10:22,733 [INFO] 识盘命令输出：
2025-04-03 17:10:22,783 [INFO] smart_log : 错误代码 1: 
2025-04-03 17:10:23,797 [INFO] 识盘命令输出：
2025-04-03 17:10:23,850 [INFO] smart_log : 错误代码 1: 
2025-04-03 17:10:24,865 [INFO] 等待5秒后开始上电
2025-04-03 17:10:40,587 [INFO] current_transition_state : 已锁定
2025-04-03 17:10:40,587 [INFO] step 5: bitlocker unlock again
2025-04-03 17:10:46,093 [INFO] current_locked_state : 已解锁
2025-04-03 17:10:46,093 [INFO] step 8: bitlocker off
2025-04-03 17:10:51,122 [INFO] current_transition_state : 完全解密
