2025-03-24 14:48:27,389 [INFO] 程序已以管理员权限运行。
2025-03-24 14:48:27,389 [INFO] step 1: status check
2025-03-24 14:48:27,449 [INFO] BitLocker 驱动器加密: 配置工具版本 10.0.19041
版权所有 (C) 2013 Microsoft Corporation。保留所有权利。

卷 D: []
[数据卷]

    大小:              447.12 GB
    BitLocker 版本:    无
    转换状态:          完全解密
    已加密百分比:      0.0%
    加密方法:          无
    保护状态:          保护关闭
    锁定状态:          已解锁
    标识字段:          无
    自动解锁:          已禁用
    密钥保护器:        找不到
2025-03-24 14:48:27,451 [INFO] disk_current_status : {'BitLocker 驱动器加密': '配置工具版本 10.0.19041', '卷 D': '[]', '大小': '447.12 GB', 'BitLocker 版本': '无', '转换状态': '完全解密', '已加密百分比': '0.0%', '加密方法': '无', '保护状态': '保护关闭', '锁定状态': '已解锁', '标识字段': '无', '自动解锁': '已禁用', '密钥保护器': '找不到'}
2025-03-24 14:48:27,451 [INFO] step 2: bitlocker on
2025-03-24 14:48:38,042 [INFO] key: 659307-711095-640948-409156-175197-018986-503448-600446
2025-03-24 14:48:38,042 [INFO] step 3: bitlocker add password
2025-03-24 14:48:43,024 [INFO] step 4: delay power off
2025-03-24 14:48:43,024 [INFO] 识盘命令输出：
2025-03-24 14:48:43,078 [INFO] smart_log : 
2025-03-24 14:48:44,086 [INFO] 识盘命令输出：
2025-03-24 14:48:44,133 [INFO] smart_log : 
2025-03-24 14:48:45,149 [INFO] 识盘命令输出：
2025-03-24 14:48:45,214 [INFO] smart_log : 
2025-03-24 14:48:46,217 [INFO] 识盘命令输出：
2025-03-24 14:48:46,276 [INFO] smart_log : 
2025-03-24 14:48:47,285 [INFO] 识盘命令输出：
2025-03-24 14:48:47,349 [INFO] smart_log : 
2025-03-24 14:48:48,352 [INFO] 识盘命令输出：
2025-03-24 14:48:48,803 [INFO] smart_log : 错误代码 2: 
2025-03-24 14:48:49,818 [INFO] 识盘命令输出：
2025-03-24 14:48:49,859 [INFO] smart_log : 错误代码 1: 
2025-03-24 14:48:50,866 [INFO] 识盘命令输出：
2025-03-24 14:48:50,907 [INFO] smart_log : 错误代码 1: 
2025-03-24 14:48:51,917 [INFO] 识盘命令输出：
2025-03-24 14:48:51,959 [INFO] smart_log : 错误代码 1: 
2025-03-24 14:48:52,967 [INFO] 识盘命令输出：
2025-03-24 14:48:53,008 [INFO] smart_log : 错误代码 1: 
2025-03-24 14:48:54,019 [INFO] 识盘命令输出：
2025-03-24 14:48:54,060 [INFO] smart_log : 错误代码 1: 
2025-03-24 14:48:55,070 [INFO] 识盘命令输出：
2025-03-24 14:48:55,116 [INFO] smart_log : 错误代码 1: 
2025-03-24 14:48:56,120 [INFO] 识盘命令输出：
2025-03-24 14:48:56,160 [INFO] smart_log : 错误代码 1: 
2025-03-24 14:48:57,171 [INFO] 识盘命令输出：
2025-03-24 14:48:57,217 [INFO] smart_log : 错误代码 1: 
2025-03-24 14:48:58,223 [INFO] 识盘命令输出：
2025-03-24 14:48:58,261 [INFO] smart_log : 错误代码 1: 
2025-03-24 14:48:59,274 [INFO] 识盘命令输出：
2025-03-24 14:48:59,320 [INFO] smart_log : 错误代码 1: 
2025-03-24 14:49:00,325 [INFO] 识盘命令输出：
2025-03-24 14:49:00,362 [INFO] smart_log : 错误代码 1: 
2025-03-24 14:49:01,377 [INFO] 识盘命令输出：
2025-03-24 14:49:01,422 [INFO] smart_log : 错误代码 1: 
2025-03-24 14:49:02,428 [INFO] 识盘命令输出：
2025-03-24 14:49:02,465 [INFO] smart_log : 错误代码 1: 
2025-03-24 14:49:03,478 [INFO] 等待5秒后开始上电
