2025-02-18 14:01:10,820 [INFO] 程序已以管理员权限运行。
2025-02-18 14:01:10,821 [INFO] step 3: delay power off
2025-02-18 14:01:10,822 [INFO] step 4: bitlocker unlock
2025-02-18 14:01:16,640 [INFO] current_locked_state : 已解锁
2025-02-18 14:01:16,641 [INFO] 识盘命令输出：
2025-02-18 14:01:16,718 [INFO] smart_log : 
2025-02-18 14:01:17,720 [INFO] 识盘命令输出：
2025-02-18 14:01:17,763 [INFO] smart_log : 
2025-02-18 14:01:18,763 [INFO] 识盘命令输出：
2025-02-18 14:01:18,828 [INFO] smart_log : 
2025-02-18 14:01:19,841 [INFO] 识盘命令输出：
2025-02-18 14:01:19,907 [INFO] smart_log : 
2025-02-18 14:01:20,911 [INFO] 识盘命令输出：
2025-02-18 14:01:21,609 [INFO] smart_log : 错误代码 2: 
2025-02-18 14:01:22,621 [INFO] 识盘命令输出：
2025-02-18 14:01:22,685 [INFO] smart_log : 错误代码 1: 
2025-02-18 14:01:23,700 [INFO] 识盘命令输出：
2025-02-18 14:01:23,757 [INFO] smart_log : 错误代码 1: 
2025-02-18 14:01:24,766 [INFO] 识盘命令输出：
2025-02-18 14:01:24,830 [INFO] smart_log : 错误代码 1: 
2025-02-18 14:01:25,831 [INFO] 识盘命令输出：
2025-02-18 14:01:25,892 [INFO] smart_log : 错误代码 1: 
2025-02-18 14:01:26,899 [INFO] 识盘命令输出：
2025-02-18 14:01:26,962 [INFO] smart_log : 错误代码 1: 
2025-02-18 14:01:27,963 [INFO] 识盘命令输出：
2025-02-18 14:01:28,020 [INFO] smart_log : 错误代码 1: 
2025-02-18 14:01:29,030 [INFO] 识盘命令输出：
2025-02-18 14:01:29,089 [INFO] smart_log : 错误代码 1: 
2025-02-18 14:01:30,096 [INFO] 识盘命令输出：
2025-02-18 14:01:30,153 [INFO] smart_log : 错误代码 1: 
2025-02-18 14:01:31,160 [INFO] 识盘命令输出：
2025-02-18 14:01:31,192 [INFO] smart_log : 错误代码 1: 
2025-02-18 14:01:32,193 [INFO] 识盘命令输出：
2025-02-18 14:01:32,248 [INFO] smart_log : 错误代码 1: 
2025-02-18 14:01:33,256 [INFO] 识盘命令输出：
2025-02-18 14:01:33,324 [INFO] smart_log : 错误代码 1: 
2025-02-18 14:01:34,325 [INFO] 识盘命令输出：
2025-02-18 14:01:34,389 [INFO] smart_log : 错误代码 1: 
2025-02-18 14:01:35,394 [INFO] 识盘命令输出：
2025-02-18 14:01:35,459 [INFO] smart_log : 错误代码 1: 
2025-02-18 14:01:36,462 [INFO] 识盘命令输出：
2025-02-18 14:01:36,508 [INFO] smart_log : 错误代码 1: 
2025-02-18 14:01:37,513 [INFO] 识盘命令输出：
2025-02-18 14:01:37,570 [INFO] smart_log : 错误代码 1: 
2025-02-18 14:01:38,579 [INFO] 识盘命令输出：
2025-02-18 14:01:38,643 [INFO] smart_log : 错误代码 1: 
2025-02-18 14:01:39,658 [INFO] 识盘命令输出：
2025-02-18 14:01:39,723 [INFO] smart_log : 错误代码 1: 
2025-02-18 14:01:40,726 [INFO] 识盘命令输出：
2025-02-18 14:01:40,782 [INFO] smart_log : 错误代码 1: 
2025-02-18 14:01:41,796 [INFO] 识盘命令输出：
2025-02-18 14:01:41,859 [INFO] smart_log : 错误代码 1: 
2025-02-18 14:01:42,860 [INFO] 识盘命令输出：
2025-02-18 14:01:42,915 [INFO] smart_log : 错误代码 1: 
2025-02-18 14:01:43,927 [INFO] 识盘命令输出：
2025-02-18 14:01:43,990 [INFO] smart_log : 错误代码 1: 
2025-02-18 14:01:44,993 [INFO] 识盘命令输出：
2025-02-18 14:01:45,048 [INFO] smart_log : 错误代码 1: 
2025-02-18 14:01:46,058 [INFO] 识盘命令输出：
2025-02-18 14:01:46,113 [INFO] smart_log : 错误代码 1: 
2025-02-18 14:01:47,120 [INFO] 等待5秒后开始上电
