2025-03-18 10:55:53,864 [INFO] 程序已以管理员权限运行。
2025-03-18 10:55:53,864 [INFO] new volume
2025-03-18 10:56:14,234 [INFO] Scanning for Opal compliant disks
\\.\PhysicalDrive0  2      RSYE3839S-1920                           SP301012
\\.\PhysicalDrive1 No       
No more disks present ending scan
2025-03-18 10:56:14,234 [INFO] step 1: status check
2025-03-18 10:56:14,283 [INFO] BitLocker 驱动器加密: 配置工具版本 10.0.19041
版权所有 (C) 2013 Microsoft Corporation。保留所有权利。

卷 D: []
[数据卷]

    大小:              1788.48 GB
    BitLocker 版本:    无
    转换状态:          完全解密
    已加密百分比:      0.0%
    加密方法:          无
    保护状态:          保护关闭
    锁定状态:          已解锁
    标识字段:          无
    自动解锁:          已禁用
    密钥保护器:        找不到
2025-03-18 10:56:14,284 [INFO] disk_current_status : {'BitLocker 驱动器加密': '配置工具版本 10.0.19041', '卷 D': '[]', '大小': '1788.48 GB', 'BitLocker 版本': '无', '转换状态': '完全解密', '已加密百分比': '0.0%', '加密方法': '无', '保护状态': '保护关闭', '锁定状态': '已解锁', '标识字段': '无', '自动解锁': '已禁用', '密钥保护器': '找不到'}
2025-03-18 10:56:14,285 [INFO] step 2: bitlocker on
2025-03-18 10:56:30,150 [INFO] key: {password}
2025-03-18 10:56:31,213 [INFO] disk_current_status : {'BitLocker 驱动器加密': '配置工具版本 10.0.19041', '卷 D': '[]', '大小': '1788.48 GB', 'BitLocker 版本': '无', '转换状态': '完全解密', '已加密百分比': '0.0%', '加密方法': '无', '保护状态': '保护关闭', '锁定状态': '已解锁', '标识字段': '无', '自动解锁': '已禁用', '密钥保护器': '找不到'}
2025-03-18 10:56:31,213 [INFO] step 3: bitlocker add password
2025-03-18 10:56:37,223 [INFO] step 4: bitlocker change password
2025-03-18 10:56:44,087 [INFO] step 5: bitlocker lock
2025-03-18 10:56:45,548 [INFO] BitLocker 驱动器加密: 配置工具版本 10.0.19041
版权所有 (C) 2013 Microsoft Corporation。保留所有权利。

卷 D: 现在已锁定
2025-03-18 10:56:46,624 [INFO] current_locked_state : 已锁定
2025-03-18 10:56:46,624 [INFO] step 6: read and write after disk locked
2025-03-18 10:56:46,625 [ERROR] 写入失败，错误信息：[Errno 22] Invalid argument: 'D://test_file.txt'
Traceback (most recent call last):
  File "t_Tcg_BitLocker_17_BaseAPL.py", line 88, in verify_locked
    with open(test_file, "w") as file:
OSError: [Errno 22] Invalid argument: 'D://test_file.txt'
2025-03-18 10:56:46,626 [ERROR] 读取失败，错误信息：[WinError -2144272384] BitLocker 驱动器加密已锁定该驱动器。必须从控制面板解除此驱动器锁定。: 'D://'
Traceback (most recent call last):
  File "t_Tcg_BitLocker_17_BaseAPL.py", line 101, in verify_locked
    files = os.listdir(drive_letter)
OSError: [WinError -2144272384] BitLocker 驱动器加密已锁定该驱动器。必须从控制面板解除此驱动器锁定。: 'D://'
2025-03-18 10:56:46,626 [ERROR] 写入失败，错误信息：[Errno 22] Invalid argument: 'D://test_file.txt'
Traceback (most recent call last):
  File "t_Tcg_BitLocker_17_BaseAPL.py", line 88, in verify_locked
    with open(test_file, "w") as file:
OSError: [Errno 22] Invalid argument: 'D://test_file.txt'
2025-03-18 10:56:46,626 [ERROR] 读取失败，错误信息：[WinError -2144272384] BitLocker 驱动器加密已锁定该驱动器。必须从控制面板解除此驱动器锁定。: 'D://'
Traceback (most recent call last):
  File "t_Tcg_BitLocker_17_BaseAPL.py", line 101, in verify_locked
    files = os.listdir(drive_letter)
OSError: [WinError -2144272384] BitLocker 驱动器加密已锁定该驱动器。必须从控制面板解除此驱动器锁定。: 'D://'
2025-03-18 10:56:46,626 [INFO] D: 已被锁定。
2025-03-18 10:56:46,626 [INFO] step 7: bitlocker unlock
2025-03-18 10:56:51,868 [INFO] current_locked_state : 已解锁
2025-03-18 10:56:51,868 [INFO] step 8: bitlocker off
2025-03-18 10:56:57,953 [INFO] current_transition_state : 完全解密
2025-03-18 10:56:57,954 [INFO] step 9: bitlocker on again
2025-03-18 10:57:11,543 [INFO] key: 105908-567171-438526-118965-440561-685322-636713-308363
2025-03-18 10:57:11,544 [INFO] step 10: bitlocker off
2025-03-18 10:57:17,431 [INFO] current_transition_state : 完全解密
2025-03-18 10:57:17,432 [INFO] step 11: APL
2025-03-18 10:57:17,435 [INFO] delay power off
2025-03-18 10:57:17,437 [INFO] 识盘命令输出：
2025-03-18 10:57:17,504 [INFO] smart_log : 
2025-03-18 10:57:18,516 [INFO] 识盘命令输出：
2025-03-18 10:57:18,596 [INFO] smart_log : 
2025-03-18 10:57:19,599 [INFO] 识盘命令输出：
2025-03-18 10:57:20,223 [INFO] smart_log : 错误代码 2: 
2025-03-18 10:57:21,225 [INFO] 识盘命令输出：
2025-03-18 10:57:21,283 [INFO] smart_log : 错误代码 1: 
2025-03-18 10:57:22,293 [INFO] 识盘命令输出：
2025-03-18 10:57:22,351 [INFO] smart_log : 错误代码 1: 
2025-03-18 10:57:23,362 [INFO] 识盘命令输出：
2025-03-18 10:57:23,422 [INFO] smart_log : 错误代码 1: 
2025-03-18 10:57:24,430 [INFO] 识盘命令输出：
2025-03-18 10:57:24,482 [INFO] smart_log : 错误代码 1: 
2025-03-18 10:57:25,483 [INFO] 识盘命令输出：
2025-03-18 10:57:25,546 [INFO] smart_log : 错误代码 1: 
2025-03-18 10:57:26,549 [INFO] 识盘命令输出：
2025-03-18 10:57:26,606 [INFO] smart_log : 错误代码 1: 
2025-03-18 10:57:27,617 [INFO] 等待5秒后开始上电
