2025-03-04 20:24:05,931 [INFO] 程序已以管理员权限运行。
2025-03-04 20:24:05,931 [INFO] step 1: bitlocker unlock
2025-03-04 20:24:11,625 [INFO] current_locked_state : 已解锁
2025-03-04 20:24:11,625 [INFO] step 2: delay power off
2025-03-04 20:24:11,626 [INFO] step 3: bitlocker lock
2025-03-04 20:24:13,252 [INFO] BitLocker 驱动器加密: 配置工具版本 10.0.19041
版权所有 (C) 2013 Microsoft Corporation。保留所有权利。

卷 D: 现在已锁定
2025-03-04 20:24:14,332 [INFO] current_locked_state : 已锁定
2025-03-04 20:24:14,333 [INFO] 识盘命令输出：
2025-03-04 20:24:14,379 [INFO] smart_log : 
2025-03-04 20:24:15,385 [INFO] 识盘命令输出：
2025-03-04 20:24:15,446 [INFO] smart_log : 
2025-03-04 20:24:16,456 [INFO] 识盘命令输出：
2025-03-04 20:24:16,534 [INFO] smart_log : 
2025-03-04 20:24:17,543 [INFO] 识盘命令输出：
2025-03-04 20:24:17,613 [INFO] smart_log : 
2025-03-04 20:24:18,619 [INFO] 识盘命令输出：
2025-03-04 20:24:18,696 [INFO] smart_log : 
2025-03-04 20:24:19,706 [INFO] 识盘命令输出：
2025-03-04 20:24:19,781 [INFO] smart_log : 
2025-03-04 20:24:20,794 [INFO] 识盘命令输出：
2025-03-04 20:24:20,873 [INFO] smart_log : 
2025-03-04 20:24:21,881 [INFO] 识盘命令输出：
2025-03-04 20:24:22,522 [INFO] smart_log : 错误代码 2: 
2025-03-04 20:24:23,524 [INFO] 识盘命令输出：
2025-03-04 20:24:23,586 [INFO] smart_log : 错误代码 1: 
2025-03-04 20:24:24,591 [INFO] 识盘命令输出：
2025-03-04 20:24:24,647 [INFO] smart_log : 错误代码 1: 
2025-03-04 20:24:25,661 [INFO] 识盘命令输出：
2025-03-04 20:24:25,722 [INFO] smart_log : 错误代码 1: 
2025-03-04 20:24:26,724 [INFO] 识盘命令输出：
2025-03-04 20:24:26,783 [INFO] smart_log : 错误代码 1: 
2025-03-04 20:24:27,785 [INFO] 识盘命令输出：
2025-03-04 20:24:27,843 [INFO] smart_log : 错误代码 1: 
2025-03-04 20:24:28,857 [INFO] 识盘命令输出：
2025-03-04 20:24:28,905 [INFO] smart_log : 错误代码 1: 
2025-03-04 20:24:29,913 [INFO] 识盘命令输出：
2025-03-04 20:24:29,976 [INFO] smart_log : 错误代码 1: 
2025-03-04 20:24:30,985 [INFO] 识盘命令输出：
2025-03-04 20:24:31,044 [INFO] smart_log : 错误代码 1: 
2025-03-04 20:24:32,051 [INFO] 识盘命令输出：
2025-03-04 20:24:32,111 [INFO] smart_log : 错误代码 1: 
2025-03-04 20:24:33,123 [INFO] 识盘命令输出：
2025-03-04 20:24:33,187 [INFO] smart_log : 错误代码 1: 
2025-03-04 20:24:34,188 [INFO] 识盘命令输出：
2025-03-04 20:24:34,245 [INFO] smart_log : 错误代码 1: 
2025-03-04 20:24:35,260 [INFO] 识盘命令输出：
2025-03-04 20:24:35,316 [INFO] smart_log : 错误代码 1: 
2025-03-04 20:24:36,320 [INFO] 识盘命令输出：
2025-03-04 20:24:36,378 [INFO] smart_log : 错误代码 1: 
2025-03-04 20:24:37,382 [INFO] 识盘命令输出：
2025-03-04 20:24:37,443 [INFO] smart_log : 错误代码 1: 
2025-03-04 20:24:38,446 [INFO] 识盘命令输出：
2025-03-04 20:24:38,508 [INFO] smart_log : 错误代码 1: 
2025-03-04 20:24:39,517 [INFO] 识盘命令输出：
2025-03-04 20:24:39,567 [INFO] smart_log : 错误代码 1: 
2025-03-04 20:24:40,569 [INFO] 识盘命令输出：
2025-03-04 20:24:40,626 [INFO] smart_log : 错误代码 1: 
2025-03-04 20:24:41,640 [INFO] 识盘命令输出：
2025-03-04 20:24:41,702 [INFO] smart_log : 错误代码 1: 
2025-03-04 20:24:42,711 [INFO] 识盘命令输出：
2025-03-04 20:24:42,771 [INFO] smart_log : 错误代码 1: 
2025-03-04 20:24:43,775 [INFO] 识盘命令输出：
2025-03-04 20:24:43,836 [INFO] smart_log : 错误代码 1: 
2025-03-04 20:24:44,849 [INFO] 等待5秒后开始上电
