2025-02-21 17:25:38,495 [INFO] 程序已以管理员权限运行。
2025-02-21 17:25:38,495 [INFO] new volume
2025-02-21 17:25:58,838 [INFO] Scanning for Opal compliant disks
\\.\PhysicalDrive0  2      RSYE3839Z-1920                           SP30100B
\\.\PhysicalDrive1 No       
No more disks present ending scan
2025-02-21 17:25:58,839 [INFO] step 1: status check
2025-02-21 17:25:58,879 [INFO] BitLocker 驱动器加密: 配置工具版本 10.0.19041
版权所有 (C) 2013 Microsoft Corporation。保留所有权利。

卷 D: []
[数据卷]

    大小:              1788.48 GB
    BitLocker 版本:    无
    转换状态:          完全解密
    已加密百分比:      0.0%
    加密方法:          无
    保护状态:          保护关闭
    锁定状态:          已解锁
    标识字段:          无
    自动解锁:          已禁用
    密钥保护器:        找不到
2025-02-21 17:25:58,880 [INFO] disk_current_status : {'BitLocker 驱动器加密': '配置工具版本 10.0.19041', '卷 D': '[]', '大小': '1788.48 GB', 'BitLocker 版本': '无', '转换状态': '完全解密', '已加密百分比': '0.0%', '加密方法': '无', '保护状态': '保护关闭', '锁定状态': '已解锁', '标识字段': '无', '自动解锁': '已禁用', '密钥保护器': '找不到'}
2025-02-21 17:25:58,880 [INFO] FIO read write
2025-02-21 17:25:58,880 [INFO] Running command: fio.exe --name=seqwrite --rw=write --bs=128k --size=10G --directory=D\:\fio_test --filename=testfile --iodepth=1 --output=fio_log\seqwrite.log
2025-02-21 17:26:14,214 [INFO] Sequential write completed successfully.
2025-02-21 17:26:14,214 [INFO] step 2: bitlocker on
2025-02-21 17:26:29,631 [INFO] key: {password}
2025-02-21 17:26:30,702 [INFO] disk_current_status : {'BitLocker 驱动器加密': '配置工具版本 10.0.19041', '卷 D': '[]', '大小': '1788.48 GB', 'BitLocker 版本': '无', '转换状态': '完全解密', '已加密百分比': '0.0%', '加密方法': '无', '保护状态': '保护关闭', '锁定状态': '已解锁', '标识字段': '无', '自动解锁': '已禁用', '密钥保护器': '找不到'}
2025-02-21 17:26:30,702 [INFO] step 3: bitlocker add password
2025-02-21 17:26:36,605 [INFO] step 4: bitlocker change password
2025-02-21 17:26:43,468 [INFO] step 5: bitlocker lock
2025-02-21 17:26:47,282 [INFO] BitLocker 驱动器加密: 配置工具版本 10.0.19041
版权所有 (C) 2013 Microsoft Corporation。保留所有权利。

卷 D: 现在已锁定
2025-02-21 17:26:48,377 [INFO] current_locked_state : 已锁定
2025-02-21 17:26:48,378 [INFO] step 6: read and write after disk locked
2025-02-21 17:26:48,378 [ERROR] 写入失败，错误信息：[Errno 22] Invalid argument: 'D://test_file.txt'
Traceback (most recent call last):
  File "t_Tcg_BitLocker_19_BaseIoFormat.py", line 87, in verify_locked
    with open(test_file, "w") as file:
OSError: [Errno 22] Invalid argument: 'D://test_file.txt'
2025-02-21 17:26:48,379 [ERROR] 读取失败，错误信息：[WinError -2144272384] BitLocker 驱动器加密已锁定该驱动器。必须从控制面板解除此驱动器锁定。: 'D://'
Traceback (most recent call last):
  File "t_Tcg_BitLocker_19_BaseIoFormat.py", line 100, in verify_locked
    files = os.listdir(drive_letter)
OSError: [WinError -2144272384] BitLocker 驱动器加密已锁定该驱动器。必须从控制面板解除此驱动器锁定。: 'D://'
2025-02-21 17:26:48,379 [ERROR] 写入失败，错误信息：[Errno 22] Invalid argument: 'D://test_file.txt'
Traceback (most recent call last):
  File "t_Tcg_BitLocker_19_BaseIoFormat.py", line 87, in verify_locked
    with open(test_file, "w") as file:
OSError: [Errno 22] Invalid argument: 'D://test_file.txt'
2025-02-21 17:26:48,379 [ERROR] 读取失败，错误信息：[WinError -2144272384] BitLocker 驱动器加密已锁定该驱动器。必须从控制面板解除此驱动器锁定。: 'D://'
Traceback (most recent call last):
  File "t_Tcg_BitLocker_19_BaseIoFormat.py", line 100, in verify_locked
    files = os.listdir(drive_letter)
OSError: [WinError -2144272384] BitLocker 驱动器加密已锁定该驱动器。必须从控制面板解除此驱动器锁定。: 'D://'
2025-02-21 17:26:48,380 [INFO] D: 已被锁定。
2025-02-21 17:26:48,380 [INFO] step 7: bitlocker unlock
2025-02-21 17:26:54,179 [INFO] current_locked_state : 已解锁
2025-02-21 17:26:54,179 [INFO] step 8: bitlocker off
2025-02-21 17:27:00,774 [INFO] current_transition_state : 完全解密
2025-02-21 17:27:00,775 [INFO] step 9: bitlocker on again
2025-02-21 17:27:16,284 [INFO] key: 487740-442189-632929-196449-572473-397397-075548-320144
2025-02-21 17:27:16,284 [INFO] step 10: bitlocker off
2025-02-21 17:27:22,899 [INFO] current_transition_state : 完全解密
2025-02-21 17:27:22,900 [INFO] step 11: format
2025-02-21 17:27:43,254 [INFO] Scanning for Opal compliant disks
\\.\PhysicalDrive0  2      RSYE3839Z-1920                           SP30100B
\\.\PhysicalDrive1 No       
No more disks present ending scan
