2025-02-21 10:01:54,233 [INFO] 程序已以管理员权限运行。
2025-02-21 10:01:54,233 [INFO] new volume
2025-02-21 10:02:14,587 [INFO] Scanning for Opal compliant disks
\\.\PhysicalDrive0  2      RSYE3839Z-960G                           SP30100B
\\.\PhysicalDrive1 No       
No more disks present ending scan
2025-02-21 10:02:14,587 [INFO] step 1: status check
2025-02-21 10:02:14,634 [INFO] BitLocker 驱动器加密: 配置工具版本 10.0.19041
版权所有 (C) 2013 Microsoft Corporation。保留所有权利。

卷 D: []
[数据卷]

    大小:              894.24 GB
    BitLocker 版本:    无
    转换状态:          完全解密
    已加密百分比:      0.0%
    加密方法:          无
    保护状态:          保护关闭
    锁定状态:          已解锁
    标识字段:          无
    自动解锁:          已禁用
    密钥保护器:        找不到
2025-02-21 10:02:14,635 [INFO] disk_current_status : {'BitLocker 驱动器加密': '配置工具版本 10.0.19041', '卷 D': '[]', '大小': '894.24 GB', 'BitLocker 版本': '无', '转换状态': '完全解密', '已加密百分比': '0.0%', '加密方法': '无', '保护状态': '保护关闭', '锁定状态': '已解锁', '标识字段': '无', '自动解锁': '已禁用', '密钥保护器': '找不到'}
2025-02-21 10:02:14,635 [INFO] FIO read write
2025-02-21 10:02:14,635 [INFO] Running command: fio.exe --name=seqwrite --rw=write --bs=128k --size=10G --directory=D\:\fio_test --filename=testfile --iodepth=1 --output=fio_log\seqwrite.log
2025-02-21 10:02:30,153 [INFO] Sequential write completed successfully.
2025-02-21 10:02:30,153 [INFO] step 2: bitlocker on
2025-02-21 10:02:45,268 [INFO] key: {password}
2025-02-21 10:02:46,346 [INFO] disk_current_status : {'BitLocker 驱动器加密': '配置工具版本 10.0.19041', '卷 D': '[]', '大小': '894.24 GB', 'BitLocker 版本': '无', '转换状态': '完全解密', '已加密百分比': '0.0%', '加密方法': '无', '保护状态': '保护关闭', '锁定状态': '已解锁', '标识字段': '无', '自动解锁': '已禁用', '密钥保护器': '找不到'}
2025-02-21 10:02:46,346 [INFO] step 3: bitlocker add password
2025-02-21 10:02:52,442 [INFO] step 4: bitlocker change password
2025-02-21 10:02:59,348 [INFO] step 5: bitlocker lock
2025-02-21 10:03:03,206 [INFO] BitLocker 驱动器加密: 配置工具版本 10.0.19041
版权所有 (C) 2013 Microsoft Corporation。保留所有权利。

卷 D: 现在已锁定
2025-02-21 10:03:04,309 [INFO] current_locked_state : 已锁定
2025-02-21 10:03:04,310 [INFO] step 6: read and write after disk locked
2025-02-21 10:03:04,313 [ERROR] 写入失败，错误信息：[Errno 22] Invalid argument: 'D://test_file.txt'
Traceback (most recent call last):
  File "t_Tcg_BitLocker_20_BaseIoAPL.py", line 91, in verify_locked
    with open(test_file, "w") as file:
OSError: [Errno 22] Invalid argument: 'D://test_file.txt'
2025-02-21 10:03:04,316 [ERROR] 读取失败，错误信息：[WinError -2144272384] BitLocker 驱动器加密已锁定该驱动器。必须从控制面板解除此驱动器锁定。: 'D://'
Traceback (most recent call last):
  File "t_Tcg_BitLocker_20_BaseIoAPL.py", line 104, in verify_locked
    files = os.listdir(drive_letter)
OSError: [WinError -2144272384] BitLocker 驱动器加密已锁定该驱动器。必须从控制面板解除此驱动器锁定。: 'D://'
2025-02-21 10:03:04,319 [ERROR] 写入失败，错误信息：[Errno 22] Invalid argument: 'D://test_file.txt'
Traceback (most recent call last):
  File "t_Tcg_BitLocker_20_BaseIoAPL.py", line 91, in verify_locked
    with open(test_file, "w") as file:
OSError: [Errno 22] Invalid argument: 'D://test_file.txt'
2025-02-21 10:03:04,321 [ERROR] 读取失败，错误信息：[WinError -2144272384] BitLocker 驱动器加密已锁定该驱动器。必须从控制面板解除此驱动器锁定。: 'D://'
Traceback (most recent call last):
  File "t_Tcg_BitLocker_20_BaseIoAPL.py", line 104, in verify_locked
    files = os.listdir(drive_letter)
OSError: [WinError -2144272384] BitLocker 驱动器加密已锁定该驱动器。必须从控制面板解除此驱动器锁定。: 'D://'
2025-02-21 10:03:04,322 [INFO] D: 已被锁定。
2025-02-21 10:03:04,322 [INFO] step 7: bitlocker unlock
2025-02-21 10:03:10,112 [INFO] current_locked_state : 已解锁
2025-02-21 10:03:10,112 [INFO] step 8: bitlocker off
2025-02-21 10:03:16,486 [INFO] current_transition_state : 完全解密
2025-02-21 10:03:16,487 [INFO] step 9: bitlocker on again
2025-02-21 10:03:31,915 [INFO] key: 119020-499741-057134-459140-150854-198132-685696-268752
2025-02-21 10:03:31,915 [INFO] step 10: bitlocker off
2025-02-21 10:03:38,429 [INFO] current_transition_state : 完全解密
2025-02-21 10:03:38,430 [INFO] step 11: APL
2025-02-21 10:03:38,433 [INFO] delay power off
2025-02-21 10:03:38,435 [INFO] 识盘命令输出：
2025-02-21 10:03:38,508 [INFO] smart_log : 
2025-02-21 10:03:39,509 [INFO] 识盘命令输出：
2025-02-21 10:03:39,583 [INFO] smart_log : 
2025-02-21 10:03:40,594 [INFO] 识盘命令输出：
2025-02-21 10:03:41,328 [INFO] smart_log : 错误代码 2: 
2025-02-21 10:03:42,332 [INFO] 识盘命令输出：
2025-02-21 10:03:42,394 [INFO] smart_log : 错误代码 1: 
2025-02-21 10:03:43,399 [INFO] 识盘命令输出：
2025-02-21 10:03:43,455 [INFO] smart_log : 错误代码 1: 
2025-02-21 10:03:44,468 [INFO] 识盘命令输出：
2025-02-21 10:03:44,529 [INFO] smart_log : 错误代码 1: 
2025-02-21 10:03:45,536 [INFO] 识盘命令输出：
2025-02-21 10:03:45,590 [INFO] smart_log : 错误代码 1: 
2025-02-21 10:03:46,605 [INFO] 识盘命令输出：
2025-02-21 10:03:46,661 [INFO] smart_log : 错误代码 1: 
2025-02-21 10:03:47,672 [INFO] 识盘命令输出：
2025-02-21 10:03:47,739 [INFO] smart_log : 错误代码 1: 
2025-02-21 10:03:48,740 [INFO] 等待5秒后开始上电
