2025-02-21 14:29:46,064 [INFO] 程序已以管理员权限运行。
2025-02-21 14:29:46,064 [INFO] step 1: status check
2025-02-21 14:29:46,131 [INFO] BitLocker 驱动器加密: 配置工具版本 10.0.19041
版权所有 (C) 2013 Microsoft Corporation。保留所有权利。

卷 D: []
[数据卷]

    大小:              447.12 GB
    BitLocker 版本:    无
    转换状态:          完全解密
    已加密百分比:      0.0%
    加密方法:          无
    保护状态:          保护关闭
    锁定状态:          已解锁
    标识字段:          无
    自动解锁:          已禁用
    密钥保护器:        找不到
2025-02-21 14:29:46,132 [INFO] disk_current_status : {'BitLocker 驱动器加密': '配置工具版本 10.0.19041', '卷 D': '[]', '大小': '447.12 GB', 'BitLocker 版本': '无', '转换状态': '完全解密', '已加密百分比': '0.0%', '加密方法': '无', '保护状态': '保护关闭', '锁定状态': '已解锁', '标识字段': '无', '自动解锁': '已禁用', '密钥保护器': '找不到'}
2025-02-21 14:29:46,133 [INFO] step 2: bitlocker on
2025-02-21 14:30:01,344 [INFO] key: 451264-493933-279686-012276-245025-315832-524656-579722
2025-02-21 14:30:01,345 [INFO] step 3: bitlocker add password
2025-02-21 14:30:07,427 [INFO] step 4: delay power off
2025-02-21 14:30:07,428 [INFO] 识盘命令输出：
2025-02-21 14:30:07,481 [INFO] smart_log : 
2025-02-21 14:30:08,496 [INFO] 识盘命令输出：
2025-02-21 14:30:08,544 [INFO] smart_log : 
2025-02-21 14:30:09,545 [INFO] 识盘命令输出：
2025-02-21 14:30:09,615 [INFO] smart_log : 
2025-02-21 14:30:10,624 [INFO] 识盘命令输出：
2025-02-21 14:30:10,706 [INFO] smart_log : 
2025-02-21 14:30:11,707 [INFO] 识盘命令输出：
2025-02-21 14:30:11,789 [INFO] smart_log : 
2025-02-21 14:30:12,791 [INFO] 识盘命令输出：
2025-02-21 14:30:13,314 [INFO] smart_log : 错误代码 2: 
2025-02-21 14:30:14,318 [INFO] 识盘命令输出：
2025-02-21 14:30:14,378 [INFO] smart_log : 错误代码 1: 
2025-02-21 14:30:15,383 [INFO] 识盘命令输出：
2025-02-21 14:30:15,440 [INFO] smart_log : 错误代码 1: 
2025-02-21 14:30:16,445 [INFO] 识盘命令输出：
2025-02-21 14:30:16,503 [INFO] smart_log : 错误代码 1: 
2025-02-21 14:30:17,512 [INFO] 识盘命令输出：
2025-02-21 14:30:17,566 [INFO] smart_log : 错误代码 1: 
2025-02-21 14:30:18,579 [INFO] 识盘命令输出：
2025-02-21 14:30:18,636 [INFO] smart_log : 错误代码 1: 
2025-02-21 14:30:19,641 [INFO] 识盘命令输出：
2025-02-21 14:30:19,698 [INFO] smart_log : 错误代码 1: 
2025-02-21 14:30:20,710 [INFO] 识盘命令输出：
2025-02-21 14:30:20,769 [INFO] smart_log : 错误代码 1: 
2025-02-21 14:30:21,771 [INFO] 识盘命令输出：
2025-02-21 14:30:21,832 [INFO] smart_log : 错误代码 1: 
2025-02-21 14:30:22,832 [INFO] 识盘命令输出：
2025-02-21 14:30:22,893 [INFO] smart_log : 错误代码 1: 
2025-02-21 14:30:23,893 [INFO] 识盘命令输出：
2025-02-21 14:30:23,952 [INFO] smart_log : 错误代码 1: 
2025-02-21 14:30:24,960 [INFO] 识盘命令输出：
2025-02-21 14:30:24,996 [INFO] smart_log : 错误代码 1: 
2025-02-21 14:30:26,007 [INFO] 识盘命令输出：
2025-02-21 14:30:26,065 [INFO] smart_log : 错误代码 1: 
2025-02-21 14:30:27,074 [INFO] 识盘命令输出：
2025-02-21 14:30:27,131 [INFO] smart_log : 错误代码 1: 
2025-02-21 14:30:28,140 [INFO] 等待5秒后开始上电
