2025-02-18 11:55:19,114 [INFO] 程序已以管理员权限运行。
2025-02-18 11:55:19,114 [INFO] 程序已以管理员权限运行。
2025-02-18 11:55:19,153 [INFO] BitLocker 驱动器加密: 配置工具版本 10.0.19041
版权所有 (C) 2013 Microsoft Corporation。保留所有权利。

卷 D: []
[数据卷]

    大小:              894.24 GB
    BitLocker 版本:    无
    转换状态:          完全解密
    已加密百分比:      0.0%
    加密方法:          无
    保护状态:          保护关闭
    锁定状态:          已解锁
    标识字段:          无
    自动解锁:          已禁用
    密钥保护器:        找不到
2025-02-18 11:55:19,154 [INFO] [INFO] Initial run. Running enable BitLocker logic...
2025-02-18 11:55:34,336 [INFO] step 1: status check
2025-02-18 11:55:34,390 [INFO] BitLocker 驱动器加密: 配置工具版本 10.0.19041
版权所有 (C) 2013 Microsoft Corporation。保留所有权利。

卷 D: []
[数据卷]

    大小:              894.24 GB
    BitLocker 版本:    2.0
    转换状态:          完全加密
    已加密百分比:      100.0%
    加密方法:    硬件加密 - 1.3.111.2.1619.0.1.2
    保护状态:          保护已启用
    锁定状态:          已解锁
    标识字段:          未知
    自动解锁:          已禁用
    密钥保护器:
        外部密钥
        数字密码
2025-02-18 11:55:34,390 [INFO] disk_current_status : 硬件加密 - 1.3.111.2.1619.0.1.2
2025-02-18 11:55:37,395 [INFO] step 2: bitlocker add password
2025-02-18 11:55:48,299 [INFO] step 3: APL
2025-02-18 11:55:48,300 [INFO] delay power off
2025-02-18 11:55:48,303 [INFO] 识盘命令输出：
2025-02-18 11:55:48,375 [INFO] smart_log : 
2025-02-18 11:55:49,385 [INFO] 识盘命令输出：
2025-02-18 11:55:49,459 [INFO] smart_log : 
2025-02-18 11:55:50,473 [INFO] 识盘命令输出：
2025-02-18 11:55:51,098 [INFO] smart_log : 错误代码 2: 
2025-02-18 11:55:52,104 [INFO] 识盘命令输出：
2025-02-18 11:55:52,164 [INFO] smart_log : 错误代码 1: 
2025-02-18 11:55:53,175 [INFO] 识盘命令输出：
2025-02-18 11:55:53,238 [INFO] smart_log : 错误代码 1: 
2025-02-18 11:55:54,245 [INFO] 识盘命令输出：
2025-02-18 11:55:54,284 [INFO] smart_log : 错误代码 1: 
2025-02-18 11:55:55,285 [INFO] 识盘命令输出：
2025-02-18 11:55:55,345 [INFO] smart_log : 错误代码 1: 
2025-02-18 11:55:56,355 [INFO] 识盘命令输出：
2025-02-18 11:55:56,424 [INFO] smart_log : 错误代码 1: 
2025-02-18 11:55:57,427 [INFO] 识盘命令输出：
2025-02-18 11:55:57,471 [INFO] smart_log : 错误代码 1: 
2025-02-18 11:55:58,482 [INFO] 等待5秒后开始上电
2025-02-18 11:56:19,177 [INFO] [INFO] Task created successfully.
2025-02-18 11:56:19,181 [INFO] Batch file generated and placed in startup directory: C:\ProgramData\Microsoft\Windows\Start Menu\Programs\StartUp\run_script.bat
2025-02-18 11:56:19,181 [INFO] [INFO] System will now reboot...
2025-02-18 11:56:21,225 [INFO] 流程完成。
