2025-03-17 21:23:50,499 [INFO] 程序已以管理员权限运行。
2025-03-17 21:23:50,499 [INFO] new volume
2025-03-17 21:24:10,874 [INFO] Scanning for Opal compliant disks
\\.\PhysicalDrive0  2      RSYE3839Z-960G                           SP301012
\\.\PhysicalDrive1 No       
No more disks present ending scan
2025-03-17 21:24:10,874 [INFO] step 1: status check
2025-03-17 21:24:10,918 [INFO] BitLocker 驱动器加密: 配置工具版本 10.0.19041
版权所有 (C) 2013 Microsoft Corporation。保留所有权利。

卷 D: []
[数据卷]

    大小:              894.24 GB
    BitLocker 版本:    无
    转换状态:          完全解密
    已加密百分比:      0.0%
    加密方法:          无
    保护状态:          保护关闭
    锁定状态:          已解锁
    标识字段:          无
    自动解锁:          已禁用
    密钥保护器:        找不到
2025-03-17 21:24:10,919 [INFO] disk_current_status : {'BitLocker 驱动器加密': '配置工具版本 10.0.19041', '卷 D': '[]', '大小': '894.24 GB', 'BitLocker 版本': '无', '转换状态': '完全解密', '已加密百分比': '0.0%', '加密方法': '无', '保护状态': '保护关闭', '锁定状态': '已解锁', '标识字段': '无', '自动解锁': '已禁用', '密钥保护器': '找不到'}
2025-03-17 21:24:10,919 [INFO] step 2: bitlocker on
2025-03-17 21:24:26,264 [INFO] key: {password}
2025-03-17 21:24:27,329 [INFO] disk_current_status : {'BitLocker 驱动器加密': '配置工具版本 10.0.19041', '卷 D': '[]', '大小': '894.24 GB', 'BitLocker 版本': '无', '转换状态': '完全解密', '已加密百分比': '0.0%', '加密方法': '无', '保护状态': '保护关闭', '锁定状态': '已解锁', '标识字段': '无', '自动解锁': '已禁用', '密钥保护器': '找不到'}
2025-03-17 21:24:27,329 [INFO] step 3: bitlocker add password
2025-03-17 21:24:33,291 [INFO] step 4: bitlocker change password
2025-03-17 21:24:40,204 [INFO] step 5: bitlocker lock
2025-03-17 21:24:41,755 [INFO] BitLocker 驱动器加密: 配置工具版本 10.0.19041
版权所有 (C) 2013 Microsoft Corporation。保留所有权利。

卷 D: 现在已锁定
2025-03-17 21:24:42,829 [INFO] current_locked_state : 已锁定
2025-03-17 21:24:42,829 [INFO] step 6: read and write after disk locked
2025-03-17 21:24:42,830 [ERROR] 写入失败，错误信息：[Errno 22] Invalid argument: 'D://test_file.txt'
Traceback (most recent call last):
  File "t_Tcg_BitLocker_17_BaseAPL.py", line 88, in verify_locked
    with open(test_file, "w") as file:
OSError: [Errno 22] Invalid argument: 'D://test_file.txt'
2025-03-17 21:24:42,830 [ERROR] 读取失败，错误信息：[WinError -2144272384] BitLocker 驱动器加密已锁定该驱动器。必须从控制面板解除此驱动器锁定。: 'D://'
Traceback (most recent call last):
  File "t_Tcg_BitLocker_17_BaseAPL.py", line 101, in verify_locked
    files = os.listdir(drive_letter)
OSError: [WinError -2144272384] BitLocker 驱动器加密已锁定该驱动器。必须从控制面板解除此驱动器锁定。: 'D://'
2025-03-17 21:24:42,830 [ERROR] 写入失败，错误信息：[Errno 22] Invalid argument: 'D://test_file.txt'
Traceback (most recent call last):
  File "t_Tcg_BitLocker_17_BaseAPL.py", line 88, in verify_locked
    with open(test_file, "w") as file:
OSError: [Errno 22] Invalid argument: 'D://test_file.txt'
2025-03-17 21:24:42,831 [ERROR] 读取失败，错误信息：[WinError -2144272384] BitLocker 驱动器加密已锁定该驱动器。必须从控制面板解除此驱动器锁定。: 'D://'
Traceback (most recent call last):
  File "t_Tcg_BitLocker_17_BaseAPL.py", line 101, in verify_locked
    files = os.listdir(drive_letter)
OSError: [WinError -2144272384] BitLocker 驱动器加密已锁定该驱动器。必须从控制面板解除此驱动器锁定。: 'D://'
2025-03-17 21:24:42,831 [INFO] D: 已被锁定。
2025-03-17 21:24:42,831 [INFO] step 7: bitlocker unlock
2025-03-17 21:24:48,601 [INFO] current_locked_state : 已解锁
2025-03-17 21:24:48,601 [INFO] step 8: bitlocker off
2025-03-17 21:24:55,053 [INFO] current_transition_state : 完全解密
2025-03-17 21:24:55,054 [INFO] step 9: bitlocker on again
2025-03-17 21:25:10,441 [INFO] key: 486123-632764-023023-387816-265705-410531-515988-359073
2025-03-17 21:25:10,442 [INFO] step 10: bitlocker off
2025-03-17 21:25:16,817 [INFO] current_transition_state : 完全解密
2025-03-17 21:25:16,818 [INFO] step 11: APL
2025-03-17 21:25:16,821 [INFO] delay power off
2025-03-17 21:25:16,823 [INFO] 识盘命令输出：
2025-03-17 21:25:16,957 [INFO] smart_log : 
2025-03-17 21:25:17,961 [INFO] 识盘命令输出：
2025-03-17 21:25:18,037 [INFO] smart_log : 
2025-03-17 21:25:19,041 [INFO] 识盘命令输出：
2025-03-17 21:25:19,714 [INFO] smart_log : 错误代码 2: 
2025-03-17 21:25:20,726 [INFO] 识盘命令输出：
2025-03-17 21:25:20,772 [INFO] smart_log : 错误代码 1: 
2025-03-17 21:25:21,779 [INFO] 识盘命令输出：
2025-03-17 21:25:21,837 [INFO] smart_log : 错误代码 1: 
2025-03-17 21:25:22,846 [INFO] 识盘命令输出：
2025-03-17 21:25:22,907 [INFO] smart_log : 错误代码 1: 
2025-03-17 21:25:23,914 [INFO] 识盘命令输出：
2025-03-17 21:25:23,977 [INFO] smart_log : 错误代码 1: 
2025-03-17 21:25:24,982 [INFO] 识盘命令输出：
2025-03-17 21:25:25,047 [INFO] smart_log : 错误代码 1: 
2025-03-17 21:25:26,050 [INFO] 识盘命令输出：
2025-03-17 21:25:26,113 [INFO] smart_log : 错误代码 1: 
2025-03-17 21:25:27,119 [INFO] 等待5秒后开始上电
