2025-04-07 12:52:40,686 [INFO] 程序已以管理员权限运行。
2025-04-07 12:52:40,686 [INFO] 程序已以管理员权限运行。
2025-04-07 12:52:40,727 [INFO] BitLocker 驱动器加密: 配置工具版本 10.0.19041
版权所有 (C) 2013 Microsoft Corporation。保留所有权利。

卷 D: []
[数据卷]

    大小:              3576.97 GB
    BitLocker 版本:    无
    转换状态:          完全解密
    已加密百分比:      0.0%
    加密方法:          无
    保护状态:          保护关闭
    锁定状态:          已解锁
    标识字段:          无
    自动解锁:          已禁用
    密钥保护器:        找不到
2025-04-07 12:52:40,728 [INFO] [INFO] Initial run. Running enable BitLocker logic...
2025-04-07 12:52:50,608 [INFO] step 1: status check
2025-04-07 12:52:50,658 [INFO] BitLocker 驱动器加密: 配置工具版本 10.0.19041
版权所有 (C) 2013 Microsoft Corporation。保留所有权利。

卷 D: []
[数据卷]

    大小:              3576.97 GB
    BitLocker 版本:    2.0
    转换状态:          完全加密
    已加密百分比:      100.0%
    加密方法:    硬件加密 - 1.3.111.2.1619.0.1.2
    保护状态:          保护已启用
    锁定状态:          已解锁
    标识字段:          未知
    自动解锁:          已禁用
    密钥保护器:
        外部密钥
        数字密码
2025-04-07 12:52:50,658 [INFO] disk_current_status : 硬件加密 - 1.3.111.2.1619.0.1.2
2025-04-07 12:52:53,674 [INFO] step 2: bitlocker add password
2025-04-07 12:53:03,576 [INFO] step 3: APL
2025-04-07 12:53:03,576 [INFO] delay power off
2025-04-07 12:53:03,579 [INFO] 识盘命令输出：
2025-04-07 12:53:03,640 [INFO] smart_log : 
2025-04-07 12:53:04,648 [INFO] 识盘命令输出：
2025-04-07 12:53:04,719 [INFO] smart_log : 
2025-04-07 12:53:05,720 [INFO] 识盘命令输出：
2025-04-07 12:53:06,374 [INFO] smart_log : 错误代码 2: 
2025-04-07 12:53:07,378 [INFO] 识盘命令输出：
2025-04-07 12:53:07,437 [INFO] smart_log : 错误代码 1: 
2025-04-07 12:53:08,447 [INFO] 识盘命令输出：
2025-04-07 12:53:08,502 [INFO] smart_log : 错误代码 1: 
2025-04-07 12:53:09,502 [INFO] 识盘命令输出：
2025-04-07 12:53:09,563 [INFO] smart_log : 错误代码 1: 
2025-04-07 12:53:10,574 [INFO] 识盘命令输出：
2025-04-07 12:53:10,619 [INFO] smart_log : 错误代码 1: 
2025-04-07 12:53:11,625 [INFO] 识盘命令输出：
2025-04-07 12:53:11,684 [INFO] smart_log : 错误代码 1: 
2025-04-07 12:53:12,694 [INFO] 识盘命令输出：
2025-04-07 12:53:12,751 [INFO] smart_log : 错误代码 1: 
2025-04-07 12:53:13,761 [INFO] 等待5秒后开始上电
2025-04-07 12:53:34,490 [INFO] [INFO] Task created successfully.
2025-04-07 12:53:34,491 [INFO] Batch file generated and placed in startup directory: C:\ProgramData\Microsoft\Windows\Start Menu\Programs\StartUp\run_script.bat
2025-04-07 12:53:34,492 [INFO] [INFO] System will now reboot...
2025-04-07 12:53:36,538 [INFO] 流程完成。
