2025-04-07 11:46:10,676 [INFO] 程序已以管理员权限运行。
2025-04-07 11:46:10,677 [INFO] new volume
2025-04-07 11:46:31,010 [INFO] Scanning for Opal compliant disks
\\.\PhysicalDrive0  2      RSYE3839S-3840                           SP301017
\\.\PhysicalDrive1 No       
No more disks present ending scan
2025-04-07 11:46:31,010 [INFO] step 1: status check
2025-04-07 11:46:31,061 [INFO] BitLocker 驱动器加密: 配置工具版本 10.0.19041
版权所有 (C) 2013 Microsoft Corporation。保留所有权利。

卷 D: []
[数据卷]

    大小:              3576.97 GB
    BitLocker 版本:    无
    转换状态:          完全解密
    已加密百分比:      0.0%
    加密方法:          无
    保护状态:          保护关闭
    锁定状态:          已解锁
    标识字段:          无
    自动解锁:          已禁用
    密钥保护器:        找不到
2025-04-07 11:46:31,062 [INFO] disk_current_status : {'BitLocker 驱动器加密': '配置工具版本 10.0.19041', '卷 D': '[]', '大小': '3576.97 GB', 'BitLocker 版本': '无', '转换状态': '完全解密', '已加密百分比': '0.0%', '加密方法': '无', '保护状态': '保护关闭', '锁定状态': '已解锁', '标识字段': '无', '自动解锁': '已禁用', '密钥保护器': '找不到'}
2025-04-07 11:46:31,062 [INFO] step 2: bitlocker on
2025-04-07 11:46:34,086 [INFO] key: {password}
2025-04-07 11:46:35,163 [INFO] disk_current_status : {'BitLocker 驱动器加密': '配置工具版本 10.0.19041', '卷 D': '[]', '大小': '3576.97 GB', 'BitLocker 版本': '无', '转换状态': '完全解密', '已加密百分比': '0.0%', '加密方法': '无', '保护状态': '保护关闭', '锁定状态': '已解锁', '标识字段': '无', '自动解锁': '已禁用', '密钥保护器': '找不到'}
2025-04-07 11:46:35,163 [INFO] step 3: bitlocker add password
2025-04-07 11:46:39,001 [INFO] step 4: bitlocker change password
2025-04-07 11:46:44,846 [INFO] step 5: bitlocker lock
2025-04-07 11:46:46,507 [INFO] BitLocker 驱动器加密: 配置工具版本 10.0.19041
版权所有 (C) 2013 Microsoft Corporation。保留所有权利。

卷 D: 现在已锁定
2025-04-07 11:46:47,595 [INFO] current_locked_state : 已锁定
2025-04-07 11:46:47,596 [INFO] step 6: read and write after disk locked
2025-04-07 11:46:47,596 [ERROR] 写入失败，错误信息：[Errno 22] Invalid argument: 'D://test_file.txt'
Traceback (most recent call last):
  File "t_Tcg_BitLocker_17_BaseAPL.py", line 88, in verify_locked
    with open(test_file, "w") as file:
OSError: [Errno 22] Invalid argument: 'D://test_file.txt'
2025-04-07 11:46:47,597 [ERROR] 读取失败，错误信息：[WinError -2144272384] BitLocker 驱动器加密已锁定该驱动器。必须从控制面板解除此驱动器锁定。: 'D://'
Traceback (most recent call last):
  File "t_Tcg_BitLocker_17_BaseAPL.py", line 101, in verify_locked
    files = os.listdir(drive_letter)
OSError: [WinError -2144272384] BitLocker 驱动器加密已锁定该驱动器。必须从控制面板解除此驱动器锁定。: 'D://'
2025-04-07 11:46:47,597 [ERROR] 写入失败，错误信息：[Errno 22] Invalid argument: 'D://test_file.txt'
Traceback (most recent call last):
  File "t_Tcg_BitLocker_17_BaseAPL.py", line 88, in verify_locked
    with open(test_file, "w") as file:
OSError: [Errno 22] Invalid argument: 'D://test_file.txt'
2025-04-07 11:46:47,597 [ERROR] 读取失败，错误信息：[WinError -2144272384] BitLocker 驱动器加密已锁定该驱动器。必须从控制面板解除此驱动器锁定。: 'D://'
Traceback (most recent call last):
  File "t_Tcg_BitLocker_17_BaseAPL.py", line 101, in verify_locked
    files = os.listdir(drive_letter)
OSError: [WinError -2144272384] BitLocker 驱动器加密已锁定该驱动器。必须从控制面板解除此驱动器锁定。: 'D://'
2025-04-07 11:46:47,597 [INFO] D: 已被锁定。
2025-04-07 11:46:47,597 [INFO] step 7: bitlocker unlock
2025-04-07 11:46:53,450 [INFO] current_locked_state : 已解锁
2025-04-07 11:46:53,450 [INFO] step 8: bitlocker off
2025-04-07 11:46:58,697 [INFO] current_transition_state : 完全解密
2025-04-07 11:46:58,698 [INFO] step 9: bitlocker on again
2025-04-07 11:47:08,459 [INFO] key: 466895-137830-131098-118756-496078-147323-591492-188573
2025-04-07 11:47:08,459 [INFO] step 10: bitlocker off
2025-04-07 11:47:13,594 [INFO] current_transition_state : 完全解密
2025-04-07 11:47:13,595 [INFO] step 11: APL
2025-04-07 11:47:13,598 [INFO] delay power off
2025-04-07 11:47:13,600 [INFO] 识盘命令输出：
2025-04-07 11:47:13,662 [INFO] smart_log : 
2025-04-07 11:47:14,667 [INFO] 识盘命令输出：
2025-04-07 11:47:14,738 [INFO] smart_log : 
2025-04-07 11:47:15,749 [INFO] 识盘命令输出：
2025-04-07 11:47:16,479 [INFO] smart_log : 错误代码 2: 
2025-04-07 11:47:17,493 [INFO] 识盘命令输出：
2025-04-07 11:47:17,548 [INFO] smart_log : 错误代码 1: 
2025-04-07 11:47:18,548 [INFO] 识盘命令输出：
2025-04-07 11:47:18,605 [INFO] smart_log : 错误代码 1: 
2025-04-07 11:47:19,614 [INFO] 识盘命令输出：
2025-04-07 11:47:19,674 [INFO] smart_log : 错误代码 1: 
2025-04-07 11:47:20,674 [INFO] 识盘命令输出：
2025-04-07 11:47:20,731 [INFO] smart_log : 错误代码 1: 
2025-04-07 11:47:21,740 [INFO] 识盘命令输出：
2025-04-07 11:47:21,790 [INFO] smart_log : 错误代码 1: 
2025-04-07 11:47:22,799 [INFO] 识盘命令输出：
2025-04-07 11:47:22,857 [INFO] smart_log : 错误代码 1: 
2025-04-07 11:47:23,870 [INFO] 等待5秒后开始上电
