2025-02-21 14:34:23,928 [INFO] 程序已以管理员权限运行。
2025-02-21 14:34:23,928 [INFO] step 1: bitlocker unlock
2025-02-21 14:34:29,312 [INFO] current_locked_state : 已解锁
2025-02-21 14:34:29,312 [INFO] step 2: bitlocker change password
2025-02-21 14:34:36,166 [INFO] step 3: delay power off
2025-02-21 14:34:36,166 [INFO] 识盘命令输出：
2025-02-21 14:34:36,289 [INFO] smart_log : 
2025-02-21 14:34:37,297 [INFO] 识盘命令输出：
2025-02-21 14:34:37,340 [INFO] smart_log : 
2025-02-21 14:34:38,345 [INFO] 识盘命令输出：
2025-02-21 14:34:38,387 [INFO] smart_log : 
2025-02-21 14:34:39,396 [INFO] 识盘命令输出：
2025-02-21 14:34:39,437 [INFO] smart_log : 
2025-02-21 14:34:40,444 [INFO] 识盘命令输出：
2025-02-21 14:34:40,485 [INFO] smart_log : 
2025-02-21 14:34:41,496 [INFO] 识盘命令输出：
2025-02-21 14:34:41,537 [INFO] smart_log : 
2025-02-21 14:34:42,548 [INFO] 识盘命令输出：
2025-02-21 14:34:42,589 [INFO] smart_log : 
2025-02-21 14:34:43,601 [INFO] 识盘命令输出：
2025-02-21 14:34:43,642 [INFO] smart_log : 
2025-02-21 14:34:44,650 [INFO] 识盘命令输出：
2025-02-21 14:34:44,691 [INFO] smart_log : 
2025-02-21 14:34:45,703 [INFO] 识盘命令输出：
2025-02-21 14:34:45,744 [INFO] smart_log : 
2025-02-21 14:34:46,755 [INFO] 识盘命令输出：
2025-02-21 14:34:46,971 [INFO] smart_log : 错误代码 2: 
2025-02-21 14:34:47,983 [INFO] 识盘命令输出：
2025-02-21 14:34:48,016 [INFO] smart_log : 错误代码 1: 
2025-02-21 14:34:49,017 [INFO] 识盘命令输出：
2025-02-21 14:34:49,044 [INFO] smart_log : 错误代码 1: 
2025-02-21 14:34:50,052 [INFO] 识盘命令输出：
2025-02-21 14:34:50,078 [INFO] smart_log : 错误代码 1: 
2025-02-21 14:34:51,088 [INFO] 识盘命令输出：
2025-02-21 14:34:51,114 [INFO] smart_log : 错误代码 1: 
2025-02-21 14:34:52,124 [INFO] 识盘命令输出：
2025-02-21 14:34:52,151 [INFO] smart_log : 错误代码 1: 
2025-02-21 14:34:53,160 [INFO] 识盘命令输出：
2025-02-21 14:34:53,186 [INFO] smart_log : 错误代码 1: 
2025-02-21 14:34:54,197 [INFO] 识盘命令输出：
2025-02-21 14:34:54,224 [INFO] smart_log : 错误代码 1: 
2025-02-21 14:34:55,233 [INFO] 识盘命令输出：
2025-02-21 14:34:55,259 [INFO] smart_log : 错误代码 1: 
2025-02-21 14:34:56,269 [INFO] 识盘命令输出：
2025-02-21 14:34:56,296 [INFO] smart_log : 错误代码 1: 
2025-02-21 14:34:57,306 [INFO] 识盘命令输出：
2025-02-21 14:34:57,333 [INFO] smart_log : 错误代码 1: 
2025-02-21 14:34:58,342 [INFO] 识盘命令输出：
2025-02-21 14:34:58,369 [INFO] smart_log : 错误代码 1: 
2025-02-21 14:34:59,378 [INFO] 识盘命令输出：
2025-02-21 14:34:59,405 [INFO] smart_log : 错误代码 1: 
2025-02-21 14:35:00,414 [INFO] 识盘命令输出：
2025-02-21 14:35:00,441 [INFO] smart_log : 错误代码 1: 
2025-02-21 14:35:01,450 [INFO] 识盘命令输出：
2025-02-21 14:35:01,477 [INFO] smart_log : 错误代码 1: 
2025-02-21 14:35:02,485 [INFO] 识盘命令输出：
2025-02-21 14:35:02,543 [INFO] smart_log : 错误代码 1: 
2025-02-21 14:35:03,547 [INFO] 识盘命令输出：
2025-02-21 14:35:03,609 [INFO] smart_log : 错误代码 1: 
2025-02-21 14:35:04,624 [INFO] 识盘命令输出：
2025-02-21 14:35:04,681 [INFO] smart_log : 错误代码 1: 
2025-02-21 14:35:05,688 [INFO] 识盘命令输出：
2025-02-21 14:35:05,746 [INFO] smart_log : 错误代码 1: 
2025-02-21 14:35:06,757 [INFO] 等待5秒后开始上电
2025-02-21 14:36:22,526 [INFO] current_transition_state : 已锁定
