2025-03-18 10:52:03,557 [INFO] 程序已以管理员权限运行。
2025-03-18 10:52:03,558 [INFO] step 0: delay power off
2025-03-18 10:52:03,558 [INFO] step 1 Format
2025-03-18 10:52:23,907 [INFO] step 2: status check
2025-03-18 10:52:23,940 [INFO] current_transition_state : 错误代码 136: Invalid or unsupported disk \\.\PhysicalDrive0
2025-03-18 10:52:23,940 [INFO] 识盘命令输出：
2025-03-18 10:52:24,043 [INFO] smart_log : 错误代码 1: 
2025-03-18 10:52:25,049 [INFO] 识盘命令输出：
2025-03-18 10:52:25,077 [INFO] smart_log : 错误代码 1: 
2025-03-18 10:52:26,084 [INFO] 识盘命令输出：
2025-03-18 10:52:26,142 [INFO] smart_log : 错误代码 1: 
2025-03-18 10:52:27,151 [INFO] 识盘命令输出：
2025-03-18 10:52:27,206 [INFO] smart_log : 错误代码 1: 
2025-03-18 10:52:28,220 [INFO] 识盘命令输出：
2025-03-18 10:52:28,281 [INFO] smart_log : 错误代码 1: 
2025-03-18 10:52:29,287 [INFO] 识盘命令输出：
2025-03-18 10:52:29,342 [INFO] smart_log : 错误代码 1: 
2025-03-18 10:52:30,356 [INFO] 识盘命令输出：
2025-03-18 10:52:30,418 [INFO] smart_log : 错误代码 1: 
2025-03-18 10:52:31,424 [INFO] 识盘命令输出：
2025-03-18 10:52:31,484 [INFO] smart_log : 错误代码 1: 
2025-03-18 10:52:32,492 [INFO] 识盘命令输出：
2025-03-18 10:52:32,550 [INFO] smart_log : 错误代码 1: 
2025-03-18 10:52:33,560 [INFO] 识盘命令输出：
2025-03-18 10:52:33,620 [INFO] smart_log : 错误代码 1: 
2025-03-18 10:52:34,626 [INFO] 等待5秒后开始上电
