2025-02-18 14:10:57,195 [INFO] 程序已以管理员权限运行。
2025-02-18 14:10:57,195 [INFO] step 3: delay power off
2025-02-18 14:10:57,197 [INFO] step 4: bitlocker unlock
2025-02-18 14:11:02,845 [INFO] current_locked_state : 已解锁
2025-02-18 14:11:02,845 [INFO] 识盘命令输出：
2025-02-18 14:11:02,916 [INFO] smart_log : 
2025-02-18 14:11:03,929 [INFO] 识盘命令输出：
2025-02-18 14:11:03,966 [INFO] smart_log : 
2025-02-18 14:11:04,978 [INFO] 识盘命令输出：
2025-02-18 14:11:05,016 [INFO] smart_log : 
2025-02-18 14:11:06,028 [INFO] 识盘命令输出：
2025-02-18 14:11:06,065 [INFO] smart_log : 
2025-02-18 14:11:07,079 [INFO] 识盘命令输出：
2025-02-18 14:11:07,116 [INFO] smart_log : 
2025-02-18 14:11:08,128 [INFO] 识盘命令输出：
2025-02-18 14:11:08,156 [INFO] smart_log : 错误代码 1: 
2025-02-18 14:11:09,161 [INFO] 识盘命令输出：
2025-02-18 14:11:09,187 [INFO] smart_log : 错误代码 1: 
2025-02-18 14:11:10,195 [INFO] 识盘命令输出：
2025-02-18 14:11:10,222 [INFO] smart_log : 错误代码 1: 
2025-02-18 14:11:11,231 [INFO] 识盘命令输出：
2025-02-18 14:11:11,258 [INFO] smart_log : 错误代码 1: 
2025-02-18 14:11:12,265 [INFO] 识盘命令输出：
2025-02-18 14:11:12,291 [INFO] smart_log : 错误代码 1: 
2025-02-18 14:11:13,301 [INFO] 识盘命令输出：
2025-02-18 14:11:13,330 [INFO] smart_log : 错误代码 1: 
2025-02-18 14:11:14,335 [INFO] 识盘命令输出：
2025-02-18 14:11:14,361 [INFO] smart_log : 错误代码 1: 
2025-02-18 14:11:15,372 [INFO] 识盘命令输出：
2025-02-18 14:11:15,399 [INFO] smart_log : 错误代码 1: 
2025-02-18 14:11:16,407 [INFO] 识盘命令输出：
2025-02-18 14:11:16,431 [INFO] smart_log : 错误代码 1: 
2025-02-18 14:11:17,442 [INFO] 识盘命令输出：
2025-02-18 14:11:17,468 [INFO] smart_log : 错误代码 1: 
2025-02-18 14:11:18,479 [INFO] 识盘命令输出：
2025-02-18 14:11:18,505 [INFO] smart_log : 错误代码 1: 
2025-02-18 14:11:19,515 [INFO] 识盘命令输出：
2025-02-18 14:11:19,541 [INFO] smart_log : 错误代码 1: 
2025-02-18 14:11:20,551 [INFO] 识盘命令输出：
2025-02-18 14:11:20,577 [INFO] smart_log : 错误代码 1: 
2025-02-18 14:11:21,585 [INFO] 识盘命令输出：
2025-02-18 14:11:21,611 [INFO] smart_log : 错误代码 1: 
2025-02-18 14:11:22,622 [INFO] 识盘命令输出：
2025-02-18 14:11:22,648 [INFO] smart_log : 错误代码 1: 
2025-02-18 14:11:23,657 [INFO] 识盘命令输出：
2025-02-18 14:11:23,685 [INFO] smart_log : 错误代码 1: 
2025-02-18 14:11:24,694 [INFO] 识盘命令输出：
2025-02-18 14:11:24,720 [INFO] smart_log : 错误代码 1: 
2025-02-18 14:11:25,727 [INFO] 识盘命令输出：
2025-02-18 14:11:25,755 [INFO] smart_log : 错误代码 1: 
2025-02-18 14:11:26,764 [INFO] 识盘命令输出：
2025-02-18 14:11:26,790 [INFO] smart_log : 错误代码 1: 
2025-02-18 14:11:27,800 [INFO] 识盘命令输出：
2025-02-18 14:11:27,827 [INFO] smart_log : 错误代码 1: 
2025-02-18 14:11:28,837 [INFO] 识盘命令输出：
2025-02-18 14:11:28,864 [INFO] smart_log : 错误代码 1: 
2025-02-18 14:11:29,872 [INFO] 识盘命令输出：
2025-02-18 14:11:29,897 [INFO] smart_log : 错误代码 1: 
2025-02-18 14:11:30,908 [INFO] 识盘命令输出：
2025-02-18 14:11:30,934 [INFO] smart_log : 错误代码 1: 
2025-02-18 14:11:31,942 [INFO] 识盘命令输出：
2025-02-18 14:11:31,984 [INFO] smart_log : 错误代码 1: 
2025-02-18 14:11:32,992 [INFO] 等待5秒后开始上电
