2025-03-04 20:56:21,690 [INFO] 程序已以管理员权限运行。
2025-03-04 20:56:21,691 [INFO] new volume
2025-03-04 20:56:42,081 [INFO] Scanning for Opal compliant disks
\\.\PhysicalDrive0  2      RSYE3839S-480G                           SP301011
\\.\PhysicalDrive1 No       
No more disks present ending scan
2025-03-04 20:56:42,081 [INFO] step 1: status check
2025-03-04 20:56:42,130 [INFO] BitLocker 驱动器加密: 配置工具版本 10.0.19041
版权所有 (C) 2013 Microsoft Corporation。保留所有权利。

卷 D: []
[数据卷]

    大小:              447.12 GB
    BitLocker 版本:    无
    转换状态:          完全解密
    已加密百分比:      0.0%
    加密方法:          无
    保护状态:          保护关闭
    锁定状态:          已解锁
    标识字段:          无
    自动解锁:          已禁用
    密钥保护器:        找不到
2025-03-04 20:56:42,131 [INFO] disk_current_status : {'BitLocker 驱动器加密': '配置工具版本 10.0.19041', '卷 D': '[]', '大小': '447.12 GB', 'BitLocker 版本': '无', '转换状态': '完全解密', '已加密百分比': '0.0%', '加密方法': '无', '保护状态': '保护关闭', '锁定状态': '已解锁', '标识字段': '无', '自动解锁': '已禁用', '密钥保护器': '找不到'}
2025-03-04 20:56:42,131 [INFO] FIO read write
2025-03-04 20:56:42,132 [INFO] Running command: fio.exe --name=seqwrite --rw=write --bs=128k --size=10G --directory=D\:\fio_test --filename=testfile --iodepth=1 --output=fio_log\seqwrite.log
2025-03-04 20:56:57,459 [INFO] Sequential write completed successfully.
2025-03-04 20:56:57,459 [INFO] step 2: bitlocker on
2025-03-04 20:57:12,825 [INFO] key: {password}
2025-03-04 20:57:13,883 [INFO] disk_current_status : {'BitLocker 驱动器加密': '配置工具版本 10.0.19041', '卷 D': '[]', '大小': '447.12 GB', 'BitLocker 版本': '无', '转换状态': '完全解密', '已加密百分比': '0.0%', '加密方法': '无', '保护状态': '保护关闭', '锁定状态': '已解锁', '标识字段': '无', '自动解锁': '已禁用', '密钥保护器': '找不到'}
2025-03-04 20:57:13,883 [INFO] step 3: bitlocker add password
2025-03-04 20:57:19,839 [INFO] step 4: bitlocker change password
2025-03-04 20:57:26,729 [INFO] step 5: bitlocker lock
2025-03-04 20:57:30,508 [INFO] BitLocker 驱动器加密: 配置工具版本 10.0.19041
版权所有 (C) 2013 Microsoft Corporation。保留所有权利。

卷 D: 现在已锁定
2025-03-04 20:57:31,601 [INFO] current_locked_state : 已锁定
2025-03-04 20:57:31,601 [INFO] step 6: read and write after disk locked
2025-03-04 20:57:31,602 [ERROR] 写入失败，错误信息：[Errno 22] Invalid argument: 'D://test_file.txt'
Traceback (most recent call last):
  File "t_Tcg_BitLocker_20_BaseIoAPL.py", line 91, in verify_locked
    with open(test_file, "w") as file:
OSError: [Errno 22] Invalid argument: 'D://test_file.txt'
2025-03-04 20:57:31,603 [ERROR] 读取失败，错误信息：[WinError -2144272384] BitLocker 驱动器加密已锁定该驱动器。必须从控制面板解除此驱动器锁定。: 'D://'
Traceback (most recent call last):
  File "t_Tcg_BitLocker_20_BaseIoAPL.py", line 104, in verify_locked
    files = os.listdir(drive_letter)
OSError: [WinError -2144272384] BitLocker 驱动器加密已锁定该驱动器。必须从控制面板解除此驱动器锁定。: 'D://'
2025-03-04 20:57:31,603 [ERROR] 写入失败，错误信息：[Errno 22] Invalid argument: 'D://test_file.txt'
Traceback (most recent call last):
  File "t_Tcg_BitLocker_20_BaseIoAPL.py", line 91, in verify_locked
    with open(test_file, "w") as file:
OSError: [Errno 22] Invalid argument: 'D://test_file.txt'
2025-03-04 20:57:31,603 [ERROR] 读取失败，错误信息：[WinError -2144272384] BitLocker 驱动器加密已锁定该驱动器。必须从控制面板解除此驱动器锁定。: 'D://'
Traceback (most recent call last):
  File "t_Tcg_BitLocker_20_BaseIoAPL.py", line 104, in verify_locked
    files = os.listdir(drive_letter)
OSError: [WinError -2144272384] BitLocker 驱动器加密已锁定该驱动器。必须从控制面板解除此驱动器锁定。: 'D://'
2025-03-04 20:57:31,603 [INFO] D: 已被锁定。
2025-03-04 20:57:31,604 [INFO] step 7: bitlocker unlock
2025-03-04 20:57:37,231 [INFO] current_locked_state : 已解锁
2025-03-04 20:57:37,231 [INFO] step 8: bitlocker off
2025-03-04 20:57:43,766 [INFO] current_transition_state : 完全解密
2025-03-04 20:57:43,767 [INFO] step 9: bitlocker on again
2025-03-04 20:57:59,102 [INFO] key: 033143-140778-083589-301675-064394-526614-151855-616297
2025-03-04 20:57:59,103 [INFO] step 10: bitlocker off
2025-03-04 20:58:05,357 [INFO] current_transition_state : 完全解密
2025-03-04 20:58:05,358 [INFO] step 11: APL
2025-03-04 20:58:05,361 [INFO] delay power off
2025-03-04 20:58:05,363 [INFO] 识盘命令输出：
2025-03-04 20:58:05,427 [INFO] smart_log : 
2025-03-04 20:58:06,440 [INFO] 识盘命令输出：
2025-03-04 20:58:06,518 [INFO] smart_log : 
2025-03-04 20:58:07,524 [INFO] 识盘命令输出：
2025-03-04 20:58:08,257 [INFO] smart_log : 错误代码 2: 
2025-03-04 20:58:09,265 [INFO] 识盘命令输出：
2025-03-04 20:58:09,328 [INFO] smart_log : 错误代码 1: 
2025-03-04 20:58:10,333 [INFO] 识盘命令输出：
2025-03-04 20:58:10,393 [INFO] smart_log : 错误代码 1: 
2025-03-04 20:58:11,401 [INFO] 识盘命令输出：
2025-03-04 20:58:11,457 [INFO] smart_log : 错误代码 1: 
2025-03-04 20:58:12,469 [INFO] 识盘命令输出：
2025-03-04 20:58:12,528 [INFO] smart_log : 错误代码 1: 
2025-03-04 20:58:13,537 [INFO] 识盘命令输出：
2025-03-04 20:58:13,608 [INFO] smart_log : 错误代码 1: 
2025-03-04 20:58:14,622 [INFO] 识盘命令输出：
2025-03-04 20:58:14,675 [INFO] smart_log : 错误代码 1: 
2025-03-04 20:58:15,689 [INFO] 等待5秒后开始上电
