2025-02-21 09:52:12,726 [INFO] 程序已以管理员权限运行。
2025-02-21 09:52:12,726 [INFO] step 0: delay power off
2025-02-21 09:52:12,727 [INFO] step 1 Format
2025-02-21 09:52:33,097 [INFO] step 2: status check
2025-02-21 09:52:33,130 [INFO] current_transition_state : 错误代码 136: Invalid or unsupported disk \\.\PhysicalDrive0
2025-02-21 09:52:33,130 [INFO] 识盘命令输出：
2025-02-21 09:52:33,227 [INFO] smart_log : 错误代码 1: 
2025-02-21 09:52:34,228 [INFO] 识盘命令输出：
2025-02-21 09:52:34,285 [INFO] smart_log : 错误代码 1: 
2025-02-21 09:52:35,294 [INFO] 识盘命令输出：
2025-02-21 09:52:35,352 [INFO] smart_log : 错误代码 1: 
2025-02-21 09:52:36,362 [INFO] 识盘命令输出：
2025-02-21 09:52:36,421 [INFO] smart_log : 错误代码 1: 
2025-02-21 09:52:37,430 [INFO] 识盘命令输出：
2025-02-21 09:52:37,488 [INFO] smart_log : 错误代码 1: 
2025-02-21 09:52:38,498 [INFO] 识盘命令输出：
2025-02-21 09:52:38,558 [INFO] smart_log : 错误代码 1: 
2025-02-21 09:52:39,567 [INFO] 识盘命令输出：
2025-02-21 09:52:39,630 [INFO] smart_log : 错误代码 1: 
2025-02-21 09:52:40,634 [INFO] 识盘命令输出：
2025-02-21 09:52:40,692 [INFO] smart_log : 错误代码 1: 
2025-02-21 09:52:41,702 [INFO] 识盘命令输出：
2025-02-21 09:52:41,765 [INFO] smart_log : 错误代码 1: 
2025-02-21 09:52:42,771 [INFO] 识盘命令输出：
2025-02-21 09:52:42,832 [INFO] smart_log : 错误代码 1: 
2025-02-21 09:52:43,839 [INFO] 等待5秒后开始上电
