2025-02-21 09:59:49,796 [INFO] 程序已以管理员权限运行。
2025-02-21 09:59:49,796 [INFO] new volume
2025-02-21 10:00:10,169 [INFO] Scanning for Opal compliant disks
\\.\PhysicalDrive0  2      RSYE3839Z-960G                           SP30100B
\\.\PhysicalDrive1 No       
No more disks present ending scan
2025-02-21 10:00:10,169 [INFO] step 1: status check
2025-02-21 10:00:10,211 [INFO] BitLocker 驱动器加密: 配置工具版本 10.0.19041
版权所有 (C) 2013 Microsoft Corporation。保留所有权利。

卷 D: []
[数据卷]

    大小:              894.24 GB
    BitLocker 版本:    无
    转换状态:          完全解密
    已加密百分比:      0.0%
    加密方法:          无
    保护状态:          保护关闭
    锁定状态:          已解锁
    标识字段:          无
    自动解锁:          已禁用
    密钥保护器:        找不到
2025-02-21 10:00:10,212 [INFO] disk_current_status : {'BitLocker 驱动器加密': '配置工具版本 10.0.19041', '卷 D': '[]', '大小': '894.24 GB', 'BitLocker 版本': '无', '转换状态': '完全解密', '已加密百分比': '0.0%', '加密方法': '无', '保护状态': '保护关闭', '锁定状态': '已解锁', '标识字段': '无', '自动解锁': '已禁用', '密钥保护器': '找不到'}
2025-02-21 10:00:10,213 [INFO] FIO read write
2025-02-21 10:00:10,213 [INFO] Running command: fio.exe --name=seqwrite --rw=write --bs=128k --size=10G --directory=D\:\fio_test --filename=testfile --iodepth=1 --output=fio_log\seqwrite.log
2025-02-21 10:00:26,040 [INFO] Sequential write completed successfully.
2025-02-21 10:00:26,040 [INFO] step 2: bitlocker on
2025-02-21 10:00:41,043 [INFO] key: {password}
2025-02-21 10:00:42,110 [INFO] disk_current_status : {'BitLocker 驱动器加密': '配置工具版本 10.0.19041', '卷 D': '[]', '大小': '894.24 GB', 'BitLocker 版本': '无', '转换状态': '完全解密', '已加密百分比': '0.0%', '加密方法': '无', '保护状态': '保护关闭', '锁定状态': '已解锁', '标识字段': '无', '自动解锁': '已禁用', '密钥保护器': '找不到'}
2025-02-21 10:00:42,110 [INFO] step 3: bitlocker add password
2025-02-21 10:00:47,993 [INFO] step 4: bitlocker change password
2025-02-21 10:00:54,831 [INFO] step 5: bitlocker lock
2025-02-21 10:00:58,677 [INFO] BitLocker 驱动器加密: 配置工具版本 10.0.19041
版权所有 (C) 2013 Microsoft Corporation。保留所有权利。

卷 D: 现在已锁定
2025-02-21 10:00:59,768 [INFO] current_locked_state : 已锁定
2025-02-21 10:00:59,768 [INFO] step 6: read and write after disk locked
2025-02-21 10:00:59,771 [ERROR] 写入失败，错误信息：[Errno 22] Invalid argument: 'D://test_file.txt'
Traceback (most recent call last):
  File "t_Tcg_BitLocker_19_BaseIoFormat.py", line 87, in verify_locked
    with open(test_file, "w") as file:
OSError: [Errno 22] Invalid argument: 'D://test_file.txt'
2025-02-21 10:00:59,774 [ERROR] 读取失败，错误信息：[WinError -2144272384] BitLocker 驱动器加密已锁定该驱动器。必须从控制面板解除此驱动器锁定。: 'D://'
Traceback (most recent call last):
  File "t_Tcg_BitLocker_19_BaseIoFormat.py", line 100, in verify_locked
    files = os.listdir(drive_letter)
OSError: [WinError -2144272384] BitLocker 驱动器加密已锁定该驱动器。必须从控制面板解除此驱动器锁定。: 'D://'
2025-02-21 10:00:59,777 [ERROR] 写入失败，错误信息：[Errno 22] Invalid argument: 'D://test_file.txt'
Traceback (most recent call last):
  File "t_Tcg_BitLocker_19_BaseIoFormat.py", line 87, in verify_locked
    with open(test_file, "w") as file:
OSError: [Errno 22] Invalid argument: 'D://test_file.txt'
2025-02-21 10:00:59,779 [ERROR] 读取失败，错误信息：[WinError -2144272384] BitLocker 驱动器加密已锁定该驱动器。必须从控制面板解除此驱动器锁定。: 'D://'
Traceback (most recent call last):
  File "t_Tcg_BitLocker_19_BaseIoFormat.py", line 100, in verify_locked
    files = os.listdir(drive_letter)
OSError: [WinError -2144272384] BitLocker 驱动器加密已锁定该驱动器。必须从控制面板解除此驱动器锁定。: 'D://'
2025-02-21 10:00:59,779 [INFO] D: 已被锁定。
2025-02-21 10:00:59,779 [INFO] step 7: bitlocker unlock
2025-02-21 10:01:05,451 [INFO] current_locked_state : 已解锁
2025-02-21 10:01:05,451 [INFO] step 8: bitlocker off
2025-02-21 10:01:11,975 [INFO] current_transition_state : 完全解密
2025-02-21 10:01:11,976 [INFO] step 9: bitlocker on again
2025-02-21 10:01:27,374 [INFO] key: 501688-144771-454476-177738-667018-150656-461802-460383
2025-02-21 10:01:27,374 [INFO] step 10: bitlocker off
2025-02-21 10:01:33,745 [INFO] current_transition_state : 完全解密
2025-02-21 10:01:33,746 [INFO] step 11: format
2025-02-21 10:01:54,110 [INFO] Scanning for Opal compliant disks
\\.\PhysicalDrive0  2      RSYE3839Z-960G                           SP30100B
\\.\PhysicalDrive1 No       
No more disks present ending scan
