2025-04-07 13:43:37,915 [INFO] 程序已以管理员权限运行。
2025-04-07 13:43:37,915 [INFO] step 1: status check
2025-04-07 13:43:37,980 [INFO] BitLocker 驱动器加密: 配置工具版本 10.0.19041
版权所有 (C) 2013 Microsoft Corporation。保留所有权利。

卷 D: []
[数据卷]

    大小:              3576.97 GB
    BitLocker 版本:    无
    转换状态:          完全解密
    已加密百分比:      0.0%
    加密方法:          无
    保护状态:          保护关闭
    锁定状态:          已解锁
    标识字段:          无
    自动解锁:          已禁用
    密钥保护器:        找不到
2025-04-07 13:43:37,981 [INFO] disk_current_status : {'BitLocker 驱动器加密': '配置工具版本 10.0.19041', '卷 D': '[]', '大小': '3576.97 GB', 'BitLocker 版本': '无', '转换状态': '完全解密', '已加密百分比': '0.0%', '加密方法': '无', '保护状态': '保护关闭', '锁定状态': '已解锁', '标识字段': '无', '自动解锁': '已禁用', '密钥保护器': '找不到'}
2025-04-07 13:43:37,982 [INFO] step 2: bitlocker on
2025-04-07 13:43:47,873 [INFO] key: 491843-305316-643104-075614-184239-438218-203797-074756
2025-04-07 13:43:47,873 [INFO] step 3: bitlocker add password
2025-04-07 13:43:52,768 [INFO] step 4: delay power off
2025-04-07 13:43:52,769 [INFO] 识盘命令输出：
2025-04-07 13:43:52,820 [INFO] smart_log : 
2025-04-07 13:43:53,827 [INFO] 识盘命令输出：
2025-04-07 13:43:53,891 [INFO] smart_log : 
2025-04-07 13:43:54,893 [INFO] 识盘命令输出：
2025-04-07 13:43:54,963 [INFO] smart_log : 
2025-04-07 13:43:55,973 [INFO] 识盘命令输出：
2025-04-07 13:43:56,045 [INFO] smart_log : 
2025-04-07 13:43:57,058 [INFO] 识盘命令输出：
2025-04-07 13:43:57,121 [INFO] smart_log : 
2025-04-07 13:43:58,125 [INFO] 识盘命令输出：
2025-04-07 13:43:58,554 [INFO] smart_log : 错误代码 2: 
2025-04-07 13:43:59,559 [INFO] 识盘命令输出：
2025-04-07 13:43:59,615 [INFO] smart_log : 错误代码 1: 
2025-04-07 13:44:00,626 [INFO] 识盘命令输出：
2025-04-07 13:44:00,681 [INFO] smart_log : 错误代码 1: 
2025-04-07 13:44:01,694 [INFO] 识盘命令输出：
2025-04-07 13:44:01,754 [INFO] smart_log : 错误代码 1: 
2025-04-07 13:44:02,762 [INFO] 识盘命令输出：
2025-04-07 13:44:02,820 [INFO] smart_log : 错误代码 1: 
2025-04-07 13:44:03,830 [INFO] 识盘命令输出：
2025-04-07 13:44:03,889 [INFO] smart_log : 错误代码 1: 
2025-04-07 13:44:04,898 [INFO] 识盘命令输出：
2025-04-07 13:44:04,956 [INFO] smart_log : 错误代码 1: 
2025-04-07 13:44:05,967 [INFO] 识盘命令输出：
2025-04-07 13:44:06,021 [INFO] smart_log : 错误代码 1: 
2025-04-07 13:44:07,035 [INFO] 识盘命令输出：
2025-04-07 13:44:07,096 [INFO] smart_log : 错误代码 1: 
2025-04-07 13:44:08,104 [INFO] 识盘命令输出：
2025-04-07 13:44:08,157 [INFO] smart_log : 错误代码 1: 
2025-04-07 13:44:09,171 [INFO] 识盘命令输出：
2025-04-07 13:44:09,229 [INFO] smart_log : 错误代码 1: 
2025-04-07 13:44:10,240 [INFO] 识盘命令输出：
2025-04-07 13:44:10,295 [INFO] smart_log : 错误代码 1: 
2025-04-07 13:44:11,308 [INFO] 识盘命令输出：
2025-04-07 13:44:11,365 [INFO] smart_log : 错误代码 1: 
2025-04-07 13:44:12,376 [INFO] 识盘命令输出：
2025-04-07 13:44:12,436 [INFO] smart_log : 错误代码 1: 
2025-04-07 13:44:13,444 [INFO] 等待5秒后开始上电
2025-04-07 13:45:29,206 [INFO] disk_current_status : {'BitLocker 驱动器加密': '配置工具版本 10.0.19041', '卷 D': '[]', '大小': '3576.97 GB', 'BitLocker 版本': '无', '转换状态': '完全解密', '已加密百分比': '0.0%', '加密方法': '无', '保护状态': '保护关闭', '锁定状态': '已解锁', '标识字段': '无', '自动解锁': '已禁用', '密钥保护器': '找不到'}
