2025-03-05 10:14:55,417 [INFO] 程序已以管理员权限运行。
2025-03-05 10:14:55,417 [INFO] step 3: delay power off
2025-03-05 10:14:55,418 [INFO] step 4: bitlocker unlock
2025-03-05 10:15:01,125 [INFO] current_locked_state : 已解锁
2025-03-05 10:15:01,125 [INFO] 识盘命令输出：
2025-03-05 10:15:01,172 [INFO] smart_log : 
2025-03-05 10:15:02,173 [INFO] 识盘命令输出：
2025-03-05 10:15:02,243 [INFO] smart_log : 
2025-03-05 10:15:03,243 [INFO] 识盘命令输出：
2025-03-05 10:15:03,320 [INFO] smart_log : 
2025-03-05 10:15:04,328 [INFO] 识盘命令输出：
2025-03-05 10:15:04,399 [INFO] smart_log : 
2025-03-05 10:15:05,399 [INFO] 识盘命令输出：
2025-03-05 10:15:05,473 [INFO] smart_log : 
2025-03-05 10:15:06,487 [INFO] 识盘命令输出：
2025-03-05 10:15:06,523 [INFO] smart_log : 错误代码 1: 
2025-03-05 10:15:07,526 [INFO] 识盘命令输出：
2025-03-05 10:15:07,583 [INFO] smart_log : 错误代码 1: 
2025-03-05 10:15:08,596 [INFO] 识盘命令输出：
2025-03-05 10:15:08,646 [INFO] smart_log : 错误代码 1: 
2025-03-05 10:15:09,652 [INFO] 识盘命令输出：
2025-03-05 10:15:09,707 [INFO] smart_log : 错误代码 1: 
2025-03-05 10:15:10,708 [INFO] 识盘命令输出：
2025-03-05 10:15:10,760 [INFO] smart_log : 错误代码 1: 
2025-03-05 10:15:11,763 [INFO] 识盘命令输出：
2025-03-05 10:15:11,825 [INFO] smart_log : 错误代码 1: 
2025-03-05 10:15:12,836 [INFO] 识盘命令输出：
2025-03-05 10:15:12,893 [INFO] smart_log : 错误代码 1: 
2025-03-05 10:15:13,907 [INFO] 识盘命令输出：
2025-03-05 10:15:13,967 [INFO] smart_log : 错误代码 1: 
2025-03-05 10:15:14,979 [INFO] 识盘命令输出：
2025-03-05 10:15:15,037 [INFO] smart_log : 错误代码 1: 
2025-03-05 10:15:16,050 [INFO] 识盘命令输出：
2025-03-05 10:15:16,103 [INFO] smart_log : 错误代码 1: 
2025-03-05 10:15:17,111 [INFO] 识盘命令输出：
2025-03-05 10:15:17,159 [INFO] smart_log : 错误代码 1: 
2025-03-05 10:15:18,172 [INFO] 识盘命令输出：
2025-03-05 10:15:18,227 [INFO] smart_log : 错误代码 1: 
2025-03-05 10:15:19,230 [INFO] 识盘命令输出：
2025-03-05 10:15:19,294 [INFO] smart_log : 错误代码 1: 
2025-03-05 10:15:20,299 [INFO] 识盘命令输出：
2025-03-05 10:15:20,358 [INFO] smart_log : 错误代码 1: 
2025-03-05 10:15:21,370 [INFO] 识盘命令输出：
2025-03-05 10:15:21,427 [INFO] smart_log : 错误代码 1: 
2025-03-05 10:15:22,441 [INFO] 识盘命令输出：
2025-03-05 10:15:22,494 [INFO] smart_log : 错误代码 1: 
2025-03-05 10:15:23,497 [INFO] 识盘命令输出：
2025-03-05 10:15:23,553 [INFO] smart_log : 错误代码 1: 
2025-03-05 10:15:24,553 [INFO] 识盘命令输出：
2025-03-05 10:15:24,608 [INFO] smart_log : 错误代码 1: 
2025-03-05 10:15:25,608 [INFO] 识盘命令输出：
2025-03-05 10:15:25,668 [INFO] smart_log : 错误代码 1: 
2025-03-05 10:15:26,679 [INFO] 识盘命令输出：
2025-03-05 10:15:26,733 [INFO] smart_log : 错误代码 1: 
2025-03-05 10:15:27,749 [INFO] 识盘命令输出：
2025-03-05 10:15:27,811 [INFO] smart_log : 错误代码 1: 
2025-03-05 10:15:28,820 [INFO] 识盘命令输出：
2025-03-05 10:15:28,879 [INFO] smart_log : 错误代码 1: 
2025-03-05 10:15:29,889 [INFO] 识盘命令输出：
2025-03-05 10:15:29,949 [INFO] smart_log : 错误代码 1: 
2025-03-05 10:15:30,960 [INFO] 识盘命令输出：
2025-03-05 10:15:31,018 [INFO] smart_log : 错误代码 1: 
2025-03-05 10:15:32,032 [INFO] 等待5秒后开始上电
2025-03-05 10:15:47,822 [INFO] current_transition_state : 已锁定
2025-03-05 10:15:47,823 [INFO] step 5: bitlocker unlock again
2025-03-05 10:15:53,544 [INFO] current_locked_state : 已解锁
2025-03-05 10:15:53,544 [INFO] step 8: bitlocker off
2025-03-05 10:15:59,846 [INFO] current_transition_state : 完全解密
