2025-03-24 15:12:50,182 [INFO] 程序已以管理员权限运行。
2025-03-24 15:12:50,182 [INFO] step 3: delay power off
2025-03-24 15:12:50,183 [INFO] step 4: bitlocker unlock
2025-03-24 15:12:56,089 [INFO] current_locked_state : 已解锁
2025-03-24 15:12:56,089 [INFO] 识盘命令输出：
2025-03-24 15:12:56,138 [INFO] smart_log : 
2025-03-24 15:12:57,150 [INFO] 识盘命令输出：
2025-03-24 15:12:57,198 [INFO] smart_log : 
2025-03-24 15:12:58,210 [INFO] 识盘命令输出：
2025-03-24 15:12:58,269 [INFO] smart_log : 
2025-03-24 15:12:59,275 [INFO] 识盘命令输出：
2025-03-24 15:12:59,327 [INFO] smart_log : 
2025-03-24 15:13:00,328 [INFO] 识盘命令输出：
2025-03-24 15:13:00,954 [INFO] smart_log : 错误代码 2: 
2025-03-24 15:13:01,967 [INFO] 识盘命令输出：
2025-03-24 15:13:02,007 [INFO] smart_log : 错误代码 1: 
2025-03-24 15:13:03,016 [INFO] 识盘命令输出：
2025-03-24 15:13:03,056 [INFO] smart_log : 错误代码 1: 
2025-03-24 15:13:04,067 [INFO] 识盘命令输出：
2025-03-24 15:13:04,107 [INFO] smart_log : 错误代码 1: 
2025-03-24 15:13:05,119 [INFO] 识盘命令输出：
2025-03-24 15:13:05,152 [INFO] smart_log : 错误代码 1: 
2025-03-24 15:13:06,168 [INFO] 识盘命令输出：
2025-03-24 15:13:06,206 [INFO] smart_log : 错误代码 1: 
2025-03-24 15:13:07,218 [INFO] 识盘命令输出：
2025-03-24 15:13:07,265 [INFO] smart_log : 错误代码 1: 
2025-03-24 15:13:08,270 [INFO] 识盘命令输出：
2025-03-24 15:13:08,307 [INFO] smart_log : 错误代码 1: 
2025-03-24 15:13:09,321 [INFO] 识盘命令输出：
2025-03-24 15:13:09,367 [INFO] smart_log : 错误代码 1: 
2025-03-24 15:13:10,373 [INFO] 识盘命令输出：
2025-03-24 15:13:10,410 [INFO] smart_log : 错误代码 1: 
2025-03-24 15:13:11,424 [INFO] 识盘命令输出：
2025-03-24 15:13:11,473 [INFO] smart_log : 错误代码 1: 
2025-03-24 15:13:12,477 [INFO] 识盘命令输出：
2025-03-24 15:13:12,524 [INFO] smart_log : 错误代码 1: 
2025-03-24 15:13:13,527 [INFO] 识盘命令输出：
2025-03-24 15:13:13,565 [INFO] smart_log : 错误代码 1: 
2025-03-24 15:13:14,578 [INFO] 识盘命令输出：
2025-03-24 15:13:14,623 [INFO] smart_log : 错误代码 1: 
2025-03-24 15:13:15,631 [INFO] 识盘命令输出：
2025-03-24 15:13:15,675 [INFO] smart_log : 错误代码 1: 
2025-03-24 15:13:16,680 [INFO] 识盘命令输出：
2025-03-24 15:13:16,725 [INFO] smart_log : 错误代码 1: 
2025-03-24 15:13:17,731 [INFO] 识盘命令输出：
2025-03-24 15:13:17,775 [INFO] smart_log : 错误代码 1: 
2025-03-24 15:13:18,783 [INFO] 识盘命令输出：
2025-03-24 15:13:18,827 [INFO] smart_log : 错误代码 1: 
2025-03-24 15:13:19,836 [INFO] 识盘命令输出：
2025-03-24 15:13:19,877 [INFO] smart_log : 错误代码 1: 
2025-03-24 15:13:20,886 [INFO] 识盘命令输出：
2025-03-24 15:13:20,931 [INFO] smart_log : 错误代码 1: 
2025-03-24 15:13:21,938 [INFO] 识盘命令输出：
2025-03-24 15:13:21,978 [INFO] smart_log : 错误代码 1: 
2025-03-24 15:13:22,990 [INFO] 识盘命令输出：
2025-03-24 15:13:23,033 [INFO] smart_log : 错误代码 1: 
2025-03-24 15:13:24,044 [INFO] 识盘命令输出：
2025-03-24 15:13:24,084 [INFO] smart_log : 错误代码 1: 
2025-03-24 15:13:25,094 [INFO] 识盘命令输出：
2025-03-24 15:13:25,134 [INFO] smart_log : 错误代码 1: 
2025-03-24 15:13:26,146 [INFO] 等待5秒后开始上电
