2025-03-17 16:00:17,141 [INFO] 程序已以管理员权限运行。
2025-03-17 16:00:17,141 [INFO] step 0: delay power off
2025-03-17 16:00:17,143 [INFO] step 1 Format
2025-03-17 16:00:37,503 [INFO] step 2: status check
2025-03-17 16:00:37,560 [INFO] current_transition_state : 错误代码 136: Invalid or unsupported disk \\.\PhysicalDrive0
2025-03-17 16:00:37,560 [INFO] 识盘命令输出：
2025-03-17 16:00:37,654 [INFO] smart_log : 错误代码 1: 
2025-03-17 16:00:38,665 [INFO] 识盘命令输出：
2025-03-17 16:00:38,719 [INFO] smart_log : 错误代码 1: 
2025-03-17 16:00:39,734 [INFO] 识盘命令输出：
2025-03-17 16:00:39,796 [INFO] smart_log : 错误代码 1: 
2025-03-17 16:00:40,811 [INFO] 识盘命令输出：
2025-03-17 16:00:40,872 [INFO] smart_log : 错误代码 1: 
2025-03-17 16:00:41,878 [INFO] 识盘命令输出：
2025-03-17 16:00:41,934 [INFO] smart_log : 错误代码 1: 
2025-03-17 16:00:42,947 [INFO] 识盘命令输出：
2025-03-17 16:00:43,006 [INFO] smart_log : 错误代码 1: 
2025-03-17 16:00:44,013 [INFO] 识盘命令输出：
2025-03-17 16:00:44,066 [INFO] smart_log : 错误代码 1: 
2025-03-17 16:00:45,082 [INFO] 识盘命令输出：
2025-03-17 16:00:45,144 [INFO] smart_log : 错误代码 1: 
2025-03-17 16:00:46,149 [INFO] 识盘命令输出：
2025-03-17 16:00:46,208 [INFO] smart_log : 错误代码 1: 
2025-03-17 16:00:47,216 [INFO] 识盘命令输出：
2025-03-17 16:00:47,272 [INFO] smart_log : 错误代码 1: 
2025-03-17 16:00:48,284 [INFO] 等待5秒后开始上电
