2025-03-17 15:38:23,340 [INFO] 程序已以管理员权限运行。
2025-03-17 15:38:23,340 [INFO] step 1: bitlocker unlock
2025-03-17 15:38:29,075 [INFO] current_locked_state : 已解锁
2025-03-17 15:38:29,076 [INFO] step 2: delay power off
2025-03-17 15:38:29,076 [INFO] step 3: bitlocker lock
2025-03-17 15:38:30,739 [INFO] BitLocker 驱动器加密: 配置工具版本 10.0.19041
版权所有 (C) 2013 Microsoft Corporation。保留所有权利。

卷 D: 现在已锁定
2025-03-17 15:38:31,818 [INFO] current_locked_state : 已锁定
2025-03-17 15:38:31,819 [INFO] 识盘命令输出：
2025-03-17 15:38:31,866 [INFO] smart_log : 
2025-03-17 15:38:32,878 [INFO] 识盘命令输出：
2025-03-17 15:38:32,925 [INFO] smart_log : 
2025-03-17 15:38:33,930 [INFO] 识盘命令输出：
2025-03-17 15:38:34,006 [INFO] smart_log : 
2025-03-17 15:38:35,013 [INFO] 识盘命令输出：
2025-03-17 15:38:35,086 [INFO] smart_log : 
2025-03-17 15:38:36,095 [INFO] 识盘命令输出：
2025-03-17 15:38:36,168 [INFO] smart_log : 
2025-03-17 15:38:37,179 [INFO] 识盘命令输出：
2025-03-17 15:38:37,258 [INFO] smart_log : 
2025-03-17 15:38:38,264 [INFO] 识盘命令输出：
2025-03-17 15:38:38,331 [INFO] smart_log : 
2025-03-17 15:38:39,345 [INFO] 识盘命令输出：
2025-03-17 15:38:39,885 [INFO] smart_log : 错误代码 2: 
2025-03-17 15:38:40,891 [INFO] 识盘命令输出：
2025-03-17 15:38:40,949 [INFO] smart_log : 错误代码 1: 
2025-03-17 15:38:41,959 [INFO] 识盘命令输出：
2025-03-17 15:38:42,017 [INFO] smart_log : 错误代码 1: 
2025-03-17 15:38:43,026 [INFO] 识盘命令输出：
2025-03-17 15:38:43,084 [INFO] smart_log : 错误代码 1: 
2025-03-17 15:38:44,084 [INFO] 识盘命令输出：
2025-03-17 15:38:44,141 [INFO] smart_log : 错误代码 1: 
2025-03-17 15:38:45,153 [INFO] 识盘命令输出：
2025-03-17 15:38:45,214 [INFO] smart_log : 错误代码 1: 
2025-03-17 15:38:46,221 [INFO] 识盘命令输出：
2025-03-17 15:38:46,278 [INFO] smart_log : 错误代码 1: 
2025-03-17 15:38:47,290 [INFO] 识盘命令输出：
2025-03-17 15:38:47,349 [INFO] smart_log : 错误代码 1: 
2025-03-17 15:38:48,358 [INFO] 识盘命令输出：
2025-03-17 15:38:48,413 [INFO] smart_log : 错误代码 1: 
2025-03-17 15:38:49,427 [INFO] 识盘命令输出：
2025-03-17 15:38:49,487 [INFO] smart_log : 错误代码 1: 
2025-03-17 15:38:50,495 [INFO] 识盘命令输出：
2025-03-17 15:38:50,557 [INFO] smart_log : 错误代码 1: 
2025-03-17 15:38:51,563 [INFO] 识盘命令输出：
2025-03-17 15:38:51,616 [INFO] smart_log : 错误代码 1: 
2025-03-17 15:38:52,630 [INFO] 识盘命令输出：
2025-03-17 15:38:52,692 [INFO] smart_log : 错误代码 1: 
2025-03-17 15:38:53,700 [INFO] 识盘命令输出：
2025-03-17 15:38:53,762 [INFO] smart_log : 错误代码 1: 
2025-03-17 15:38:54,765 [INFO] 识盘命令输出：
2025-03-17 15:38:54,822 [INFO] smart_log : 错误代码 1: 
2025-03-17 15:38:55,834 [INFO] 识盘命令输出：
2025-03-17 15:38:55,891 [INFO] smart_log : 错误代码 1: 
2025-03-17 15:38:56,902 [INFO] 识盘命令输出：
2025-03-17 15:38:56,959 [INFO] smart_log : 错误代码 1: 
2025-03-17 15:38:57,970 [INFO] 识盘命令输出：
2025-03-17 15:38:58,028 [INFO] smart_log : 错误代码 1: 
2025-03-17 15:38:59,039 [INFO] 识盘命令输出：
2025-03-17 15:38:59,101 [INFO] smart_log : 错误代码 1: 
2025-03-17 15:39:00,106 [INFO] 识盘命令输出：
2025-03-17 15:39:00,165 [INFO] smart_log : 错误代码 1: 
2025-03-17 15:39:01,175 [INFO] 识盘命令输出：
2025-03-17 15:39:01,238 [INFO] smart_log : 错误代码 1: 
2025-03-17 15:39:02,243 [INFO] 等待5秒后开始上电
