2025-02-21 16:57:30,543 [INFO] 程序已以管理员权限运行。
2025-02-21 16:57:30,543 [INFO] step 0: delay power off
2025-02-21 16:57:30,543 [INFO] step 1 Format
2025-02-21 16:57:50,868 [INFO] step 2: status check
2025-02-21 16:57:50,898 [INFO] current_transition_state : 错误代码 136: Invalid or unsupported disk \\.\PhysicalDrive0
2025-02-21 16:57:50,898 [INFO] 识盘命令输出：
2025-02-21 16:57:51,005 [INFO] smart_log : 错误代码 1: 
2025-02-21 16:57:52,015 [INFO] 识盘命令输出：
2025-02-21 16:57:52,069 [INFO] smart_log : 错误代码 1: 
2025-02-21 16:57:53,084 [INFO] 识盘命令输出：
2025-02-21 16:57:53,148 [INFO] smart_log : 错误代码 1: 
2025-02-21 16:57:54,152 [INFO] 识盘命令输出：
2025-02-21 16:57:54,213 [INFO] smart_log : 错误代码 1: 
2025-02-21 16:57:55,220 [INFO] 识盘命令输出：
2025-02-21 16:57:55,278 [INFO] smart_log : 错误代码 1: 
2025-02-21 16:57:56,288 [INFO] 识盘命令输出：
2025-02-21 16:57:56,342 [INFO] smart_log : 错误代码 1: 
2025-02-21 16:57:57,356 [INFO] 识盘命令输出：
2025-02-21 16:57:57,414 [INFO] smart_log : 错误代码 1: 
2025-02-21 16:57:58,424 [INFO] 识盘命令输出：
2025-02-21 16:57:58,484 [INFO] smart_log : 错误代码 1: 
2025-02-21 16:57:59,491 [INFO] 识盘命令输出：
2025-02-21 16:57:59,546 [INFO] smart_log : 错误代码 1: 
2025-02-21 16:58:00,559 [INFO] 识盘命令输出：
2025-02-21 16:58:00,624 [INFO] smart_log : 错误代码 1: 
2025-02-21 16:58:01,627 [INFO] 等待5秒后开始上电
