2025-03-04 20:32:13,422 [INFO] 程序已以管理员权限运行。
2025-03-04 20:32:13,422 [INFO] step 0: delay power off
2025-03-04 20:32:13,423 [INFO] step 1 Format
2025-03-04 20:32:33,751 [INFO] step 2: status check
2025-03-04 20:32:33,784 [INFO] current_transition_state : 错误代码 136: Invalid or unsupported disk \\.\PhysicalDrive0
2025-03-04 20:32:33,785 [INFO] 识盘命令输出：
2025-03-04 20:32:33,819 [INFO] smart_log : 错误代码 1: 
2025-03-04 20:32:34,827 [INFO] 识盘命令输出：
2025-03-04 20:32:34,883 [INFO] smart_log : 错误代码 1: 
2025-03-04 20:32:35,899 [INFO] 识盘命令输出：
2025-03-04 20:32:35,953 [INFO] smart_log : 错误代码 1: 
2025-03-04 20:32:36,954 [INFO] 识盘命令输出：
2025-03-04 20:32:37,011 [INFO] smart_log : 错误代码 1: 
2025-03-04 20:32:38,019 [INFO] 识盘命令输出：
2025-03-04 20:32:38,076 [INFO] smart_log : 错误代码 1: 
2025-03-04 20:32:39,091 [INFO] 识盘命令输出：
2025-03-04 20:32:39,147 [INFO] smart_log : 错误代码 1: 
2025-03-04 20:32:40,147 [INFO] 识盘命令输出：
2025-03-04 20:32:40,207 [INFO] smart_log : 错误代码 1: 
2025-03-04 20:32:41,217 [INFO] 识盘命令输出：
2025-03-04 20:32:41,276 [INFO] smart_log : 错误代码 1: 
2025-03-04 20:32:42,289 [INFO] 识盘命令输出：
2025-03-04 20:32:42,342 [INFO] smart_log : 错误代码 1: 
2025-03-04 20:32:43,345 [INFO] 识盘命令输出：
2025-03-04 20:32:43,403 [INFO] smart_log : 错误代码 1: 
2025-03-04 20:32:44,403 [INFO] 等待5秒后开始上电
