2025-02-21 18:10:17,900 [INFO] 程序已以管理员权限运行。
2025-02-21 18:10:17,900 [INFO] 程序已以管理员权限运行。
2025-02-21 18:10:17,942 [INFO] BitLocker 驱动器加密: 配置工具版本 10.0.19041
版权所有 (C) 2013 Microsoft Corporation。保留所有权利。

卷 D: []
[数据卷]

    大小:              3576.97 GB
    BitLocker 版本:    无
    转换状态:          完全解密
    已加密百分比:      0.0%
    加密方法:          无
    保护状态:          保护关闭
    锁定状态:          已解锁
    标识字段:          无
    自动解锁:          已禁用
    密钥保护器:        找不到
2025-02-21 18:10:17,943 [INFO] [INFO] Initial run. Running enable BitLocker logic...
2025-02-21 18:10:33,415 [INFO] step 1: status check
2025-02-21 18:10:33,459 [INFO] BitLocker 驱动器加密: 配置工具版本 10.0.19041
版权所有 (C) 2013 Microsoft Corporation。保留所有权利。

卷 D: []
[数据卷]

    大小:              3576.97 GB
    BitLocker 版本:    2.0
    转换状态:          完全加密
    已加密百分比:      100.0%
    加密方法:    硬件加密 - 1.3.111.2.1619.0.1.2
    保护状态:          保护已启用
    锁定状态:          已解锁
    标识字段:          未知
    自动解锁:          已禁用
    密钥保护器:
        外部密钥
        数字密码
2025-02-21 18:10:33,459 [INFO] disk_current_status : 硬件加密 - 1.3.111.2.1619.0.1.2
2025-02-21 18:10:36,463 [INFO] step 2: bitlocker add password
2025-02-21 18:10:47,445 [INFO] step 3: APL
2025-02-21 18:10:47,446 [INFO] delay power off
2025-02-21 18:10:47,450 [INFO] 识盘命令输出：
2025-02-21 18:10:47,518 [INFO] smart_log : 
2025-02-21 18:10:48,533 [INFO] 识盘命令输出：
2025-02-21 18:10:48,606 [INFO] smart_log : 
2025-02-21 18:10:49,608 [INFO] 识盘命令输出：
2025-02-21 18:10:50,343 [INFO] smart_log : 错误代码 2: 
2025-02-21 18:10:51,345 [INFO] 识盘命令输出：
2025-02-21 18:10:51,407 [INFO] smart_log : 错误代码 1: 
2025-02-21 18:10:52,419 [INFO] 识盘命令输出：
2025-02-21 18:10:52,479 [INFO] smart_log : 错误代码 1: 
2025-02-21 18:10:53,489 [INFO] 识盘命令输出：
2025-02-21 18:10:53,555 [INFO] smart_log : 错误代码 1: 
2025-02-21 18:10:54,561 [INFO] 识盘命令输出：
2025-02-21 18:10:54,618 [INFO] smart_log : 错误代码 1: 
2025-02-21 18:10:55,633 [INFO] 识盘命令输出：
2025-02-21 18:10:55,698 [INFO] smart_log : 错误代码 1: 
2025-02-21 18:10:56,705 [INFO] 识盘命令输出：
2025-02-21 18:10:56,759 [INFO] smart_log : 错误代码 1: 
2025-02-21 18:10:57,765 [INFO] 等待5秒后开始上电
2025-02-21 18:11:18,486 [INFO] [INFO] Task created successfully.
2025-02-21 18:11:18,487 [INFO] Batch file generated and placed in startup directory: C:\ProgramData\Microsoft\Windows\Start Menu\Programs\StartUp\run_script.bat
2025-02-21 18:11:18,487 [INFO] [INFO] System will now reboot...
2025-02-21 18:11:20,536 [INFO] 流程完成。
