2025-03-17 16:13:31,506 [INFO] 程序已以管理员权限运行。
2025-03-17 16:13:31,507 [INFO] new volume
2025-03-17 16:13:51,890 [INFO] Scanning for Opal compliant disks
\\.\PhysicalDrive0  2      RSYE3839Z-480G                           SP3X1X29
\\.\PhysicalDrive1 No       
No more disks present ending scan
2025-03-17 16:13:51,890 [INFO] step 1: status check
2025-03-17 16:13:51,937 [INFO] BitLocker 驱动器加密: 配置工具版本 10.0.19041
版权所有 (C) 2013 Microsoft Corporation。保留所有权利。

卷 D: []
[数据卷]

    大小:              447.12 GB
    BitLocker 版本:    无
    转换状态:          完全解密
    已加密百分比:      0.0%
    加密方法:          无
    保护状态:          保护关闭
    锁定状态:          已解锁
    标识字段:          无
    自动解锁:          已禁用
    密钥保护器:        找不到
2025-03-17 16:13:51,940 [INFO] disk_current_status : {'BitLocker 驱动器加密': '配置工具版本 10.0.19041', '卷 D': '[]', '大小': '447.12 GB', 'BitLocker 版本': '无', '转换状态': '完全解密', '已加密百分比': '0.0%', '加密方法': '无', '保护状态': '保护关闭', '锁定状态': '已解锁', '标识字段': '无', '自动解锁': '已禁用', '密钥保护器': '找不到'}
2025-03-17 16:13:51,940 [INFO] FIO read write
2025-03-17 16:13:51,941 [INFO] Running command: fio.exe --name=seqwrite --rw=write --bs=128k --size=10G --directory=D\:\fio_test --filename=testfile --iodepth=1 --output=fio_log\seqwrite.log
2025-03-17 16:14:07,763 [INFO] Sequential write completed successfully.
2025-03-17 16:14:07,763 [INFO] step 2: bitlocker on
2025-03-17 16:14:22,780 [INFO] key: {password}
2025-03-17 16:14:23,851 [INFO] disk_current_status : {'BitLocker 驱动器加密': '配置工具版本 10.0.19041', '卷 D': '[]', '大小': '447.12 GB', 'BitLocker 版本': '无', '转换状态': '完全解密', '已加密百分比': '0.0%', '加密方法': '无', '保护状态': '保护关闭', '锁定状态': '已解锁', '标识字段': '无', '自动解锁': '已禁用', '密钥保护器': '找不到'}
2025-03-17 16:14:23,851 [INFO] step 3: bitlocker add password
2025-03-17 16:14:29,789 [INFO] step 4: bitlocker change password
2025-03-17 16:14:36,676 [INFO] step 5: bitlocker lock
2025-03-17 16:14:40,649 [INFO] BitLocker 驱动器加密: 配置工具版本 10.0.19041
版权所有 (C) 2013 Microsoft Corporation。保留所有权利。

卷 D: 现在已锁定
2025-03-17 16:14:41,742 [INFO] current_locked_state : 已锁定
2025-03-17 16:14:41,742 [INFO] step 6: read and write after disk locked
2025-03-17 16:14:41,745 [ERROR] 写入失败，错误信息：[Errno 22] Invalid argument: 'D://test_file.txt'
Traceback (most recent call last):
  File "t_Tcg_BitLocker_20_BaseIoAPL.py", line 91, in verify_locked
    with open(test_file, "w") as file:
OSError: [Errno 22] Invalid argument: 'D://test_file.txt'
2025-03-17 16:14:41,748 [ERROR] 读取失败，错误信息：[WinError -2144272384] BitLocker 驱动器加密已锁定该驱动器。必须从控制面板解除此驱动器锁定。: 'D://'
Traceback (most recent call last):
  File "t_Tcg_BitLocker_20_BaseIoAPL.py", line 104, in verify_locked
    files = os.listdir(drive_letter)
OSError: [WinError -2144272384] BitLocker 驱动器加密已锁定该驱动器。必须从控制面板解除此驱动器锁定。: 'D://'
2025-03-17 16:14:41,751 [ERROR] 写入失败，错误信息：[Errno 22] Invalid argument: 'D://test_file.txt'
Traceback (most recent call last):
  File "t_Tcg_BitLocker_20_BaseIoAPL.py", line 91, in verify_locked
    with open(test_file, "w") as file:
OSError: [Errno 22] Invalid argument: 'D://test_file.txt'
2025-03-17 16:14:41,753 [ERROR] 读取失败，错误信息：[WinError -2144272384] BitLocker 驱动器加密已锁定该驱动器。必须从控制面板解除此驱动器锁定。: 'D://'
Traceback (most recent call last):
  File "t_Tcg_BitLocker_20_BaseIoAPL.py", line 104, in verify_locked
    files = os.listdir(drive_letter)
OSError: [WinError -2144272384] BitLocker 驱动器加密已锁定该驱动器。必须从控制面板解除此驱动器锁定。: 'D://'
2025-03-17 16:14:41,754 [INFO] D: 已被锁定。
2025-03-17 16:14:41,754 [INFO] step 7: bitlocker unlock
2025-03-17 16:14:47,482 [INFO] current_locked_state : 已解锁
2025-03-17 16:14:47,482 [INFO] step 8: bitlocker off
2025-03-17 16:14:53,815 [INFO] current_transition_state : 完全解密
2025-03-17 16:14:53,816 [INFO] step 9: bitlocker on again
2025-03-17 16:15:08,947 [INFO] key: 464376-642895-639870-268301-694496-104621-540650-058476
2025-03-17 16:15:08,947 [INFO] step 10: bitlocker off
2025-03-17 16:15:15,168 [INFO] current_transition_state : 完全解密
2025-03-17 16:15:15,169 [INFO] step 11: APL
2025-03-17 16:15:15,172 [INFO] delay power off
2025-03-17 16:15:15,174 [INFO] 识盘命令输出：
2025-03-17 16:15:15,243 [INFO] smart_log : 
2025-03-17 16:15:16,252 [INFO] 识盘命令输出：
2025-03-17 16:15:16,326 [INFO] smart_log : 
2025-03-17 16:15:17,334 [INFO] 识盘命令输出：
2025-03-17 16:15:18,066 [INFO] smart_log : 错误代码 2: 
2025-03-17 16:15:19,072 [INFO] 识盘命令输出：
2025-03-17 16:15:19,131 [INFO] smart_log : 错误代码 1: 
2025-03-17 16:15:20,140 [INFO] 识盘命令输出：
2025-03-17 16:15:20,195 [INFO] smart_log : 错误代码 1: 
2025-03-17 16:15:21,207 [INFO] 识盘命令输出：
2025-03-17 16:15:21,263 [INFO] smart_log : 错误代码 1: 
2025-03-17 16:15:22,276 [INFO] 识盘命令输出：
2025-03-17 16:15:22,342 [INFO] smart_log : 错误代码 1: 
2025-03-17 16:15:23,343 [INFO] 识盘命令输出：
2025-03-17 16:15:23,405 [INFO] smart_log : 错误代码 1: 
2025-03-17 16:15:24,411 [INFO] 识盘命令输出：
2025-03-17 16:15:24,470 [INFO] smart_log : 错误代码 1: 
2025-03-17 16:15:25,479 [INFO] 等待5秒后开始上电
