2025-02-18 10:29:25,294 [INFO] 程序已以管理员权限运行。
2025-02-18 10:29:25,294 [INFO] step 1: new volume
2025-02-18 10:29:45,648 [INFO] step 2: status check
2025-02-18 10:29:45,757 [INFO] current_transition_state : \\.\PhysicalDrive0 ATA RSYE3839S-480G                           SP30100B PF6H413400047       
TPer function (0x0001)
    ACKNAK = N, ASYNC = N. BufferManagement = N, comIDManagement  = N, Streaming = Y, SYNC = Y
Locking function (0x0002)
    Locked = N, LockingEnabled = Y, LockingSupported = Y, MBRDone = N, MBREnabled = N, MBRAbsent = N, MediaEncrypt = Y
Geometry function (0x0003)
    Align = Y, Alignment Granularity = 8 (4096), Logical Block size = 512, Lowest Aligned LBA = 0
SingleUser function (0x0201)
    ALL = Y, ANY = Y, Policy = N, Locking Objects = 9
DataStore function (0x0202)
    Max Tables = 9, Max Size Tables = 10485760, Table size alignment = 1
OPAL 2.0 function (0x0203)
    Base comID = 0x1004, Initial PIN = 0x00, Reverted PIN = 0x00, comIDs = 1
    Locking Admins = 4, Locking Users = 9, Range Crossing = N
Block SID Authentication function (0x0402)
    SID Blocked State = N, SID Value State = Y, Hardware Reset = N
Supported Data Removal Mechanism function (0x0404)
    Processing = N, Block = 61440s , Crypto = 0s 
**** 1 **** Unknown function codes IGNORED 

TPer Properties: 
  MaxMethods = 1  MaxSubpackets = 1
  MaxPacketSize = 131052  MaxPackets = 1  MaxComPacketSize = 131072
  MaxResponseComPacketSize = 131072  MaxSessions = 1  MaxReadSessions = 0
  MaxIndTokenSize = 131016  MaxAuthentications = 5  MaxTransactionLimit = 1
  DefSessionTimeout = 0  MAXSessionTimeout = 0  MinSessionTimeout = 0
  ContinuedTokens = 0  SequenceNumbers = 0  AckNak = 0
  Asynchronous = 0
Host Properties: 
  MaxMethods = 1
  MaxSubpackets = 1  MaxPacketSize = 2028  MaxPackets = 1
  MaxComPacketSize = 2048  MaxResponseComPacketSize = 65536  MaxIndTokenSize = 1992
  ContinuedTokens = 0  SequenceNumbers = 0  AckNak = 0
  Asynchronous = 0
2025-02-18 10:29:45,759 [INFO] step 0: delay power off
2025-02-18 10:29:45,763 [INFO] 识盘命令输出：
2025-02-18 10:29:45,853 [INFO] smart_log : 
2025-02-18 10:29:46,865 [INFO] 识盘命令输出：
2025-02-18 10:29:47,661 [INFO] smart_log : 错误代码 2: 
2025-02-18 10:29:48,673 [INFO] 识盘命令输出：
2025-02-18 10:29:48,739 [INFO] smart_log : 错误代码 1: 
2025-02-18 10:29:49,740 [INFO] 识盘命令输出：
2025-02-18 10:29:49,810 [INFO] smart_log : 错误代码 1: 
2025-02-18 10:29:50,824 [INFO] 识盘命令输出：
2025-02-18 10:29:50,885 [INFO] smart_log : 错误代码 1: 
2025-02-18 10:29:51,900 [INFO] 识盘命令输出：
2025-02-18 10:29:51,960 [INFO] smart_log : 错误代码 1: 
2025-02-18 10:29:52,969 [INFO] 识盘命令输出：
2025-02-18 10:29:53,023 [INFO] smart_log : 错误代码 1: 
2025-02-18 10:29:54,035 [INFO] 识盘命令输出：
2025-02-18 10:29:54,063 [INFO] smart_log : 错误代码 1: 
2025-02-18 10:29:55,069 [INFO] 识盘命令输出：
2025-02-18 10:29:55,127 [INFO] smart_log : 错误代码 1: 
2025-02-18 10:29:56,138 [INFO] 等待5秒后开始上电
