2025-03-04 20:22:01,578 [INFO] 程序已以管理员权限运行。
2025-03-04 20:22:01,578 [INFO] step 1: bitlocker unlock
2025-03-04 20:22:07,129 [INFO] current_locked_state : 已解锁
2025-03-04 20:22:07,129 [INFO] step 2: bitlocker change password
2025-03-04 20:22:14,051 [INFO] step 3: delay power off
2025-03-04 20:22:14,052 [INFO] 识盘命令输出：
2025-03-04 20:22:14,108 [INFO] smart_log : 
2025-03-04 20:22:15,111 [INFO] 识盘命令输出：
2025-03-04 20:22:15,162 [INFO] smart_log : 
2025-03-04 20:22:16,166 [INFO] 识盘命令输出：
2025-03-04 20:22:16,241 [INFO] smart_log : 
2025-03-04 20:22:17,243 [INFO] 识盘命令输出：
2025-03-04 20:22:17,314 [INFO] smart_log : 
2025-03-04 20:22:18,330 [INFO] 识盘命令输出：
2025-03-04 20:22:18,401 [INFO] smart_log : 
2025-03-04 20:22:19,401 [INFO] 识盘命令输出：
2025-03-04 20:22:19,475 [INFO] smart_log : 
2025-03-04 20:22:20,489 [INFO] 识盘命令输出：
2025-03-04 20:22:20,560 [INFO] smart_log : 
2025-03-04 20:22:21,568 [INFO] 识盘命令输出：
2025-03-04 20:22:21,640 [INFO] smart_log : 
2025-03-04 20:22:22,643 [INFO] 识盘命令输出：
2025-03-04 20:22:22,712 [INFO] smart_log : 
2025-03-04 20:22:23,715 [INFO] 识盘命令输出：
2025-03-04 20:22:23,790 [INFO] smart_log : 
2025-03-04 20:22:24,800 [INFO] 识盘命令输出：
2025-03-04 20:22:24,855 [INFO] smart_log : 错误代码 1: 
2025-03-04 20:22:25,857 [INFO] 识盘命令输出：
2025-03-04 20:22:25,917 [INFO] smart_log : 错误代码 1: 
2025-03-04 20:22:26,926 [INFO] 识盘命令输出：
2025-03-04 20:22:26,986 [INFO] smart_log : 错误代码 1: 
2025-03-04 20:22:27,998 [INFO] 识盘命令输出：
2025-03-04 20:22:28,062 [INFO] smart_log : 错误代码 1: 
2025-03-04 20:22:29,065 [INFO] 识盘命令输出：
2025-03-04 20:22:29,118 [INFO] smart_log : 错误代码 1: 
2025-03-04 20:22:30,121 [INFO] 识盘命令输出：
2025-03-04 20:22:30,184 [INFO] smart_log : 错误代码 1: 
2025-03-04 20:22:31,193 [INFO] 识盘命令输出：
2025-03-04 20:22:31,251 [INFO] smart_log : 错误代码 1: 
2025-03-04 20:22:32,254 [INFO] 识盘命令输出：
2025-03-04 20:22:32,313 [INFO] smart_log : 错误代码 1: 
2025-03-04 20:22:33,324 [INFO] 识盘命令输出：
2025-03-04 20:22:33,385 [INFO] smart_log : 错误代码 1: 
2025-03-04 20:22:34,396 [INFO] 识盘命令输出：
2025-03-04 20:22:34,456 [INFO] smart_log : 错误代码 1: 
2025-03-04 20:22:35,466 [INFO] 识盘命令输出：
2025-03-04 20:22:35,517 [INFO] smart_log : 错误代码 1: 
2025-03-04 20:22:36,522 [INFO] 识盘命令输出：
2025-03-04 20:22:36,585 [INFO] smart_log : 错误代码 1: 
2025-03-04 20:22:37,594 [INFO] 识盘命令输出：
2025-03-04 20:22:37,659 [INFO] smart_log : 错误代码 1: 
2025-03-04 20:22:38,672 [INFO] 识盘命令输出：
2025-03-04 20:22:38,725 [INFO] smart_log : 错误代码 1: 
2025-03-04 20:22:39,737 [INFO] 识盘命令输出：
2025-03-04 20:22:39,801 [INFO] smart_log : 错误代码 1: 
2025-03-04 20:22:40,809 [INFO] 识盘命令输出：
2025-03-04 20:22:40,841 [INFO] smart_log : 错误代码 1: 
2025-03-04 20:22:41,843 [INFO] 识盘命令输出：
2025-03-04 20:22:41,900 [INFO] smart_log : 错误代码 1: 
2025-03-04 20:22:42,913 [INFO] 识盘命令输出：
2025-03-04 20:22:42,975 [INFO] smart_log : 错误代码 1: 
2025-03-04 20:22:43,981 [INFO] 识盘命令输出：
2025-03-04 20:22:44,036 [INFO] smart_log : 错误代码 1: 
2025-03-04 20:22:45,050 [INFO] 等待5秒后开始上电
2025-03-04 20:24:00,839 [INFO] current_transition_state : 已锁定
