2025-02-21 16:05:48,726 [INFO] 程序已以管理员权限运行。
2025-02-21 16:05:48,727 [INFO] step 3: delay power off
2025-02-21 16:05:48,727 [INFO] step 4: bitlocker unlock
2025-02-21 16:05:54,593 [INFO] current_locked_state : 已解锁
2025-02-21 16:05:54,593 [INFO] 识盘命令输出：
2025-02-21 16:05:54,640 [INFO] smart_log : 
2025-02-21 16:05:55,648 [INFO] 识盘命令输出：
2025-02-21 16:05:55,696 [INFO] smart_log : 
2025-02-21 16:05:56,708 [INFO] 识盘命令输出：
2025-02-21 16:05:56,782 [INFO] smart_log : 
2025-02-21 16:05:57,798 [INFO] 识盘命令输出：
2025-02-21 16:05:57,877 [INFO] smart_log : 
2025-02-21 16:05:58,891 [INFO] 识盘命令输出：
2025-02-21 16:05:59,588 [INFO] smart_log : 错误代码 2: 
2025-02-21 16:06:00,603 [INFO] 识盘命令输出：
2025-02-21 16:06:00,661 [INFO] smart_log : 错误代码 1: 
2025-02-21 16:06:01,668 [INFO] 识盘命令输出：
2025-02-21 16:06:01,724 [INFO] smart_log : 错误代码 1: 
2025-02-21 16:06:02,726 [INFO] 识盘命令输出：
2025-02-21 16:06:02,782 [INFO] smart_log : 错误代码 1: 
2025-02-21 16:06:03,788 [INFO] 识盘命令输出：
2025-02-21 16:06:03,849 [INFO] smart_log : 错误代码 1: 
2025-02-21 16:06:04,859 [INFO] 识盘命令输出：
2025-02-21 16:06:04,923 [INFO] smart_log : 错误代码 1: 
2025-02-21 16:06:05,937 [INFO] 识盘命令输出：
2025-02-21 16:06:05,980 [INFO] smart_log : 错误代码 1: 
2025-02-21 16:06:06,986 [INFO] 识盘命令输出：
2025-02-21 16:06:07,036 [INFO] smart_log : 错误代码 1: 
2025-02-21 16:06:08,049 [INFO] 识盘命令输出：
2025-02-21 16:06:08,106 [INFO] smart_log : 错误代码 1: 
2025-02-21 16:06:09,115 [INFO] 识盘命令输出：
2025-02-21 16:06:09,164 [INFO] smart_log : 错误代码 1: 
2025-02-21 16:06:10,177 [INFO] 识盘命令输出：
2025-02-21 16:06:10,231 [INFO] smart_log : 错误代码 1: 
2025-02-21 16:06:11,245 [INFO] 识盘命令输出：
2025-02-21 16:06:11,292 [INFO] smart_log : 错误代码 1: 
2025-02-21 16:06:12,306 [INFO] 识盘命令输出：
2025-02-21 16:06:12,364 [INFO] smart_log : 错误代码 1: 
2025-02-21 16:06:13,374 [INFO] 识盘命令输出：
2025-02-21 16:06:13,431 [INFO] smart_log : 错误代码 1: 
2025-02-21 16:06:14,441 [INFO] 识盘命令输出：
2025-02-21 16:06:14,494 [INFO] smart_log : 错误代码 1: 
2025-02-21 16:06:15,506 [INFO] 识盘命令输出：
2025-02-21 16:06:15,561 [INFO] smart_log : 错误代码 1: 
2025-02-21 16:06:16,568 [INFO] 识盘命令输出：
2025-02-21 16:06:16,604 [INFO] smart_log : 错误代码 1: 
2025-02-21 16:06:17,619 [INFO] 识盘命令输出：
2025-02-21 16:06:17,667 [INFO] smart_log : 错误代码 1: 
2025-02-21 16:06:18,671 [INFO] 识盘命令输出：
2025-02-21 16:06:18,725 [INFO] smart_log : 错误代码 1: 
2025-02-21 16:06:19,737 [INFO] 识盘命令输出：
2025-02-21 16:06:19,801 [INFO] smart_log : 错误代码 1: 
2025-02-21 16:06:20,816 [INFO] 识盘命令输出：
2025-02-21 16:06:20,860 [INFO] smart_log : 错误代码 1: 
2025-02-21 16:06:21,867 [INFO] 识盘命令输出：
2025-02-21 16:06:21,906 [INFO] smart_log : 错误代码 1: 
2025-02-21 16:06:22,918 [INFO] 识盘命令输出：
2025-02-21 16:06:22,978 [INFO] smart_log : 错误代码 1: 
2025-02-21 16:06:23,985 [INFO] 识盘命令输出：
2025-02-21 16:06:24,034 [INFO] smart_log : 错误代码 1: 
2025-02-21 16:06:25,038 [INFO] 等待5秒后开始上电
2025-02-21 16:06:40,751 [INFO] current_transition_state : 已锁定
2025-02-21 16:06:40,751 [INFO] step 5: bitlocker unlock again
2025-02-21 16:06:46,570 [INFO] current_locked_state : 已解锁
2025-02-21 16:06:46,570 [INFO] step 8: bitlocker off
2025-02-21 16:06:53,075 [INFO] current_transition_state : 完全解密
