2025-03-17 21:29:32,025 [INFO] 程序已以管理员权限运行。
2025-03-17 21:29:32,026 [INFO] new volume
2025-03-17 21:29:52,363 [INFO] Scanning for Opal compliant disks
\\.\PhysicalDrive0  2      RSYE3839Z-960G                           SP301012
\\.\PhysicalDrive1 No       
No more disks present ending scan
2025-03-17 21:29:52,363 [INFO] step 1: status check
2025-03-17 21:29:52,413 [INFO] BitLocker 驱动器加密: 配置工具版本 10.0.19041
版权所有 (C) 2013 Microsoft Corporation。保留所有权利。

卷 D: []
[数据卷]

    大小:              894.24 GB
    BitLocker 版本:    无
    转换状态:          完全解密
    已加密百分比:      0.0%
    加密方法:          无
    保护状态:          保护关闭
    锁定状态:          已解锁
    标识字段:          无
    自动解锁:          已禁用
    密钥保护器:        找不到
2025-03-17 21:29:52,414 [INFO] disk_current_status : {'BitLocker 驱动器加密': '配置工具版本 10.0.19041', '卷 D': '[]', '大小': '894.24 GB', 'BitLocker 版本': '无', '转换状态': '完全解密', '已加密百分比': '0.0%', '加密方法': '无', '保护状态': '保护关闭', '锁定状态': '已解锁', '标识字段': '无', '自动解锁': '已禁用', '密钥保护器': '找不到'}
2025-03-17 21:29:52,414 [INFO] FIO read write
2025-03-17 21:29:52,414 [INFO] Running command: fio.exe --name=seqwrite --rw=write --bs=128k --size=10G --directory=D\:\fio_test --filename=testfile --iodepth=1 --output=fio_log\seqwrite.log
2025-03-17 21:30:08,235 [INFO] Sequential write completed successfully.
2025-03-17 21:30:08,235 [INFO] step 2: bitlocker on
2025-03-17 21:30:23,148 [INFO] key: {password}
2025-03-17 21:30:24,222 [INFO] disk_current_status : {'BitLocker 驱动器加密': '配置工具版本 10.0.19041', '卷 D': '[]', '大小': '894.24 GB', 'BitLocker 版本': '无', '转换状态': '完全解密', '已加密百分比': '0.0%', '加密方法': '无', '保护状态': '保护关闭', '锁定状态': '已解锁', '标识字段': '无', '自动解锁': '已禁用', '密钥保护器': '找不到'}
2025-03-17 21:30:24,222 [INFO] step 3: bitlocker add password
2025-03-17 21:30:30,176 [INFO] step 4: bitlocker change password
2025-03-17 21:30:37,068 [INFO] step 5: bitlocker lock
2025-03-17 21:30:40,966 [INFO] BitLocker 驱动器加密: 配置工具版本 10.0.19041
版权所有 (C) 2013 Microsoft Corporation。保留所有权利。

卷 D: 现在已锁定
2025-03-17 21:30:42,055 [INFO] current_locked_state : 已锁定
2025-03-17 21:30:42,055 [INFO] step 6: read and write after disk locked
2025-03-17 21:30:42,056 [ERROR] 写入失败，错误信息：[Errno 22] Invalid argument: 'D://test_file.txt'
Traceback (most recent call last):
  File "t_Tcg_BitLocker_20_BaseIoAPL.py", line 91, in verify_locked
    with open(test_file, "w") as file:
OSError: [Errno 22] Invalid argument: 'D://test_file.txt'
2025-03-17 21:30:42,056 [ERROR] 读取失败，错误信息：[WinError -2144272384] BitLocker 驱动器加密已锁定该驱动器。必须从控制面板解除此驱动器锁定。: 'D://'
Traceback (most recent call last):
  File "t_Tcg_BitLocker_20_BaseIoAPL.py", line 104, in verify_locked
    files = os.listdir(drive_letter)
OSError: [WinError -2144272384] BitLocker 驱动器加密已锁定该驱动器。必须从控制面板解除此驱动器锁定。: 'D://'
2025-03-17 21:30:42,057 [ERROR] 写入失败，错误信息：[Errno 22] Invalid argument: 'D://test_file.txt'
Traceback (most recent call last):
  File "t_Tcg_BitLocker_20_BaseIoAPL.py", line 91, in verify_locked
    with open(test_file, "w") as file:
OSError: [Errno 22] Invalid argument: 'D://test_file.txt'
2025-03-17 21:30:42,057 [ERROR] 读取失败，错误信息：[WinError -2144272384] BitLocker 驱动器加密已锁定该驱动器。必须从控制面板解除此驱动器锁定。: 'D://'
Traceback (most recent call last):
  File "t_Tcg_BitLocker_20_BaseIoAPL.py", line 104, in verify_locked
    files = os.listdir(drive_letter)
OSError: [WinError -2144272384] BitLocker 驱动器加密已锁定该驱动器。必须从控制面板解除此驱动器锁定。: 'D://'
2025-03-17 21:30:42,057 [INFO] D: 已被锁定。
2025-03-17 21:30:42,057 [INFO] step 7: bitlocker unlock
2025-03-17 21:30:47,531 [INFO] current_locked_state : 已解锁
2025-03-17 21:30:47,531 [INFO] step 8: bitlocker off
2025-03-17 21:30:54,058 [INFO] current_transition_state : 完全解密
2025-03-17 21:30:54,059 [INFO] step 9: bitlocker on again
2025-03-17 21:31:09,165 [INFO] key: 654995-511159-396671-191730-419980-030844-050248-617023
2025-03-17 21:31:09,166 [INFO] step 10: bitlocker off
2025-03-17 21:31:15,615 [INFO] current_transition_state : 完全解密
2025-03-17 21:31:15,616 [INFO] step 11: APL
2025-03-17 21:31:15,619 [INFO] delay power off
2025-03-17 21:31:15,621 [INFO] 识盘命令输出：
2025-03-17 21:31:15,680 [INFO] smart_log : 
2025-03-17 21:31:16,680 [INFO] 识盘命令输出：
2025-03-17 21:31:16,753 [INFO] smart_log : 
2025-03-17 21:31:17,762 [INFO] 识盘命令输出：
2025-03-17 21:31:18,511 [INFO] smart_log : 错误代码 2: 
2025-03-17 21:31:19,515 [INFO] 识盘命令输出：
2025-03-17 21:31:19,578 [INFO] smart_log : 错误代码 1: 
2025-03-17 21:31:20,583 [INFO] 识盘命令输出：
2025-03-17 21:31:20,643 [INFO] smart_log : 错误代码 1: 
2025-03-17 21:31:21,652 [INFO] 识盘命令输出：
2025-03-17 21:31:21,709 [INFO] smart_log : 错误代码 1: 
2025-03-17 21:31:22,720 [INFO] 识盘命令输出：
2025-03-17 21:31:22,771 [INFO] smart_log : 错误代码 1: 
2025-03-17 21:31:23,773 [INFO] 识盘命令输出：
2025-03-17 21:31:23,824 [INFO] smart_log : 错误代码 1: 
2025-03-17 21:31:24,825 [INFO] 识盘命令输出：
2025-03-17 21:31:24,884 [INFO] smart_log : 错误代码 1: 
2025-03-17 21:31:25,894 [INFO] 等待5秒后开始上电
