2025-03-17 16:06:05,331 [INFO] 程序已以管理员权限运行。
2025-03-17 16:06:05,331 [INFO] new volume
2025-03-17 16:06:25,693 [INFO] Scanning for Opal compliant disks
\\.\PhysicalDrive0  2      RSYE3839Z-480G                           SP3X1X29
\\.\PhysicalDrive1 No       
No more disks present ending scan
2025-03-17 16:06:25,693 [INFO] step 1: status check
2025-03-17 16:06:25,736 [INFO] BitLocker 驱动器加密: 配置工具版本 10.0.19041
版权所有 (C) 2013 Microsoft Corporation。保留所有权利。

卷 D: []
[数据卷]

    大小:              447.12 GB
    BitLocker 版本:    无
    转换状态:          完全解密
    已加密百分比:      0.0%
    加密方法:          无
    保护状态:          保护关闭
    锁定状态:          已解锁
    标识字段:          无
    自动解锁:          已禁用
    密钥保护器:        找不到
2025-03-17 16:06:25,737 [INFO] disk_current_status : {'BitLocker 驱动器加密': '配置工具版本 10.0.19041', '卷 D': '[]', '大小': '447.12 GB', 'BitLocker 版本': '无', '转换状态': '完全解密', '已加密百分比': '0.0%', '加密方法': '无', '保护状态': '保护关闭', '锁定状态': '已解锁', '标识字段': '无', '自动解锁': '已禁用', '密钥保护器': '找不到'}
2025-03-17 16:06:25,737 [INFO] step 2: bitlocker on
2025-03-17 16:06:40,880 [INFO] key: {password}
2025-03-17 16:06:41,965 [INFO] disk_current_status : {'BitLocker 驱动器加密': '配置工具版本 10.0.19041', '卷 D': '[]', '大小': '447.12 GB', 'BitLocker 版本': '无', '转换状态': '完全解密', '已加密百分比': '0.0%', '加密方法': '无', '保护状态': '保护关闭', '锁定状态': '已解锁', '标识字段': '无', '自动解锁': '已禁用', '密钥保护器': '找不到'}
2025-03-17 16:06:41,965 [INFO] step 3: bitlocker add password
2025-03-17 16:06:47,913 [INFO] step 4: bitlocker change password
2025-03-17 16:06:54,894 [INFO] step 5: bitlocker lock
2025-03-17 16:06:56,565 [INFO] BitLocker 驱动器加密: 配置工具版本 10.0.19041
版权所有 (C) 2013 Microsoft Corporation。保留所有权利。

卷 D: 现在已锁定
2025-03-17 16:06:57,635 [INFO] current_locked_state : 已锁定
2025-03-17 16:06:57,635 [INFO] step 6: read and write after disk locked
2025-03-17 16:06:57,636 [ERROR] 写入失败，错误信息：[Errno 22] Invalid argument: 'D://test_file.txt'
Traceback (most recent call last):
  File "t_Tcg_BitLocker_16_BaseFormat.py", line 86, in verify_locked
    with open(test_file, "w") as file:
OSError: [Errno 22] Invalid argument: 'D://test_file.txt'
2025-03-17 16:06:57,636 [ERROR] 读取失败，错误信息：[WinError -2144272384] BitLocker 驱动器加密已锁定该驱动器。必须从控制面板解除此驱动器锁定。: 'D://'
Traceback (most recent call last):
  File "t_Tcg_BitLocker_16_BaseFormat.py", line 99, in verify_locked
    files = os.listdir(drive_letter)
OSError: [WinError -2144272384] BitLocker 驱动器加密已锁定该驱动器。必须从控制面板解除此驱动器锁定。: 'D://'
2025-03-17 16:06:57,637 [ERROR] 写入失败，错误信息：[Errno 22] Invalid argument: 'D://test_file.txt'
Traceback (most recent call last):
  File "t_Tcg_BitLocker_16_BaseFormat.py", line 86, in verify_locked
    with open(test_file, "w") as file:
OSError: [Errno 22] Invalid argument: 'D://test_file.txt'
2025-03-17 16:06:57,637 [ERROR] 读取失败，错误信息：[WinError -2144272384] BitLocker 驱动器加密已锁定该驱动器。必须从控制面板解除此驱动器锁定。: 'D://'
Traceback (most recent call last):
  File "t_Tcg_BitLocker_16_BaseFormat.py", line 99, in verify_locked
    files = os.listdir(drive_letter)
OSError: [WinError -2144272384] BitLocker 驱动器加密已锁定该驱动器。必须从控制面板解除此驱动器锁定。: 'D://'
2025-03-17 16:06:57,637 [INFO] D: 已被锁定。
2025-03-17 16:06:57,637 [INFO] step 7: bitlocker unlock
2025-03-17 16:07:03,263 [INFO] current_locked_state : 已解锁
2025-03-17 16:07:03,263 [INFO] step 8: bitlocker off
2025-03-17 16:07:09,468 [INFO] current_transition_state : 完全解密
2025-03-17 16:07:09,469 [INFO] step 9: bitlocker on again
2025-03-17 16:07:24,800 [INFO] key: 218460-115786-298144-214335-299409-577665-656469-011275
2025-03-17 16:07:24,800 [INFO] step 10: bitlocker off
2025-03-17 16:07:31,182 [INFO] current_transition_state : 完全解密
2025-03-17 16:07:31,182 [INFO] step 11: format
2025-03-17 16:07:51,545 [INFO] Scanning for Opal compliant disks
\\.\PhysicalDrive0  2      RSYE3839Z-480G                           SP3X1X29
\\.\PhysicalDrive1 No       
No more disks present ending scan
