2025-03-17 16:02:54,067 [INFO] 程序已以管理员权限运行。
2025-03-17 16:02:54,067 [INFO] step 1: status check
2025-03-17 16:02:54,126 [INFO] BitLocker 驱动器加密: 配置工具版本 10.0.19041
版权所有 (C) 2013 Microsoft Corporation。保留所有权利。

卷 D: []
[数据卷]

    大小:              447.12 GB
    BitLocker 版本:    无
    转换状态:          完全解密
    已加密百分比:      0.0%
    加密方法:          无
    保护状态:          保护关闭
    锁定状态:          已解锁
    标识字段:          无
    自动解锁:          已禁用
    密钥保护器:        找不到
2025-03-17 16:02:54,128 [INFO] disk_current_status : {'BitLocker 驱动器加密': '配置工具版本 10.0.19041', '卷 D': '[]', '大小': '447.12 GB', 'BitLocker 版本': '无', '转换状态': '完全解密', '已加密百分比': '0.0%', '加密方法': '无', '保护状态': '保护关闭', '锁定状态': '已解锁', '标识字段': '无', '自动解锁': '已禁用', '密钥保护器': '找不到'}
2025-03-17 16:02:54,128 [INFO] step 2: bitlocker on
2025-03-17 16:03:09,374 [INFO] key: 469194-132506-401478-259017-172040-464750-068266-124355
2025-03-17 16:03:10,444 [INFO] disk_current_status : {'BitLocker 驱动器加密': '配置工具版本 10.0.19041', '卷 D': '[]', '大小': '447.12 GB', 'BitLocker 版本': '无', '转换状态': '完全解密', '已加密百分比': '0.0%', '加密方法': '无', '保护状态': '保护关闭', '锁定状态': '已解锁', '标识字段': '无', '自动解锁': '已禁用', '密钥保护器': '找不到'}
