2025-03-24 15:24:19,184 [INFO] 程序已以管理员权限运行。
2025-03-24 15:24:19,184 [INFO] new volume
2025-03-24 15:24:39,520 [INFO] Scanning for Opal compliant disks
\\.\PhysicalDrive0  2      RSYE3839S-480G                           SP301015
\\.\PhysicalDrive1 No       
No more disks present ending scan
2025-03-24 15:24:39,520 [INFO] step 1: status check
2025-03-24 15:24:39,564 [INFO] BitLocker 驱动器加密: 配置工具版本 10.0.19041
版权所有 (C) 2013 Microsoft Corporation。保留所有权利。

卷 D: []
[数据卷]

    大小:              447.12 GB
    BitLocker 版本:    无
    转换状态:          完全解密
    已加密百分比:      0.0%
    加密方法:          无
    保护状态:          保护关闭
    锁定状态:          已解锁
    标识字段:          无
    自动解锁:          已禁用
    密钥保护器:        找不到
2025-03-24 15:24:39,565 [INFO] disk_current_status : {'BitLocker 驱动器加密': '配置工具版本 10.0.19041', '卷 D': '[]', '大小': '447.12 GB', 'BitLocker 版本': '无', '转换状态': '完全解密', '已加密百分比': '0.0%', '加密方法': '无', '保护状态': '保护关闭', '锁定状态': '已解锁', '标识字段': '无', '自动解锁': '已禁用', '密钥保护器': '找不到'}
2025-03-24 15:24:39,565 [INFO] step 2: bitlocker on
2025-03-24 15:24:50,413 [INFO] key: {password}
2025-03-24 15:24:51,482 [INFO] disk_current_status : {'BitLocker 驱动器加密': '配置工具版本 10.0.19041', '卷 D': '[]', '大小': '447.12 GB', 'BitLocker 版本': '无', '转换状态': '完全解密', '已加密百分比': '0.0%', '加密方法': '无', '保护状态': '保护关闭', '锁定状态': '已解锁', '标识字段': '无', '自动解锁': '已禁用', '密钥保护器': '找不到'}
2025-03-24 15:24:51,482 [INFO] step 3: bitlocker add password
2025-03-24 15:24:56,472 [INFO] step 4: bitlocker change password
2025-03-24 15:25:02,344 [INFO] step 5: bitlocker lock
2025-03-24 15:25:04,011 [INFO] BitLocker 驱动器加密: 配置工具版本 10.0.19041
版权所有 (C) 2013 Microsoft Corporation。保留所有权利。

卷 D: 现在已锁定
2025-03-24 15:25:05,076 [INFO] current_locked_state : 已锁定
2025-03-24 15:25:05,076 [INFO] step 6: read and write after disk locked
2025-03-24 15:25:05,077 [ERROR] 写入失败，错误信息：[Errno 22] Invalid argument: 'D://test_file.txt'
Traceback (most recent call last):
  File "t_Tcg_BitLocker_16_BaseFormat.py", line 86, in verify_locked
    with open(test_file, "w") as file:
OSError: [Errno 22] Invalid argument: 'D://test_file.txt'
2025-03-24 15:25:05,077 [ERROR] 读取失败，错误信息：[WinError -2144272384] BitLocker 驱动器加密已锁定该驱动器。必须从控制面板解除此驱动器锁定。: 'D://'
Traceback (most recent call last):
  File "t_Tcg_BitLocker_16_BaseFormat.py", line 99, in verify_locked
    files = os.listdir(drive_letter)
OSError: [WinError -2144272384] BitLocker 驱动器加密已锁定该驱动器。必须从控制面板解除此驱动器锁定。: 'D://'
2025-03-24 15:25:05,077 [ERROR] 写入失败，错误信息：[Errno 22] Invalid argument: 'D://test_file.txt'
Traceback (most recent call last):
  File "t_Tcg_BitLocker_16_BaseFormat.py", line 86, in verify_locked
    with open(test_file, "w") as file:
OSError: [Errno 22] Invalid argument: 'D://test_file.txt'
2025-03-24 15:25:05,078 [ERROR] 读取失败，错误信息：[WinError -2144272384] BitLocker 驱动器加密已锁定该驱动器。必须从控制面板解除此驱动器锁定。: 'D://'
Traceback (most recent call last):
  File "t_Tcg_BitLocker_16_BaseFormat.py", line 99, in verify_locked
    files = os.listdir(drive_letter)
OSError: [WinError -2144272384] BitLocker 驱动器加密已锁定该驱动器。必须从控制面板解除此驱动器锁定。: 'D://'
2025-03-24 15:25:05,078 [INFO] D: 已被锁定。
2025-03-24 15:25:05,078 [INFO] step 7: bitlocker unlock
2025-03-24 15:25:11,071 [INFO] current_locked_state : 已解锁
2025-03-24 15:25:11,072 [INFO] step 8: bitlocker off
2025-03-24 15:25:16,911 [INFO] current_transition_state : 完全解密
2025-03-24 15:25:16,911 [INFO] step 9: bitlocker on again
2025-03-24 15:25:27,355 [INFO] key: 413138-300883-257840-524524-714076-714725-403546-548361
2025-03-24 15:25:27,356 [INFO] step 10: bitlocker off
2025-03-24 15:25:33,259 [INFO] current_transition_state : 完全解密
2025-03-24 15:25:33,259 [INFO] step 11: format
2025-03-24 15:25:53,584 [INFO] Scanning for Opal compliant disks
\\.\PhysicalDrive0  2      RSYE3839S-480G                           SP301015
\\.\PhysicalDrive1 No       
No more disks present ending scan
