2025-02-18 13:44:46,277 [INFO] 程序已以管理员权限运行。
2025-02-18 13:44:46,277 [INFO] step 1: status check
2025-02-18 13:44:46,331 [INFO] BitLocker 驱动器加密: 配置工具版本 10.0.19041
版权所有 (C) 2013 Microsoft Corporation。保留所有权利。

卷 D: []
[数据卷]

    大小:              1788.48 GB
    BitLocker 版本:    无
    转换状态:          完全解密
    已加密百分比:      0.0%
    加密方法:          无
    保护状态:          保护关闭
    锁定状态:          已解锁
    标识字段:          无
    自动解锁:          已禁用
    密钥保护器:        找不到
2025-02-18 13:44:46,332 [INFO] disk_current_status : {'BitLocker 驱动器加密': '配置工具版本 10.0.19041', '卷 D': '[]', '大小': '1788.48 GB', 'BitLocker 版本': '无', '转换状态': '完全解密', '已加密百分比': '0.0%', '加密方法': '无', '保护状态': '保护关闭', '锁定状态': '已解锁', '标识字段': '无', '自动解锁': '已禁用', '密钥保护器': '找不到'}
2025-02-18 13:44:46,333 [INFO] step 2: bitlocker on
2025-02-18 13:45:01,808 [INFO] key: 708246-251746-391941-674564-288200-711876-693165-685531
2025-02-18 13:45:01,808 [INFO] step 3: bitlocker add password
2025-02-18 13:45:07,733 [INFO] step 4: delay power off
2025-02-18 13:45:07,733 [INFO] 识盘命令输出：
2025-02-18 13:45:07,781 [INFO] smart_log : 
2025-02-18 13:45:08,795 [INFO] 识盘命令输出：
2025-02-18 13:45:08,875 [INFO] smart_log : 
2025-02-18 13:45:09,891 [INFO] 识盘命令输出：
2025-02-18 13:45:09,956 [INFO] smart_log : 
2025-02-18 13:45:10,959 [INFO] 识盘命令输出：
2025-02-18 13:45:11,032 [INFO] smart_log : 
2025-02-18 13:45:12,044 [INFO] 识盘命令输出：
2025-02-18 13:45:12,096 [INFO] smart_log : 
2025-02-18 13:45:13,111 [INFO] 识盘命令输出：
2025-02-18 13:45:13,529 [INFO] smart_log : 错误代码 2: 
2025-02-18 13:45:14,529 [INFO] 识盘命令输出：
2025-02-18 13:45:14,591 [INFO] smart_log : 错误代码 1: 
2025-02-18 13:45:15,597 [INFO] 识盘命令输出：
2025-02-18 13:45:15,664 [INFO] smart_log : 错误代码 1: 
2025-02-18 13:45:16,665 [INFO] 识盘命令输出：
2025-02-18 13:45:16,721 [INFO] smart_log : 错误代码 1: 
2025-02-18 13:45:17,734 [INFO] 识盘命令输出：
2025-02-18 13:45:17,797 [INFO] smart_log : 错误代码 1: 
2025-02-18 13:45:18,801 [INFO] 识盘命令输出：
2025-02-18 13:45:18,838 [INFO] smart_log : 错误代码 1: 
2025-02-18 13:45:19,853 [INFO] 识盘命令输出：
2025-02-18 13:45:19,915 [INFO] smart_log : 错误代码 1: 
2025-02-18 13:45:20,919 [INFO] 识盘命令输出：
2025-02-18 13:45:20,963 [INFO] smart_log : 错误代码 1: 
2025-02-18 13:45:21,971 [INFO] 识盘命令输出：
2025-02-18 13:45:22,028 [INFO] smart_log : 错误代码 1: 
2025-02-18 13:45:23,039 [INFO] 识盘命令输出：
2025-02-18 13:45:23,088 [INFO] smart_log : 错误代码 1: 
2025-02-18 13:45:24,091 [INFO] 识盘命令输出：
2025-02-18 13:45:24,156 [INFO] smart_log : 错误代码 1: 
2025-02-18 13:45:25,160 [INFO] 识盘命令输出：
2025-02-18 13:45:25,197 [INFO] smart_log : 错误代码 1: 
2025-02-18 13:45:26,212 [INFO] 识盘命令输出：
2025-02-18 13:45:26,269 [INFO] smart_log : 错误代码 1: 
2025-02-18 13:45:27,280 [INFO] 识盘命令输出：
2025-02-18 13:45:27,326 [INFO] smart_log : 错误代码 1: 
2025-02-18 13:45:28,332 [INFO] 等待5秒后开始上电
2025-02-18 13:46:44,100 [INFO] disk_current_status : {'BitLocker 驱动器加密': '配置工具版本 10.0.19041', '卷 D': '[]', '大小': '1788.48 GB', 'BitLocker 版本': '无', '转换状态': '完全解密', '已加密百分比': '0.0%', '加密方法': '无', '保护状态': '保护关闭', '锁定状态': '已解锁', '标识字段': '无', '自动解锁': '已禁用', '密钥保护器': '找不到'}
