2025-02-21 17:22:01,033 [INFO] 程序已以管理员权限运行。
2025-02-21 17:22:01,034 [INFO] new volume
2025-02-21 17:22:21,383 [INFO] Scanning for Opal compliant disks
\\.\PhysicalDrive0  2      RSYE3839Z-1920                           SP30100B
\\.\PhysicalDrive1 No       
No more disks present ending scan
2025-02-21 17:22:21,384 [INFO] step 1: status check
2025-02-21 17:22:21,432 [INFO] BitLocker 驱动器加密: 配置工具版本 10.0.19041
版权所有 (C) 2013 Microsoft Corporation。保留所有权利。

卷 D: []
[数据卷]

    大小:              1788.48 GB
    BitLocker 版本:    无
    转换状态:          完全解密
    已加密百分比:      0.0%
    加密方法:          无
    保护状态:          保护关闭
    锁定状态:          已解锁
    标识字段:          无
    自动解锁:          已禁用
    密钥保护器:        找不到
2025-02-21 17:22:21,433 [INFO] disk_current_status : {'BitLocker 驱动器加密': '配置工具版本 10.0.19041', '卷 D': '[]', '大小': '1788.48 GB', 'BitLocker 版本': '无', '转换状态': '完全解密', '已加密百分比': '0.0%', '加密方法': '无', '保护状态': '保护关闭', '锁定状态': '已解锁', '标识字段': '无', '自动解锁': '已禁用', '密钥保护器': '找不到'}
2025-02-21 17:22:21,433 [INFO] step 2: bitlocker on
2025-02-21 17:22:37,169 [INFO] key: {password}
2025-02-21 17:22:38,230 [INFO] disk_current_status : {'BitLocker 驱动器加密': '配置工具版本 10.0.19041', '卷 D': '[]', '大小': '1788.48 GB', 'BitLocker 版本': '无', '转换状态': '完全解密', '已加密百分比': '0.0%', '加密方法': '无', '保护状态': '保护关闭', '锁定状态': '已解锁', '标识字段': '无', '自动解锁': '已禁用', '密钥保护器': '找不到'}
2025-02-21 17:22:38,230 [INFO] step 3: bitlocker add password
2025-02-21 17:22:44,218 [INFO] step 4: bitlocker change password
2025-02-21 17:22:51,198 [INFO] step 5: bitlocker lock
2025-02-21 17:22:52,858 [INFO] BitLocker 驱动器加密: 配置工具版本 10.0.19041
版权所有 (C) 2013 Microsoft Corporation。保留所有权利。

卷 D: 现在已锁定
2025-02-21 17:22:53,938 [INFO] current_locked_state : 已锁定
2025-02-21 17:22:53,939 [INFO] step 6: read and write after disk locked
2025-02-21 17:22:53,939 [ERROR] 写入失败，错误信息：[Errno 22] Invalid argument: 'D://test_file.txt'
Traceback (most recent call last):
  File "t_Tcg_BitLocker_17_BaseAPL.py", line 88, in verify_locked
    with open(test_file, "w") as file:
OSError: [Errno 22] Invalid argument: 'D://test_file.txt'
2025-02-21 17:22:53,940 [ERROR] 读取失败，错误信息：[WinError -2144272384] BitLocker 驱动器加密已锁定该驱动器。必须从控制面板解除此驱动器锁定。: 'D://'
Traceback (most recent call last):
  File "t_Tcg_BitLocker_17_BaseAPL.py", line 101, in verify_locked
    files = os.listdir(drive_letter)
OSError: [WinError -2144272384] BitLocker 驱动器加密已锁定该驱动器。必须从控制面板解除此驱动器锁定。: 'D://'
2025-02-21 17:22:53,940 [ERROR] 写入失败，错误信息：[Errno 22] Invalid argument: 'D://test_file.txt'
Traceback (most recent call last):
  File "t_Tcg_BitLocker_17_BaseAPL.py", line 88, in verify_locked
    with open(test_file, "w") as file:
OSError: [Errno 22] Invalid argument: 'D://test_file.txt'
2025-02-21 17:22:53,940 [ERROR] 读取失败，错误信息：[WinError -2144272384] BitLocker 驱动器加密已锁定该驱动器。必须从控制面板解除此驱动器锁定。: 'D://'
Traceback (most recent call last):
  File "t_Tcg_BitLocker_17_BaseAPL.py", line 101, in verify_locked
    files = os.listdir(drive_letter)
OSError: [WinError -2144272384] BitLocker 驱动器加密已锁定该驱动器。必须从控制面板解除此驱动器锁定。: 'D://'
2025-02-21 17:22:53,940 [INFO] D: 已被锁定。
2025-02-21 17:22:53,940 [INFO] step 7: bitlocker unlock
2025-02-21 17:22:59,837 [INFO] current_locked_state : 已解锁
2025-02-21 17:22:59,837 [INFO] step 8: bitlocker off
2025-02-21 17:23:06,281 [INFO] current_transition_state : 完全解密
2025-02-21 17:23:06,282 [INFO] step 9: bitlocker on again
2025-02-21 17:23:21,924 [INFO] key: 339757-112101-555225-360756-530310-209935-205139-328845
2025-02-21 17:23:21,925 [INFO] step 10: bitlocker off
2025-02-21 17:23:28,410 [INFO] current_transition_state : 完全解密
2025-02-21 17:23:28,411 [INFO] step 11: APL
2025-02-21 17:23:28,413 [INFO] delay power off
2025-02-21 17:23:28,416 [INFO] 识盘命令输出：
2025-02-21 17:23:28,567 [INFO] smart_log : 
2025-02-21 17:23:29,569 [INFO] 识盘命令输出：
2025-02-21 17:23:29,640 [INFO] smart_log : 
2025-02-21 17:23:30,652 [INFO] 识盘命令输出：
2025-02-21 17:23:31,299 [INFO] smart_log : 错误代码 2: 
2025-02-21 17:23:32,305 [INFO] 识盘命令输出：
2025-02-21 17:23:32,370 [INFO] smart_log : 错误代码 1: 
2025-02-21 17:23:33,373 [INFO] 识盘命令输出：
2025-02-21 17:23:33,430 [INFO] smart_log : 错误代码 1: 
2025-02-21 17:23:34,441 [INFO] 识盘命令输出：
2025-02-21 17:23:34,495 [INFO] smart_log : 错误代码 1: 
2025-02-21 17:23:35,509 [INFO] 识盘命令输出：
2025-02-21 17:23:35,566 [INFO] smart_log : 错误代码 1: 
2025-02-21 17:23:36,576 [INFO] 识盘命令输出：
2025-02-21 17:23:36,636 [INFO] smart_log : 错误代码 1: 
2025-02-21 17:23:37,645 [INFO] 识盘命令输出：
2025-02-21 17:23:37,699 [INFO] smart_log : 错误代码 1: 
2025-02-21 17:23:38,711 [INFO] 等待5秒后开始上电
