2025-03-17 21:50:32,197 [INFO] 程序已以管理员权限运行。
2025-03-17 21:50:32,197 [INFO] step 0: delay power off
2025-03-17 21:50:32,198 [INFO] step 1 Format
2025-03-17 21:50:52,532 [INFO] step 2: status check
2025-03-17 21:50:52,560 [INFO] current_transition_state : 错误代码 136: Invalid or unsupported disk \\.\PhysicalDrive0
2025-03-17 21:50:52,560 [INFO] 识盘命令输出：
2025-03-17 21:50:52,659 [INFO] smart_log : 错误代码 1: 
2025-03-17 21:50:53,674 [INFO] 识盘命令输出：
2025-03-17 21:50:53,726 [INFO] smart_log : 错误代码 1: 
2025-03-17 21:50:54,741 [INFO] 识盘命令输出：
2025-03-17 21:50:54,800 [INFO] smart_log : 错误代码 1: 
2025-03-17 21:50:55,810 [INFO] 识盘命令输出：
2025-03-17 21:50:55,867 [INFO] smart_log : 错误代码 1: 
2025-03-17 21:50:56,877 [INFO] 识盘命令输出：
2025-03-17 21:50:56,935 [INFO] smart_log : 错误代码 1: 
2025-03-17 21:50:57,946 [INFO] 识盘命令输出：
2025-03-17 21:50:58,000 [INFO] smart_log : 错误代码 1: 
2025-03-17 21:50:59,014 [INFO] 识盘命令输出：
2025-03-17 21:50:59,075 [INFO] smart_log : 错误代码 1: 
2025-03-17 21:51:00,082 [INFO] 识盘命令输出：
2025-03-17 21:51:00,137 [INFO] smart_log : 错误代码 1: 
2025-03-17 21:51:01,149 [INFO] 识盘命令输出：
2025-03-17 21:51:01,211 [INFO] smart_log : 错误代码 1: 
2025-03-17 21:51:02,225 [INFO] 识盘命令输出：
2025-03-17 21:51:02,282 [INFO] smart_log : 错误代码 1: 
2025-03-17 21:51:03,294 [INFO] 等待5秒后开始上电
