2025-03-27 17:03:36,404 [INFO] 程序已以管理员权限运行。
2025-03-27 17:03:36,404 [INFO] 程序已以管理员权限运行。
2025-03-27 17:03:36,450 [INFO] BitLocker 驱动器加密: 配置工具版本 10.0.19041
版权所有 (C) 2013 Microsoft Corporation。保留所有权利。

卷 D: []
[数据卷]

    大小:              3576.97 GB
    BitLocker 版本:    无
    转换状态:          完全解密
    已加密百分比:      0.0%
    加密方法:          无
    保护状态:          保护关闭
    锁定状态:          已解锁
    标识字段:          无
    自动解锁:          已禁用
    密钥保护器:        找不到
2025-03-27 17:03:36,450 [INFO] [INFO] Initial run. Running enable BitLocker logic...
2025-03-27 17:03:46,319 [INFO] step 1: status check
2025-03-27 17:03:46,353 [INFO] BitLocker 驱动器加密: 配置工具版本 10.0.19041
版权所有 (C) 2013 Microsoft Corporation。保留所有权利。

卷 D: []
[数据卷]

    大小:              3576.97 GB
    BitLocker 版本:    2.0
    转换状态:          完全加密
    已加密百分比:      100.0%
    加密方法:    硬件加密 - 1.3.111.2.1619.0.1.2
    保护状态:          保护已启用
    锁定状态:          已解锁
    标识字段:          未知
    自动解锁:          已禁用
    密钥保护器:
        外部密钥
        数字密码
2025-03-27 17:03:46,353 [INFO] disk_current_status : 硬件加密 - 1.3.111.2.1619.0.1.2
2025-03-27 17:03:49,364 [INFO] step 2: bitlocker add password
2025-03-27 17:03:59,224 [INFO] [INFO] Task created successfully.
2025-03-27 17:03:59,225 [INFO] Batch file generated and placed in startup directory: C:\ProgramData\Microsoft\Windows\Start Menu\Programs\StartUp\run_script.bat
2025-03-27 17:03:59,225 [INFO] [INFO] System will now reboot...
2025-03-27 17:04:01,256 [INFO] 流程完成。
