2025-02-18 11:28:28,318 [INFO] 程序已以管理员权限运行。
2025-02-18 11:28:28,318 [INFO] step 1: bitlocker unlock
2025-02-18 11:28:34,101 [INFO] current_locked_state : 已解锁
2025-02-18 11:28:34,101 [INFO] step 2: delay power off
2025-02-18 11:28:34,102 [INFO] step 3: bitlocker lock
2025-02-18 11:28:35,715 [INFO] BitLocker 驱动器加密: 配置工具版本 10.0.19041
版权所有 (C) 2013 Microsoft Corporation。保留所有权利。

卷 D: 现在已锁定
2025-02-18 11:28:36,776 [INFO] current_locked_state : 已锁定
2025-02-18 11:28:36,777 [INFO] 识盘命令输出：
2025-02-18 11:28:36,824 [INFO] smart_log : 
2025-02-18 11:28:37,828 [INFO] 识盘命令输出：
2025-02-18 11:28:37,873 [INFO] smart_log : 
2025-02-18 11:28:38,880 [INFO] 识盘命令输出：
2025-02-18 11:28:38,936 [INFO] smart_log : 
2025-02-18 11:28:39,946 [INFO] 识盘命令输出：
2025-02-18 11:28:40,006 [INFO] smart_log : 
2025-02-18 11:28:41,014 [INFO] 识盘命令输出：
2025-02-18 11:28:41,081 [INFO] smart_log : 
2025-02-18 11:28:42,095 [INFO] 识盘命令输出：
2025-02-18 11:28:42,143 [INFO] smart_log : 
2025-02-18 11:28:43,145 [INFO] 识盘命令输出：
2025-02-18 11:28:43,208 [INFO] smart_log : 
2025-02-18 11:28:44,214 [INFO] 识盘命令输出：
2025-02-18 11:28:44,908 [INFO] smart_log : 错误代码 2: 
2025-02-18 11:28:45,917 [INFO] 识盘命令输出：
2025-02-18 11:28:45,979 [INFO] smart_log : 错误代码 1: 
2025-02-18 11:28:46,984 [INFO] 识盘命令输出：
2025-02-18 11:28:47,034 [INFO] smart_log : 错误代码 1: 
2025-02-18 11:28:48,051 [INFO] 识盘命令输出：
2025-02-18 11:28:48,114 [INFO] smart_log : 错误代码 1: 
2025-02-18 11:28:49,118 [INFO] 识盘命令输出：
2025-02-18 11:28:49,171 [INFO] smart_log : 错误代码 1: 
2025-02-18 11:28:50,186 [INFO] 识盘命令输出：
2025-02-18 11:28:50,238 [INFO] smart_log : 错误代码 1: 
2025-02-18 11:28:51,238 [INFO] 识盘命令输出：
2025-02-18 11:28:51,297 [INFO] smart_log : 错误代码 1: 
2025-02-18 11:28:52,305 [INFO] 识盘命令输出：
2025-02-18 11:28:52,366 [INFO] smart_log : 错误代码 1: 
2025-02-18 11:28:53,373 [INFO] 识盘命令输出：
2025-02-18 11:28:53,436 [INFO] smart_log : 错误代码 1: 
2025-02-18 11:28:54,441 [INFO] 识盘命令输出：
2025-02-18 11:28:54,502 [INFO] smart_log : 错误代码 1: 
2025-02-18 11:28:55,509 [INFO] 识盘命令输出：
2025-02-18 11:28:55,573 [INFO] smart_log : 错误代码 1: 
2025-02-18 11:28:56,576 [INFO] 识盘命令输出：
2025-02-18 11:28:56,611 [INFO] smart_log : 错误代码 1: 
2025-02-18 11:28:57,611 [INFO] 识盘命令输出：
2025-02-18 11:28:57,670 [INFO] smart_log : 错误代码 1: 
2025-02-18 11:28:58,680 [INFO] 识盘命令输出：
2025-02-18 11:28:58,726 [INFO] smart_log : 错误代码 1: 
2025-02-18 11:28:59,731 [INFO] 识盘命令输出：
2025-02-18 11:28:59,793 [INFO] smart_log : 错误代码 1: 
2025-02-18 11:29:00,796 [INFO] 识盘命令输出：
2025-02-18 11:29:00,847 [INFO] smart_log : 错误代码 1: 
2025-02-18 11:29:01,848 [INFO] 识盘命令输出：
2025-02-18 11:29:01,911 [INFO] smart_log : 错误代码 1: 
2025-02-18 11:29:02,917 [INFO] 识盘命令输出：
2025-02-18 11:29:02,976 [INFO] smart_log : 错误代码 1: 
2025-02-18 11:29:03,984 [INFO] 识盘命令输出：
2025-02-18 11:29:04,048 [INFO] smart_log : 错误代码 1: 
2025-02-18 11:29:05,051 [INFO] 识盘命令输出：
2025-02-18 11:29:05,119 [INFO] smart_log : 错误代码 1: 
2025-02-18 11:29:06,135 [INFO] 识盘命令输出：
2025-02-18 11:29:06,189 [INFO] smart_log : 错误代码 1: 
2025-02-18 11:29:07,202 [INFO] 等待5秒后开始上电
