2025-03-27 16:47:03,820 [INFO] 程序已以管理员权限运行。
2025-03-27 16:47:03,820 [INFO] new volume
2025-03-27 16:47:24,203 [INFO] Scanning for Opal compliant disks
\\.\PhysicalDrive0  2      RSYE3839S-3840                           SP301016
\\.\PhysicalDrive1 No       
No more disks present ending scan
2025-03-27 16:47:24,203 [INFO] step 1: status check
2025-03-27 16:47:24,247 [INFO] BitLocker 驱动器加密: 配置工具版本 10.0.19041
版权所有 (C) 2013 Microsoft Corporation。保留所有权利。

卷 D: []
[数据卷]

    大小:              3576.97 GB
    BitLocker 版本:    无
    转换状态:          完全解密
    已加密百分比:      0.0%
    加密方法:          无
    保护状态:          保护关闭
    锁定状态:          已解锁
    标识字段:          无
    自动解锁:          已禁用
    密钥保护器:        找不到
2025-03-27 16:47:24,248 [INFO] disk_current_status : {'BitLocker 驱动器加密': '配置工具版本 10.0.19041', '卷 D': '[]', '大小': '3576.97 GB', 'BitLocker 版本': '无', '转换状态': '完全解密', '已加密百分比': '0.0%', '加密方法': '无', '保护状态': '保护关闭', '锁定状态': '已解锁', '标识字段': '无', '自动解锁': '已禁用', '密钥保护器': '找不到'}
2025-03-27 16:47:24,248 [INFO] FIO read write
2025-03-27 16:47:24,249 [INFO] Running command: fio.exe --name=seqwrite --rw=write --bs=128k --size=10G --directory=D\:\fio_test --filename=testfile --iodepth=1 --output=fio_log\seqwrite.log
2025-03-27 16:47:39,579 [INFO] Sequential write completed successfully.
2025-03-27 16:47:39,580 [INFO] step 2: bitlocker on
2025-03-27 16:47:49,428 [INFO] key: {password}
2025-03-27 16:47:50,486 [INFO] disk_current_status : {'BitLocker 驱动器加密': '配置工具版本 10.0.19041', '卷 D': '[]', '大小': '3576.97 GB', 'BitLocker 版本': '无', '转换状态': '完全解密', '已加密百分比': '0.0%', '加密方法': '无', '保护状态': '保护关闭', '锁定状态': '已解锁', '标识字段': '无', '自动解锁': '已禁用', '密钥保护器': '找不到'}
2025-03-27 16:47:50,487 [INFO] step 3: bitlocker add password
2025-03-27 16:47:55,302 [INFO] step 4: bitlocker change password
2025-03-27 16:48:01,099 [INFO] step 5: bitlocker lock
2025-03-27 16:48:05,096 [INFO] BitLocker 驱动器加密: 配置工具版本 10.0.19041
版权所有 (C) 2013 Microsoft Corporation。保留所有权利。

卷 D: 现在已锁定
2025-03-27 16:48:06,163 [INFO] current_locked_state : 已锁定
2025-03-27 16:48:06,163 [INFO] step 6: read and write after disk locked
2025-03-27 16:48:06,163 [ERROR] 写入失败，错误信息：[Errno 22] Invalid argument: 'D://test_file.txt'
Traceback (most recent call last):
  File "t_Tcg_BitLocker_19_BaseIoFormat.py", line 87, in verify_locked
    with open(test_file, "w") as file:
OSError: [Errno 22] Invalid argument: 'D://test_file.txt'
2025-03-27 16:48:06,163 [ERROR] 读取失败，错误信息：[WinError -2144272384] BitLocker 驱动器加密已锁定该驱动器。必须从控制面板解除此驱动器锁定。: 'D://'
Traceback (most recent call last):
  File "t_Tcg_BitLocker_19_BaseIoFormat.py", line 100, in verify_locked
    files = os.listdir(drive_letter)
OSError: [WinError -2144272384] BitLocker 驱动器加密已锁定该驱动器。必须从控制面板解除此驱动器锁定。: 'D://'
2025-03-27 16:48:06,164 [ERROR] 写入失败，错误信息：[Errno 22] Invalid argument: 'D://test_file.txt'
Traceback (most recent call last):
  File "t_Tcg_BitLocker_19_BaseIoFormat.py", line 87, in verify_locked
    with open(test_file, "w") as file:
OSError: [Errno 22] Invalid argument: 'D://test_file.txt'
2025-03-27 16:48:06,164 [ERROR] 读取失败，错误信息：[WinError -2144272384] BitLocker 驱动器加密已锁定该驱动器。必须从控制面板解除此驱动器锁定。: 'D://'
Traceback (most recent call last):
  File "t_Tcg_BitLocker_19_BaseIoFormat.py", line 100, in verify_locked
    files = os.listdir(drive_letter)
OSError: [WinError -2144272384] BitLocker 驱动器加密已锁定该驱动器。必须从控制面板解除此驱动器锁定。: 'D://'
2025-03-27 16:48:06,164 [INFO] D: 已被锁定。
2025-03-27 16:48:06,164 [INFO] step 7: bitlocker unlock
2025-03-27 16:48:11,979 [INFO] current_locked_state : 已解锁
2025-03-27 16:48:11,979 [INFO] step 8: bitlocker off
2025-03-27 16:48:17,099 [INFO] current_transition_state : 完全解密
2025-03-27 16:48:17,100 [INFO] step 9: bitlocker on again
2025-03-27 16:48:26,991 [INFO] key: 512116-616308-505780-251416-597432-364067-620807-238326
2025-03-27 16:48:26,991 [INFO] step 10: bitlocker off
2025-03-27 16:48:32,139 [INFO] current_transition_state : 完全解密
2025-03-27 16:48:32,140 [INFO] step 11: format
2025-03-27 16:48:52,548 [INFO] Scanning for Opal compliant disks
\\.\PhysicalDrive0  2      RSYE3839S-3840                           SP301016
\\.\PhysicalDrive1 No       
No more disks present ending scan
