2025-03-17 16:03:52,508 [INFO] 程序已以管理员权限运行。
2025-03-17 16:03:52,509 [INFO] step 0: delay power off
2025-03-17 16:03:52,510 [INFO] step 1 Format
2025-03-17 16:04:12,862 [INFO] step 2: status check
2025-03-17 16:04:12,893 [INFO] current_transition_state : 错误代码 136: Invalid or unsupported disk \\.\PhysicalDrive0
2025-03-17 16:04:12,893 [INFO] 识盘命令输出：
2025-03-17 16:04:12,930 [INFO] smart_log : 错误代码 1: 
2025-03-17 16:04:13,946 [INFO] 识盘命令输出：
2025-03-17 16:04:14,000 [INFO] smart_log : 错误代码 1: 
2025-03-17 16:04:15,014 [INFO] 识盘命令输出：
2025-03-17 16:04:15,074 [INFO] smart_log : 错误代码 1: 
2025-03-17 16:04:16,082 [INFO] 识盘命令输出：
2025-03-17 16:04:16,137 [INFO] smart_log : 错误代码 1: 
2025-03-17 16:04:17,150 [INFO] 识盘命令输出：
2025-03-17 16:04:17,208 [INFO] smart_log : 错误代码 1: 
2025-03-17 16:04:18,219 [INFO] 识盘命令输出：
2025-03-17 16:04:18,278 [INFO] smart_log : 错误代码 1: 
2025-03-17 16:04:19,287 [INFO] 识盘命令输出：
2025-03-17 16:04:19,340 [INFO] smart_log : 错误代码 1: 
2025-03-17 16:04:20,356 [INFO] 识盘命令输出：
2025-03-17 16:04:20,413 [INFO] smart_log : 错误代码 1: 
2025-03-17 16:04:21,424 [INFO] 识盘命令输出：
2025-03-17 16:04:21,486 [INFO] smart_log : 错误代码 1: 
2025-03-17 16:04:22,500 [INFO] 识盘命令输出：
2025-03-17 16:04:22,555 [INFO] smart_log : 错误代码 1: 
2025-03-17 16:04:23,567 [INFO] 等待5秒后开始上电
