2025-03-24 14:55:39,115 [INFO] 程序已以管理员权限运行。
2025-03-24 14:55:39,115 [INFO] step 1: status check
2025-03-24 14:55:39,211 [INFO] BitLocker 驱动器加密: 配置工具版本 10.0.19041
版权所有 (C) 2013 Microsoft Corporation。保留所有权利。

卷 D: [标签未知]
[数据卷]

    大小:              未知 GB
    BitLocker 版本:    2.0
    转换状态:          未知
    已加密百分比:      未知%
    加密方法:    硬件加密 - 1.3.111.2.1619.0.1.2
    保护状态:          未知
    锁定状态:          已锁定
    标识字段:          未知
    自动解锁:          已禁用
    密钥保护器:
        外部密钥
        数字密码
        密码
2025-03-24 14:55:39,213 [INFO] disk_current_status : {'BitLocker 驱动器加密': '配置工具版本 10.0.19041', '卷 D': '[标签未知]', '大小': '未知 GB', 'BitLocker 版本': '2.0', '转换状态': '未知', '已加密百分比': '未知%', '加密方法': '硬件加密 - 1.3.111.2.1619.0.1.2', '保护状态': '未知', '锁定状态': '已锁定', '标识字段': '未知', '自动解锁': '已禁用'}
2025-03-24 14:55:39,215 [INFO] step 2: bitlocker on
2025-03-24 14:55:39,215 [INFO] step 3: bitlocker add password
2025-03-24 14:55:42,685 [INFO] step 4: delay power off
2025-03-24 14:55:42,686 [INFO] 识盘命令输出：
2025-03-24 14:55:42,821 [INFO] smart_log : 
2025-03-24 14:55:43,837 [INFO] 识盘命令输出：
2025-03-24 14:55:43,893 [INFO] smart_log : 
2025-03-24 14:55:44,908 [INFO] 识盘命令输出：
2025-03-24 14:55:44,958 [INFO] smart_log : 
2025-03-24 14:55:45,964 [INFO] 识盘命令输出：
2025-03-24 14:55:46,024 [INFO] smart_log : 
2025-03-24 14:55:47,034 [INFO] 识盘命令输出：
2025-03-24 14:55:47,087 [INFO] smart_log : 
2025-03-24 14:55:48,089 [INFO] 识盘命令输出：
2025-03-24 14:55:48,509 [INFO] smart_log : 错误代码 2: 
2025-03-24 14:55:49,510 [INFO] 识盘命令输出：
2025-03-24 14:55:49,555 [INFO] smart_log : 错误代码 1: 
2025-03-24 14:55:50,566 [INFO] 识盘命令输出：
2025-03-24 14:55:50,610 [INFO] smart_log : 错误代码 1: 
2025-03-24 14:55:51,622 [INFO] 识盘命令输出：
2025-03-24 14:55:51,674 [INFO] smart_log : 错误代码 1: 
2025-03-24 14:55:52,676 [INFO] 识盘命令输出：
2025-03-24 14:55:52,711 [INFO] smart_log : 错误代码 1: 
2025-03-24 14:55:53,714 [INFO] 识盘命令输出：
2025-03-24 14:55:53,753 [INFO] smart_log : 错误代码 1: 
2025-03-24 14:55:54,767 [INFO] 识盘命令输出：
2025-03-24 14:55:54,807 [INFO] smart_log : 错误代码 1: 
2025-03-24 14:55:55,822 [INFO] 识盘命令输出：
2025-03-24 14:55:55,868 [INFO] smart_log : 错误代码 1: 
2025-03-24 14:55:56,877 [INFO] 识盘命令输出：
2025-03-24 14:55:56,922 [INFO] smart_log : 错误代码 1: 
2025-03-24 14:55:57,932 [INFO] 识盘命令输出：
2025-03-24 14:55:57,977 [INFO] smart_log : 错误代码 1: 
2025-03-24 14:55:58,985 [INFO] 识盘命令输出：
2025-03-24 14:55:59,028 [INFO] smart_log : 错误代码 1: 
2025-03-24 14:56:00,041 [INFO] 识盘命令输出：
2025-03-24 14:56:00,081 [INFO] smart_log : 错误代码 1: 
2025-03-24 14:56:01,081 [INFO] 识盘命令输出：
2025-03-24 14:56:01,125 [INFO] smart_log : 错误代码 1: 
2025-03-24 14:56:02,137 [INFO] 识盘命令输出：
2025-03-24 14:56:02,179 [INFO] smart_log : 错误代码 1: 
2025-03-24 14:56:03,193 [INFO] 等待5秒后开始上电
