2025-03-27 16:42:48,219 [INFO] 程序已以管理员权限运行。
2025-03-27 16:42:48,219 [INFO] new volume
2025-03-27 16:43:08,622 [INFO] Scanning for Opal compliant disks
\\.\PhysicalDrive0  2      RSYE3839S-3840                           SP301016
\\.\PhysicalDrive1 No       
No more disks present ending scan
2025-03-27 16:43:08,622 [INFO] step 1: status check
2025-03-27 16:43:08,669 [INFO] BitLocker 驱动器加密: 配置工具版本 10.0.19041
版权所有 (C) 2013 Microsoft Corporation。保留所有权利。

卷 D: []
[数据卷]

    大小:              3576.97 GB
    BitLocker 版本:    无
    转换状态:          完全解密
    已加密百分比:      0.0%
    加密方法:          无
    保护状态:          保护关闭
    锁定状态:          已解锁
    标识字段:          无
    自动解锁:          已禁用
    密钥保护器:        找不到
2025-03-27 16:43:08,669 [INFO] disk_current_status : {'BitLocker 驱动器加密': '配置工具版本 10.0.19041', '卷 D': '[]', '大小': '3576.97 GB', 'BitLocker 版本': '无', '转换状态': '完全解密', '已加密百分比': '0.0%', '加密方法': '无', '保护状态': '保护关闭', '锁定状态': '已解锁', '标识字段': '无', '自动解锁': '已禁用', '密钥保护器': '找不到'}
2025-03-27 16:43:08,670 [INFO] step 2: bitlocker on
2025-03-27 16:43:11,686 [INFO] key: {password}
2025-03-27 16:43:12,768 [INFO] disk_current_status : {'BitLocker 驱动器加密': '配置工具版本 10.0.19041', '卷 D': '[]', '大小': '3576.97 GB', 'BitLocker 版本': '无', '转换状态': '完全解密', '已加密百分比': '0.0%', '加密方法': '无', '保护状态': '保护关闭', '锁定状态': '已解锁', '标识字段': '无', '自动解锁': '已禁用', '密钥保护器': '找不到'}
2025-03-27 16:43:12,768 [INFO] step 3: bitlocker add password
2025-03-27 16:43:16,609 [INFO] step 4: bitlocker change password
2025-03-27 16:43:22,446 [INFO] step 5: bitlocker lock
2025-03-27 16:43:24,108 [INFO] BitLocker 驱动器加密: 配置工具版本 10.0.19041
版权所有 (C) 2013 Microsoft Corporation。保留所有权利。

卷 D: 现在已锁定
2025-03-27 16:43:25,192 [INFO] current_locked_state : 已锁定
2025-03-27 16:43:25,192 [INFO] step 6: read and write after disk locked
2025-03-27 16:43:25,193 [ERROR] 写入失败，错误信息：[Errno 22] Invalid argument: 'D://test_file.txt'
Traceback (most recent call last):
  File "t_Tcg_BitLocker_16_BaseFormat.py", line 86, in verify_locked
    with open(test_file, "w") as file:
OSError: [Errno 22] Invalid argument: 'D://test_file.txt'
2025-03-27 16:43:25,193 [ERROR] 读取失败，错误信息：[WinError -2144272384] BitLocker 驱动器加密已锁定该驱动器。必须从控制面板解除此驱动器锁定。: 'D://'
Traceback (most recent call last):
  File "t_Tcg_BitLocker_16_BaseFormat.py", line 99, in verify_locked
    files = os.listdir(drive_letter)
OSError: [WinError -2144272384] BitLocker 驱动器加密已锁定该驱动器。必须从控制面板解除此驱动器锁定。: 'D://'
2025-03-27 16:43:25,194 [ERROR] 写入失败，错误信息：[Errno 22] Invalid argument: 'D://test_file.txt'
Traceback (most recent call last):
  File "t_Tcg_BitLocker_16_BaseFormat.py", line 86, in verify_locked
    with open(test_file, "w") as file:
OSError: [Errno 22] Invalid argument: 'D://test_file.txt'
2025-03-27 16:43:25,194 [ERROR] 读取失败，错误信息：[WinError -2144272384] BitLocker 驱动器加密已锁定该驱动器。必须从控制面板解除此驱动器锁定。: 'D://'
Traceback (most recent call last):
  File "t_Tcg_BitLocker_16_BaseFormat.py", line 99, in verify_locked
    files = os.listdir(drive_letter)
OSError: [WinError -2144272384] BitLocker 驱动器加密已锁定该驱动器。必须从控制面板解除此驱动器锁定。: 'D://'
2025-03-27 16:43:25,194 [INFO] D: 已被锁定。
2025-03-27 16:43:25,194 [INFO] step 7: bitlocker unlock
2025-03-27 16:43:31,000 [INFO] current_locked_state : 已解锁
2025-03-27 16:43:31,001 [INFO] step 8: bitlocker off
2025-03-27 16:43:36,170 [INFO] current_transition_state : 完全解密
2025-03-27 16:43:36,171 [INFO] step 9: bitlocker on again
2025-03-27 16:43:46,127 [INFO] key: 210925-459855-177826-361625-680493-389675-232034-160996
2025-03-27 16:43:46,127 [INFO] step 10: bitlocker off
2025-03-27 16:43:51,184 [INFO] current_transition_state : 完全解密
2025-03-27 16:43:51,185 [INFO] step 11: format
2025-03-27 16:44:11,586 [INFO] Scanning for Opal compliant disks
\\.\PhysicalDrive0  2      RSYE3839S-3840                           SP301016
\\.\PhysicalDrive1 No       
No more disks present ending scan
