2025-04-07 20:35:50,528 [INFO] 程序已以管理员权限运行。
2025-04-07 20:35:50,529 [INFO] new volume
2025-04-07 20:36:10,938 [INFO] Scanning for Opal compliant disks
\\.\PhysicalDrive0  2      RSYE3839S-3840                           SP301018
\\.\PhysicalDrive1 No       
No more disks present ending scan
2025-04-07 20:36:10,938 [INFO] step 1: status check
2025-04-07 20:36:10,990 [INFO] BitLocker 驱动器加密: 配置工具版本 10.0.19041
版权所有 (C) 2013 Microsoft Corporation。保留所有权利。

卷 D: []
[数据卷]

    大小:              3576.97 GB
    BitLocker 版本:    无
    转换状态:          完全解密
    已加密百分比:      0.0%
    加密方法:          无
    保护状态:          保护关闭
    锁定状态:          已解锁
    标识字段:          无
    自动解锁:          已禁用
    密钥保护器:        找不到
2025-04-07 20:36:10,991 [INFO] disk_current_status : {'BitLocker 驱动器加密': '配置工具版本 10.0.19041', '卷 D': '[]', '大小': '3576.97 GB', 'BitLocker 版本': '无', '转换状态': '完全解密', '已加密百分比': '0.0%', '加密方法': '无', '保护状态': '保护关闭', '锁定状态': '已解锁', '标识字段': '无', '自动解锁': '已禁用', '密钥保护器': '找不到'}
2025-04-07 20:36:10,991 [INFO] FIO read write
2025-04-07 20:36:10,992 [INFO] Running command: fio.exe --name=seqwrite --rw=write --bs=128k --size=10G --directory=D\:\fio_test --filename=testfile --iodepth=1 --output=fio_log\seqwrite.log
2025-04-07 20:36:26,564 [INFO] Sequential write completed successfully.
2025-04-07 20:36:26,564 [INFO] step 2: bitlocker on
2025-04-07 20:36:33,996 [INFO] key: {password}
2025-04-07 20:36:35,066 [INFO] disk_current_status : {'BitLocker 驱动器加密': '配置工具版本 10.0.19041', '卷 D': '[]', '大小': '3576.97 GB', 'BitLocker 版本': '无', '转换状态': '完全解密', '已加密百分比': '0.0%', '加密方法': '无', '保护状态': '保护关闭', '锁定状态': '已解锁', '标识字段': '无', '自动解锁': '已禁用', '密钥保护器': '找不到'}
2025-04-07 20:36:35,066 [INFO] step 3: bitlocker add password
2025-04-07 20:36:39,810 [INFO] step 4: bitlocker change password
2025-04-07 20:36:45,375 [INFO] step 5: bitlocker lock
2025-04-07 20:36:48,478 [INFO] BitLocker 驱动器加密: 配置工具版本 10.0.19041
版权所有 (C) 2013 Microsoft Corporation。保留所有权利。

卷 D: 现在已锁定
2025-04-07 20:36:49,563 [INFO] current_locked_state : 已锁定
2025-04-07 20:36:49,563 [INFO] step 6: read and write after disk locked
2025-04-07 20:36:49,564 [ERROR] 写入失败，错误信息：[Errno 22] Invalid argument: 'D://test_file.txt'
Traceback (most recent call last):
  File "t_Tcg_BitLocker_20_BaseIoAPL.py", line 91, in verify_locked
    with open(test_file, "w") as file:
OSError: [Errno 22] Invalid argument: 'D://test_file.txt'
2025-04-07 20:36:49,565 [ERROR] 读取失败，错误信息：[WinError -2144272384] BitLocker 驱动器加密已锁定该驱动器。必须从控制面板解除此驱动器锁定。: 'D://'
Traceback (most recent call last):
  File "t_Tcg_BitLocker_20_BaseIoAPL.py", line 104, in verify_locked
    files = os.listdir(drive_letter)
OSError: [WinError -2144272384] BitLocker 驱动器加密已锁定该驱动器。必须从控制面板解除此驱动器锁定。: 'D://'
2025-04-07 20:36:49,565 [ERROR] 写入失败，错误信息：[Errno 22] Invalid argument: 'D://test_file.txt'
Traceback (most recent call last):
  File "t_Tcg_BitLocker_20_BaseIoAPL.py", line 91, in verify_locked
    with open(test_file, "w") as file:
OSError: [Errno 22] Invalid argument: 'D://test_file.txt'
2025-04-07 20:36:49,565 [ERROR] 读取失败，错误信息：[WinError -2144272384] BitLocker 驱动器加密已锁定该驱动器。必须从控制面板解除此驱动器锁定。: 'D://'
Traceback (most recent call last):
  File "t_Tcg_BitLocker_20_BaseIoAPL.py", line 104, in verify_locked
    files = os.listdir(drive_letter)
OSError: [WinError -2144272384] BitLocker 驱动器加密已锁定该驱动器。必须从控制面板解除此驱动器锁定。: 'D://'
2025-04-07 20:36:49,565 [INFO] D: 已被锁定。
2025-04-07 20:36:49,565 [INFO] step 7: bitlocker unlock
2025-04-07 20:36:54,623 [INFO] current_locked_state : 已解锁
2025-04-07 20:36:54,623 [INFO] step 8: bitlocker off
2025-04-07 20:36:58,406 [INFO] current_transition_state : 完全解密
2025-04-07 20:36:58,407 [INFO] step 9: bitlocker on again
2025-04-07 20:37:05,700 [INFO] key: 047718-242352-136499-296604-151646-644567-033011-441056
2025-04-07 20:37:05,700 [INFO] step 10: bitlocker off
2025-04-07 20:37:09,651 [INFO] current_transition_state : 完全解密
2025-04-07 20:37:09,652 [INFO] step 11: APL
2025-04-07 20:37:09,655 [INFO] delay power off
2025-04-07 20:37:09,657 [INFO] 识盘命令输出：
2025-04-07 20:37:09,718 [INFO] smart_log : 
2025-04-07 20:37:10,721 [INFO] 识盘命令输出：
2025-04-07 20:37:10,787 [INFO] smart_log : 
2025-04-07 20:37:11,793 [INFO] 识盘命令输出：
2025-04-07 20:37:12,435 [INFO] smart_log : 错误代码 2: 
2025-04-07 20:37:13,450 [INFO] 识盘命令输出：
2025-04-07 20:37:13,503 [INFO] smart_log : 错误代码 1: 
2025-04-07 20:37:14,505 [INFO] 识盘命令输出：
2025-04-07 20:37:14,562 [INFO] smart_log : 错误代码 1: 
2025-04-07 20:37:15,575 [INFO] 识盘命令输出：
2025-04-07 20:37:15,637 [INFO] smart_log : 错误代码 1: 
2025-04-07 20:37:16,647 [INFO] 识盘命令输出：
2025-04-07 20:37:16,703 [INFO] smart_log : 错误代码 1: 
2025-04-07 20:37:17,714 [INFO] 识盘命令输出：
2025-04-07 20:37:17,770 [INFO] smart_log : 错误代码 1: 
2025-04-07 20:37:18,776 [INFO] 识盘命令输出：
2025-04-07 20:37:18,833 [INFO] smart_log : 错误代码 1: 
2025-04-07 20:37:19,846 [INFO] 等待5秒后开始上电
