2025-02-21 14:50:04,087 [INFO] 程序已以管理员权限运行。
2025-02-21 14:50:04,087 [INFO] step 3: delay power off
2025-02-21 14:50:04,088 [INFO] step 4: bitlocker unlock
2025-02-21 14:50:09,761 [INFO] current_locked_state : 已解锁
2025-02-21 14:50:09,761 [INFO] 识盘命令输出：
2025-02-21 14:50:09,809 [INFO] smart_log : 
2025-02-21 14:50:10,812 [INFO] 识盘命令输出：
2025-02-21 14:50:10,870 [INFO] smart_log : 
2025-02-21 14:50:11,875 [INFO] 识盘命令输出：
2025-02-21 14:50:11,940 [INFO] smart_log : 
2025-02-21 14:50:12,952 [INFO] 识盘命令输出：
2025-02-21 14:50:13,023 [INFO] smart_log : 
2025-02-21 14:50:14,035 [INFO] 识盘命令输出：
2025-02-21 14:50:14,105 [INFO] smart_log : 
2025-02-21 14:50:15,116 [INFO] 识盘命令输出：
2025-02-21 14:50:15,148 [INFO] smart_log : 错误代码 1: 
2025-02-21 14:50:16,163 [INFO] 识盘命令输出：
2025-02-21 14:50:16,221 [INFO] smart_log : 错误代码 1: 
2025-02-21 14:50:17,226 [INFO] 识盘命令输出：
2025-02-21 14:50:17,289 [INFO] smart_log : 错误代码 1: 
2025-02-21 14:50:18,304 [INFO] 识盘命令输出：
2025-02-21 14:50:18,366 [INFO] smart_log : 错误代码 1: 
2025-02-21 14:50:19,368 [INFO] 识盘命令输出：
2025-02-21 14:50:19,424 [INFO] smart_log : 错误代码 1: 
2025-02-21 14:50:20,432 [INFO] 识盘命令输出：
2025-02-21 14:50:20,490 [INFO] smart_log : 错误代码 1: 
2025-02-21 14:50:21,497 [INFO] 识盘命令输出：
2025-02-21 14:50:21,555 [INFO] smart_log : 错误代码 1: 
2025-02-21 14:50:22,557 [INFO] 识盘命令输出：
2025-02-21 14:50:22,619 [INFO] smart_log : 错误代码 1: 
2025-02-21 14:50:23,624 [INFO] 识盘命令输出：
2025-02-21 14:50:23,681 [INFO] smart_log : 错误代码 1: 
2025-02-21 14:50:24,689 [INFO] 识盘命令输出：
2025-02-21 14:50:24,748 [INFO] smart_log : 错误代码 1: 
2025-02-21 14:50:25,751 [INFO] 识盘命令输出：
2025-02-21 14:50:25,805 [INFO] smart_log : 错误代码 1: 
2025-02-21 14:50:26,816 [INFO] 识盘命令输出：
2025-02-21 14:50:26,863 [INFO] smart_log : 错误代码 1: 
2025-02-21 14:50:27,867 [INFO] 识盘命令输出：
2025-02-21 14:50:27,923 [INFO] smart_log : 错误代码 1: 
2025-02-21 14:50:28,934 [INFO] 识盘命令输出：
2025-02-21 14:50:28,994 [INFO] smart_log : 错误代码 1: 
2025-02-21 14:50:30,002 [INFO] 识盘命令输出：
2025-02-21 14:50:30,048 [INFO] smart_log : 错误代码 1: 
2025-02-21 14:50:31,053 [INFO] 识盘命令输出：
2025-02-21 14:50:31,103 [INFO] smart_log : 错误代码 1: 
2025-02-21 14:50:32,104 [INFO] 识盘命令输出：
2025-02-21 14:50:32,160 [INFO] smart_log : 错误代码 1: 
2025-02-21 14:50:33,169 [INFO] 识盘命令输出：
2025-02-21 14:50:33,231 [INFO] smart_log : 错误代码 1: 
2025-02-21 14:50:34,233 [INFO] 识盘命令输出：
2025-02-21 14:50:34,286 [INFO] smart_log : 错误代码 1: 
2025-02-21 14:50:35,298 [INFO] 识盘命令输出：
2025-02-21 14:50:35,359 [INFO] smart_log : 错误代码 1: 
2025-02-21 14:50:36,366 [INFO] 识盘命令输出：
2025-02-21 14:50:36,419 [INFO] smart_log : 错误代码 1: 
2025-02-21 14:50:37,430 [INFO] 识盘命令输出：
2025-02-21 14:50:37,488 [INFO] smart_log : 错误代码 1: 
2025-02-21 14:50:38,503 [INFO] 识盘命令输出：
2025-02-21 14:50:38,559 [INFO] smart_log : 错误代码 1: 
2025-02-21 14:50:39,570 [INFO] 识盘命令输出：
2025-02-21 14:50:39,630 [INFO] smart_log : 错误代码 1: 
2025-02-21 14:50:40,637 [INFO] 等待5秒后开始上电
