2025-03-17 15:35:23,111 [INFO] 程序已以管理员权限运行。
2025-03-17 15:35:23,111 [INFO] step 1: bitlocker unlock
2025-03-17 15:35:28,794 [INFO] current_locked_state : 已解锁
2025-03-17 15:35:28,794 [INFO] step 2: bitlocker change password
2025-03-17 15:35:35,678 [INFO] step 3: delay power off
2025-03-17 15:35:35,679 [INFO] 识盘命令输出：
2025-03-17 15:35:35,735 [INFO] smart_log : 
2025-03-17 15:35:36,743 [INFO] 识盘命令输出：
2025-03-17 15:35:36,807 [INFO] smart_log : 
2025-03-17 15:35:37,825 [INFO] 识盘命令输出：
2025-03-17 15:35:37,896 [INFO] smart_log : 
2025-03-17 15:35:38,909 [INFO] 识盘命令输出：
2025-03-17 15:35:38,986 [INFO] smart_log : 
2025-03-17 15:35:39,994 [INFO] 识盘命令输出：
2025-03-17 15:35:40,054 [INFO] smart_log : 
2025-03-17 15:35:41,062 [INFO] 识盘命令输出：
2025-03-17 15:35:41,144 [INFO] smart_log : 
2025-03-17 15:35:42,146 [INFO] 识盘命令输出：
2025-03-17 15:35:42,226 [INFO] smart_log : 
2025-03-17 15:35:43,230 [INFO] 识盘命令输出：
2025-03-17 15:35:43,309 [INFO] smart_log : 
2025-03-17 15:35:44,314 [INFO] 识盘命令输出：
2025-03-17 15:35:44,387 [INFO] smart_log : 
2025-03-17 15:35:45,397 [INFO] 识盘命令输出：
2025-03-17 15:35:45,473 [INFO] smart_log : 
2025-03-17 15:35:46,481 [INFO] 识盘命令输出：
2025-03-17 15:35:46,536 [INFO] smart_log : 错误代码 1: 
2025-03-17 15:35:47,545 [INFO] 识盘命令输出：
2025-03-17 15:35:47,607 [INFO] smart_log : 错误代码 1: 
2025-03-17 15:35:48,619 [INFO] 识盘命令输出：
2025-03-17 15:35:48,674 [INFO] smart_log : 错误代码 1: 
2025-03-17 15:35:49,687 [INFO] 识盘命令输出：
2025-03-17 15:35:49,747 [INFO] smart_log : 错误代码 1: 
2025-03-17 15:35:50,756 [INFO] 识盘命令输出：
2025-03-17 15:35:50,818 [INFO] smart_log : 错误代码 1: 
2025-03-17 15:35:51,824 [INFO] 识盘命令输出：
2025-03-17 15:35:51,881 [INFO] smart_log : 错误代码 1: 
2025-03-17 15:35:52,893 [INFO] 识盘命令输出：
2025-03-17 15:35:52,955 [INFO] smart_log : 错误代码 1: 
2025-03-17 15:35:53,961 [INFO] 识盘命令输出：
2025-03-17 15:35:54,020 [INFO] smart_log : 错误代码 1: 
2025-03-17 15:35:55,030 [INFO] 识盘命令输出：
2025-03-17 15:35:55,072 [INFO] smart_log : 错误代码 1: 
2025-03-17 15:35:56,082 [INFO] 识盘命令输出：
2025-03-17 15:35:56,146 [INFO] smart_log : 错误代码 1: 
2025-03-17 15:35:57,151 [INFO] 识盘命令输出：
2025-03-17 15:35:57,215 [INFO] smart_log : 错误代码 1: 
2025-03-17 15:35:58,219 [INFO] 识盘命令输出：
2025-03-17 15:35:58,275 [INFO] smart_log : 错误代码 1: 
2025-03-17 15:35:59,286 [INFO] 识盘命令输出：
2025-03-17 15:35:59,347 [INFO] smart_log : 错误代码 1: 
2025-03-17 15:36:00,359 [INFO] 识盘命令输出：
2025-03-17 15:36:00,417 [INFO] smart_log : 错误代码 1: 
2025-03-17 15:36:01,426 [INFO] 识盘命令输出：
2025-03-17 15:36:01,486 [INFO] smart_log : 错误代码 1: 
2025-03-17 15:36:02,493 [INFO] 识盘命令输出：
2025-03-17 15:36:02,553 [INFO] smart_log : 错误代码 1: 
2025-03-17 15:36:03,561 [INFO] 识盘命令输出：
2025-03-17 15:36:03,624 [INFO] smart_log : 错误代码 1: 
2025-03-17 15:36:04,628 [INFO] 识盘命令输出：
2025-03-17 15:36:04,688 [INFO] smart_log : 错误代码 1: 
2025-03-17 15:36:05,700 [INFO] 等待5秒后开始上电
2025-03-17 15:37:21,456 [INFO] current_transition_state : 已锁定
