2025-04-07 20:22:40,977 [INFO] 程序已以管理员权限运行。
2025-04-07 20:22:40,977 [INFO] step 1: bitlocker unlock
2025-04-07 20:22:46,076 [INFO] current_locked_state : 已解锁
2025-04-07 20:22:46,076 [INFO] step 2: delay power off
2025-04-07 20:22:46,076 [INFO] step 3: bitlocker lock
2025-04-07 20:22:47,097 [INFO] BitLocker 驱动器加密: 配置工具版本 10.0.19041
版权所有 (C) 2013 Microsoft Corporation。保留所有权利。

卷 D: 现在已锁定
2025-04-07 20:22:48,171 [INFO] current_locked_state : 已锁定
2025-04-07 20:22:48,172 [INFO] 识盘命令输出：
2025-04-07 20:22:48,214 [INFO] smart_log : 
2025-04-07 20:22:49,221 [INFO] 识盘命令输出：
2025-04-07 20:22:49,288 [INFO] smart_log : 
2025-04-07 20:22:50,288 [INFO] 识盘命令输出：
2025-04-07 20:22:50,352 [INFO] smart_log : 
2025-04-07 20:22:51,360 [INFO] 识盘命令输出：
2025-04-07 20:22:51,428 [INFO] smart_log : 
2025-04-07 20:22:52,432 [INFO] 识盘命令输出：
2025-04-07 20:22:52,496 [INFO] smart_log : 
2025-04-07 20:22:53,503 [INFO] 识盘命令输出：
2025-04-07 20:22:53,575 [INFO] smart_log : 
2025-04-07 20:22:54,575 [INFO] 识盘命令输出：
2025-04-07 20:22:54,643 [INFO] smart_log : 
2025-04-07 20:22:55,647 [INFO] 识盘命令输出：
2025-04-07 20:22:55,713 [INFO] smart_log : 
2025-04-07 20:22:56,727 [INFO] 识盘命令输出：
2025-04-07 20:22:56,898 [INFO] smart_log : 错误代码 2: 
2025-04-07 20:22:57,899 [INFO] 识盘命令输出：
2025-04-07 20:22:57,955 [INFO] smart_log : 错误代码 1: 
2025-04-07 20:22:58,970 [INFO] 识盘命令输出：
2025-04-07 20:22:59,023 [INFO] smart_log : 错误代码 1: 
2025-04-07 20:23:00,026 [INFO] 识盘命令输出：
2025-04-07 20:23:00,078 [INFO] smart_log : 错误代码 1: 
2025-04-07 20:23:01,093 [INFO] 识盘命令输出：
2025-04-07 20:23:01,142 [INFO] smart_log : 错误代码 1: 
2025-04-07 20:23:02,147 [INFO] 识盘命令输出：
2025-04-07 20:23:02,203 [INFO] smart_log : 错误代码 1: 
2025-04-07 20:23:03,203 [INFO] 识盘命令输出：
2025-04-07 20:23:03,256 [INFO] smart_log : 错误代码 1: 
2025-04-07 20:23:04,267 [INFO] 识盘命令输出：
2025-04-07 20:23:04,325 [INFO] smart_log : 错误代码 1: 
2025-04-07 20:23:05,336 [INFO] 识盘命令输出：
2025-04-07 20:23:05,392 [INFO] smart_log : 错误代码 1: 
2025-04-07 20:23:06,407 [INFO] 识盘命令输出：
2025-04-07 20:23:06,462 [INFO] smart_log : 错误代码 1: 
2025-04-07 20:23:07,462 [INFO] 识盘命令输出：
2025-04-07 20:23:07,518 [INFO] smart_log : 错误代码 1: 
2025-04-07 20:23:08,518 [INFO] 识盘命令输出：
2025-04-07 20:23:08,569 [INFO] smart_log : 错误代码 1: 
2025-04-07 20:23:09,574 [INFO] 识盘命令输出：
2025-04-07 20:23:09,630 [INFO] smart_log : 错误代码 1: 
2025-04-07 20:23:10,644 [INFO] 识盘命令输出：
2025-04-07 20:23:10,692 [INFO] smart_log : 错误代码 1: 
2025-04-07 20:23:11,699 [INFO] 识盘命令输出：
2025-04-07 20:23:11,760 [INFO] smart_log : 错误代码 1: 
2025-04-07 20:23:12,768 [INFO] 识盘命令输出：
2025-04-07 20:23:12,823 [INFO] smart_log : 错误代码 1: 
2025-04-07 20:23:13,825 [INFO] 识盘命令输出：
2025-04-07 20:23:13,877 [INFO] smart_log : 错误代码 1: 
2025-04-07 20:23:14,888 [INFO] 识盘命令输出：
2025-04-07 20:23:14,941 [INFO] smart_log : 错误代码 1: 
2025-04-07 20:23:15,943 [INFO] 识盘命令输出：
2025-04-07 20:23:15,997 [INFO] smart_log : 错误代码 1: 
2025-04-07 20:23:16,999 [INFO] 识盘命令输出：
2025-04-07 20:23:17,047 [INFO] smart_log : 错误代码 1: 
2025-04-07 20:23:18,055 [INFO] 识盘命令输出：
2025-04-07 20:23:18,113 [INFO] smart_log : 错误代码 1: 
2025-04-07 20:23:19,127 [INFO] 等待5秒后开始上电
