2025-03-02 21:39:44,967 [INFO] 程序已以管理员权限运行。
2025-03-02 21:39:44,967 [INFO] step 1: bitlocker unlock
2025-03-02 21:39:50,665 [INFO] current_locked_state : 已解锁
2025-03-02 21:39:50,665 [INFO] step 2: bitlocker change password
2025-03-02 21:39:57,590 [INFO] step 3: delay power off
2025-03-02 21:39:57,591 [INFO] 识盘命令输出：
2025-03-02 21:39:57,642 [INFO] smart_log : 
2025-03-02 21:39:58,648 [INFO] 识盘命令输出：
2025-03-02 21:39:58,708 [INFO] smart_log : 
2025-03-02 21:39:59,717 [INFO] 识盘命令输出：
2025-03-02 21:39:59,779 [INFO] smart_log : 
2025-03-02 21:40:00,785 [INFO] 识盘命令输出：
2025-03-02 21:40:00,845 [INFO] smart_log : 
2025-03-02 21:40:01,853 [INFO] 识盘命令输出：
2025-03-02 21:40:01,923 [INFO] smart_log : 
2025-03-02 21:40:02,937 [INFO] 识盘命令输出：
2025-03-02 21:40:03,014 [INFO] smart_log : 
2025-03-02 21:40:04,021 [INFO] 识盘命令输出：
2025-03-02 21:40:04,096 [INFO] smart_log : 
2025-03-02 21:40:05,105 [INFO] 识盘命令输出：
2025-03-02 21:40:05,177 [INFO] smart_log : 
2025-03-02 21:40:06,190 [INFO] 识盘命令输出：
2025-03-02 21:40:06,262 [INFO] smart_log : 
2025-03-02 21:40:07,275 [INFO] 识盘命令输出：
2025-03-02 21:40:07,350 [INFO] smart_log : 
2025-03-02 21:40:08,357 [INFO] 识盘命令输出：
2025-03-02 21:40:08,420 [INFO] smart_log : 错误代码 1: 
2025-03-02 21:40:09,425 [INFO] 识盘命令输出：
2025-03-02 21:40:09,490 [INFO] smart_log : 错误代码 1: 
2025-03-02 21:40:10,492 [INFO] 识盘命令输出：
2025-03-02 21:40:10,544 [INFO] smart_log : 错误代码 1: 
2025-03-02 21:40:11,545 [INFO] 识盘命令输出：
2025-03-02 21:40:11,601 [INFO] smart_log : 错误代码 1: 
2025-03-02 21:40:12,606 [INFO] 识盘命令输出：
2025-03-02 21:40:12,649 [INFO] smart_log : 错误代码 1: 
2025-03-02 21:40:13,658 [INFO] 识盘命令输出：
2025-03-02 21:40:13,717 [INFO] smart_log : 错误代码 1: 
2025-03-02 21:40:14,727 [INFO] 识盘命令输出：
2025-03-02 21:40:14,778 [INFO] smart_log : 错误代码 1: 
2025-03-02 21:40:15,778 [INFO] 识盘命令输出：
2025-03-02 21:40:15,835 [INFO] smart_log : 错误代码 1: 
2025-03-02 21:40:16,847 [INFO] 识盘命令输出：
2025-03-02 21:40:16,908 [INFO] smart_log : 错误代码 1: 
2025-03-02 21:40:17,914 [INFO] 识盘命令输出：
2025-03-02 21:40:17,972 [INFO] smart_log : 错误代码 1: 
2025-03-02 21:40:18,983 [INFO] 识盘命令输出：
2025-03-02 21:40:19,034 [INFO] smart_log : 错误代码 1: 
2025-03-02 21:40:20,050 [INFO] 识盘命令输出：
2025-03-02 21:40:20,105 [INFO] smart_log : 错误代码 1: 
2025-03-02 21:40:21,119 [INFO] 识盘命令输出：
2025-03-02 21:40:21,169 [INFO] smart_log : 错误代码 1: 
2025-03-02 21:40:22,170 [INFO] 识盘命令输出：
2025-03-02 21:40:22,226 [INFO] smart_log : 错误代码 1: 
2025-03-02 21:40:23,237 [INFO] 识盘命令输出：
2025-03-02 21:40:23,296 [INFO] smart_log : 错误代码 1: 
2025-03-02 21:40:24,306 [INFO] 识盘命令输出：
2025-03-02 21:40:24,367 [INFO] smart_log : 错误代码 1: 
2025-03-02 21:40:25,374 [INFO] 识盘命令输出：
2025-03-02 21:40:25,428 [INFO] smart_log : 错误代码 1: 
2025-03-02 21:40:26,439 [INFO] 识盘命令输出：
2025-03-02 21:40:26,504 [INFO] smart_log : 错误代码 1: 
2025-03-02 21:40:27,505 [INFO] 识盘命令输出：
2025-03-02 21:40:27,558 [INFO] smart_log : 错误代码 1: 
2025-03-02 21:40:28,574 [INFO] 等待5秒后开始上电
2025-03-02 21:41:44,363 [INFO] current_transition_state : 已锁定
