2025-03-04 20:28:44,710 [INFO] 程序已以管理员权限运行。
2025-03-04 20:28:44,711 [INFO] step 3: delay power off
2025-03-04 20:28:44,711 [INFO] step 4: bitlocker unlock
2025-03-04 20:28:50,348 [INFO] current_locked_state : 已解锁
2025-03-04 20:28:50,348 [INFO] 识盘命令输出：
2025-03-04 20:28:50,391 [INFO] smart_log : 
2025-03-04 20:28:51,404 [INFO] 识盘命令输出：
2025-03-04 20:28:51,448 [INFO] smart_log : 
2025-03-04 20:28:52,456 [INFO] 识盘命令输出：
2025-03-04 20:28:52,499 [INFO] smart_log : 
2025-03-04 20:28:53,512 [INFO] 识盘命令输出：
2025-03-04 20:28:53,556 [INFO] smart_log : 
2025-03-04 20:28:54,567 [INFO] 识盘命令输出：
2025-03-04 20:28:54,610 [INFO] smart_log : 
2025-03-04 20:28:55,620 [INFO] 识盘命令输出：
2025-03-04 20:28:55,651 [INFO] smart_log : 错误代码 1: 
2025-03-04 20:28:56,660 [INFO] 识盘命令输出：
2025-03-04 20:28:56,689 [INFO] smart_log : 错误代码 1: 
2025-03-04 20:28:57,700 [INFO] 识盘命令输出：
2025-03-04 20:28:57,726 [INFO] smart_log : 错误代码 1: 
2025-03-04 20:28:58,738 [INFO] 识盘命令输出：
2025-03-04 20:28:58,764 [INFO] smart_log : 错误代码 1: 
2025-03-04 20:28:59,777 [INFO] 识盘命令输出：
2025-03-04 20:28:59,803 [INFO] smart_log : 错误代码 1: 
2025-03-04 20:29:00,807 [INFO] 识盘命令输出：
2025-03-04 20:29:00,864 [INFO] smart_log : 错误代码 1: 
2025-03-04 20:29:01,875 [INFO] 识盘命令输出：
2025-03-04 20:29:01,924 [INFO] smart_log : 错误代码 1: 
2025-03-04 20:29:02,937 [INFO] 识盘命令输出：
2025-03-04 20:29:02,994 [INFO] smart_log : 错误代码 1: 
2025-03-04 20:29:04,008 [INFO] 识盘命令输出：
2025-03-04 20:29:04,063 [INFO] smart_log : 错误代码 1: 
2025-03-04 20:29:05,079 [INFO] 识盘命令输出：
2025-03-04 20:29:05,125 [INFO] smart_log : 错误代码 1: 
2025-03-04 20:29:06,134 [INFO] 识盘命令输出：
2025-03-04 20:29:06,192 [INFO] smart_log : 错误代码 1: 
2025-03-04 20:29:07,205 [INFO] 识盘命令输出：
2025-03-04 20:29:07,263 [INFO] smart_log : 错误代码 1: 
2025-03-04 20:29:08,273 [INFO] 识盘命令输出：
2025-03-04 20:29:08,328 [INFO] smart_log : 错误代码 1: 
2025-03-04 20:29:09,343 [INFO] 识盘命令输出：
2025-03-04 20:29:09,398 [INFO] smart_log : 错误代码 1: 
2025-03-04 20:29:10,402 [INFO] 识盘命令输出：
2025-03-04 20:29:10,449 [INFO] smart_log : 错误代码 1: 
2025-03-04 20:29:11,464 [INFO] 识盘命令输出：
2025-03-04 20:29:11,519 [INFO] smart_log : 错误代码 1: 
2025-03-04 20:29:12,532 [INFO] 识盘命令输出：
2025-03-04 20:29:12,578 [INFO] smart_log : 错误代码 1: 
2025-03-04 20:29:13,590 [INFO] 识盘命令输出：
2025-03-04 20:29:13,629 [INFO] smart_log : 错误代码 1: 
2025-03-04 20:29:14,641 [INFO] 识盘命令输出：
2025-03-04 20:29:14,694 [INFO] smart_log : 错误代码 1: 
2025-03-04 20:29:15,704 [INFO] 识盘命令输出：
2025-03-04 20:29:15,763 [INFO] smart_log : 错误代码 1: 
2025-03-04 20:29:16,772 [INFO] 识盘命令输出：
2025-03-04 20:29:16,828 [INFO] smart_log : 错误代码 1: 
2025-03-04 20:29:17,837 [INFO] 识盘命令输出：
2025-03-04 20:29:17,897 [INFO] smart_log : 错误代码 1: 
2025-03-04 20:29:18,906 [INFO] 识盘命令输出：
2025-03-04 20:29:18,936 [INFO] smart_log : 错误代码 1: 
2025-03-04 20:29:19,941 [INFO] 识盘命令输出：
2025-03-04 20:29:19,998 [INFO] smart_log : 错误代码 1: 
2025-03-04 20:29:21,005 [INFO] 等待5秒后开始上电
2025-03-04 20:29:36,739 [INFO] current_transition_state : 已锁定
2025-03-04 20:29:36,739 [INFO] step 5: bitlocker unlock again
2025-03-04 20:29:42,443 [INFO] current_locked_state : 已解锁
2025-03-04 20:29:42,443 [INFO] step 8: bitlocker off
2025-03-04 20:29:48,725 [INFO] current_transition_state : 完全解密
