2025-02-21 09:26:16,527 [INFO] 程序已以管理员权限运行。
2025-02-21 09:26:16,527 [INFO] step 1: bitlocker unlock
2025-02-21 09:26:22,282 [INFO] current_locked_state : 已解锁
2025-02-21 09:26:22,282 [INFO] step 2: delay power off
2025-02-21 09:26:22,282 [INFO] step 3: bitlocker lock
2025-02-21 09:26:23,742 [INFO] BitLocker 驱动器加密: 配置工具版本 10.0.19041
版权所有 (C) 2013 Microsoft Corporation。保留所有权利。

卷 D: 现在已锁定
2025-02-21 09:26:24,828 [INFO] current_locked_state : 已锁定
2025-02-21 09:26:24,829 [INFO] 识盘命令输出：
2025-02-21 09:26:24,867 [INFO] smart_log : 
2025-02-21 09:26:25,879 [INFO] 识盘命令输出：
2025-02-21 09:26:25,943 [INFO] smart_log : 
2025-02-21 09:26:26,947 [INFO] 识盘命令输出：
2025-02-21 09:26:27,023 [INFO] smart_log : 
2025-02-21 09:26:28,029 [INFO] 识盘命令输出：
2025-02-21 09:26:28,102 [INFO] smart_log : 
2025-02-21 09:26:29,107 [INFO] 识盘命令输出：
2025-02-21 09:26:29,180 [INFO] smart_log : 
2025-02-21 09:26:30,188 [INFO] 识盘命令输出：
2025-02-21 09:26:30,262 [INFO] smart_log : 
2025-02-21 09:26:31,272 [INFO] 识盘命令输出：
2025-02-21 09:26:31,350 [INFO] smart_log : 
2025-02-21 09:26:32,354 [INFO] 识盘命令输出：
2025-02-21 09:26:33,089 [INFO] smart_log : 错误代码 2: 
2025-02-21 09:26:34,099 [INFO] 识盘命令输出：
2025-02-21 09:26:34,161 [INFO] smart_log : 错误代码 1: 
2025-02-21 09:26:35,166 [INFO] 识盘命令输出：
2025-02-21 09:26:35,230 [INFO] smart_log : 错误代码 1: 
2025-02-21 09:26:36,233 [INFO] 识盘命令输出：
2025-02-21 09:26:36,296 [INFO] smart_log : 错误代码 1: 
2025-02-21 09:26:37,298 [INFO] 识盘命令输出：
2025-02-21 09:26:37,360 [INFO] smart_log : 错误代码 1: 
2025-02-21 09:26:38,366 [INFO] 识盘命令输出：
2025-02-21 09:26:38,434 [INFO] smart_log : 错误代码 1: 
2025-02-21 09:26:39,450 [INFO] 识盘命令输出：
2025-02-21 09:26:39,504 [INFO] smart_log : 错误代码 1: 
2025-02-21 09:26:40,518 [INFO] 识盘命令输出：
2025-02-21 09:26:40,579 [INFO] smart_log : 错误代码 1: 
2025-02-21 09:26:41,585 [INFO] 识盘命令输出：
2025-02-21 09:26:41,649 [INFO] smart_log : 错误代码 1: 
2025-02-21 09:26:42,654 [INFO] 识盘命令输出：
2025-02-21 09:26:42,716 [INFO] smart_log : 错误代码 1: 
2025-02-21 09:26:43,721 [INFO] 识盘命令输出：
2025-02-21 09:26:43,786 [INFO] smart_log : 错误代码 1: 
2025-02-21 09:26:44,790 [INFO] 识盘命令输出：
2025-02-21 09:26:44,858 [INFO] smart_log : 错误代码 1: 
2025-02-21 09:26:45,872 [INFO] 识盘命令输出：
2025-02-21 09:26:45,939 [INFO] smart_log : 错误代码 1: 
2025-02-21 09:26:46,941 [INFO] 识盘命令输出：
2025-02-21 09:26:47,010 [INFO] smart_log : 错误代码 1: 
2025-02-21 09:26:48,025 [INFO] 识盘命令输出：
2025-02-21 09:26:48,086 [INFO] smart_log : 错误代码 1: 
2025-02-21 09:26:49,094 [INFO] 识盘命令输出：
2025-02-21 09:26:49,165 [INFO] smart_log : 错误代码 1: 
2025-02-21 09:26:50,178 [INFO] 识盘命令输出：
2025-02-21 09:26:50,246 [INFO] smart_log : 错误代码 1: 
2025-02-21 09:26:51,259 [INFO] 识盘命令输出：
2025-02-21 09:26:51,323 [INFO] smart_log : 错误代码 1: 
2025-02-21 09:26:52,327 [INFO] 识盘命令输出：
2025-02-21 09:26:52,385 [INFO] smart_log : 错误代码 1: 
2025-02-21 09:26:53,395 [INFO] 识盘命令输出：
2025-02-21 09:26:53,464 [INFO] smart_log : 错误代码 1: 
2025-02-21 09:26:54,479 [INFO] 识盘命令输出：
2025-02-21 09:26:54,541 [INFO] smart_log : 错误代码 1: 
2025-02-21 09:26:55,547 [INFO] 等待5秒后开始上电
