2025-04-03 17:04:40,676 [INFO] 程序已以管理员权限运行。
2025-04-03 17:04:40,676 [INFO] step 1: bitlocker unlock
2025-04-03 17:04:46,222 [INFO] current_locked_state : 已解锁
2025-04-03 17:04:46,222 [INFO] step 2: bitlocker change password
2025-04-03 17:04:52,089 [INFO] step 3: delay power off
2025-04-03 17:04:52,090 [INFO] 识盘命令输出：
2025-04-03 17:04:52,138 [INFO] smart_log : 
2025-04-03 17:04:53,143 [INFO] 识盘命令输出：
2025-04-03 17:04:53,207 [INFO] smart_log : 
2025-04-03 17:04:54,209 [INFO] 识盘命令输出：
2025-04-03 17:04:54,281 [INFO] smart_log : 
2025-04-03 17:04:55,293 [INFO] 识盘命令输出：
2025-04-03 17:04:55,356 [INFO] smart_log : 
2025-04-03 17:04:56,361 [INFO] 识盘命令输出：
2025-04-03 17:04:56,423 [INFO] smart_log : 
2025-04-03 17:04:57,430 [INFO] 识盘命令输出：
2025-04-03 17:04:57,494 [INFO] smart_log : 
2025-04-03 17:04:58,498 [INFO] 识盘命令输出：
2025-04-03 17:04:58,562 [INFO] smart_log : 
2025-04-03 17:04:59,566 [INFO] 识盘命令输出：
2025-04-03 17:04:59,629 [INFO] smart_log : 
2025-04-03 17:05:00,634 [INFO] 识盘命令输出：
2025-04-03 17:05:00,705 [INFO] smart_log : 
2025-04-03 17:05:01,709 [INFO] 识盘命令输出：
2025-04-03 17:05:01,777 [INFO] smart_log : 
2025-04-03 17:05:02,791 [INFO] 识盘命令输出：
2025-04-03 17:05:02,916 [INFO] smart_log : 错误代码 2: 
2025-04-03 17:05:03,921 [INFO] 识盘命令输出：
2025-04-03 17:05:03,974 [INFO] smart_log : 错误代码 1: 
2025-04-03 17:05:04,988 [INFO] 识盘命令输出：
2025-04-03 17:05:05,046 [INFO] smart_log : 错误代码 1: 
2025-04-03 17:05:06,047 [INFO] 识盘命令输出：
2025-04-03 17:05:06,101 [INFO] smart_log : 错误代码 1: 
2025-04-03 17:05:07,116 [INFO] 识盘命令输出：
2025-04-03 17:05:07,173 [INFO] smart_log : 错误代码 1: 
2025-04-03 17:05:08,185 [INFO] 识盘命令输出：
2025-04-03 17:05:08,238 [INFO] smart_log : 错误代码 1: 
2025-04-03 17:05:09,252 [INFO] 识盘命令输出：
2025-04-03 17:05:09,309 [INFO] smart_log : 错误代码 1: 
2025-04-03 17:05:10,318 [INFO] 识盘命令输出：
2025-04-03 17:05:10,376 [INFO] smart_log : 错误代码 1: 
2025-04-03 17:05:11,387 [INFO] 识盘命令输出：
2025-04-03 17:05:11,444 [INFO] smart_log : 错误代码 1: 
2025-04-03 17:05:12,454 [INFO] 识盘命令输出：
2025-04-03 17:05:12,508 [INFO] smart_log : 错误代码 1: 
2025-04-03 17:05:13,523 [INFO] 识盘命令输出：
2025-04-03 17:05:13,576 [INFO] smart_log : 错误代码 1: 
2025-04-03 17:05:14,590 [INFO] 识盘命令输出：
2025-04-03 17:05:14,644 [INFO] smart_log : 错误代码 1: 
2025-04-03 17:05:15,659 [INFO] 识盘命令输出：
2025-04-03 17:05:15,714 [INFO] smart_log : 错误代码 1: 
2025-04-03 17:05:16,727 [INFO] 识盘命令输出：
2025-04-03 17:05:16,784 [INFO] smart_log : 错误代码 1: 
2025-04-03 17:05:17,795 [INFO] 识盘命令输出：
2025-04-03 17:05:17,853 [INFO] smart_log : 错误代码 1: 
2025-04-03 17:05:18,863 [INFO] 识盘命令输出：
2025-04-03 17:05:18,913 [INFO] smart_log : 错误代码 1: 
2025-04-03 17:05:19,915 [INFO] 识盘命令输出：
2025-04-03 17:05:19,965 [INFO] smart_log : 错误代码 1: 
2025-04-03 17:05:20,968 [INFO] 识盘命令输出：
2025-04-03 17:05:21,026 [INFO] smart_log : 错误代码 1: 
2025-04-03 17:05:22,036 [INFO] 识盘命令输出：
2025-04-03 17:05:22,091 [INFO] smart_log : 错误代码 1: 
2025-04-03 17:05:23,103 [INFO] 等待5秒后开始上电
2025-04-03 17:06:38,883 [INFO] current_transition_state : 已锁定
