2025-03-02 22:06:40,166 [INFO] 程序已以管理员权限运行。
2025-03-02 22:06:40,166 [INFO] new volume
2025-03-02 22:07:00,543 [INFO] Scanning for Opal compliant disks
\\.\PhysicalDrive0  2      RSYE3839S-480G                           SP301010
\\.\PhysicalDrive1 No       
No more disks present ending scan
2025-03-02 22:07:00,543 [INFO] step 1: status check
2025-03-02 22:07:00,593 [INFO] BitLocker 驱动器加密: 配置工具版本 10.0.19041
版权所有 (C) 2013 Microsoft Corporation。保留所有权利。

卷 D: []
[数据卷]

    大小:              447.12 GB
    BitLocker 版本:    无
    转换状态:          完全解密
    已加密百分比:      0.0%
    加密方法:          无
    保护状态:          保护关闭
    锁定状态:          已解锁
    标识字段:          无
    自动解锁:          已禁用
    密钥保护器:        找不到
2025-03-02 22:07:00,594 [INFO] disk_current_status : {'BitLocker 驱动器加密': '配置工具版本 10.0.19041', '卷 D': '[]', '大小': '447.12 GB', 'BitLocker 版本': '无', '转换状态': '完全解密', '已加密百分比': '0.0%', '加密方法': '无', '保护状态': '保护关闭', '锁定状态': '已解锁', '标识字段': '无', '自动解锁': '已禁用', '密钥保护器': '找不到'}
2025-03-02 22:07:00,595 [INFO] step 2: bitlocker on
2025-03-02 22:07:15,697 [INFO] key: {password}
2025-03-02 22:07:16,767 [INFO] disk_current_status : {'BitLocker 驱动器加密': '配置工具版本 10.0.19041', '卷 D': '[]', '大小': '447.12 GB', 'BitLocker 版本': '无', '转换状态': '完全解密', '已加密百分比': '0.0%', '加密方法': '无', '保护状态': '保护关闭', '锁定状态': '已解锁', '标识字段': '无', '自动解锁': '已禁用', '密钥保护器': '找不到'}
2025-03-02 22:07:16,767 [INFO] step 3: bitlocker add password
2025-03-02 22:07:22,656 [INFO] step 4: bitlocker change password
2025-03-02 22:07:29,760 [INFO] step 5: bitlocker lock
2025-03-02 22:07:31,444 [INFO] BitLocker 驱动器加密: 配置工具版本 10.0.19041
版权所有 (C) 2013 Microsoft Corporation。保留所有权利。

卷 D: 现在已锁定
2025-03-02 22:07:32,534 [INFO] current_locked_state : 已锁定
2025-03-02 22:07:32,534 [INFO] step 6: read and write after disk locked
2025-03-02 22:07:32,535 [ERROR] 写入失败，错误信息：[Errno 22] Invalid argument: 'D://test_file.txt'
Traceback (most recent call last):
  File "t_Tcg_BitLocker_17_BaseAPL.py", line 88, in verify_locked
    with open(test_file, "w") as file:
OSError: [Errno 22] Invalid argument: 'D://test_file.txt'
2025-03-02 22:07:32,535 [ERROR] 读取失败，错误信息：[WinError -2144272384] BitLocker 驱动器加密已锁定该驱动器。必须从控制面板解除此驱动器锁定。: 'D://'
Traceback (most recent call last):
  File "t_Tcg_BitLocker_17_BaseAPL.py", line 101, in verify_locked
    files = os.listdir(drive_letter)
OSError: [WinError -2144272384] BitLocker 驱动器加密已锁定该驱动器。必须从控制面板解除此驱动器锁定。: 'D://'
2025-03-02 22:07:32,535 [ERROR] 写入失败，错误信息：[Errno 22] Invalid argument: 'D://test_file.txt'
Traceback (most recent call last):
  File "t_Tcg_BitLocker_17_BaseAPL.py", line 88, in verify_locked
    with open(test_file, "w") as file:
OSError: [Errno 22] Invalid argument: 'D://test_file.txt'
2025-03-02 22:07:32,536 [ERROR] 读取失败，错误信息：[WinError -2144272384] BitLocker 驱动器加密已锁定该驱动器。必须从控制面板解除此驱动器锁定。: 'D://'
Traceback (most recent call last):
  File "t_Tcg_BitLocker_17_BaseAPL.py", line 101, in verify_locked
    files = os.listdir(drive_letter)
OSError: [WinError -2144272384] BitLocker 驱动器加密已锁定该驱动器。必须从控制面板解除此驱动器锁定。: 'D://'
2025-03-02 22:07:32,536 [INFO] D: 已被锁定。
2025-03-02 22:07:32,536 [INFO] step 7: bitlocker unlock
2025-03-02 22:07:38,161 [INFO] current_locked_state : 已解锁
2025-03-02 22:07:38,161 [INFO] step 8: bitlocker off
2025-03-02 22:07:44,694 [INFO] current_transition_state : 完全解密
2025-03-02 22:07:44,695 [INFO] step 9: bitlocker on again
2025-03-02 22:07:59,999 [INFO] key: 404987-569118-607948-225819-042240-542938-319374-184063
2025-03-02 22:08:00,000 [INFO] step 10: bitlocker off
2025-03-02 22:08:06,302 [INFO] current_transition_state : 完全解密
2025-03-02 22:08:06,303 [INFO] step 11: APL
2025-03-02 22:08:06,305 [INFO] delay power off
2025-03-02 22:08:06,308 [INFO] 识盘命令输出：
2025-03-02 22:08:06,456 [INFO] smart_log : 
2025-03-02 22:08:07,465 [INFO] 识盘命令输出：
2025-03-02 22:08:07,532 [INFO] smart_log : 
2025-03-02 22:08:08,533 [INFO] 识盘命令输出：
2025-03-02 22:08:09,112 [INFO] smart_log : 错误代码 2: 
2025-03-02 22:08:10,126 [INFO] 识盘命令输出：
2025-03-02 22:08:10,161 [INFO] smart_log : 错误代码 1: 
2025-03-02 22:08:11,176 [INFO] 识盘命令输出：
2025-03-02 22:08:11,206 [INFO] smart_log : 错误代码 1: 
2025-03-02 22:08:12,210 [INFO] 识盘命令输出：
2025-03-02 22:08:12,239 [INFO] smart_log : 错误代码 1: 
2025-03-02 22:08:13,246 [INFO] 识盘命令输出：
2025-03-02 22:08:13,305 [INFO] smart_log : 错误代码 1: 
2025-03-02 22:08:14,311 [INFO] 识盘命令输出：
2025-03-02 22:08:14,370 [INFO] smart_log : 错误代码 1: 
2025-03-02 22:08:15,379 [INFO] 识盘命令输出：
2025-03-02 22:08:15,441 [INFO] smart_log : 错误代码 1: 
2025-03-02 22:08:16,447 [INFO] 等待5秒后开始上电
