2025-04-07 11:08:12,124 [INFO] 程序已以管理员权限运行。
2025-04-07 11:08:12,124 [INFO] step 1: bitlocker unlock
2025-04-07 11:08:17,775 [INFO] current_locked_state : 已解锁
2025-04-07 11:08:17,776 [INFO] step 2: bitlocker change password
2025-04-07 11:08:23,661 [INFO] step 3: delay power off
2025-04-07 11:08:23,662 [INFO] 识盘命令输出：
2025-04-07 11:08:23,707 [INFO] smart_log : 
2025-04-07 11:08:24,715 [INFO] 识盘命令输出：
2025-04-07 11:08:24,759 [INFO] smart_log : 
2025-04-07 11:08:25,766 [INFO] 识盘命令输出：
2025-04-07 11:08:25,829 [INFO] smart_log : 
2025-04-07 11:08:26,833 [INFO] 识盘命令输出：
2025-04-07 11:08:26,899 [INFO] smart_log : 
2025-04-07 11:08:27,901 [INFO] 识盘命令输出：
2025-04-07 11:08:27,969 [INFO] smart_log : 
2025-04-07 11:08:28,969 [INFO] 识盘命令输出：
2025-04-07 11:08:29,038 [INFO] smart_log : 
2025-04-07 11:08:30,051 [INFO] 识盘命令输出：
2025-04-07 11:08:30,115 [INFO] smart_log : 
2025-04-07 11:08:31,118 [INFO] 识盘命令输出：
2025-04-07 11:08:31,188 [INFO] smart_log : 
2025-04-07 11:08:32,202 [INFO] 识盘命令输出：
2025-04-07 11:08:32,270 [INFO] smart_log : 
2025-04-07 11:08:33,286 [INFO] 识盘命令输出：
2025-04-07 11:08:33,355 [INFO] smart_log : 
2025-04-07 11:08:34,369 [INFO] 识盘命令输出：
2025-04-07 11:08:34,457 [INFO] smart_log : 错误代码 2: 
2025-04-07 11:08:35,469 [INFO] 识盘命令输出：
2025-04-07 11:08:35,523 [INFO] smart_log : 错误代码 1: 
2025-04-07 11:08:36,536 [INFO] 识盘命令输出：
2025-04-07 11:08:36,599 [INFO] smart_log : 错误代码 1: 
2025-04-07 11:08:37,603 [INFO] 识盘命令输出：
2025-04-07 11:08:37,665 [INFO] smart_log : 错误代码 1: 
2025-04-07 11:08:38,671 [INFO] 识盘命令输出：
2025-04-07 11:08:38,729 [INFO] smart_log : 错误代码 1: 
2025-04-07 11:08:39,740 [INFO] 识盘命令输出：
2025-04-07 11:08:39,799 [INFO] smart_log : 错误代码 1: 
2025-04-07 11:08:40,808 [INFO] 识盘命令输出：
2025-04-07 11:08:40,861 [INFO] smart_log : 错误代码 1: 
2025-04-07 11:08:41,877 [INFO] 识盘命令输出：
2025-04-07 11:08:41,937 [INFO] smart_log : 错误代码 1: 
2025-04-07 11:08:42,945 [INFO] 识盘命令输出：
2025-04-07 11:08:42,998 [INFO] smart_log : 错误代码 1: 
2025-04-07 11:08:44,013 [INFO] 识盘命令输出：
2025-04-07 11:08:44,071 [INFO] smart_log : 错误代码 1: 
2025-04-07 11:08:45,082 [INFO] 识盘命令输出：
2025-04-07 11:08:45,141 [INFO] smart_log : 错误代码 1: 
2025-04-07 11:08:46,150 [INFO] 识盘命令输出：
2025-04-07 11:08:46,210 [INFO] smart_log : 错误代码 1: 
2025-04-07 11:08:47,219 [INFO] 识盘命令输出：
2025-04-07 11:08:47,276 [INFO] smart_log : 错误代码 1: 
2025-04-07 11:08:48,287 [INFO] 识盘命令输出：
2025-04-07 11:08:48,345 [INFO] smart_log : 错误代码 1: 
2025-04-07 11:08:49,356 [INFO] 识盘命令输出：
2025-04-07 11:08:49,412 [INFO] smart_log : 错误代码 1: 
2025-04-07 11:08:50,423 [INFO] 识盘命令输出：
2025-04-07 11:08:50,478 [INFO] smart_log : 错误代码 1: 
2025-04-07 11:08:51,490 [INFO] 识盘命令输出：
2025-04-07 11:08:51,549 [INFO] smart_log : 错误代码 1: 
2025-04-07 11:08:52,559 [INFO] 识盘命令输出：
2025-04-07 11:08:52,618 [INFO] smart_log : 错误代码 1: 
2025-04-07 11:08:53,626 [INFO] 识盘命令输出：
2025-04-07 11:08:53,683 [INFO] smart_log : 错误代码 1: 
2025-04-07 11:08:54,695 [INFO] 等待5秒后开始上电
2025-04-07 11:10:10,459 [INFO] current_transition_state : 已锁定
