2025-03-17 15:48:34,116 [INFO] 程序已以管理员权限运行。
2025-03-17 15:48:34,116 [INFO] step 3: delay power off
2025-03-17 15:48:34,118 [INFO] step 4: bitlocker unlock
2025-03-17 15:48:39,874 [INFO] current_locked_state : 已解锁
2025-03-17 15:48:39,875 [INFO] 识盘命令输出：
2025-03-17 15:48:39,981 [INFO] smart_log : 
2025-03-17 15:48:40,984 [INFO] 识盘命令输出：
2025-03-17 15:48:41,047 [INFO] smart_log : 
2025-03-17 15:48:42,062 [INFO] 识盘命令输出：
2025-03-17 15:48:42,140 [INFO] smart_log : 
2025-03-17 15:48:43,157 [INFO] 识盘命令输出：
2025-03-17 15:48:43,233 [INFO] smart_log : 
2025-03-17 15:48:44,240 [INFO] 识盘命令输出：
2025-03-17 15:48:45,000 [INFO] smart_log : 错误代码 2: 
2025-03-17 15:48:46,010 [INFO] 识盘命令输出：
2025-03-17 15:48:46,074 [INFO] smart_log : 错误代码 1: 
2025-03-17 15:48:47,077 [INFO] 识盘命令输出：
2025-03-17 15:48:47,133 [INFO] smart_log : 错误代码 1: 
2025-03-17 15:48:48,143 [INFO] 识盘命令输出：
2025-03-17 15:48:48,182 [INFO] smart_log : 错误代码 1: 
2025-03-17 15:48:49,195 [INFO] 识盘命令输出：
2025-03-17 15:48:49,250 [INFO] smart_log : 错误代码 1: 
2025-03-17 15:48:50,263 [INFO] 识盘命令输出：
2025-03-17 15:48:50,319 [INFO] smart_log : 错误代码 1: 
2025-03-17 15:48:51,331 [INFO] 识盘命令输出：
2025-03-17 15:48:51,392 [INFO] smart_log : 错误代码 1: 
2025-03-17 15:48:52,399 [INFO] 识盘命令输出：
2025-03-17 15:48:52,457 [INFO] smart_log : 错误代码 1: 
2025-03-17 15:48:53,467 [INFO] 识盘命令输出：
2025-03-17 15:48:53,523 [INFO] smart_log : 错误代码 1: 
2025-03-17 15:48:54,535 [INFO] 识盘命令输出：
2025-03-17 15:48:54,593 [INFO] smart_log : 错误代码 1: 
2025-03-17 15:48:55,601 [INFO] 识盘命令输出：
2025-03-17 15:48:55,659 [INFO] smart_log : 错误代码 1: 
2025-03-17 15:48:56,668 [INFO] 识盘命令输出：
2025-03-17 15:48:56,703 [INFO] smart_log : 错误代码 1: 
2025-03-17 15:48:57,705 [INFO] 识盘命令输出：
2025-03-17 15:48:57,762 [INFO] smart_log : 错误代码 1: 
2025-03-17 15:48:58,773 [INFO] 识盘命令输出：
2025-03-17 15:48:58,834 [INFO] smart_log : 错误代码 1: 
2025-03-17 15:48:59,841 [INFO] 识盘命令输出：
2025-03-17 15:48:59,902 [INFO] smart_log : 错误代码 1: 
2025-03-17 15:49:00,910 [INFO] 识盘命令输出：
2025-03-17 15:49:00,966 [INFO] smart_log : 错误代码 1: 
2025-03-17 15:49:01,978 [INFO] 识盘命令输出：
2025-03-17 15:49:02,030 [INFO] smart_log : 错误代码 1: 
2025-03-17 15:49:03,046 [INFO] 识盘命令输出：
2025-03-17 15:49:03,101 [INFO] smart_log : 错误代码 1: 
2025-03-17 15:49:04,114 [INFO] 识盘命令输出：
2025-03-17 15:49:04,174 [INFO] smart_log : 错误代码 1: 
2025-03-17 15:49:05,183 [INFO] 识盘命令输出：
2025-03-17 15:49:05,241 [INFO] smart_log : 错误代码 1: 
2025-03-17 15:49:06,250 [INFO] 识盘命令输出：
2025-03-17 15:49:06,307 [INFO] smart_log : 错误代码 1: 
2025-03-17 15:49:07,318 [INFO] 识盘命令输出：
2025-03-17 15:49:07,372 [INFO] smart_log : 错误代码 1: 
2025-03-17 15:49:08,387 [INFO] 识盘命令输出：
2025-03-17 15:49:08,448 [INFO] smart_log : 错误代码 1: 
2025-03-17 15:49:09,454 [INFO] 识盘命令输出：
2025-03-17 15:49:09,513 [INFO] smart_log : 错误代码 1: 
2025-03-17 15:49:10,523 [INFO] 等待5秒后开始上电
