2025-04-07 11:12:42,970 [INFO] 程序已以管理员权限运行。
2025-04-07 11:12:42,970 [INFO] step 1: bitlocker unlock
2025-04-07 11:12:48,515 [INFO] current_locked_state : 已解锁
2025-04-07 11:12:48,515 [INFO] step 2: delay power off
2025-04-07 11:12:48,516 [INFO] step 3: bitlocker lock
2025-04-07 11:12:49,984 [INFO] BitLocker 驱动器加密: 配置工具版本 10.0.19041
版权所有 (C) 2013 Microsoft Corporation。保留所有权利。

卷 D: 现在已锁定
2025-04-07 11:12:51,064 [INFO] current_locked_state : 已锁定
2025-04-07 11:12:51,064 [INFO] 识盘命令输出：
2025-04-07 11:12:51,104 [INFO] smart_log : 
2025-04-07 11:12:52,111 [INFO] 识盘命令输出：
2025-04-07 11:12:52,159 [INFO] smart_log : 
2025-04-07 11:12:53,172 [INFO] 识盘命令输出：
2025-04-07 11:12:53,241 [INFO] smart_log : 
2025-04-07 11:12:54,257 [INFO] 识盘命令输出：
2025-04-07 11:12:54,323 [INFO] smart_log : 
2025-04-07 11:12:55,325 [INFO] 识盘命令输出：
2025-04-07 11:12:55,395 [INFO] smart_log : 
2025-04-07 11:12:56,409 [INFO] 识盘命令输出：
2025-04-07 11:12:56,479 [INFO] smart_log : 
2025-04-07 11:12:57,493 [INFO] 识盘命令输出：
2025-04-07 11:12:57,572 [INFO] smart_log : 
2025-04-07 11:12:58,576 [INFO] 识盘命令输出：
2025-04-07 11:12:59,308 [INFO] smart_log : 错误代码 2: 
2025-04-07 11:13:00,315 [INFO] 识盘命令输出：
2025-04-07 11:13:00,369 [INFO] smart_log : 错误代码 1: 
2025-04-07 11:13:01,382 [INFO] 识盘命令输出：
2025-04-07 11:13:01,440 [INFO] smart_log : 错误代码 1: 
2025-04-07 11:13:02,451 [INFO] 识盘命令输出：
2025-04-07 11:13:02,508 [INFO] smart_log : 错误代码 1: 
2025-04-07 11:13:03,519 [INFO] 识盘命令输出：
2025-04-07 11:13:03,574 [INFO] smart_log : 错误代码 1: 
2025-04-07 11:13:04,587 [INFO] 识盘命令输出：
2025-04-07 11:13:04,649 [INFO] smart_log : 错误代码 1: 
2025-04-07 11:13:05,655 [INFO] 识盘命令输出：
2025-04-07 11:13:05,712 [INFO] smart_log : 错误代码 1: 
2025-04-07 11:13:06,724 [INFO] 识盘命令输出：
2025-04-07 11:13:06,781 [INFO] smart_log : 错误代码 1: 
2025-04-07 11:13:07,791 [INFO] 识盘命令输出：
2025-04-07 11:13:07,846 [INFO] smart_log : 错误代码 1: 
2025-04-07 11:13:08,859 [INFO] 识盘命令输出：
2025-04-07 11:13:08,918 [INFO] smart_log : 错误代码 1: 
2025-04-07 11:13:09,927 [INFO] 识盘命令输出：
2025-04-07 11:13:09,990 [INFO] smart_log : 错误代码 1: 
2025-04-07 11:13:10,995 [INFO] 识盘命令输出：
2025-04-07 11:13:11,052 [INFO] smart_log : 错误代码 1: 
2025-04-07 11:13:12,064 [INFO] 识盘命令输出：
2025-04-07 11:13:12,126 [INFO] smart_log : 错误代码 1: 
2025-04-07 11:13:13,132 [INFO] 识盘命令输出：
2025-04-07 11:13:13,185 [INFO] smart_log : 错误代码 1: 
2025-04-07 11:13:14,200 [INFO] 识盘命令输出：
2025-04-07 11:13:14,255 [INFO] smart_log : 错误代码 1: 
2025-04-07 11:13:15,267 [INFO] 识盘命令输出：
2025-04-07 11:13:15,330 [INFO] smart_log : 错误代码 1: 
2025-04-07 11:13:16,335 [INFO] 识盘命令输出：
2025-04-07 11:13:16,393 [INFO] smart_log : 错误代码 1: 
2025-04-07 11:13:17,403 [INFO] 识盘命令输出：
2025-04-07 11:13:17,464 [INFO] smart_log : 错误代码 1: 
2025-04-07 11:13:18,471 [INFO] 识盘命令输出：
2025-04-07 11:13:18,525 [INFO] smart_log : 错误代码 1: 
2025-04-07 11:13:19,540 [INFO] 识盘命令输出：
2025-04-07 11:13:19,594 [INFO] smart_log : 错误代码 1: 
2025-04-07 11:13:20,607 [INFO] 识盘命令输出：
2025-04-07 11:13:20,665 [INFO] smart_log : 错误代码 1: 
2025-04-07 11:13:21,675 [INFO] 等待5秒后开始上电
