2025-02-21 09:56:12,671 [INFO] 程序已以管理员权限运行。
2025-02-21 09:56:12,672 [INFO] new volume
2025-02-21 09:56:33,021 [INFO] Scanning for Opal compliant disks
\\.\PhysicalDrive0  2      RSYE3839Z-960G                           SP30100B
\\.\PhysicalDrive1 No       
No more disks present ending scan
2025-02-21 09:56:33,022 [INFO] step 1: status check
2025-02-21 09:56:33,073 [INFO] BitLocker 驱动器加密: 配置工具版本 10.0.19041
版权所有 (C) 2013 Microsoft Corporation。保留所有权利。

卷 D: []
[数据卷]

    大小:              894.24 GB
    BitLocker 版本:    无
    转换状态:          完全解密
    已加密百分比:      0.0%
    加密方法:          无
    保护状态:          保护关闭
    锁定状态:          已解锁
    标识字段:          无
    自动解锁:          已禁用
    密钥保护器:        找不到
2025-02-21 09:56:33,074 [INFO] disk_current_status : {'BitLocker 驱动器加密': '配置工具版本 10.0.19041', '卷 D': '[]', '大小': '894.24 GB', 'BitLocker 版本': '无', '转换状态': '完全解密', '已加密百分比': '0.0%', '加密方法': '无', '保护状态': '保护关闭', '锁定状态': '已解锁', '标识字段': '无', '自动解锁': '已禁用', '密钥保护器': '找不到'}
2025-02-21 09:56:33,074 [INFO] step 2: bitlocker on
2025-02-21 09:56:48,345 [INFO] key: {password}
2025-02-21 09:56:49,415 [INFO] disk_current_status : {'BitLocker 驱动器加密': '配置工具版本 10.0.19041', '卷 D': '[]', '大小': '894.24 GB', 'BitLocker 版本': '无', '转换状态': '完全解密', '已加密百分比': '0.0%', '加密方法': '无', '保护状态': '保护关闭', '锁定状态': '已解锁', '标识字段': '无', '自动解锁': '已禁用', '密钥保护器': '找不到'}
2025-02-21 09:56:49,415 [INFO] step 3: bitlocker add password
2025-02-21 09:56:55,347 [INFO] step 4: bitlocker change password
2025-02-21 09:57:02,255 [INFO] step 5: bitlocker lock
2025-02-21 09:57:03,933 [INFO] BitLocker 驱动器加密: 配置工具版本 10.0.19041
版权所有 (C) 2013 Microsoft Corporation。保留所有权利。

卷 D: 现在已锁定
2025-02-21 09:57:05,020 [INFO] current_locked_state : 已锁定
2025-02-21 09:57:05,021 [INFO] step 6: read and write after disk locked
2025-02-21 09:57:05,021 [ERROR] 写入失败，错误信息：[Errno 22] Invalid argument: 'D://test_file.txt'
Traceback (most recent call last):
  File "t_Tcg_BitLocker_17_BaseAPL.py", line 88, in verify_locked
    with open(test_file, "w") as file:
OSError: [Errno 22] Invalid argument: 'D://test_file.txt'
2025-02-21 09:57:05,022 [ERROR] 读取失败，错误信息：[WinError -2144272384] BitLocker 驱动器加密已锁定该驱动器。必须从控制面板解除此驱动器锁定。: 'D://'
Traceback (most recent call last):
  File "t_Tcg_BitLocker_17_BaseAPL.py", line 101, in verify_locked
    files = os.listdir(drive_letter)
OSError: [WinError -2144272384] BitLocker 驱动器加密已锁定该驱动器。必须从控制面板解除此驱动器锁定。: 'D://'
2025-02-21 09:57:05,022 [ERROR] 写入失败，错误信息：[Errno 22] Invalid argument: 'D://test_file.txt'
Traceback (most recent call last):
  File "t_Tcg_BitLocker_17_BaseAPL.py", line 88, in verify_locked
    with open(test_file, "w") as file:
OSError: [Errno 22] Invalid argument: 'D://test_file.txt'
2025-02-21 09:57:05,022 [ERROR] 读取失败，错误信息：[WinError -2144272384] BitLocker 驱动器加密已锁定该驱动器。必须从控制面板解除此驱动器锁定。: 'D://'
Traceback (most recent call last):
  File "t_Tcg_BitLocker_17_BaseAPL.py", line 101, in verify_locked
    files = os.listdir(drive_letter)
OSError: [WinError -2144272384] BitLocker 驱动器加密已锁定该驱动器。必须从控制面板解除此驱动器锁定。: 'D://'
2025-02-21 09:57:05,022 [INFO] D: 已被锁定。
2025-02-21 09:57:05,022 [INFO] step 7: bitlocker unlock
2025-02-21 09:57:10,820 [INFO] current_locked_state : 已解锁
2025-02-21 09:57:10,820 [INFO] step 8: bitlocker off
2025-02-21 09:57:17,200 [INFO] current_transition_state : 完全解密
2025-02-21 09:57:17,201 [INFO] step 9: bitlocker on again
2025-02-21 09:57:32,610 [INFO] key: 646866-331749-689975-612271-007293-678458-125796-404052
2025-02-21 09:57:32,610 [INFO] step 10: bitlocker off
2025-02-21 09:57:39,155 [INFO] current_transition_state : 完全解密
2025-02-21 09:57:39,156 [INFO] step 11: APL
2025-02-21 09:57:39,159 [INFO] delay power off
2025-02-21 09:57:39,161 [INFO] 识盘命令输出：
2025-02-21 09:57:39,230 [INFO] smart_log : 
2025-02-21 09:57:40,238 [INFO] 识盘命令输出：
2025-02-21 09:57:40,315 [INFO] smart_log : 
2025-02-21 09:57:41,321 [INFO] 识盘命令输出：
2025-02-21 09:57:42,059 [INFO] smart_log : 错误代码 2: 
2025-02-21 09:57:43,075 [INFO] 识盘命令输出：
2025-02-21 09:57:43,138 [INFO] smart_log : 错误代码 1: 
2025-02-21 09:57:44,142 [INFO] 识盘命令输出：
2025-02-21 09:57:44,198 [INFO] smart_log : 错误代码 1: 
2025-02-21 09:57:45,211 [INFO] 识盘命令输出：
2025-02-21 09:57:45,273 [INFO] smart_log : 错误代码 1: 
2025-02-21 09:57:46,278 [INFO] 识盘命令输出：
2025-02-21 09:57:46,331 [INFO] smart_log : 错误代码 1: 
2025-02-21 09:57:47,347 [INFO] 识盘命令输出：
2025-02-21 09:57:47,410 [INFO] smart_log : 错误代码 1: 
2025-02-21 09:57:48,413 [INFO] 识盘命令输出：
2025-02-21 09:57:48,477 [INFO] smart_log : 错误代码 1: 
2025-02-21 09:57:49,482 [INFO] 等待5秒后开始上电
