2025-03-18 09:40:33,186 [INFO] 程序已以管理员权限运行。
2025-03-18 09:40:33,187 [INFO] new volume
2025-03-18 09:40:53,531 [INFO] Scanning for Opal compliant disks
\\.\PhysicalDrive0  2      RSYE3839Z-1920                           SP301012
\\.\PhysicalDrive1 No       
No more disks present ending scan
2025-03-18 09:40:53,531 [INFO] step 1: status check
2025-03-18 09:40:53,585 [INFO] BitLocker 驱动器加密: 配置工具版本 10.0.19041
版权所有 (C) 2013 Microsoft Corporation。保留所有权利。

卷 D: []
[数据卷]

    大小:              1788.48 GB
    BitLocker 版本:    无
    转换状态:          完全解密
    已加密百分比:      0.0%
    加密方法:          无
    保护状态:          保护关闭
    锁定状态:          已解锁
    标识字段:          无
    自动解锁:          已禁用
    密钥保护器:        找不到
2025-03-18 09:40:53,586 [INFO] disk_current_status : {'BitLocker 驱动器加密': '配置工具版本 10.0.19041', '卷 D': '[]', '大小': '1788.48 GB', 'BitLocker 版本': '无', '转换状态': '完全解密', '已加密百分比': '0.0%', '加密方法': '无', '保护状态': '保护关闭', '锁定状态': '已解锁', '标识字段': '无', '自动解锁': '已禁用', '密钥保护器': '找不到'}
2025-03-18 09:40:53,586 [INFO] FIO read write
2025-03-18 09:40:53,587 [INFO] Running command: fio.exe --name=seqwrite --rw=write --bs=128k --size=10G --directory=D\:\fio_test --filename=testfile --iodepth=1 --output=fio_log\seqwrite.log
2025-03-18 09:41:09,169 [INFO] Sequential write completed successfully.
2025-03-18 09:41:09,169 [INFO] step 2: bitlocker on
2025-03-18 09:41:24,813 [INFO] key: {password}
2025-03-18 09:41:25,884 [INFO] disk_current_status : {'BitLocker 驱动器加密': '配置工具版本 10.0.19041', '卷 D': '[]', '大小': '1788.48 GB', 'BitLocker 版本': '无', '转换状态': '完全解密', '已加密百分比': '0.0%', '加密方法': '无', '保护状态': '保护关闭', '锁定状态': '已解锁', '标识字段': '无', '自动解锁': '已禁用', '密钥保护器': '找不到'}
2025-03-18 09:41:25,884 [INFO] step 3: bitlocker add password
2025-03-18 09:41:31,731 [INFO] step 4: bitlocker change password
2025-03-18 09:41:38,602 [INFO] step 5: bitlocker lock
2025-03-18 09:41:42,734 [INFO] BitLocker 驱动器加密: 配置工具版本 10.0.19041
版权所有 (C) 2013 Microsoft Corporation。保留所有权利。

卷 D: 现在已锁定
2025-03-18 09:41:43,815 [INFO] current_locked_state : 已锁定
2025-03-18 09:41:43,815 [INFO] step 6: read and write after disk locked
2025-03-18 09:41:43,818 [ERROR] 写入失败，错误信息：[Errno 22] Invalid argument: 'D://test_file.txt'
Traceback (most recent call last):
  File "t_Tcg_BitLocker_20_BaseIoAPL.py", line 91, in verify_locked
    with open(test_file, "w") as file:
OSError: [Errno 22] Invalid argument: 'D://test_file.txt'
2025-03-18 09:41:43,821 [ERROR] 读取失败，错误信息：[WinError -2144272384] BitLocker 驱动器加密已锁定该驱动器。必须从控制面板解除此驱动器锁定。: 'D://'
Traceback (most recent call last):
  File "t_Tcg_BitLocker_20_BaseIoAPL.py", line 104, in verify_locked
    files = os.listdir(drive_letter)
OSError: [WinError -2144272384] BitLocker 驱动器加密已锁定该驱动器。必须从控制面板解除此驱动器锁定。: 'D://'
2025-03-18 09:41:43,823 [ERROR] 写入失败，错误信息：[Errno 22] Invalid argument: 'D://test_file.txt'
Traceback (most recent call last):
  File "t_Tcg_BitLocker_20_BaseIoAPL.py", line 91, in verify_locked
    with open(test_file, "w") as file:
OSError: [Errno 22] Invalid argument: 'D://test_file.txt'
2025-03-18 09:41:43,826 [ERROR] 读取失败，错误信息：[WinError -2144272384] BitLocker 驱动器加密已锁定该驱动器。必须从控制面板解除此驱动器锁定。: 'D://'
Traceback (most recent call last):
  File "t_Tcg_BitLocker_20_BaseIoAPL.py", line 104, in verify_locked
    files = os.listdir(drive_letter)
OSError: [WinError -2144272384] BitLocker 驱动器加密已锁定该驱动器。必须从控制面板解除此驱动器锁定。: 'D://'
2025-03-18 09:41:43,826 [INFO] D: 已被锁定。
2025-03-18 09:41:43,826 [INFO] step 7: bitlocker unlock
2025-03-18 09:41:49,453 [INFO] current_locked_state : 已解锁
2025-03-18 09:41:49,453 [INFO] step 8: bitlocker off
2025-03-18 09:41:56,089 [INFO] current_transition_state : 完全解密
2025-03-18 09:41:56,090 [INFO] step 9: bitlocker on again
2025-03-18 09:42:11,451 [INFO] key: 209440-620015-515328-062986-270424-207218-210595-654104
2025-03-18 09:42:11,451 [INFO] step 10: bitlocker off
2025-03-18 09:42:18,064 [INFO] current_transition_state : 完全解密
2025-03-18 09:42:18,065 [INFO] step 11: APL
2025-03-18 09:42:18,068 [INFO] delay power off
2025-03-18 09:42:18,070 [INFO] 识盘命令输出：
2025-03-18 09:42:18,132 [INFO] smart_log : 
2025-03-18 09:42:19,146 [INFO] 识盘命令输出：
2025-03-18 09:42:19,221 [INFO] smart_log : 
2025-03-18 09:42:20,231 [INFO] 识盘命令输出：
2025-03-18 09:42:20,962 [INFO] smart_log : 错误代码 2: 
2025-03-18 09:42:21,969 [INFO] 识盘命令输出：
2025-03-18 09:42:22,025 [INFO] smart_log : 错误代码 1: 
2025-03-18 09:42:23,037 [INFO] 识盘命令输出：
2025-03-18 09:42:23,088 [INFO] smart_log : 错误代码 1: 
2025-03-18 09:42:24,104 [INFO] 识盘命令输出：
2025-03-18 09:42:24,162 [INFO] smart_log : 错误代码 1: 
2025-03-18 09:42:25,172 [INFO] 识盘命令输出：
2025-03-18 09:42:25,234 [INFO] smart_log : 错误代码 1: 
2025-03-18 09:42:26,240 [INFO] 识盘命令输出：
2025-03-18 09:42:26,295 [INFO] smart_log : 错误代码 1: 
2025-03-18 09:42:27,308 [INFO] 识盘命令输出：
2025-03-18 09:42:27,369 [INFO] smart_log : 错误代码 1: 
2025-03-18 09:42:28,375 [INFO] 等待5秒后开始上电
