2025-03-24 15:09:42,234 [INFO] 程序已以管理员权限运行。
2025-03-24 15:09:42,234 [INFO] step 1: bitlocker unlock
2025-03-24 15:09:48,182 [INFO] current_locked_state : 已解锁
2025-03-24 15:09:48,182 [INFO] step 2: delay power off
2025-03-24 15:09:48,183 [INFO] step 3: bitlocker lock
2025-03-24 15:09:49,805 [INFO] BitLocker 驱动器加密: 配置工具版本 10.0.19041
版权所有 (C) 2013 Microsoft Corporation。保留所有权利。

卷 D: 现在已锁定
2025-03-24 15:09:50,880 [INFO] current_locked_state : 已锁定
2025-03-24 15:09:50,881 [INFO] 识盘命令输出：
2025-03-24 15:09:51,000 [INFO] smart_log : 
2025-03-24 15:09:52,008 [INFO] 识盘命令输出：
2025-03-24 15:09:52,063 [INFO] smart_log : 
2025-03-24 15:09:53,071 [INFO] 识盘命令输出：
2025-03-24 15:09:53,135 [INFO] smart_log : 
2025-03-24 15:09:54,138 [INFO] 识盘命令输出：
2025-03-24 15:09:54,209 [INFO] smart_log : 
2025-03-24 15:09:55,221 [INFO] 识盘命令输出：
2025-03-24 15:09:55,272 [INFO] smart_log : 
2025-03-24 15:09:56,287 [INFO] 识盘命令输出：
2025-03-24 15:09:56,348 [INFO] smart_log : 
2025-03-24 15:09:57,352 [INFO] 识盘命令输出：
2025-03-24 15:09:57,416 [INFO] smart_log : 
2025-03-24 15:09:58,420 [INFO] 识盘命令输出：
2025-03-24 15:09:58,981 [INFO] smart_log : 错误代码 2: 
2025-03-24 15:09:59,984 [INFO] 识盘命令输出：
2025-03-24 15:10:00,031 [INFO] smart_log : 错误代码 1: 
2025-03-24 15:10:01,033 [INFO] 识盘命令输出：
2025-03-24 15:10:01,085 [INFO] smart_log : 错误代码 1: 
2025-03-24 15:10:02,085 [INFO] 识盘命令输出：
2025-03-24 15:10:02,132 [INFO] smart_log : 错误代码 1: 
2025-03-24 15:10:03,138 [INFO] 识盘命令输出：
2025-03-24 15:10:03,177 [INFO] smart_log : 错误代码 1: 
2025-03-24 15:10:04,189 [INFO] 识盘命令输出：
2025-03-24 15:10:04,233 [INFO] smart_log : 错误代码 1: 
2025-03-24 15:10:05,240 [INFO] 识盘命令输出：
2025-03-24 15:10:05,273 [INFO] smart_log : 错误代码 1: 
2025-03-24 15:10:06,275 [INFO] 识盘命令输出：
2025-03-24 15:10:06,316 [INFO] smart_log : 错误代码 1: 
2025-03-24 15:10:07,327 [INFO] 识盘命令输出：
2025-03-24 15:10:07,362 [INFO] smart_log : 错误代码 1: 
2025-03-24 15:10:08,377 [INFO] 识盘命令输出：
2025-03-24 15:10:08,421 [INFO] smart_log : 错误代码 1: 
2025-03-24 15:10:09,430 [INFO] 识盘命令输出：
2025-03-24 15:10:09,473 [INFO] smart_log : 错误代码 1: 
2025-03-24 15:10:10,482 [INFO] 识盘命令输出：
2025-03-24 15:10:10,523 [INFO] smart_log : 错误代码 1: 
2025-03-24 15:10:11,535 [INFO] 识盘命令输出：
2025-03-24 15:10:11,574 [INFO] smart_log : 错误代码 1: 
2025-03-24 15:10:12,585 [INFO] 识盘命令输出：
2025-03-24 15:10:12,633 [INFO] smart_log : 错误代码 1: 
2025-03-24 15:10:13,638 [INFO] 识盘命令输出：
2025-03-24 15:10:13,675 [INFO] smart_log : 错误代码 1: 
2025-03-24 15:10:14,689 [INFO] 识盘命令输出：
2025-03-24 15:10:14,736 [INFO] smart_log : 错误代码 1: 
2025-03-24 15:10:15,741 [INFO] 识盘命令输出：
2025-03-24 15:10:15,779 [INFO] smart_log : 错误代码 1: 
2025-03-24 15:10:16,791 [INFO] 识盘命令输出：
2025-03-24 15:10:16,840 [INFO] smart_log : 错误代码 1: 
2025-03-24 15:10:17,843 [INFO] 识盘命令输出：
2025-03-24 15:10:17,889 [INFO] smart_log : 错误代码 1: 
2025-03-24 15:10:18,893 [INFO] 识盘命令输出：
2025-03-24 15:10:18,942 [INFO] smart_log : 错误代码 1: 
2025-03-24 15:10:19,946 [INFO] 识盘命令输出：
2025-03-24 15:10:19,990 [INFO] smart_log : 错误代码 1: 
2025-03-24 15:10:20,997 [INFO] 等待5秒后开始上电
