2025-03-04 20:58:31,498 [INFO] 程序已以管理员权限运行。
2025-03-04 20:58:31,498 [INFO] 程序已以管理员权限运行。
2025-03-04 20:58:31,538 [INFO] BitLocker 驱动器加密: 配置工具版本 10.0.19041
版权所有 (C) 2013 Microsoft Corporation。保留所有权利。

卷 D: []
[数据卷]

    大小:              447.12 GB
    BitLocker 版本:    无
    转换状态:          完全解密
    已加密百分比:      0.0%
    加密方法:          无
    保护状态:          保护关闭
    锁定状态:          已解锁
    标识字段:          无
    自动解锁:          已禁用
    密钥保护器:        找不到
2025-03-04 20:58:31,539 [INFO] [INFO] Initial run. Running enable BitLocker logic...
2025-03-04 20:58:45,784 [INFO] step 1: status check
2025-03-04 20:58:45,830 [INFO] BitLocker 驱动器加密: 配置工具版本 10.0.19041
版权所有 (C) 2013 Microsoft Corporation。保留所有权利。

卷 D: []
[数据卷]

    大小:              447.12 GB
    BitLocker 版本:    2.0
    转换状态:          完全加密
    已加密百分比:      100.0%
    加密方法:    硬件加密 - 1.3.111.2.1619.0.1.2
    保护状态:          保护已启用
    锁定状态:          已解锁
    标识字段:          未知
    自动解锁:          已禁用
    密钥保护器:
        外部密钥
        数字密码
2025-03-04 20:58:45,830 [INFO] disk_current_status : 硬件加密 - 1.3.111.2.1619.0.1.2
2025-03-04 20:58:48,842 [INFO] step 2: bitlocker add password
2025-03-04 20:58:59,440 [INFO] step 3: APL
2025-03-04 20:58:59,441 [INFO] delay power off
2025-03-04 20:58:59,445 [INFO] 识盘命令输出：
2025-03-04 20:58:59,508 [INFO] smart_log : 
2025-03-04 20:59:00,524 [INFO] 识盘命令输出：
2025-03-04 20:59:00,587 [INFO] smart_log : 
2025-03-04 20:59:01,592 [INFO] 识盘命令输出：
2025-03-04 20:59:02,230 [INFO] smart_log : 错误代码 2: 
2025-03-04 20:59:03,235 [INFO] 识盘命令输出：
2025-03-04 20:59:03,297 [INFO] smart_log : 错误代码 1: 
2025-03-04 20:59:04,303 [INFO] 识盘命令输出：
2025-03-04 20:59:04,360 [INFO] smart_log : 错误代码 1: 
2025-03-04 20:59:05,371 [INFO] 识盘命令输出：
2025-03-04 20:59:05,431 [INFO] smart_log : 错误代码 1: 
2025-03-04 20:59:06,438 [INFO] 识盘命令输出：
2025-03-04 20:59:06,505 [INFO] smart_log : 错误代码 1: 
2025-03-04 20:59:07,507 [INFO] 识盘命令输出：
2025-03-04 20:59:07,570 [INFO] smart_log : 错误代码 1: 
2025-03-04 20:59:08,574 [INFO] 识盘命令输出：
2025-03-04 20:59:08,637 [INFO] smart_log : 错误代码 1: 
2025-03-04 20:59:09,642 [INFO] 等待5秒后开始上电
2025-03-04 20:59:30,398 [INFO] [INFO] Task created successfully.
2025-03-04 20:59:30,399 [INFO] Batch file generated and placed in startup directory: C:\ProgramData\Microsoft\Windows\Start Menu\Programs\StartUp\run_script.bat
2025-03-04 20:59:30,399 [INFO] [INFO] System will now reboot...
2025-03-04 20:59:32,445 [INFO] 流程完成。
