2025-02-21 16:11:19,244 [INFO] 程序已以管理员权限运行。
2025-02-21 16:11:19,244 [INFO] new volume
2025-02-21 16:11:39,554 [INFO] Scanning for Opal compliant disks
\\.\PhysicalDrive0  2      RSYE3839Z-1920                           SP30100B
\\.\PhysicalDrive1 No       
No more disks present ending scan
2025-02-21 16:11:39,554 [INFO] step 1: status check
2025-02-21 16:11:39,593 [INFO] BitLocker 驱动器加密: 配置工具版本 10.0.19041
版权所有 (C) 2013 Microsoft Corporation。保留所有权利。

卷 D: []
[数据卷]

    大小:              1788.48 GB
    BitLocker 版本:    无
    转换状态:          完全解密
    已加密百分比:      0.0%
    加密方法:          无
    保护状态:          保护关闭
    锁定状态:          已解锁
    标识字段:          无
    自动解锁:          已禁用
    密钥保护器:        找不到
2025-02-21 16:11:39,594 [INFO] disk_current_status : {'BitLocker 驱动器加密': '配置工具版本 10.0.19041', '卷 D': '[]', '大小': '1788.48 GB', 'BitLocker 版本': '无', '转换状态': '完全解密', '已加密百分比': '0.0%', '加密方法': '无', '保护状态': '保护关闭', '锁定状态': '已解锁', '标识字段': '无', '自动解锁': '已禁用', '密钥保护器': '找不到'}
2025-02-21 16:11:39,595 [INFO] step 2: bitlocker on
2025-02-21 16:11:55,547 [INFO] key: {password}
2025-02-21 16:11:56,616 [INFO] disk_current_status : {'BitLocker 驱动器加密': '配置工具版本 10.0.19041', '卷 D': '[]', '大小': '1788.48 GB', 'BitLocker 版本': '无', '转换状态': '完全解密', '已加密百分比': '0.0%', '加密方法': '无', '保护状态': '保护关闭', '锁定状态': '已解锁', '标识字段': '无', '自动解锁': '已禁用', '密钥保护器': '找不到'}
2025-02-21 16:11:56,616 [INFO] step 3: bitlocker add password
2025-02-21 16:12:02,560 [INFO] step 4: bitlocker change password
2025-02-21 16:12:09,479 [INFO] step 5: bitlocker lock
2025-02-21 16:12:11,186 [INFO] BitLocker 驱动器加密: 配置工具版本 10.0.19041
版权所有 (C) 2013 Microsoft Corporation。保留所有权利。

卷 D: 现在已锁定
