2025-04-07 13:51:23,559 [INFO] 程序已以管理员权限运行。
2025-04-07 13:51:23,559 [INFO] step 1: bitlocker unlock
2025-04-07 13:51:29,464 [INFO] current_locked_state : 已解锁
2025-04-07 13:51:29,464 [INFO] step 2: delay power off
2025-04-07 13:51:29,465 [INFO] step 3: bitlocker lock
2025-04-07 13:51:31,117 [INFO] BitLocker 驱动器加密: 配置工具版本 10.0.19041
版权所有 (C) 2013 Microsoft Corporation。保留所有权利。

卷 D: 现在已锁定
2025-04-07 13:51:32,194 [INFO] current_locked_state : 已锁定
2025-04-07 13:51:32,195 [INFO] 识盘命令输出：
2025-04-07 13:51:32,234 [INFO] smart_log : 
2025-04-07 13:51:33,251 [INFO] 识盘命令输出：
2025-04-07 13:51:33,305 [INFO] smart_log : 
2025-04-07 13:51:34,320 [INFO] 识盘命令输出：
2025-04-07 13:51:34,388 [INFO] smart_log : 
2025-04-07 13:51:35,403 [INFO] 识盘命令输出：
2025-04-07 13:51:35,470 [INFO] smart_log : 
2025-04-07 13:51:36,477 [INFO] 识盘命令输出：
2025-04-07 13:51:36,542 [INFO] smart_log : 
2025-04-07 13:51:37,544 [INFO] 识盘命令输出：
2025-04-07 13:51:37,606 [INFO] smart_log : 
2025-04-07 13:51:38,610 [INFO] 识盘命令输出：
2025-04-07 13:51:38,681 [INFO] smart_log : 
2025-04-07 13:51:39,695 [INFO] 识盘命令输出：
2025-04-07 13:51:40,347 [INFO] smart_log : 错误代码 2: 
2025-04-07 13:51:41,350 [INFO] 识盘命令输出：
2025-04-07 13:51:41,403 [INFO] smart_log : 错误代码 1: 
2025-04-07 13:51:42,417 [INFO] 识盘命令输出：
2025-04-07 13:51:42,477 [INFO] smart_log : 错误代码 1: 
2025-04-07 13:51:43,485 [INFO] 识盘命令输出：
2025-04-07 13:51:43,537 [INFO] smart_log : 错误代码 1: 
2025-04-07 13:51:44,551 [INFO] 识盘命令输出：
2025-04-07 13:51:44,608 [INFO] smart_log : 错误代码 1: 
2025-04-07 13:51:45,618 [INFO] 识盘命令输出：
2025-04-07 13:51:45,669 [INFO] smart_log : 错误代码 1: 
2025-04-07 13:51:46,670 [INFO] 识盘命令输出：
2025-04-07 13:51:46,729 [INFO] smart_log : 错误代码 1: 
2025-04-07 13:51:47,739 [INFO] 识盘命令输出：
2025-04-07 13:51:47,795 [INFO] smart_log : 错误代码 1: 
2025-04-07 13:51:48,807 [INFO] 识盘命令输出：
2025-04-07 13:51:48,864 [INFO] smart_log : 错误代码 1: 
2025-04-07 13:51:49,876 [INFO] 识盘命令输出：
2025-04-07 13:51:49,929 [INFO] smart_log : 错误代码 1: 
2025-04-07 13:51:50,942 [INFO] 识盘命令输出：
2025-04-07 13:51:50,998 [INFO] smart_log : 错误代码 1: 
2025-04-07 13:51:52,010 [INFO] 识盘命令输出：
2025-04-07 13:51:52,064 [INFO] smart_log : 错误代码 1: 
2025-04-07 13:51:53,077 [INFO] 识盘命令输出：
2025-04-07 13:51:53,135 [INFO] smart_log : 错误代码 1: 
2025-04-07 13:51:54,146 [INFO] 识盘命令输出：
2025-04-07 13:51:54,201 [INFO] smart_log : 错误代码 1: 
2025-04-07 13:51:55,213 [INFO] 识盘命令输出：
2025-04-07 13:51:55,261 [INFO] smart_log : 错误代码 1: 
2025-04-07 13:51:56,266 [INFO] 识盘命令输出：
2025-04-07 13:51:56,319 [INFO] smart_log : 错误代码 1: 
2025-04-07 13:51:57,333 [INFO] 识盘命令输出：
2025-04-07 13:51:57,387 [INFO] smart_log : 错误代码 1: 
2025-04-07 13:51:58,401 [INFO] 识盘命令输出：
2025-04-07 13:51:58,457 [INFO] smart_log : 错误代码 1: 
2025-04-07 13:51:59,469 [INFO] 识盘命令输出：
2025-04-07 13:51:59,523 [INFO] smart_log : 错误代码 1: 
2025-04-07 13:52:00,536 [INFO] 识盘命令输出：
2025-04-07 13:52:00,592 [INFO] smart_log : 错误代码 1: 
2025-04-07 13:52:01,605 [INFO] 识盘命令输出：
2025-04-07 13:52:01,659 [INFO] smart_log : 错误代码 1: 
2025-04-07 13:52:02,673 [INFO] 等待5秒后开始上电
