2025-04-07 14:11:33,464 [INFO] 程序已以管理员权限运行。
2025-04-07 14:11:33,464 [INFO] step 3: delay power off
2025-04-07 14:11:33,465 [INFO] step 4: bitlocker unlock
2025-04-07 14:11:39,504 [INFO] current_locked_state : 已解锁
2025-04-07 14:11:39,504 [INFO] 识盘命令输出：
2025-04-07 14:11:39,546 [INFO] smart_log : 
2025-04-07 14:11:40,559 [INFO] 识盘命令输出：
2025-04-07 14:11:40,627 [INFO] smart_log : 
2025-04-07 14:11:41,637 [INFO] 识盘命令输出：
2025-04-07 14:11:41,690 [INFO] smart_log : 
2025-04-07 14:11:42,704 [INFO] 识盘命令输出：
2025-04-07 14:11:42,769 [INFO] smart_log : 
2025-04-07 14:11:43,771 [INFO] 识盘命令输出：
2025-04-07 14:11:44,260 [INFO] smart_log : 错误代码 2: 
2025-04-07 14:11:45,268 [INFO] 识盘命令输出：
2025-04-07 14:11:45,325 [INFO] smart_log : 错误代码 1: 
2025-04-07 14:11:46,334 [INFO] 识盘命令输出：
2025-04-07 14:11:46,388 [INFO] smart_log : 错误代码 1: 
2025-04-07 14:11:47,399 [INFO] 识盘命令输出：
2025-04-07 14:11:47,456 [INFO] smart_log : 错误代码 1: 
2025-04-07 14:11:48,467 [INFO] 识盘命令输出：
2025-04-07 14:11:48,521 [INFO] smart_log : 错误代码 1: 
2025-04-07 14:11:49,535 [INFO] 识盘命令输出：
2025-04-07 14:11:49,589 [INFO] smart_log : 错误代码 1: 
2025-04-07 14:11:50,604 [INFO] 识盘命令输出：
2025-04-07 14:11:50,657 [INFO] smart_log : 错误代码 1: 
2025-04-07 14:11:51,672 [INFO] 识盘命令输出：
2025-04-07 14:11:51,725 [INFO] smart_log : 错误代码 1: 
2025-04-07 14:11:52,739 [INFO] 识盘命令输出：
2025-04-07 14:11:52,791 [INFO] smart_log : 错误代码 1: 
2025-04-07 14:11:53,806 [INFO] 识盘命令输出：
2025-04-07 14:11:53,855 [INFO] smart_log : 错误代码 1: 
2025-04-07 14:11:54,857 [INFO] 识盘命令输出：
2025-04-07 14:11:54,908 [INFO] smart_log : 错误代码 1: 
2025-04-07 14:11:55,910 [INFO] 识盘命令输出：
2025-04-07 14:11:55,965 [INFO] smart_log : 错误代码 1: 
2025-04-07 14:11:56,978 [INFO] 识盘命令输出：
2025-04-07 14:11:57,034 [INFO] smart_log : 错误代码 1: 
2025-04-07 14:11:58,046 [INFO] 识盘命令输出：
2025-04-07 14:11:58,099 [INFO] smart_log : 错误代码 1: 
2025-04-07 14:11:59,114 [INFO] 识盘命令输出：
2025-04-07 14:11:59,167 [INFO] smart_log : 错误代码 1: 
2025-04-07 14:12:00,181 [INFO] 识盘命令输出：
2025-04-07 14:12:00,234 [INFO] smart_log : 错误代码 1: 
2025-04-07 14:12:01,249 [INFO] 识盘命令输出：
2025-04-07 14:12:01,306 [INFO] smart_log : 错误代码 1: 
2025-04-07 14:12:02,316 [INFO] 识盘命令输出：
2025-04-07 14:12:02,372 [INFO] smart_log : 错误代码 1: 
2025-04-07 14:12:03,384 [INFO] 识盘命令输出：
2025-04-07 14:12:03,441 [INFO] smart_log : 错误代码 1: 
2025-04-07 14:12:04,451 [INFO] 识盘命令输出：
2025-04-07 14:12:04,502 [INFO] smart_log : 错误代码 1: 
2025-04-07 14:12:05,518 [INFO] 识盘命令输出：
2025-04-07 14:12:05,574 [INFO] smart_log : 错误代码 1: 
2025-04-07 14:12:06,586 [INFO] 识盘命令输出：
2025-04-07 14:12:06,649 [INFO] smart_log : 错误代码 1: 
2025-04-07 14:12:07,654 [INFO] 识盘命令输出：
2025-04-07 14:12:07,710 [INFO] smart_log : 错误代码 1: 
2025-04-07 14:12:08,722 [INFO] 识盘命令输出：
2025-04-07 14:12:08,780 [INFO] smart_log : 错误代码 1: 
2025-04-07 14:12:09,790 [INFO] 等待5秒后开始上电
2025-04-07 14:12:25,500 [INFO] current_transition_state : 已锁定
2025-04-07 14:12:25,500 [INFO] step 5: bitlocker unlock again
2025-04-07 14:12:31,354 [INFO] current_locked_state : 已解锁
2025-04-07 14:12:31,355 [INFO] step 8: bitlocker off
2025-04-07 14:12:36,437 [INFO] current_transition_state : 完全解密
