2025-03-18 09:42:44,168 [INFO] 程序已以管理员权限运行。
2025-03-18 09:42:44,168 [INFO] 程序已以管理员权限运行。
2025-03-18 09:42:44,208 [INFO] BitLocker 驱动器加密: 配置工具版本 10.0.19041
版权所有 (C) 2013 Microsoft Corporation。保留所有权利。

卷 D: []
[数据卷]

    大小:              1788.48 GB
    BitLocker 版本:    无
    转换状态:          完全解密
    已加密百分比:      0.0%
    加密方法:          无
    保护状态:          保护关闭
    锁定状态:          已解锁
    标识字段:          无
    自动解锁:          已禁用
    密钥保护器:        找不到
2025-03-18 09:42:44,209 [INFO] [INFO] Initial run. Running enable BitLocker logic...
2025-03-18 09:42:59,783 [INFO] step 1: status check
2025-03-18 09:42:59,827 [INFO] BitLocker 驱动器加密: 配置工具版本 10.0.19041
版权所有 (C) 2013 Microsoft Corporation。保留所有权利。

卷 D: []
[数据卷]

    大小:              1788.48 GB
    BitLocker 版本:    2.0
    转换状态:          完全加密
    已加密百分比:      100.0%
    加密方法:    硬件加密 - 1.3.111.2.1619.0.1.2
    保护状态:          保护已启用
    锁定状态:          已解锁
    标识字段:          未知
    自动解锁:          已禁用
    密钥保护器:
        外部密钥
        数字密码
2025-03-18 09:42:59,828 [INFO] disk_current_status : 硬件加密 - 1.3.111.2.1619.0.1.2
2025-03-18 09:43:02,835 [INFO] step 2: bitlocker add password
2025-03-18 09:43:13,817 [INFO] step 3: APL
2025-03-18 09:43:13,817 [INFO] delay power off
2025-03-18 09:43:13,822 [INFO] 识盘命令输出：
2025-03-18 09:43:13,889 [INFO] smart_log : 
2025-03-18 09:43:14,900 [INFO] 识盘命令输出：
2025-03-18 09:43:14,971 [INFO] smart_log : 
2025-03-18 09:43:15,984 [INFO] 识盘命令输出：
2025-03-18 09:43:17,085 [INFO] smart_log : 错误代码 2: 
2025-03-18 09:43:18,086 [INFO] 识盘命令输出：
2025-03-18 09:43:18,143 [INFO] smart_log : 错误代码 1: 
2025-03-18 09:43:19,155 [INFO] 识盘命令输出：
2025-03-18 09:43:19,214 [INFO] smart_log : 错误代码 1: 
2025-03-18 09:43:20,223 [INFO] 识盘命令输出：
2025-03-18 09:43:20,279 [INFO] smart_log : 错误代码 1: 
2025-03-18 09:43:21,292 [INFO] 识盘命令输出：
2025-03-18 09:43:21,347 [INFO] smart_log : 错误代码 1: 
2025-03-18 09:43:22,359 [INFO] 识盘命令输出：
2025-03-18 09:43:22,418 [INFO] smart_log : 错误代码 1: 
2025-03-18 09:43:23,428 [INFO] 识盘命令输出：
2025-03-18 09:43:23,487 [INFO] smart_log : 错误代码 1: 
2025-03-18 09:43:24,496 [INFO] 等待5秒后开始上电
2025-03-18 09:43:45,199 [INFO] [INFO] Task created successfully.
2025-03-18 09:43:45,200 [INFO] Batch file generated and placed in startup directory: C:\ProgramData\Microsoft\Windows\Start Menu\Programs\StartUp\run_script.bat
2025-03-18 09:43:45,200 [INFO] [INFO] System will now reboot...
2025-03-18 09:43:47,245 [INFO] 流程完成。
