2025-02-18 13:51:39,675 [INFO] 程序已以管理员权限运行。
2025-02-18 13:51:39,675 [INFO] step 1: bitlocker unlock
2025-02-18 13:51:45,578 [INFO] current_locked_state : 已解锁
2025-02-18 13:51:45,578 [INFO] step 2: delay power off
2025-02-18 13:51:45,579 [INFO] step 3: bitlocker lock
2025-02-18 13:51:47,258 [INFO] BitLocker 驱动器加密: 配置工具版本 10.0.19041
版权所有 (C) 2013 Microsoft Corporation。保留所有权利。

卷 D: 现在已锁定
2025-02-18 13:51:48,353 [INFO] current_locked_state : 已锁定
2025-02-18 13:51:48,354 [INFO] 识盘命令输出：
2025-02-18 13:51:48,394 [INFO] smart_log : 
2025-02-18 13:51:49,407 [INFO] 识盘命令输出：
2025-02-18 13:51:49,462 [INFO] smart_log : 
2025-02-18 13:51:50,470 [INFO] 识盘命令输出：
2025-02-18 13:51:50,549 [INFO] smart_log : 
2025-02-18 13:51:51,552 [INFO] 识盘命令输出：
2025-02-18 13:51:51,618 [INFO] smart_log : 
2025-02-18 13:51:52,631 [INFO] 识盘命令输出：
2025-02-18 13:51:52,708 [INFO] smart_log : 
2025-02-18 13:51:53,714 [INFO] 识盘命令输出：
2025-02-18 13:51:53,770 [INFO] smart_log : 
2025-02-18 13:51:54,780 [INFO] 识盘命令输出：
2025-02-18 13:51:54,837 [INFO] smart_log : 
2025-02-18 13:51:55,845 [INFO] 识盘命令输出：
2025-02-18 13:51:56,468 [INFO] smart_log : 错误代码 2: 
2025-02-18 13:51:57,485 [INFO] 识盘命令输出：
2025-02-18 13:51:57,535 [INFO] smart_log : 错误代码 1: 
2025-02-18 13:51:58,536 [INFO] 识盘命令输出：
2025-02-18 13:51:58,599 [INFO] smart_log : 错误代码 1: 
2025-02-18 13:51:59,605 [INFO] 识盘命令输出：
2025-02-18 13:51:59,653 [INFO] smart_log : 错误代码 1: 
2025-02-18 13:52:00,655 [INFO] 识盘命令输出：
2025-02-18 13:52:00,707 [INFO] smart_log : 错误代码 1: 
2025-02-18 13:52:01,707 [INFO] 识盘命令输出：
2025-02-18 13:52:01,768 [INFO] smart_log : 错误代码 1: 
2025-02-18 13:52:02,775 [INFO] 识盘命令输出：
2025-02-18 13:52:02,828 [INFO] smart_log : 错误代码 1: 
2025-02-18 13:52:03,843 [INFO] 识盘命令输出：
2025-02-18 13:52:03,892 [INFO] smart_log : 错误代码 1: 
2025-02-18 13:52:04,896 [INFO] 识盘命令输出：
2025-02-18 13:52:04,948 [INFO] smart_log : 错误代码 1: 
2025-02-18 13:52:05,948 [INFO] 识盘命令输出：
2025-02-18 13:52:06,014 [INFO] smart_log : 错误代码 1: 
2025-02-18 13:52:07,017 [INFO] 识盘命令输出：
2025-02-18 13:52:07,070 [INFO] smart_log : 错误代码 1: 
2025-02-18 13:52:08,085 [INFO] 识盘命令输出：
2025-02-18 13:52:08,134 [INFO] smart_log : 错误代码 1: 
2025-02-18 13:52:09,138 [INFO] 识盘命令输出：
2025-02-18 13:52:09,187 [INFO] smart_log : 错误代码 1: 
2025-02-18 13:52:10,190 [INFO] 识盘命令输出：
2025-02-18 13:52:10,247 [INFO] smart_log : 错误代码 1: 
2025-02-18 13:52:11,258 [INFO] 识盘命令输出：
2025-02-18 13:52:11,321 [INFO] smart_log : 错误代码 1: 
2025-02-18 13:52:12,326 [INFO] 识盘命令输出：
2025-02-18 13:52:12,380 [INFO] smart_log : 错误代码 1: 
2025-02-18 13:52:13,395 [INFO] 识盘命令输出：
2025-02-18 13:52:13,434 [INFO] smart_log : 错误代码 1: 
2025-02-18 13:52:14,446 [INFO] 识盘命令输出：
2025-02-18 13:52:14,490 [INFO] smart_log : 错误代码 1: 
2025-02-18 13:52:15,499 [INFO] 识盘命令输出：
2025-02-18 13:52:15,558 [INFO] smart_log : 错误代码 1: 
2025-02-18 13:52:16,567 [INFO] 识盘命令输出：
2025-02-18 13:52:16,627 [INFO] smart_log : 错误代码 1: 
2025-02-18 13:52:17,635 [INFO] 识盘命令输出：
2025-02-18 13:52:17,673 [INFO] smart_log : 错误代码 1: 
2025-02-18 13:52:18,688 [INFO] 等待5秒后开始上电
