2025-03-17 17:04:45,517 [INFO] 程序已以管理员权限运行。
2025-03-17 17:04:45,517 [INFO] step 1: bitlocker unlock
2025-03-17 17:04:48,956 [INFO] current_locked_state : 已解锁
2025-03-17 17:04:48,956 [INFO] step 2: bitlocker change password
2025-03-17 17:04:53,424 [INFO] step 3: delay power off
2025-03-17 17:04:53,424 [INFO] 识盘命令输出：
2025-03-17 17:04:53,502 [INFO] smart_log : 
2025-03-17 17:04:54,510 [INFO] 识盘命令输出：
2025-03-17 17:04:54,608 [INFO] smart_log : 
2025-03-17 17:04:55,625 [INFO] 识盘命令输出：
2025-03-17 17:04:55,726 [INFO] smart_log : 
2025-03-17 17:04:56,731 [INFO] 识盘命令输出：
2025-03-17 17:04:56,853 [INFO] smart_log : 
2025-03-17 17:04:57,867 [INFO] 识盘命令输出：
2025-03-17 17:04:57,977 [INFO] smart_log : 
2025-03-17 17:04:58,987 [INFO] 识盘命令输出：
2025-03-17 17:04:59,098 [INFO] smart_log : 
2025-03-17 17:05:00,105 [INFO] 识盘命令输出：
2025-03-17 17:05:00,195 [INFO] smart_log : 
2025-03-17 17:05:01,209 [INFO] 识盘命令输出：
2025-03-17 17:05:01,308 [INFO] smart_log : 
2025-03-17 17:05:02,313 [INFO] 识盘命令输出：
2025-03-17 17:05:02,425 [INFO] smart_log : 
2025-03-17 17:05:03,433 [INFO] 识盘命令输出：
2025-03-17 17:05:04,243 [INFO] smart_log : 错误代码 4: 
2025-03-17 17:05:05,244 [INFO] 识盘命令输出：
2025-03-17 17:05:05,296 [INFO] smart_log : 错误代码 1: 
2025-03-17 17:05:06,300 [INFO] 识盘命令输出：
2025-03-17 17:05:06,361 [INFO] smart_log : 错误代码 1: 
2025-03-17 17:05:07,367 [INFO] 识盘命令输出：
2025-03-17 17:05:07,429 [INFO] smart_log : 错误代码 1: 
2025-03-17 17:05:08,438 [INFO] 识盘命令输出：
2025-03-17 17:05:08,504 [INFO] smart_log : 错误代码 1: 
2025-03-17 17:05:09,505 [INFO] 识盘命令输出：
2025-03-17 17:05:09,567 [INFO] smart_log : 错误代码 1: 
2025-03-17 17:05:10,576 [INFO] 识盘命令输出：
2025-03-17 17:05:10,632 [INFO] smart_log : 错误代码 1: 
2025-03-17 17:05:11,632 [INFO] 识盘命令输出：
2025-03-17 17:05:11,693 [INFO] smart_log : 错误代码 1: 
2025-03-17 17:05:12,703 [INFO] 识盘命令输出：
2025-03-17 17:05:12,762 [INFO] smart_log : 错误代码 1: 
2025-03-17 17:05:13,773 [INFO] 识盘命令输出：
2025-03-17 17:05:13,831 [INFO] smart_log : 错误代码 1: 
2025-03-17 17:05:14,843 [INFO] 识盘命令输出：
2025-03-17 17:05:14,898 [INFO] smart_log : 错误代码 1: 
2025-03-17 17:05:15,899 [INFO] 识盘命令输出：
2025-03-17 17:05:15,960 [INFO] smart_log : 错误代码 1: 
2025-03-17 17:05:16,967 [INFO] 识盘命令输出：
2025-03-17 17:05:17,026 [INFO] smart_log : 错误代码 1: 
2025-03-17 17:05:18,041 [INFO] 识盘命令输出：
2025-03-17 17:05:18,104 [INFO] smart_log : 错误代码 1: 
2025-03-17 17:05:19,110 [INFO] 识盘命令输出：
2025-03-17 17:05:19,168 [INFO] smart_log : 错误代码 1: 
2025-03-17 17:05:20,181 [INFO] 识盘命令输出：
2025-03-17 17:05:20,237 [INFO] smart_log : 错误代码 1: 
2025-03-17 17:05:21,238 [INFO] 识盘命令输出：
2025-03-17 17:05:21,300 [INFO] smart_log : 错误代码 1: 
2025-03-17 17:05:22,305 [INFO] 识盘命令输出：
2025-03-17 17:05:22,364 [INFO] smart_log : 错误代码 1: 
2025-03-17 17:05:23,377 [INFO] 识盘命令输出：
2025-03-17 17:05:23,444 [INFO] smart_log : 错误代码 1: 
2025-03-17 17:05:24,449 [INFO] 等待5秒后开始上电
2025-03-17 17:06:40,210 [INFO] current_transition_state : 已锁定
