2025-02-18 14:24:35,291 [INFO] 程序已以管理员权限运行。
2025-02-18 14:24:35,291 [INFO] step 0: delay power off
2025-02-18 14:24:35,292 [INFO] step 1 Format
2025-02-18 14:24:55,657 [INFO] step 2: status check
2025-02-18 14:24:55,672 [INFO] current_transition_state : 错误代码 136: Invalid or unsupported disk \\.\PhysicalDrive0
2025-02-18 14:24:55,672 [INFO] 识盘命令输出：
2025-02-18 14:24:55,739 [INFO] smart_log : 错误代码 1: 
2025-02-18 14:24:56,744 [INFO] 识盘命令输出：
2025-02-18 14:24:56,809 [INFO] smart_log : 错误代码 1: 
2025-02-18 14:24:57,815 [INFO] 识盘命令输出：
2025-02-18 14:24:57,873 [INFO] smart_log : 错误代码 1: 
2025-02-18 14:24:58,884 [INFO] 识盘命令输出：
2025-02-18 14:24:58,943 [INFO] smart_log : 错误代码 1: 
2025-02-18 14:24:59,953 [INFO] 识盘命令输出：
2025-02-18 14:25:00,010 [INFO] smart_log : 错误代码 1: 
2025-02-18 14:25:01,023 [INFO] 识盘命令输出：
2025-02-18 14:25:01,065 [INFO] smart_log : 错误代码 1: 
2025-02-18 14:25:02,079 [INFO] 识盘命令输出：
2025-02-18 14:25:02,131 [INFO] smart_log : 错误代码 1: 
2025-02-18 14:25:03,135 [INFO] 识盘命令输出：
2025-02-18 14:25:03,192 [INFO] smart_log : 错误代码 1: 
2025-02-18 14:25:04,207 [INFO] 识盘命令输出：
2025-02-18 14:25:04,269 [INFO] smart_log : 错误代码 1: 
2025-02-18 14:25:05,274 [INFO] 识盘命令输出：
2025-02-18 14:25:05,335 [INFO] smart_log : 错误代码 1: 
2025-02-18 14:25:06,346 [INFO] 等待5秒后开始上电
