2025-03-17 16:07:51,668 [INFO] 程序已以管理员权限运行。
2025-03-17 16:07:51,669 [INFO] new volume
2025-03-17 16:08:12,016 [INFO] Scanning for Opal compliant disks
\\.\PhysicalDrive0  2      RSYE3839Z-480G                           SP3X1X29
\\.\PhysicalDrive1 No       
No more disks present ending scan
2025-03-17 16:08:12,017 [INFO] step 1: status check
2025-03-17 16:08:12,064 [INFO] BitLocker 驱动器加密: 配置工具版本 10.0.19041
版权所有 (C) 2013 Microsoft Corporation。保留所有权利。

卷 D: []
[数据卷]

    大小:              447.12 GB
    BitLocker 版本:    无
    转换状态:          完全解密
    已加密百分比:      0.0%
    加密方法:          无
    保护状态:          保护关闭
    锁定状态:          已解锁
    标识字段:          无
    自动解锁:          已禁用
    密钥保护器:        找不到
2025-03-17 16:08:12,064 [INFO] disk_current_status : {'BitLocker 驱动器加密': '配置工具版本 10.0.19041', '卷 D': '[]', '大小': '447.12 GB', 'BitLocker 版本': '无', '转换状态': '完全解密', '已加密百分比': '0.0%', '加密方法': '无', '保护状态': '保护关闭', '锁定状态': '已解锁', '标识字段': '无', '自动解锁': '已禁用', '密钥保护器': '找不到'}
2025-03-17 16:08:12,065 [INFO] step 2: bitlocker on
2025-03-17 16:08:27,169 [INFO] key: {password}
2025-03-17 16:08:28,231 [INFO] disk_current_status : {'BitLocker 驱动器加密': '配置工具版本 10.0.19041', '卷 D': '[]', '大小': '447.12 GB', 'BitLocker 版本': '无', '转换状态': '完全解密', '已加密百分比': '0.0%', '加密方法': '无', '保护状态': '保护关闭', '锁定状态': '已解锁', '标识字段': '无', '自动解锁': '已禁用', '密钥保护器': '找不到'}
2025-03-17 16:08:28,231 [INFO] step 3: bitlocker add password
2025-03-17 16:08:34,181 [INFO] step 4: bitlocker change password
2025-03-17 16:08:41,103 [INFO] step 5: bitlocker lock
2025-03-17 16:08:42,775 [INFO] BitLocker 驱动器加密: 配置工具版本 10.0.19041
版权所有 (C) 2013 Microsoft Corporation。保留所有权利。

卷 D: 现在已锁定
2025-03-17 16:08:43,877 [INFO] current_locked_state : 已锁定
2025-03-17 16:08:43,877 [INFO] step 6: read and write after disk locked
2025-03-17 16:08:43,880 [ERROR] 写入失败，错误信息：[Errno 22] Invalid argument: 'D://test_file.txt'
Traceback (most recent call last):
  File "t_Tcg_BitLocker_17_BaseAPL.py", line 88, in verify_locked
    with open(test_file, "w") as file:
OSError: [Errno 22] Invalid argument: 'D://test_file.txt'
2025-03-17 16:08:43,883 [ERROR] 读取失败，错误信息：[WinError -2144272384] BitLocker 驱动器加密已锁定该驱动器。必须从控制面板解除此驱动器锁定。: 'D://'
Traceback (most recent call last):
  File "t_Tcg_BitLocker_17_BaseAPL.py", line 101, in verify_locked
    files = os.listdir(drive_letter)
OSError: [WinError -2144272384] BitLocker 驱动器加密已锁定该驱动器。必须从控制面板解除此驱动器锁定。: 'D://'
2025-03-17 16:08:43,886 [ERROR] 写入失败，错误信息：[Errno 22] Invalid argument: 'D://test_file.txt'
Traceback (most recent call last):
  File "t_Tcg_BitLocker_17_BaseAPL.py", line 88, in verify_locked
    with open(test_file, "w") as file:
OSError: [Errno 22] Invalid argument: 'D://test_file.txt'
2025-03-17 16:08:43,889 [ERROR] 读取失败，错误信息：[WinError -2144272384] BitLocker 驱动器加密已锁定该驱动器。必须从控制面板解除此驱动器锁定。: 'D://'
Traceback (most recent call last):
  File "t_Tcg_BitLocker_17_BaseAPL.py", line 101, in verify_locked
    files = os.listdir(drive_letter)
OSError: [WinError -2144272384] BitLocker 驱动器加密已锁定该驱动器。必须从控制面板解除此驱动器锁定。: 'D://'
2025-03-17 16:08:43,889 [INFO] D: 已被锁定。
2025-03-17 16:08:43,889 [INFO] step 7: bitlocker unlock
2025-03-17 16:08:49,254 [INFO] current_locked_state : 已解锁
2025-03-17 16:08:49,254 [INFO] step 8: bitlocker off
2025-03-17 16:08:55,690 [INFO] current_transition_state : 完全解密
2025-03-17 16:08:55,691 [INFO] step 9: bitlocker on again
2025-03-17 16:09:10,951 [INFO] key: 273383-288816-388927-597388-465564-043736-079222-057079
2025-03-17 16:09:10,952 [INFO] step 10: bitlocker off
2025-03-17 16:09:17,479 [INFO] current_transition_state : 完全解密
2025-03-17 16:09:17,480 [INFO] step 11: APL
2025-03-17 16:09:17,483 [INFO] delay power off
2025-03-17 16:09:17,484 [INFO] 识盘命令输出：
2025-03-17 16:09:17,559 [INFO] smart_log : 
2025-03-17 16:09:18,563 [INFO] 识盘命令输出：
2025-03-17 16:09:18,638 [INFO] smart_log : 
2025-03-17 16:09:19,645 [INFO] 识盘命令输出：
2025-03-17 16:09:20,271 [INFO] smart_log : 错误代码 2: 
2025-03-17 16:09:21,287 [INFO] 识盘命令输出：
2025-03-17 16:09:21,349 [INFO] smart_log : 错误代码 1: 
2025-03-17 16:09:22,354 [INFO] 识盘命令输出：
2025-03-17 16:09:22,417 [INFO] smart_log : 错误代码 1: 
2025-03-17 16:09:23,420 [INFO] 识盘命令输出：
2025-03-17 16:09:23,480 [INFO] smart_log : 错误代码 1: 
2025-03-17 16:09:24,489 [INFO] 识盘命令输出：
2025-03-17 16:09:24,552 [INFO] smart_log : 错误代码 1: 
2025-03-17 16:09:25,557 [INFO] 识盘命令输出：
2025-03-17 16:09:25,614 [INFO] smart_log : 错误代码 1: 
2025-03-17 16:09:26,626 [INFO] 识盘命令输出：
2025-03-17 16:09:26,690 [INFO] smart_log : 错误代码 1: 
2025-03-17 16:09:27,693 [INFO] 等待5秒后开始上电
