2025-03-18 09:38:28,031 [INFO] 程序已以管理员权限运行。
2025-03-18 09:38:28,032 [INFO] new volume
2025-03-18 09:38:48,386 [INFO] Scanning for Opal compliant disks
\\.\PhysicalDrive0  2      RSYE3839Z-1920                           SP301012
\\.\PhysicalDrive1 No       
No more disks present ending scan
2025-03-18 09:38:48,386 [INFO] step 1: status check
2025-03-18 09:38:48,431 [INFO] BitLocker 驱动器加密: 配置工具版本 10.0.19041
版权所有 (C) 2013 Microsoft Corporation。保留所有权利。

卷 D: []
[数据卷]

    大小:              1788.48 GB
    BitLocker 版本:    无
    转换状态:          完全解密
    已加密百分比:      0.0%
    加密方法:          无
    保护状态:          保护关闭
    锁定状态:          已解锁
    标识字段:          无
    自动解锁:          已禁用
    密钥保护器:        找不到
2025-03-18 09:38:48,432 [INFO] disk_current_status : {'BitLocker 驱动器加密': '配置工具版本 10.0.19041', '卷 D': '[]', '大小': '1788.48 GB', 'BitLocker 版本': '无', '转换状态': '完全解密', '已加密百分比': '0.0%', '加密方法': '无', '保护状态': '保护关闭', '锁定状态': '已解锁', '标识字段': '无', '自动解锁': '已禁用', '密钥保护器': '找不到'}
2025-03-18 09:38:48,432 [INFO] FIO read write
2025-03-18 09:38:48,433 [INFO] Running command: fio.exe --name=seqwrite --rw=write --bs=128k --size=10G --directory=D\:\fio_test --filename=testfile --iodepth=1 --output=fio_log\seqwrite.log
2025-03-18 09:39:03,760 [INFO] Sequential write completed successfully.
2025-03-18 09:39:03,761 [INFO] step 2: bitlocker on
2025-03-18 09:39:19,233 [INFO] key: {password}
2025-03-18 09:39:20,308 [INFO] disk_current_status : {'BitLocker 驱动器加密': '配置工具版本 10.0.19041', '卷 D': '[]', '大小': '1788.48 GB', 'BitLocker 版本': '无', '转换状态': '完全解密', '已加密百分比': '0.0%', '加密方法': '无', '保护状态': '保护关闭', '锁定状态': '已解锁', '标识字段': '无', '自动解锁': '已禁用', '密钥保护器': '找不到'}
2025-03-18 09:39:20,309 [INFO] step 3: bitlocker add password
2025-03-18 09:39:26,268 [INFO] step 4: bitlocker change password
2025-03-18 09:39:33,175 [INFO] step 5: bitlocker lock
2025-03-18 09:39:37,184 [INFO] BitLocker 驱动器加密: 配置工具版本 10.0.19041
版权所有 (C) 2013 Microsoft Corporation。保留所有权利。

卷 D: 现在已锁定
2025-03-18 09:39:38,277 [INFO] current_locked_state : 已锁定
2025-03-18 09:39:38,277 [INFO] step 6: read and write after disk locked
2025-03-18 09:39:38,281 [ERROR] 写入失败，错误信息：[Errno 22] Invalid argument: 'D://test_file.txt'
Traceback (most recent call last):
  File "t_Tcg_BitLocker_19_BaseIoFormat.py", line 87, in verify_locked
    with open(test_file, "w") as file:
OSError: [Errno 22] Invalid argument: 'D://test_file.txt'
2025-03-18 09:39:38,284 [ERROR] 读取失败，错误信息：[WinError -2144272384] BitLocker 驱动器加密已锁定该驱动器。必须从控制面板解除此驱动器锁定。: 'D://'
Traceback (most recent call last):
  File "t_Tcg_BitLocker_19_BaseIoFormat.py", line 100, in verify_locked
    files = os.listdir(drive_letter)
OSError: [WinError -2144272384] BitLocker 驱动器加密已锁定该驱动器。必须从控制面板解除此驱动器锁定。: 'D://'
2025-03-18 09:39:38,286 [ERROR] 写入失败，错误信息：[Errno 22] Invalid argument: 'D://test_file.txt'
Traceback (most recent call last):
  File "t_Tcg_BitLocker_19_BaseIoFormat.py", line 87, in verify_locked
    with open(test_file, "w") as file:
OSError: [Errno 22] Invalid argument: 'D://test_file.txt'
2025-03-18 09:39:38,289 [ERROR] 读取失败，错误信息：[WinError -2144272384] BitLocker 驱动器加密已锁定该驱动器。必须从控制面板解除此驱动器锁定。: 'D://'
Traceback (most recent call last):
  File "t_Tcg_BitLocker_19_BaseIoFormat.py", line 100, in verify_locked
    files = os.listdir(drive_letter)
OSError: [WinError -2144272384] BitLocker 驱动器加密已锁定该驱动器。必须从控制面板解除此驱动器锁定。: 'D://'
2025-03-18 09:39:38,289 [INFO] D: 已被锁定。
2025-03-18 09:39:38,289 [INFO] step 7: bitlocker unlock
2025-03-18 09:39:44,094 [INFO] current_locked_state : 已解锁
2025-03-18 09:39:44,095 [INFO] step 8: bitlocker off
2025-03-18 09:39:50,738 [INFO] current_transition_state : 完全解密
2025-03-18 09:39:50,739 [INFO] step 9: bitlocker on again
2025-03-18 09:40:06,145 [INFO] key: 716012-322234-397606-714626-636933-639386-329131-687511
2025-03-18 09:40:06,145 [INFO] step 10: bitlocker off
2025-03-18 09:40:12,698 [INFO] current_transition_state : 完全解密
2025-03-18 09:40:12,698 [INFO] step 11: format
2025-03-18 09:40:33,057 [INFO] Scanning for Opal compliant disks
\\.\PhysicalDrive0  2      RSYE3839Z-1920                           SP301012
\\.\PhysicalDrive1 No       
No more disks present ending scan
