2025-03-05 10:12:39,536 [INFO] 程序已以管理员权限运行。
2025-03-05 10:12:39,536 [INFO] step 1: bitlocker unlock
2025-03-05 10:12:45,148 [INFO] current_locked_state : 已解锁
2025-03-05 10:12:45,149 [INFO] step 2: delay power off
2025-03-05 10:12:45,149 [INFO] step 3: bitlocker lock
2025-03-05 10:12:46,582 [INFO] BitLocker 驱动器加密: 配置工具版本 10.0.19041
版权所有 (C) 2013 Microsoft Corporation。保留所有权利。

卷 D: 现在已锁定
2025-03-05 10:12:47,671 [INFO] current_locked_state : 已锁定
2025-03-05 10:12:47,671 [INFO] 识盘命令输出：
2025-03-05 10:12:47,777 [INFO] smart_log : 
2025-03-05 10:12:48,789 [INFO] 识盘命令输出：
2025-03-05 10:12:48,842 [INFO] smart_log : 
2025-03-05 10:12:49,844 [INFO] 识盘命令输出：
2025-03-05 10:12:49,920 [INFO] smart_log : 
2025-03-05 10:12:50,932 [INFO] 识盘命令输出：
2025-03-05 10:12:51,004 [INFO] smart_log : 
2025-03-05 10:12:52,020 [INFO] 识盘命令输出：
2025-03-05 10:12:52,092 [INFO] smart_log : 
2025-03-05 10:12:53,092 [INFO] 识盘命令输出：
2025-03-05 10:12:53,167 [INFO] smart_log : 
2025-03-05 10:12:54,177 [INFO] 识盘命令输出：
2025-03-05 10:12:54,252 [INFO] smart_log : 
2025-03-05 10:12:55,264 [INFO] 识盘命令输出：
2025-03-05 10:12:55,970 [INFO] smart_log : 错误代码 2: 
2025-03-05 10:12:56,978 [INFO] 识盘命令输出：
2025-03-05 10:12:57,040 [INFO] smart_log : 错误代码 1: 
2025-03-05 10:12:58,055 [INFO] 识盘命令输出：
2025-03-05 10:12:58,117 [INFO] smart_log : 错误代码 1: 
2025-03-05 10:12:59,127 [INFO] 识盘命令输出：
2025-03-05 10:12:59,187 [INFO] smart_log : 错误代码 1: 
2025-03-05 10:13:00,198 [INFO] 识盘命令输出：
2025-03-05 10:13:00,257 [INFO] smart_log : 错误代码 1: 
2025-03-05 10:13:01,271 [INFO] 识盘命令输出：
2025-03-05 10:13:01,328 [INFO] smart_log : 错误代码 1: 
2025-03-05 10:13:02,338 [INFO] 识盘命令输出：
2025-03-05 10:13:02,400 [INFO] smart_log : 错误代码 1: 
2025-03-05 10:13:03,410 [INFO] 识盘命令输出：
2025-03-05 10:13:03,473 [INFO] smart_log : 错误代码 1: 
2025-03-05 10:13:04,482 [INFO] 识盘命令输出：
2025-03-05 10:13:04,546 [INFO] smart_log : 错误代码 1: 
2025-03-05 10:13:05,554 [INFO] 识盘命令输出：
2025-03-05 10:13:05,604 [INFO] smart_log : 错误代码 1: 
2025-03-05 10:13:06,610 [INFO] 识盘命令输出：
2025-03-05 10:13:06,666 [INFO] smart_log : 错误代码 1: 
2025-03-05 10:13:07,673 [INFO] 识盘命令输出：
2025-03-05 10:13:07,730 [INFO] smart_log : 错误代码 1: 
2025-03-05 10:13:08,732 [INFO] 识盘命令输出：
2025-03-05 10:13:08,790 [INFO] smart_log : 错误代码 1: 
2025-03-05 10:13:09,791 [INFO] 识盘命令输出：
2025-03-05 10:13:09,853 [INFO] smart_log : 错误代码 1: 
2025-03-05 10:13:10,855 [INFO] 识盘命令输出：
2025-03-05 10:13:10,918 [INFO] smart_log : 错误代码 1: 
2025-03-05 10:13:11,925 [INFO] 识盘命令输出：
2025-03-05 10:13:11,989 [INFO] smart_log : 错误代码 1: 
2025-03-05 10:13:12,997 [INFO] 识盘命令输出：
2025-03-05 10:13:13,054 [INFO] smart_log : 错误代码 1: 
2025-03-05 10:13:14,069 [INFO] 识盘命令输出：
2025-03-05 10:13:14,123 [INFO] smart_log : 错误代码 1: 
2025-03-05 10:13:15,125 [INFO] 识盘命令输出：
2025-03-05 10:13:15,183 [INFO] smart_log : 错误代码 1: 
2025-03-05 10:13:16,197 [INFO] 识盘命令输出：
2025-03-05 10:13:16,257 [INFO] smart_log : 错误代码 1: 
2025-03-05 10:13:17,269 [INFO] 识盘命令输出：
2025-03-05 10:13:17,328 [INFO] smart_log : 错误代码 1: 
2025-03-05 10:13:18,341 [INFO] 等待5秒后开始上电
