2025-03-02 21:44:21,768 [INFO] 程序已以管理员权限运行。
2025-03-02 21:44:21,768 [INFO] step 3: delay power off
2025-03-02 21:44:21,769 [INFO] step 4: bitlocker unlock
2025-03-02 21:44:27,371 [INFO] current_locked_state : 已解锁
2025-03-02 21:44:27,371 [INFO] 识盘命令输出：
2025-03-02 21:44:27,418 [INFO] smart_log : 
2025-03-02 21:44:28,423 [INFO] 识盘命令输出：
2025-03-02 21:44:28,476 [INFO] smart_log : 
2025-03-02 21:44:29,487 [INFO] 识盘命令输出：
2025-03-02 21:44:29,537 [INFO] smart_log : 
2025-03-02 21:44:30,548 [INFO] 识盘命令输出：
2025-03-02 21:44:30,622 [INFO] smart_log : 
2025-03-02 21:44:31,629 [INFO] 识盘命令输出：
2025-03-02 21:44:31,705 [INFO] smart_log : 
2025-03-02 21:44:32,706 [INFO] 识盘命令输出：
2025-03-02 21:44:32,752 [INFO] smart_log : 错误代码 1: 
2025-03-02 21:44:33,762 [INFO] 识盘命令输出：
2025-03-02 21:44:33,816 [INFO] smart_log : 错误代码 1: 
2025-03-02 21:44:34,825 [INFO] 识盘命令输出：
2025-03-02 21:44:34,884 [INFO] smart_log : 错误代码 1: 
2025-03-02 21:44:35,888 [INFO] 识盘命令输出：
2025-03-02 21:44:35,927 [INFO] smart_log : 错误代码 1: 
2025-03-02 21:44:36,935 [INFO] 识盘命令输出：
2025-03-02 21:44:36,980 [INFO] smart_log : 错误代码 1: 
2025-03-02 21:44:37,993 [INFO] 识盘命令输出：
2025-03-02 21:44:38,048 [INFO] smart_log : 错误代码 1: 
2025-03-02 21:44:39,050 [INFO] 识盘命令输出：
2025-03-02 21:44:39,100 [INFO] smart_log : 错误代码 1: 
2025-03-02 21:44:40,102 [INFO] 识盘命令输出：
2025-03-02 21:44:40,152 [INFO] smart_log : 错误代码 1: 
2025-03-02 21:44:41,168 [INFO] 识盘命令输出：
2025-03-02 21:44:41,212 [INFO] smart_log : 错误代码 1: 
2025-03-02 21:44:42,215 [INFO] 识盘命令输出：
2025-03-02 21:44:42,277 [INFO] smart_log : 错误代码 1: 
2025-03-02 21:44:43,289 [INFO] 识盘命令输出：
2025-03-02 21:44:43,345 [INFO] smart_log : 错误代码 1: 
2025-03-02 21:44:44,351 [INFO] 识盘命令输出：
2025-03-02 21:44:44,403 [INFO] smart_log : 错误代码 1: 
2025-03-02 21:44:45,418 [INFO] 识盘命令输出：
2025-03-02 21:44:45,471 [INFO] smart_log : 错误代码 1: 
2025-03-02 21:44:46,483 [INFO] 识盘命令输出：
2025-03-02 21:44:46,530 [INFO] smart_log : 错误代码 1: 
2025-03-02 21:44:47,541 [INFO] 识盘命令输出：
2025-03-02 21:44:47,598 [INFO] smart_log : 错误代码 1: 
2025-03-02 21:44:48,609 [INFO] 识盘命令输出：
2025-03-02 21:44:48,663 [INFO] smart_log : 错误代码 1: 
2025-03-02 21:44:49,675 [INFO] 识盘命令输出：
2025-03-02 21:44:49,728 [INFO] smart_log : 错误代码 1: 
2025-03-02 21:44:50,739 [INFO] 识盘命令输出：
2025-03-02 21:44:50,797 [INFO] smart_log : 错误代码 1: 
2025-03-02 21:44:51,804 [INFO] 识盘命令输出：
2025-03-02 21:44:51,858 [INFO] smart_log : 错误代码 1: 
2025-03-02 21:44:52,866 [INFO] 识盘命令输出：
2025-03-02 21:44:52,927 [INFO] smart_log : 错误代码 1: 
2025-03-02 21:44:53,935 [INFO] 识盘命令输出：
2025-03-02 21:44:53,988 [INFO] smart_log : 错误代码 1: 
2025-03-02 21:44:55,000 [INFO] 识盘命令输出：
2025-03-02 21:44:55,056 [INFO] smart_log : 错误代码 1: 
2025-03-02 21:44:56,065 [INFO] 识盘命令输出：
2025-03-02 21:44:56,119 [INFO] smart_log : 错误代码 1: 
2025-03-02 21:44:57,133 [INFO] 识盘命令输出：
2025-03-02 21:44:57,190 [INFO] smart_log : 错误代码 1: 
2025-03-02 21:44:58,195 [INFO] 等待5秒后开始上电
2025-03-02 21:45:13,925 [INFO] current_transition_state : 已锁定
2025-03-02 21:45:13,925 [INFO] step 5: bitlocker unlock again
2025-03-02 21:45:19,594 [INFO] current_locked_state : 已解锁
2025-03-02 21:45:19,594 [INFO] step 8: bitlocker off
2025-03-02 21:45:25,875 [INFO] current_transition_state : 完全解密
