2025-02-18 11:37:19,154 [INFO] 程序已以管理员权限运行。
2025-02-18 11:37:19,155 [INFO] step 3: delay power off
2025-02-18 11:37:19,157 [INFO] step 4: bitlocker unlock
2025-02-18 11:37:24,892 [INFO] current_locked_state : 已解锁
2025-02-18 11:37:24,892 [INFO] 识盘命令输出：
2025-02-18 11:37:24,971 [INFO] smart_log : 
2025-02-18 11:37:25,980 [INFO] 识盘命令输出：
2025-02-18 11:37:26,058 [INFO] smart_log : 
2025-02-18 11:37:27,066 [INFO] 识盘命令输出：
2025-02-18 11:37:27,139 [INFO] smart_log : 
2025-02-18 11:37:28,153 [INFO] 识盘命令输出：
2025-02-18 11:37:28,212 [INFO] smart_log : 
2025-02-18 11:37:29,223 [INFO] 识盘命令输出：
2025-02-18 11:37:29,274 [INFO] smart_log : 
2025-02-18 11:37:30,276 [INFO] 识盘命令输出：
2025-02-18 11:37:30,379 [INFO] smart_log : 错误代码 2: 
2025-02-18 11:37:31,394 [INFO] 识盘命令输出：
2025-02-18 11:37:31,443 [INFO] smart_log : 错误代码 1: 
2025-02-18 11:37:32,447 [INFO] 识盘命令输出：
2025-02-18 11:37:32,483 [INFO] smart_log : 错误代码 1: 
2025-02-18 11:37:33,483 [INFO] 识盘命令输出：
2025-02-18 11:37:33,526 [INFO] smart_log : 错误代码 1: 
2025-02-18 11:37:34,537 [INFO] 识盘命令输出：
2025-02-18 11:37:34,579 [INFO] smart_log : 错误代码 1: 
2025-02-18 11:37:35,591 [INFO] 识盘命令输出：
2025-02-18 11:37:35,638 [INFO] smart_log : 错误代码 1: 
2025-02-18 11:37:36,646 [INFO] 识盘命令输出：
2025-02-18 11:37:36,682 [INFO] smart_log : 错误代码 1: 
2025-02-18 11:37:37,686 [INFO] 识盘命令输出：
2025-02-18 11:37:37,746 [INFO] smart_log : 错误代码 1: 
2025-02-18 11:37:38,758 [INFO] 识盘命令输出：
2025-02-18 11:37:38,802 [INFO] smart_log : 错误代码 1: 
2025-02-18 11:37:39,812 [INFO] 识盘命令输出：
2025-02-18 11:37:39,877 [INFO] smart_log : 错误代码 1: 
2025-02-18 11:37:40,884 [INFO] 识盘命令输出：
2025-02-18 11:37:40,925 [INFO] smart_log : 错误代码 1: 
2025-02-18 11:37:41,940 [INFO] 识盘命令输出：
2025-02-18 11:37:41,988 [INFO] smart_log : 错误代码 1: 
2025-02-18 11:37:42,995 [INFO] 识盘命令输出：
2025-02-18 11:37:43,051 [INFO] smart_log : 错误代码 1: 
2025-02-18 11:37:44,066 [INFO] 识盘命令输出：
2025-02-18 11:37:44,111 [INFO] smart_log : 错误代码 1: 
2025-02-18 11:37:45,122 [INFO] 识盘命令输出：
2025-02-18 11:37:45,172 [INFO] smart_log : 错误代码 1: 
2025-02-18 11:37:46,178 [INFO] 识盘命令输出：
2025-02-18 11:37:46,230 [INFO] smart_log : 错误代码 1: 
2025-02-18 11:37:47,232 [INFO] 识盘命令输出：
2025-02-18 11:37:47,266 [INFO] smart_log : 错误代码 1: 
2025-02-18 11:37:48,271 [INFO] 识盘命令输出：
2025-02-18 11:37:48,333 [INFO] smart_log : 错误代码 1: 
2025-02-18 11:37:49,342 [INFO] 识盘命令输出：
2025-02-18 11:37:49,374 [INFO] smart_log : 错误代码 1: 
2025-02-18 11:37:50,382 [INFO] 识盘命令输出：
2025-02-18 11:37:50,417 [INFO] smart_log : 错误代码 1: 
2025-02-18 11:37:51,420 [INFO] 识盘命令输出：
2025-02-18 11:37:51,475 [INFO] smart_log : 错误代码 1: 
2025-02-18 11:37:52,475 [INFO] 识盘命令输出：
2025-02-18 11:37:52,535 [INFO] smart_log : 错误代码 1: 
2025-02-18 11:37:53,547 [INFO] 识盘命令输出：
2025-02-18 11:37:53,610 [INFO] smart_log : 错误代码 1: 
2025-02-18 11:37:54,619 [INFO] 识盘命令输出：
2025-02-18 11:37:54,677 [INFO] smart_log : 错误代码 1: 
2025-02-18 11:37:55,691 [INFO] 等待5秒后开始上电
2025-02-18 11:38:11,406 [INFO] current_transition_state : 已锁定
2025-02-18 11:38:11,406 [INFO] step 5: bitlocker unlock again
2025-02-18 11:38:17,080 [INFO] current_locked_state : 已解锁
2025-02-18 11:38:17,080 [INFO] step 8: bitlocker off
2025-02-18 11:38:23,391 [INFO] current_transition_state : 完全解密
