2025-02-21 17:59:15,457 [INFO] 程序已以管理员权限运行。
2025-02-21 17:59:15,457 [INFO] step 0: delay power off
2025-02-21 17:59:15,458 [INFO] step 1 Format
2025-02-21 17:59:35,803 [INFO] step 2: status check
2025-02-21 17:59:35,833 [INFO] current_transition_state : 错误代码 136: Invalid or unsupported disk \\.\PhysicalDrive0
2025-02-21 17:59:35,833 [INFO] 识盘命令输出：
2025-02-21 17:59:35,946 [INFO] smart_log : 错误代码 1: 
2025-02-21 17:59:36,954 [INFO] 识盘命令输出：
2025-02-21 17:59:37,014 [INFO] smart_log : 错误代码 1: 
2025-02-21 17:59:38,017 [INFO] 识盘命令输出：
2025-02-21 17:59:38,077 [INFO] smart_log : 错误代码 1: 
2025-02-21 17:59:39,089 [INFO] 识盘命令输出：
2025-02-21 17:59:39,148 [INFO] smart_log : 错误代码 1: 
2025-02-21 17:59:40,161 [INFO] 识盘命令输出：
2025-02-21 17:59:40,218 [INFO] smart_log : 错误代码 1: 
2025-02-21 17:59:41,224 [INFO] 识盘命令输出：
2025-02-21 17:59:41,272 [INFO] smart_log : 错误代码 1: 
2025-02-21 17:59:42,273 [INFO] 识盘命令输出：
2025-02-21 17:59:42,334 [INFO] smart_log : 错误代码 1: 
2025-02-21 17:59:43,342 [INFO] 识盘命令输出：
2025-02-21 17:59:43,391 [INFO] smart_log : 错误代码 1: 
2025-02-21 17:59:44,394 [INFO] 识盘命令输出：
2025-02-21 17:59:44,455 [INFO] smart_log : 错误代码 1: 
2025-02-21 17:59:45,455 [INFO] 识盘命令输出：
2025-02-21 17:59:45,517 [INFO] smart_log : 错误代码 1: 
2025-02-21 17:59:46,523 [INFO] 等待5秒后开始上电
