2025-03-27 16:09:39,680 [INFO] 程序已以管理员权限运行。
2025-03-27 16:09:39,680 [INFO] step 1: new volume
2025-03-27 16:10:00,026 [INFO] step 2: status check
2025-03-27 16:10:00,143 [INFO] current_transition_state : \\.\PhysicalDrive0 ATA RSYE3839S-3840                           SP301016 PCDH809400008       
TPer function (0x0001)
    ACKNAK = N, ASYNC = N. BufferManagement = N, comIDManagement  = N, Streaming = Y, SYNC = Y
Locking function (0x0002)
    Locked = N, LockingEnabled = Y, LockingSupported = Y, MBRDone = N, MBREnabled = N, MBRAbsent = N, MediaEncrypt = Y
Geometry function (0x0003)
    Align = Y, Alignment Granularity = 8 (4096), Logical Block size = 512, Lowest Aligned LBA = 0
SingleUser function (0x0201)
    ALL = Y, ANY = Y, Policy = N, Locking Objects = 9
DataStore function (0x0202)
    Max Tables = 9, Max Size Tables = 10485760, Table size alignment = 1
OPAL 2.0 function (0x0203)
    Base comID = 0x1004, Initial PIN = 0x00, Reverted PIN = 0x00, comIDs = 1
    Locking Admins = 4, Locking Users = 9, Range Crossing = N
Block SID Authentication function (0x0402)
    SID Blocked State = N, SID Value State = Y, Hardware Reset = N
Supported Data Removal Mechanism function (0x0404)
    Processing = N, Block = 61440s , Crypto = 0s 
**** 1 **** Unknown function codes IGNORED 

TPer Properties: 
  MaxMethods = 1  MaxSubpackets = 1
  MaxPacketSize = 131052  MaxPackets = 1  MaxComPacketSize = 131072
  MaxResponseComPacketSize = 131072  MaxReadSessions = 0  MaxSessions = 1
  MaxIndTokenSize = 131016  MaxAuthentications = 5  MaxTransactionLimit = 1
  DefSessionTimeout = 0
Host Properties: 
  MaxMethods = 1
  MaxSubpackets = 1  MaxPacketSize = 2028  MaxPackets = 1
  MaxComPacketSize = 2048  MaxResponseComPacketSize = 65536  MaxIndTokenSize = 1992
2025-03-27 16:10:00,144 [INFO] step 0: delay power off
2025-03-27 16:10:00,147 [INFO] 识盘命令输出：
2025-03-27 16:10:00,254 [INFO] smart_log : 
2025-03-27 16:10:01,258 [INFO] 识盘命令输出：
2025-03-27 16:10:01,932 [INFO] smart_log : 错误代码 2: 
2025-03-27 16:10:02,946 [INFO] 识盘命令输出：
2025-03-27 16:10:03,008 [INFO] smart_log : 错误代码 1: 
2025-03-27 16:10:04,011 [INFO] 识盘命令输出：
2025-03-27 16:10:04,063 [INFO] smart_log : 错误代码 1: 
2025-03-27 16:10:05,079 [INFO] 识盘命令输出：
2025-03-27 16:10:05,136 [INFO] smart_log : 错误代码 1: 
2025-03-27 16:10:06,147 [INFO] 识盘命令输出：
2025-03-27 16:10:06,203 [INFO] smart_log : 错误代码 1: 
2025-03-27 16:10:07,214 [INFO] 识盘命令输出：
2025-03-27 16:10:07,270 [INFO] smart_log : 错误代码 1: 
2025-03-27 16:10:08,282 [INFO] 识盘命令输出：
2025-03-27 16:10:08,338 [INFO] smart_log : 错误代码 1: 
2025-03-27 16:10:09,351 [INFO] 识盘命令输出：
2025-03-27 16:10:09,404 [INFO] smart_log : 错误代码 1: 
2025-03-27 16:10:10,417 [INFO] 等待5秒后开始上电
