2025-04-07 20:18:05,900 [INFO] 程序已以管理员权限运行。
2025-04-07 20:18:05,900 [INFO] step 1: status check
2025-04-07 20:18:05,960 [INFO] BitLocker 驱动器加密: 配置工具版本 10.0.19041
版权所有 (C) 2013 Microsoft Corporation。保留所有权利。

卷 D: []
[数据卷]

    大小:              3576.97 GB
    BitLocker 版本:    无
    转换状态:          完全解密
    已加密百分比:      0.0%
    加密方法:          无
    保护状态:          保护关闭
    锁定状态:          已解锁
    标识字段:          无
    自动解锁:          已禁用
    密钥保护器:        找不到
2025-04-07 20:18:05,962 [INFO] disk_current_status : {'BitLocker 驱动器加密': '配置工具版本 10.0.19041', '卷 D': '[]', '大小': '3576.97 GB', 'BitLocker 版本': '无', '转换状态': '完全解密', '已加密百分比': '0.0%', '加密方法': '无', '保护状态': '保护关闭', '锁定状态': '已解锁', '标识字段': '无', '自动解锁': '已禁用', '密钥保护器': '找不到'}
2025-04-07 20:18:05,962 [INFO] step 2: bitlocker on
2025-04-07 20:18:13,255 [INFO] key: 657613-149754-237622-037411-522885-120813-385770-173624
2025-04-07 20:18:13,256 [INFO] step 3: bitlocker add password
2025-04-07 20:18:17,811 [INFO] step 4: delay power off
2025-04-07 20:18:17,811 [INFO] 识盘命令输出：
2025-04-07 20:18:17,857 [INFO] smart_log : 
2025-04-07 20:18:18,864 [INFO] 识盘命令输出：
2025-04-07 20:18:18,926 [INFO] smart_log : 
2025-04-07 20:18:19,931 [INFO] 识盘命令输出：
2025-04-07 20:18:19,998 [INFO] smart_log : 
2025-04-07 20:18:21,009 [INFO] 识盘命令输出：
2025-04-07 20:18:21,079 [INFO] smart_log : 
2025-04-07 20:18:22,094 [INFO] 识盘命令输出：
2025-04-07 20:18:22,160 [INFO] smart_log : 
2025-04-07 20:18:23,166 [INFO] 识盘命令输出：
2025-04-07 20:18:23,590 [INFO] smart_log : 错误代码 2: 
2025-04-07 20:18:24,602 [INFO] 识盘命令输出：
2025-04-07 20:18:24,656 [INFO] smart_log : 错误代码 1: 
2025-04-07 20:18:25,657 [INFO] 识盘命令输出：
2025-04-07 20:18:25,710 [INFO] smart_log : 错误代码 1: 
2025-04-07 20:18:26,713 [INFO] 识盘命令输出：
2025-04-07 20:18:26,767 [INFO] smart_log : 错误代码 1: 
2025-04-07 20:18:27,769 [INFO] 识盘命令输出：
2025-04-07 20:18:27,825 [INFO] smart_log : 错误代码 1: 
2025-04-07 20:18:28,825 [INFO] 识盘命令输出：
2025-04-07 20:18:28,876 [INFO] smart_log : 错误代码 1: 
2025-04-07 20:18:29,891 [INFO] 识盘命令输出：
2025-04-07 20:18:29,948 [INFO] smart_log : 错误代码 1: 
2025-04-07 20:18:30,958 [INFO] 识盘命令输出：
2025-04-07 20:18:31,014 [INFO] smart_log : 错误代码 1: 
2025-04-07 20:18:32,029 [INFO] 识盘命令输出：
2025-04-07 20:18:32,084 [INFO] smart_log : 错误代码 1: 
2025-04-07 20:18:33,092 [INFO] 识盘命令输出：
2025-04-07 20:18:33,149 [INFO] smart_log : 错误代码 1: 
2025-04-07 20:18:34,162 [INFO] 识盘命令输出：
2025-04-07 20:18:34,221 [INFO] smart_log : 错误代码 1: 
2025-04-07 20:18:35,233 [INFO] 识盘命令输出：
2025-04-07 20:18:35,287 [INFO] smart_log : 错误代码 1: 
2025-04-07 20:18:36,294 [INFO] 识盘命令输出：
2025-04-07 20:18:36,354 [INFO] smart_log : 错误代码 1: 
2025-04-07 20:18:37,359 [INFO] 识盘命令输出：
2025-04-07 20:18:37,408 [INFO] smart_log : 错误代码 1: 
2025-04-07 20:18:38,413 [INFO] 等待5秒后开始上电
2025-04-07 20:19:54,160 [INFO] disk_current_status : {'BitLocker 驱动器加密': '配置工具版本 10.0.19041', '卷 D': '[]', '大小': '3576.97 GB', 'BitLocker 版本': '无', '转换状态': '完全解密', '已加密百分比': '0.0%', '加密方法': '无', '保护状态': '保护关闭', '锁定状态': '已解锁', '标识字段': '无', '自动解锁': '已禁用', '密钥保护器': '找不到'}
