2025-02-21 17:01:19,635 [INFO] 程序已以管理员权限运行。
2025-02-21 17:01:19,635 [INFO] new volume
2025-02-21 17:01:39,967 [INFO] Scanning for Opal compliant disks
\\.\PhysicalDrive0  2      RSYE3839Z-1920                           SP30100B
\\.\PhysicalDrive1 No       
No more disks present ending scan
2025-02-21 17:01:39,968 [INFO] step 1: status check
2025-02-21 17:01:40,016 [INFO] BitLocker 驱动器加密: 配置工具版本 10.0.19041
版权所有 (C) 2013 Microsoft Corporation。保留所有权利。

卷 D: []
[数据卷]

    大小:              1788.48 GB
    BitLocker 版本:    无
    转换状态:          完全解密
    已加密百分比:      0.0%
    加密方法:          无
    保护状态:          保护关闭
    锁定状态:          已解锁
    标识字段:          无
    自动解锁:          已禁用
    密钥保护器:        找不到
2025-02-21 17:01:40,017 [INFO] disk_current_status : {'BitLocker 驱动器加密': '配置工具版本 10.0.19041', '卷 D': '[]', '大小': '1788.48 GB', 'BitLocker 版本': '无', '转换状态': '完全解密', '已加密百分比': '0.0%', '加密方法': '无', '保护状态': '保护关闭', '锁定状态': '已解锁', '标识字段': '无', '自动解锁': '已禁用', '密钥保护器': '找不到'}
2025-02-21 17:01:40,018 [INFO] step 2: bitlocker on
2025-02-21 17:01:55,856 [INFO] key: {password}
2025-02-21 17:01:56,931 [INFO] disk_current_status : {'BitLocker 驱动器加密': '配置工具版本 10.0.19041', '卷 D': '[]', '大小': '1788.48 GB', 'BitLocker 版本': '无', '转换状态': '完全解密', '已加密百分比': '0.0%', '加密方法': '无', '保护状态': '保护关闭', '锁定状态': '已解锁', '标识字段': '无', '自动解锁': '已禁用', '密钥保护器': '找不到'}
2025-02-21 17:01:56,931 [INFO] step 3: bitlocker add password
2025-02-21 17:02:02,879 [INFO] step 4: bitlocker change password
2025-02-21 17:02:09,802 [INFO] step 5: bitlocker lock
2025-02-21 17:02:11,459 [INFO] BitLocker 驱动器加密: 配置工具版本 10.0.19041
版权所有 (C) 2013 Microsoft Corporation。保留所有权利。

卷 D: 现在已锁定
2025-02-21 17:02:12,539 [INFO] current_locked_state : 已锁定
2025-02-21 17:02:12,539 [INFO] step 6: read and write after disk locked
2025-02-21 17:02:12,540 [ERROR] 写入失败，错误信息：[Errno 22] Invalid argument: 'D://test_file.txt'
Traceback (most recent call last):
  File "t_Tcg_BitLocker_17_BaseAPL.py", line 88, in verify_locked
    with open(test_file, "w") as file:
OSError: [Errno 22] Invalid argument: 'D://test_file.txt'
2025-02-21 17:02:12,540 [ERROR] 读取失败，错误信息：[WinError -2144272384] BitLocker 驱动器加密已锁定该驱动器。必须从控制面板解除此驱动器锁定。: 'D://'
Traceback (most recent call last):
  File "t_Tcg_BitLocker_17_BaseAPL.py", line 101, in verify_locked
    files = os.listdir(drive_letter)
OSError: [WinError -2144272384] BitLocker 驱动器加密已锁定该驱动器。必须从控制面板解除此驱动器锁定。: 'D://'
2025-02-21 17:02:12,541 [ERROR] 写入失败，错误信息：[Errno 22] Invalid argument: 'D://test_file.txt'
Traceback (most recent call last):
  File "t_Tcg_BitLocker_17_BaseAPL.py", line 88, in verify_locked
    with open(test_file, "w") as file:
OSError: [Errno 22] Invalid argument: 'D://test_file.txt'
2025-02-21 17:02:12,541 [ERROR] 读取失败，错误信息：[WinError -2144272384] BitLocker 驱动器加密已锁定该驱动器。必须从控制面板解除此驱动器锁定。: 'D://'
Traceback (most recent call last):
  File "t_Tcg_BitLocker_17_BaseAPL.py", line 101, in verify_locked
    files = os.listdir(drive_letter)
OSError: [WinError -2144272384] BitLocker 驱动器加密已锁定该驱动器。必须从控制面板解除此驱动器锁定。: 'D://'
2025-02-21 17:02:12,541 [INFO] D: 已被锁定。
2025-02-21 17:02:12,541 [INFO] step 7: bitlocker unlock
2025-02-21 17:02:18,405 [INFO] current_locked_state : 已解锁
2025-02-21 17:02:18,406 [INFO] step 8: bitlocker off
2025-02-21 17:02:24,839 [INFO] current_transition_state : 完全解密
2025-02-21 17:02:24,840 [INFO] step 9: bitlocker on again
2025-02-21 17:02:40,286 [INFO] key: 017050-477235-043615-641388-033121-702977-150029-618651
2025-02-21 17:02:40,287 [INFO] step 10: bitlocker off
2025-02-21 17:02:46,762 [INFO] current_transition_state : 完全解密
2025-02-21 17:02:46,762 [INFO] step 11: APL
2025-02-21 17:02:46,763 [INFO] delay power off
2025-02-21 17:02:46,763 [INFO] 识盘命令输出：
2025-02-21 17:02:46,824 [INFO] smart_log : 
2025-02-21 17:02:47,827 [INFO] 识盘命令输出：
2025-02-21 17:02:47,881 [INFO] smart_log : 
2025-02-21 17:02:48,894 [INFO] 识盘命令输出：
2025-02-21 17:02:49,556 [INFO] smart_log : 错误代码 2: 
2025-02-21 17:02:50,567 [INFO] 识盘命令输出：
2025-02-21 17:02:50,632 [INFO] smart_log : 错误代码 1: 
2025-02-21 17:02:51,633 [INFO] 识盘命令输出：
2025-02-21 17:02:51,694 [INFO] smart_log : 错误代码 1: 
2025-02-21 17:02:52,702 [INFO] 识盘命令输出：
2025-02-21 17:02:52,757 [INFO] smart_log : 错误代码 1: 
2025-02-21 17:02:53,769 [INFO] 识盘命令输出：
2025-02-21 17:02:53,819 [INFO] smart_log : 错误代码 1: 
2025-02-21 17:02:54,822 [INFO] 识盘命令输出：
2025-02-21 17:02:54,859 [INFO] smart_log : 错误代码 1: 
2025-02-21 17:02:55,872 [INFO] 识盘命令输出：
2025-02-21 17:02:55,905 [INFO] smart_log : 错误代码 1: 
2025-02-21 17:02:56,909 [INFO] 等待5秒后开始上电
