2025-03-27 16:10:37,359 [INFO] 程序已以管理员权限运行。
2025-03-27 16:10:37,359 [INFO] step 1: status check
2025-03-27 16:10:37,418 [INFO] BitLocker 驱动器加密: 配置工具版本 10.0.19041
版权所有 (C) 2013 Microsoft Corporation。保留所有权利。

卷 D: []
[数据卷]

    大小:              3576.97 GB
    BitLocker 版本:    无
    转换状态:          完全解密
    已加密百分比:      0.0%
    加密方法:          无
    保护状态:          保护关闭
    锁定状态:          已解锁
    标识字段:          无
    自动解锁:          已禁用
    密钥保护器:        找不到
2025-03-27 16:10:37,418 [INFO] disk_current_status : {'BitLocker 驱动器加密': '配置工具版本 10.0.19041', '卷 D': '[]', '大小': '3576.97 GB', 'BitLocker 版本': '无', '转换状态': '完全解密', '已加密百分比': '0.0%', '加密方法': '无', '保护状态': '保护关闭', '锁定状态': '已解锁', '标识字段': '无', '自动解锁': '已禁用', '密钥保护器': '找不到'}
2025-03-27 16:10:37,420 [INFO] step 2: bitlocker on
2025-03-27 16:10:47,182 [INFO] key: 480876-499686-076670-234872-615450-250140-039182-379434
2025-03-27 16:10:47,182 [INFO] step 3: bitlocker add password
2025-03-27 16:10:52,057 [INFO] step 4: delay power off
2025-03-27 16:10:52,057 [INFO] 识盘命令输出：
2025-03-27 16:10:52,111 [INFO] smart_log : 
2025-03-27 16:10:53,114 [INFO] 识盘命令输出：
2025-03-27 16:10:53,185 [INFO] smart_log : 
2025-03-27 16:10:54,193 [INFO] 识盘命令输出：
2025-03-27 16:10:54,260 [INFO] smart_log : 
2025-03-27 16:10:55,275 [INFO] 识盘命令输出：
2025-03-27 16:10:55,344 [INFO] smart_log : 
2025-03-27 16:10:56,359 [INFO] 识盘命令输出：
2025-03-27 16:10:56,428 [INFO] smart_log : 
2025-03-27 16:10:57,441 [INFO] 识盘命令输出：
2025-03-27 16:10:57,852 [INFO] smart_log : 错误代码 2: 
2025-03-27 16:10:58,858 [INFO] 识盘命令输出：
2025-03-27 16:10:58,913 [INFO] smart_log : 错误代码 1: 
2025-03-27 16:10:59,926 [INFO] 识盘命令输出：
2025-03-27 16:10:59,980 [INFO] smart_log : 错误代码 1: 
2025-03-27 16:11:00,991 [INFO] 识盘命令输出：
2025-03-27 16:11:01,049 [INFO] smart_log : 错误代码 1: 
2025-03-27 16:11:02,059 [INFO] 识盘命令输出：
2025-03-27 16:11:02,113 [INFO] smart_log : 错误代码 1: 
2025-03-27 16:11:03,127 [INFO] 识盘命令输出：
2025-03-27 16:11:03,172 [INFO] smart_log : 错误代码 1: 
2025-03-27 16:11:04,179 [INFO] 识盘命令输出：
2025-03-27 16:11:04,237 [INFO] smart_log : 错误代码 1: 
2025-03-27 16:11:05,246 [INFO] 识盘命令输出：
2025-03-27 16:11:05,302 [INFO] smart_log : 错误代码 1: 
2025-03-27 16:11:06,314 [INFO] 识盘命令输出：
2025-03-27 16:11:06,369 [INFO] smart_log : 错误代码 1: 
2025-03-27 16:11:07,382 [INFO] 识盘命令输出：
2025-03-27 16:11:07,434 [INFO] smart_log : 错误代码 1: 
2025-03-27 16:11:08,448 [INFO] 识盘命令输出：
2025-03-27 16:11:08,501 [INFO] smart_log : 错误代码 1: 
2025-03-27 16:11:09,515 [INFO] 识盘命令输出：
2025-03-27 16:11:09,566 [INFO] smart_log : 错误代码 1: 
2025-03-27 16:11:10,583 [INFO] 识盘命令输出：
2025-03-27 16:11:10,636 [INFO] smart_log : 错误代码 1: 
2025-03-27 16:11:11,651 [INFO] 识盘命令输出：
2025-03-27 16:11:11,708 [INFO] smart_log : 错误代码 1: 
2025-03-27 16:11:12,720 [INFO] 等待5秒后开始上电
2025-03-27 16:12:28,467 [INFO] disk_current_status : {'BitLocker 驱动器加密': '配置工具版本 10.0.19041', '卷 D': '[]', '大小': '3576.97 GB', 'BitLocker 版本': '无', '转换状态': '完全解密', '已加密百分比': '0.0%', '加密方法': '无', '保护状态': '保护关闭', '锁定状态': '已解锁', '标识字段': '无', '自动解锁': '已禁用', '密钥保护器': '找不到'}
