2025-03-24 15:01:25,890 [INFO] 程序已以管理员权限运行。
2025-03-24 15:01:25,890 [INFO] step 1: bitlocker unlock
2025-03-24 15:01:31,865 [INFO] current_locked_state : 已解锁
2025-03-24 15:01:31,865 [INFO] step 2: bitlocker change password
2025-03-24 15:01:37,864 [INFO] step 3: delay power off
2025-03-24 15:01:37,864 [INFO] 识盘命令输出：
2025-03-24 15:01:37,989 [INFO] smart_log : 
2025-03-24 15:01:39,002 [INFO] 识盘命令输出：
2025-03-24 15:01:39,060 [INFO] smart_log : 
2025-03-24 15:01:40,067 [INFO] 识盘命令输出：
2025-03-24 15:01:40,133 [INFO] smart_log : 
2025-03-24 15:01:41,149 [INFO] 识盘命令输出：
2025-03-24 15:01:41,211 [INFO] smart_log : 
2025-03-24 15:01:42,215 [INFO] 识盘命令输出：
2025-03-24 15:01:42,270 [INFO] smart_log : 
2025-03-24 15:01:43,283 [INFO] 识盘命令输出：
2025-03-24 15:01:43,344 [INFO] smart_log : 
2025-03-24 15:01:44,351 [INFO] 识盘命令输出：
2025-03-24 15:01:44,404 [INFO] smart_log : 
2025-03-24 15:01:45,419 [INFO] 识盘命令输出：
2025-03-24 15:01:45,479 [INFO] smart_log : 
2025-03-24 15:01:46,487 [INFO] 识盘命令输出：
2025-03-24 15:01:46,540 [INFO] smart_log : 
2025-03-24 15:01:47,554 [INFO] 识盘命令输出：
2025-03-24 15:01:47,612 [INFO] smart_log : 
2025-03-24 15:01:48,620 [INFO] 识盘命令输出：
2025-03-24 15:01:48,666 [INFO] smart_log : 错误代码 1: 
2025-03-24 15:01:49,673 [INFO] 识盘命令输出：
2025-03-24 15:01:49,722 [INFO] smart_log : 错误代码 1: 
2025-03-24 15:01:50,723 [INFO] 识盘命令输出：
2025-03-24 15:01:50,767 [INFO] smart_log : 错误代码 1: 
2025-03-24 15:01:51,774 [INFO] 识盘命令输出：
2025-03-24 15:01:51,820 [INFO] smart_log : 错误代码 1: 
2025-03-24 15:01:52,824 [INFO] 识盘命令输出：
2025-03-24 15:01:52,867 [INFO] smart_log : 错误代码 1: 
2025-03-24 15:01:53,877 [INFO] 识盘命令输出：
2025-03-24 15:01:53,923 [INFO] smart_log : 错误代码 1: 
2025-03-24 15:01:54,927 [INFO] 识盘命令输出：
2025-03-24 15:01:54,969 [INFO] smart_log : 错误代码 1: 
2025-03-24 15:01:55,980 [INFO] 识盘命令输出：
2025-03-24 15:01:56,022 [INFO] smart_log : 错误代码 1: 
2025-03-24 15:01:57,032 [INFO] 识盘命令输出：
2025-03-24 15:01:57,075 [INFO] smart_log : 错误代码 1: 
2025-03-24 15:01:58,085 [INFO] 识盘命令输出：
2025-03-24 15:01:58,124 [INFO] smart_log : 错误代码 1: 
2025-03-24 15:01:59,135 [INFO] 识盘命令输出：
2025-03-24 15:01:59,176 [INFO] smart_log : 错误代码 1: 
2025-03-24 15:02:00,185 [INFO] 识盘命令输出：
2025-03-24 15:02:00,224 [INFO] smart_log : 错误代码 1: 
2025-03-24 15:02:01,237 [INFO] 识盘命令输出：
2025-03-24 15:02:01,277 [INFO] smart_log : 错误代码 1: 
2025-03-24 15:02:02,289 [INFO] 识盘命令输出：
2025-03-24 15:02:02,327 [INFO] smart_log : 错误代码 1: 
2025-03-24 15:02:03,341 [INFO] 识盘命令输出：
2025-03-24 15:02:03,391 [INFO] smart_log : 错误代码 1: 
2025-03-24 15:02:04,392 [INFO] 识盘命令输出：
2025-03-24 15:02:04,439 [INFO] smart_log : 错误代码 1: 
2025-03-24 15:02:05,445 [INFO] 识盘命令输出：
2025-03-24 15:02:05,491 [INFO] smart_log : 错误代码 1: 
2025-03-24 15:02:06,496 [INFO] 识盘命令输出：
2025-03-24 15:02:06,545 [INFO] smart_log : 错误代码 1: 
2025-03-24 15:02:07,549 [INFO] 识盘命令输出：
2025-03-24 15:02:07,593 [INFO] smart_log : 错误代码 1: 
2025-03-24 15:02:08,600 [INFO] 等待5秒后开始上电
