2025-02-21 15:43:36,726 [INFO] 程序已以管理员权限运行。
2025-02-21 15:43:36,727 [INFO] step 1: status check
2025-02-21 15:43:36,799 [INFO] BitLocker 驱动器加密: 配置工具版本 10.0.19041
版权所有 (C) 2013 Microsoft Corporation。保留所有权利。

卷 D: []
[数据卷]

    大小:              1788.48 GB
    BitLocker 版本:    无
    转换状态:          完全解密
    已加密百分比:      0.0%
    加密方法:          无
    保护状态:          保护关闭
    锁定状态:          已解锁
    标识字段:          无
    自动解锁:          已禁用
    密钥保护器:        找不到
2025-02-21 15:43:36,800 [INFO] disk_current_status : {'BitLocker 驱动器加密': '配置工具版本 10.0.19041', '卷 D': '[]', '大小': '1788.48 GB', 'BitLocker 版本': '无', '转换状态': '完全解密', '已加密百分比': '0.0%', '加密方法': '无', '保护状态': '保护关闭', '锁定状态': '已解锁', '标识字段': '无', '自动解锁': '已禁用', '密钥保护器': '找不到'}
2025-02-21 15:43:36,801 [INFO] step 2: bitlocker on
2025-02-21 15:43:52,298 [INFO] key: 303347-607409-203445-602393-571956-682704-635019-093412
2025-02-21 15:43:52,299 [INFO] step 3: bitlocker add password
2025-02-21 15:43:58,259 [INFO] step 4: delay power off
2025-02-21 15:43:58,260 [INFO] 识盘命令输出：
2025-02-21 15:43:58,321 [INFO] smart_log : 
2025-02-21 15:43:59,326 [INFO] 识盘命令输出：
2025-02-21 15:43:59,374 [INFO] smart_log : 
2025-02-21 15:44:00,379 [INFO] 识盘命令输出：
2025-02-21 15:44:00,460 [INFO] smart_log : 
2025-02-21 15:44:01,462 [INFO] 识盘命令输出：
2025-02-21 15:44:01,543 [INFO] smart_log : 
2025-02-21 15:44:02,545 [INFO] 识盘命令输出：
2025-02-21 15:44:02,608 [INFO] smart_log : 
2025-02-21 15:44:03,609 [INFO] 识盘命令输出：
2025-02-21 15:44:04,055 [INFO] smart_log : 错误代码 2: 
2025-02-21 15:44:05,070 [INFO] 识盘命令输出：
2025-02-21 15:44:05,127 [INFO] smart_log : 错误代码 1: 
2025-02-21 15:44:06,137 [INFO] 识盘命令输出：
2025-02-21 15:44:06,193 [INFO] smart_log : 错误代码 1: 
2025-02-21 15:44:07,201 [INFO] 识盘命令输出：
2025-02-21 15:44:07,263 [INFO] smart_log : 错误代码 1: 
2025-02-21 15:44:08,265 [INFO] 识盘命令输出：
2025-02-21 15:44:08,318 [INFO] smart_log : 错误代码 1: 
2025-02-21 15:44:09,332 [INFO] 识盘命令输出：
2025-02-21 15:44:09,390 [INFO] smart_log : 错误代码 1: 
2025-02-21 15:44:10,398 [INFO] 识盘命令输出：
2025-02-21 15:44:10,458 [INFO] smart_log : 错误代码 1: 
2025-02-21 15:44:11,462 [INFO] 识盘命令输出：
2025-02-21 15:44:11,516 [INFO] smart_log : 错误代码 1: 
2025-02-21 15:44:12,527 [INFO] 识盘命令输出：
2025-02-21 15:44:12,587 [INFO] smart_log : 错误代码 1: 
2025-02-21 15:44:13,593 [INFO] 识盘命令输出：
2025-02-21 15:44:13,649 [INFO] smart_log : 错误代码 1: 
2025-02-21 15:44:14,651 [INFO] 识盘命令输出：
2025-02-21 15:44:14,703 [INFO] smart_log : 错误代码 1: 
2025-02-21 15:44:15,711 [INFO] 识盘命令输出：
2025-02-21 15:44:15,771 [INFO] smart_log : 错误代码 1: 
2025-02-21 15:44:16,777 [INFO] 识盘命令输出：
2025-02-21 15:44:16,828 [INFO] smart_log : 错误代码 1: 
2025-02-21 15:44:17,840 [INFO] 识盘命令输出：
2025-02-21 15:44:17,906 [INFO] smart_log : 错误代码 1: 
2025-02-21 15:44:18,907 [INFO] 等待5秒后开始上电
2025-02-21 15:45:34,687 [INFO] disk_current_status : {'BitLocker 驱动器加密': '配置工具版本 10.0.19041', '卷 D': '[]', '大小': '1788.48 GB', 'BitLocker 版本': '无', '转换状态': '完全解密', '已加密百分比': '0.0%', '加密方法': '无', '保护状态': '保护关闭', '锁定状态': '已解锁', '标识字段': '无', '自动解锁': '已禁用', '密钥保护器': '找不到'}
