2025-02-21 09:31:20,748 [INFO] 程序已以管理员权限运行。
2025-02-21 09:31:20,748 [INFO] step 3: delay power off
2025-02-21 09:31:20,750 [INFO] step 4: bitlocker unlock
2025-02-21 09:31:26,441 [INFO] current_locked_state : 已解锁
2025-02-21 09:31:26,441 [INFO] 识盘命令输出：
2025-02-21 09:31:26,510 [INFO] smart_log : 
2025-02-21 09:31:27,526 [INFO] 识盘命令输出：
2025-02-21 09:31:27,563 [INFO] smart_log : 
2025-02-21 09:31:28,567 [INFO] 识盘命令输出：
2025-02-21 09:31:28,605 [INFO] smart_log : 
2025-02-21 09:31:29,615 [INFO] 识盘命令输出：
2025-02-21 09:31:29,652 [INFO] smart_log : 
2025-02-21 09:31:30,664 [INFO] 识盘命令输出：
2025-02-21 09:31:30,702 [INFO] smart_log : 
2025-02-21 09:31:31,715 [INFO] 识盘命令输出：
2025-02-21 09:31:31,744 [INFO] smart_log : 错误代码 1: 
2025-02-21 09:31:32,748 [INFO] 识盘命令输出：
2025-02-21 09:31:32,774 [INFO] smart_log : 错误代码 1: 
2025-02-21 09:31:33,782 [INFO] 识盘命令输出：
2025-02-21 09:31:33,808 [INFO] smart_log : 错误代码 1: 
2025-02-21 09:31:34,813 [INFO] 识盘命令输出：
2025-02-21 09:31:34,838 [INFO] smart_log : 错误代码 1: 
2025-02-21 09:31:35,847 [INFO] 识盘命令输出：
2025-02-21 09:31:35,875 [INFO] smart_log : 错误代码 1: 
2025-02-21 09:31:36,880 [INFO] 识盘命令输出：
2025-02-21 09:31:36,908 [INFO] smart_log : 错误代码 1: 
2025-02-21 09:31:37,916 [INFO] 识盘命令输出：
2025-02-21 09:31:37,943 [INFO] smart_log : 错误代码 1: 
2025-02-21 09:31:38,948 [INFO] 识盘命令输出：
2025-02-21 09:31:38,976 [INFO] smart_log : 错误代码 1: 
2025-02-21 09:31:39,986 [INFO] 识盘命令输出：
2025-02-21 09:31:40,013 [INFO] smart_log : 错误代码 1: 
2025-02-21 09:31:41,023 [INFO] 识盘命令输出：
2025-02-21 09:31:41,050 [INFO] smart_log : 错误代码 1: 
2025-02-21 09:31:42,059 [INFO] 识盘命令输出：
2025-02-21 09:31:42,084 [INFO] smart_log : 错误代码 1: 
2025-02-21 09:31:43,095 [INFO] 识盘命令输出：
2025-02-21 09:31:43,120 [INFO] smart_log : 错误代码 1: 
2025-02-21 09:31:44,132 [INFO] 识盘命令输出：
2025-02-21 09:31:44,156 [INFO] smart_log : 错误代码 1: 
2025-02-21 09:31:45,170 [INFO] 识盘命令输出：
2025-02-21 09:31:45,198 [INFO] smart_log : 错误代码 1: 
2025-02-21 09:31:46,207 [INFO] 识盘命令输出：
2025-02-21 09:31:46,234 [INFO] smart_log : 错误代码 1: 
2025-02-21 09:31:47,240 [INFO] 识盘命令输出：
2025-02-21 09:31:47,267 [INFO] smart_log : 错误代码 1: 
2025-02-21 09:31:48,275 [INFO] 识盘命令输出：
2025-02-21 09:31:48,302 [INFO] smart_log : 错误代码 1: 
2025-02-21 09:31:49,311 [INFO] 识盘命令输出：
2025-02-21 09:31:49,339 [INFO] smart_log : 错误代码 1: 
2025-02-21 09:31:50,344 [INFO] 识盘命令输出：
2025-02-21 09:31:50,371 [INFO] smart_log : 错误代码 1: 
2025-02-21 09:31:51,380 [INFO] 识盘命令输出：
2025-02-21 09:31:51,406 [INFO] smart_log : 错误代码 1: 
2025-02-21 09:31:52,416 [INFO] 识盘命令输出：
2025-02-21 09:31:52,445 [INFO] smart_log : 错误代码 1: 
2025-02-21 09:31:53,452 [INFO] 识盘命令输出：
2025-02-21 09:31:53,478 [INFO] smart_log : 错误代码 1: 
2025-02-21 09:31:54,489 [INFO] 识盘命令输出：
2025-02-21 09:31:54,517 [INFO] smart_log : 错误代码 1: 
2025-02-21 09:31:55,524 [INFO] 识盘命令输出：
2025-02-21 09:31:55,550 [INFO] smart_log : 错误代码 1: 
2025-02-21 09:31:56,561 [INFO] 等待5秒后开始上电
2025-02-21 09:32:12,284 [INFO] current_transition_state : 已锁定
2025-02-21 09:32:12,284 [INFO] step 5: bitlocker unlock again
2025-02-21 09:32:17,843 [INFO] current_locked_state : 已解锁
2025-02-21 09:32:17,843 [INFO] step 8: bitlocker off
2025-02-21 09:32:24,103 [INFO] current_transition_state : 完全解密
