2025-03-02 21:47:13,781 [INFO] 程序已以管理员权限运行。
2025-03-02 21:47:13,781 [INFO] step 0: delay power off
2025-03-02 21:47:13,782 [INFO] step 1 Format
2025-03-02 21:47:34,093 [INFO] step 2: status check
2025-03-02 21:47:34,115 [INFO] current_transition_state : 错误代码 136: Invalid or unsupported disk \\.\PhysicalDrive0
2025-03-02 21:47:34,115 [INFO] 识盘命令输出：
2025-03-02 21:47:34,149 [INFO] smart_log : 错误代码 1: 
2025-03-02 21:47:35,161 [INFO] 识盘命令输出：
2025-03-02 21:47:35,217 [INFO] smart_log : 错误代码 1: 
2025-03-02 21:47:36,229 [INFO] 识盘命令输出：
2025-03-02 21:47:36,282 [INFO] smart_log : 错误代码 1: 
2025-03-02 21:47:37,291 [INFO] 识盘命令输出：
2025-03-02 21:47:37,339 [INFO] smart_log : 错误代码 1: 
2025-03-02 21:47:38,342 [INFO] 识盘命令输出：
2025-03-02 21:47:38,388 [INFO] smart_log : 错误代码 1: 
2025-03-02 21:47:39,396 [INFO] 识盘命令输出：
2025-03-02 21:47:39,438 [INFO] smart_log : 错误代码 1: 
2025-03-02 21:47:40,447 [INFO] 识盘命令输出：
2025-03-02 21:47:40,504 [INFO] smart_log : 错误代码 1: 
2025-03-02 21:47:41,508 [INFO] 识盘命令输出：
2025-03-02 21:47:41,556 [INFO] smart_log : 错误代码 1: 
2025-03-02 21:47:42,557 [INFO] 识盘命令输出：
2025-03-02 21:47:42,599 [INFO] smart_log : 错误代码 1: 
2025-03-02 21:47:43,607 [INFO] 识盘命令输出：
2025-03-02 21:47:43,645 [INFO] smart_log : 错误代码 1: 
2025-03-02 21:47:44,656 [INFO] 等待5秒后开始上电
