2025-03-02 22:14:28,837 [INFO] 程序已以管理员权限运行。
2025-03-02 22:14:28,837 [INFO] 程序已以管理员权限运行。
2025-03-02 22:14:28,877 [INFO] BitLocker 驱动器加密: 配置工具版本 10.0.19041
版权所有 (C) 2013 Microsoft Corporation。保留所有权利。

卷 D: []
[数据卷]

    大小:              447.12 GB
    BitLocker 版本:    无
    转换状态:          完全解密
    已加密百分比:      0.0%
    加密方法:          无
    保护状态:          保护关闭
    锁定状态:          已解锁
    标识字段:          无
    自动解锁:          已禁用
    密钥保护器:        找不到
2025-03-02 22:14:28,878 [INFO] [INFO] Initial run. Running enable BitLocker logic...
2025-03-02 22:14:43,608 [INFO] step 1: status check
2025-03-02 22:14:43,661 [INFO] BitLocker 驱动器加密: 配置工具版本 10.0.19041
版权所有 (C) 2013 Microsoft Corporation。保留所有权利。

卷 D: []
[数据卷]

    大小:              447.12 GB
    BitLocker 版本:    2.0
    转换状态:          完全加密
    已加密百分比:      100.0%
    加密方法:    硬件加密 - 1.3.111.2.1619.0.1.2
    保护状态:          保护已启用
    锁定状态:          已解锁
    标识字段:          未知
    自动解锁:          已禁用
    密钥保护器:
        外部密钥
        数字密码
2025-03-02 22:14:43,661 [INFO] disk_current_status : 硬件加密 - 1.3.111.2.1619.0.1.2
2025-03-02 22:14:46,667 [INFO] step 2: bitlocker add password
2025-03-02 22:14:57,506 [INFO] step 3: APL
2025-03-02 22:14:57,507 [INFO] delay power off
2025-03-02 22:14:57,509 [INFO] 识盘命令输出：
2025-03-02 22:14:57,571 [INFO] smart_log : 
2025-03-02 22:14:58,574 [INFO] 识盘命令输出：
2025-03-02 22:14:58,642 [INFO] smart_log : 
2025-03-02 22:14:59,657 [INFO] 识盘命令输出：
2025-03-02 22:15:00,310 [INFO] smart_log : 错误代码 2: 
2025-03-02 22:15:01,312 [INFO] 识盘命令输出：
2025-03-02 22:15:01,374 [INFO] smart_log : 错误代码 1: 
2025-03-02 22:15:02,379 [INFO] 识盘命令输出：
2025-03-02 22:15:02,436 [INFO] smart_log : 错误代码 1: 
2025-03-02 22:15:03,448 [INFO] 识盘命令输出：
2025-03-02 22:15:03,512 [INFO] smart_log : 错误代码 1: 
2025-03-02 22:15:04,514 [INFO] 识盘命令输出：
2025-03-02 22:15:04,573 [INFO] smart_log : 错误代码 1: 
2025-03-02 22:15:05,583 [INFO] 识盘命令输出：
2025-03-02 22:15:05,622 [INFO] smart_log : 错误代码 1: 
2025-03-02 22:15:06,634 [INFO] 识盘命令输出：
2025-03-02 22:15:06,696 [INFO] smart_log : 错误代码 1: 
2025-03-02 22:15:07,702 [INFO] 等待5秒后开始上电
2025-03-02 22:15:28,454 [INFO] [INFO] Task created successfully.
2025-03-02 22:15:28,455 [INFO] Batch file generated and placed in startup directory: C:\ProgramData\Microsoft\Windows\Start Menu\Programs\StartUp\run_script.bat
2025-03-02 22:15:28,455 [INFO] [INFO] System will now reboot...
2025-03-02 22:15:30,509 [INFO] 流程完成。
