2025-02-21 09:21:08,080 [INFO] 程序已以管理员权限运行。
2025-02-21 09:21:08,080 [INFO] step 1: status check
2025-02-21 09:21:08,145 [INFO] BitLocker 驱动器加密: 配置工具版本 10.0.19041
版权所有 (C) 2013 Microsoft Corporation。保留所有权利。

卷 D: []
[数据卷]

    大小:              894.24 GB
    BitLocker 版本:    无
    转换状态:          完全解密
    已加密百分比:      0.0%
    加密方法:          无
    保护状态:          保护关闭
    锁定状态:          已解锁
    标识字段:          无
    自动解锁:          已禁用
    密钥保护器:        找不到
2025-02-21 09:21:08,146 [INFO] disk_current_status : {'BitLocker 驱动器加密': '配置工具版本 10.0.19041', '卷 D': '[]', '大小': '894.24 GB', 'BitLocker 版本': '无', '转换状态': '完全解密', '已加密百分比': '0.0%', '加密方法': '无', '保护状态': '保护关闭', '锁定状态': '已解锁', '标识字段': '无', '自动解锁': '已禁用', '密钥保护器': '找不到'}
2025-02-21 09:21:08,147 [INFO] step 2: bitlocker on
2025-02-21 09:21:23,271 [INFO] key: 470745-590986-013409-389246-081675-279136-648208-538252
2025-02-21 09:21:23,271 [INFO] step 3: bitlocker add password
2025-02-21 09:21:29,208 [INFO] step 4: delay power off
2025-02-21 09:21:29,208 [INFO] 识盘命令输出：
2025-02-21 09:21:29,255 [INFO] smart_log : 
2025-02-21 09:21:30,260 [INFO] 识盘命令输出：
2025-02-21 09:21:30,340 [INFO] smart_log : 
2025-02-21 09:21:31,341 [INFO] 识盘命令输出：
2025-02-21 09:21:31,409 [INFO] smart_log : 
2025-02-21 09:21:32,423 [INFO] 识盘命令输出：
2025-02-21 09:21:32,500 [INFO] smart_log : 
2025-02-21 09:21:33,508 [INFO] 识盘命令输出：
2025-02-21 09:21:33,592 [INFO] smart_log : 
2025-02-21 09:21:34,608 [INFO] 识盘命令输出：
2025-02-21 09:21:35,003 [INFO] smart_log : 错误代码 2: 
2025-02-21 09:21:36,010 [INFO] 识盘命令输出：
2025-02-21 09:21:36,063 [INFO] smart_log : 错误代码 1: 
2025-02-21 09:21:37,072 [INFO] 识盘命令输出：
2025-02-21 09:21:37,138 [INFO] smart_log : 错误代码 1: 
2025-02-21 09:21:38,141 [INFO] 识盘命令输出：
2025-02-21 09:21:38,202 [INFO] smart_log : 错误代码 1: 
2025-02-21 09:21:39,209 [INFO] 识盘命令输出：
2025-02-21 09:21:39,271 [INFO] smart_log : 错误代码 1: 
2025-02-21 09:21:40,284 [INFO] 识盘命令输出：
2025-02-21 09:21:40,343 [INFO] smart_log : 错误代码 1: 
2025-02-21 09:21:41,352 [INFO] 识盘命令输出：
2025-02-21 09:21:41,408 [INFO] smart_log : 错误代码 1: 
2025-02-21 09:21:42,421 [INFO] 识盘命令输出：
2025-02-21 09:21:42,486 [INFO] smart_log : 错误代码 1: 
2025-02-21 09:21:43,489 [INFO] 识盘命令输出：
2025-02-21 09:21:43,546 [INFO] smart_log : 错误代码 1: 
2025-02-21 09:21:44,558 [INFO] 识盘命令输出：
2025-02-21 09:21:44,620 [INFO] smart_log : 错误代码 1: 
2025-02-21 09:21:45,625 [INFO] 识盘命令输出：
2025-02-21 09:21:45,688 [INFO] smart_log : 错误代码 1: 
2025-02-21 09:21:46,693 [INFO] 识盘命令输出：
2025-02-21 09:21:46,758 [INFO] smart_log : 错误代码 1: 
2025-02-21 09:21:47,762 [INFO] 识盘命令输出：
2025-02-21 09:21:47,821 [INFO] smart_log : 错误代码 1: 
2025-02-21 09:21:48,826 [INFO] 识盘命令输出：
2025-02-21 09:21:48,890 [INFO] smart_log : 错误代码 1: 
2025-02-21 09:21:49,896 [INFO] 等待5秒后开始上电
2025-02-21 09:23:05,685 [INFO] disk_current_status : {'BitLocker 驱动器加密': '配置工具版本 10.0.19041', '卷 D': '[]', '大小': '894.24 GB', 'BitLocker 版本': '无', '转换状态': '完全解密', '已加密百分比': '0.0%', '加密方法': '无', '保护状态': '保护关闭', '锁定状态': '已解锁', '标识字段': '无', '自动解锁': '已禁用', '密钥保护器': '找不到'}
