2025-04-07 20:28:22,682 [INFO] 程序已以管理员权限运行。
2025-04-07 20:28:22,682 [INFO] step 0: delay power off
2025-04-07 20:28:22,683 [INFO] step 1 Format
2025-04-07 20:28:43,053 [INFO] step 2: status check
2025-04-07 20:28:43,083 [INFO] current_transition_state : 错误代码 136: Invalid or unsupported disk \\.\PhysicalDrive0
2025-04-07 20:28:43,083 [INFO] 识盘命令输出：
2025-04-07 20:28:43,115 [INFO] smart_log : 错误代码 1: 
2025-04-07 20:28:44,125 [INFO] 识盘命令输出：
2025-04-07 20:28:44,172 [INFO] smart_log : 错误代码 1: 
2025-04-07 20:28:45,187 [INFO] 识盘命令输出：
2025-04-07 20:28:45,244 [INFO] smart_log : 错误代码 1: 
2025-04-07 20:28:46,257 [INFO] 识盘命令输出：
2025-04-07 20:28:46,307 [INFO] smart_log : 错误代码 1: 
2025-04-07 20:28:47,313 [INFO] 识盘命令输出：
2025-04-07 20:28:47,369 [INFO] smart_log : 错误代码 1: 
2025-04-07 20:28:48,374 [INFO] 识盘命令输出：
2025-04-07 20:28:48,426 [INFO] smart_log : 错误代码 1: 
2025-04-07 20:28:49,428 [INFO] 识盘命令输出：
2025-04-07 20:28:49,493 [INFO] smart_log : 错误代码 1: 
2025-04-07 20:28:50,499 [INFO] 识盘命令输出：
2025-04-07 20:28:50,553 [INFO] smart_log : 错误代码 1: 
2025-04-07 20:28:51,555 [INFO] 识盘命令输出：
2025-04-07 20:28:51,611 [INFO] smart_log : 错误代码 1: 
2025-04-07 20:28:52,623 [INFO] 识盘命令输出：
2025-04-07 20:28:52,682 [INFO] smart_log : 错误代码 1: 
2025-04-07 20:28:53,695 [INFO] 等待5秒后开始上电
