2025-04-07 11:42:55,867 [INFO] 程序已以管理员权限运行。
2025-04-07 11:42:55,868 [INFO] step 0: delay power off
2025-04-07 11:42:55,868 [INFO] step 1 Format
2025-04-07 11:43:16,227 [INFO] step 2: status check
2025-04-07 11:43:16,262 [INFO] current_transition_state : 错误代码 136: Invalid or unsupported disk \\.\PhysicalDrive0
2025-04-07 11:43:16,263 [INFO] 识盘命令输出：
2025-04-07 11:43:16,377 [INFO] smart_log : 错误代码 1: 
2025-04-07 11:43:17,378 [INFO] 识盘命令输出：
2025-04-07 11:43:17,431 [INFO] smart_log : 错误代码 1: 
2025-04-07 11:43:18,433 [INFO] 识盘命令输出：
2025-04-07 11:43:18,495 [INFO] smart_log : 错误代码 1: 
2025-04-07 11:43:19,505 [INFO] 识盘命令输出：
2025-04-07 11:43:19,560 [INFO] smart_log : 错误代码 1: 
2025-04-07 11:43:20,574 [INFO] 识盘命令输出：
2025-04-07 11:43:20,633 [INFO] smart_log : 错误代码 1: 
2025-04-07 11:43:21,645 [INFO] 识盘命令输出：
2025-04-07 11:43:21,705 [INFO] smart_log : 错误代码 1: 
2025-04-07 11:43:22,713 [INFO] 识盘命令输出：
2025-04-07 11:43:22,767 [INFO] smart_log : 错误代码 1: 
2025-04-07 11:43:23,775 [INFO] 识盘命令输出：
2025-04-07 11:43:23,835 [INFO] smart_log : 错误代码 1: 
2025-04-07 11:43:24,847 [INFO] 识盘命令输出：
2025-04-07 11:43:24,903 [INFO] smart_log : 错误代码 1: 
2025-04-07 11:43:25,903 [INFO] 识盘命令输出：
2025-04-07 11:43:25,956 [INFO] smart_log : 错误代码 1: 
2025-04-07 11:43:26,960 [INFO] 等待5秒后开始上电
