2025-02-21 17:34:28,625 [INFO] 程序已以管理员权限运行。
2025-02-21 17:34:28,626 [INFO] 程序已以管理员权限运行。
2025-02-21 17:34:28,684 [INFO] BitLocker 驱动器加密: 配置工具版本 10.0.19041
版权所有 (C) 2013 Microsoft Corporation。保留所有权利。

卷 D: []
[数据卷]

    大小:              1788.48 GB
    BitLocker 版本:    无
    转换状态:          完全解密
    已加密百分比:      0.0%
    加密方法:          无
    保护状态:          保护关闭
    锁定状态:          已解锁
    标识字段:          无
    自动解锁:          已禁用
    密钥保护器:        找不到
2025-02-21 17:34:28,685 [INFO] [INFO] Initial run. Running enable BitLocker logic...
2025-02-21 17:34:44,159 [INFO] step 1: status check
2025-02-21 17:34:44,214 [INFO] BitLocker 驱动器加密: 配置工具版本 10.0.19041
版权所有 (C) 2013 Microsoft Corporation。保留所有权利。

卷 D: []
[数据卷]

    大小:              1788.48 GB
    BitLocker 版本:    2.0
    转换状态:          完全加密
    已加密百分比:      100.0%
    加密方法:    硬件加密 - 1.3.111.2.1619.0.1.2
    保护状态:          保护已启用
    锁定状态:          已解锁
    标识字段:          未知
    自动解锁:          已禁用
    密钥保护器:
        外部密钥
        数字密码
2025-02-21 17:34:44,215 [INFO] disk_current_status : 硬件加密 - 1.3.111.2.1619.0.1.2
2025-02-21 17:34:47,219 [INFO] step 2: bitlocker add password
2025-02-21 17:34:58,198 [INFO] step 3: APL
2025-02-21 17:34:58,199 [INFO] delay power off
2025-02-21 17:34:58,203 [INFO] 识盘命令输出：
2025-02-21 17:34:58,349 [INFO] smart_log : 
2025-02-21 17:34:59,356 [INFO] 识盘命令输出：
2025-02-21 17:34:59,434 [INFO] smart_log : 
2025-02-21 17:35:00,436 [INFO] 识盘命令输出：
2025-02-21 17:35:01,086 [INFO] smart_log : 错误代码 2: 
2025-02-21 17:35:02,101 [INFO] 识盘命令输出：
2025-02-21 17:35:02,170 [INFO] smart_log : 错误代码 1: 
2025-02-21 17:35:03,182 [INFO] 识盘命令输出：
2025-02-21 17:35:03,244 [INFO] smart_log : 错误代码 1: 
2025-02-21 17:35:04,254 [INFO] 识盘命令输出：
2025-02-21 17:35:04,316 [INFO] smart_log : 错误代码 1: 
2025-02-21 17:35:05,326 [INFO] 识盘命令输出：
2025-02-21 17:35:05,387 [INFO] smart_log : 错误代码 1: 
2025-02-21 17:35:06,397 [INFO] 识盘命令输出：
2025-02-21 17:35:06,452 [INFO] smart_log : 错误代码 1: 
2025-02-21 17:35:07,467 [INFO] 识盘命令输出：
2025-02-21 17:35:07,524 [INFO] smart_log : 错误代码 1: 
2025-02-21 17:35:08,539 [INFO] 等待5秒后开始上电
2025-02-21 17:35:29,262 [INFO] [INFO] Task created successfully.
2025-02-21 17:35:29,262 [INFO] Batch file generated and placed in startup directory: C:\ProgramData\Microsoft\Windows\Start Menu\Programs\StartUp\run_script.bat
2025-02-21 17:35:29,262 [INFO] [INFO] System will now reboot...
2025-02-21 17:35:31,293 [INFO] 流程完成。
