2025-03-27 16:44:11,716 [INFO] 程序已以管理员权限运行。
2025-03-27 16:44:11,717 [INFO] new volume
2025-03-27 16:44:32,100 [INFO] Scanning for Opal compliant disks
\\.\PhysicalDrive0  2      RSYE3839S-3840                           SP301016
\\.\PhysicalDrive1 No       
No more disks present ending scan
2025-03-27 16:44:32,100 [INFO] step 1: status check
2025-03-27 16:44:32,150 [INFO] BitLocker 驱动器加密: 配置工具版本 10.0.19041
版权所有 (C) 2013 Microsoft Corporation。保留所有权利。

卷 D: []
[数据卷]

    大小:              3576.97 GB
    BitLocker 版本:    无
    转换状态:          完全解密
    已加密百分比:      0.0%
    加密方法:          无
    保护状态:          保护关闭
    锁定状态:          已解锁
    标识字段:          无
    自动解锁:          已禁用
    密钥保护器:        找不到
2025-03-27 16:44:32,150 [INFO] disk_current_status : {'BitLocker 驱动器加密': '配置工具版本 10.0.19041', '卷 D': '[]', '大小': '3576.97 GB', 'BitLocker 版本': '无', '转换状态': '完全解密', '已加密百分比': '0.0%', '加密方法': '无', '保护状态': '保护关闭', '锁定状态': '已解锁', '标识字段': '无', '自动解锁': '已禁用', '密钥保护器': '找不到'}
2025-03-27 16:44:32,151 [INFO] step 2: bitlocker on
2025-03-27 16:44:35,177 [INFO] key: {password}
2025-03-27 16:44:36,238 [INFO] disk_current_status : {'BitLocker 驱动器加密': '配置工具版本 10.0.19041', '卷 D': '[]', '大小': '3576.97 GB', 'BitLocker 版本': '无', '转换状态': '完全解密', '已加密百分比': '0.0%', '加密方法': '无', '保护状态': '保护关闭', '锁定状态': '已解锁', '标识字段': '无', '自动解锁': '已禁用', '密钥保护器': '找不到'}
2025-03-27 16:44:36,239 [INFO] step 3: bitlocker add password
2025-03-27 16:44:40,069 [INFO] step 4: bitlocker change password
2025-03-27 16:44:46,022 [INFO] step 5: bitlocker lock
2025-03-27 16:44:47,525 [INFO] BitLocker 驱动器加密: 配置工具版本 10.0.19041
版权所有 (C) 2013 Microsoft Corporation。保留所有权利。

卷 D: 现在已锁定
2025-03-27 16:44:48,608 [INFO] current_locked_state : 已锁定
2025-03-27 16:44:48,608 [INFO] step 6: read and write after disk locked
2025-03-27 16:44:48,609 [ERROR] 写入失败，错误信息：[Errno 22] Invalid argument: 'D://test_file.txt'
Traceback (most recent call last):
  File "t_Tcg_BitLocker_17_BaseAPL.py", line 88, in verify_locked
    with open(test_file, "w") as file:
OSError: [Errno 22] Invalid argument: 'D://test_file.txt'
2025-03-27 16:44:48,609 [ERROR] 读取失败，错误信息：[WinError -2144272384] BitLocker 驱动器加密已锁定该驱动器。必须从控制面板解除此驱动器锁定。: 'D://'
Traceback (most recent call last):
  File "t_Tcg_BitLocker_17_BaseAPL.py", line 101, in verify_locked
    files = os.listdir(drive_letter)
OSError: [WinError -2144272384] BitLocker 驱动器加密已锁定该驱动器。必须从控制面板解除此驱动器锁定。: 'D://'
2025-03-27 16:44:48,610 [ERROR] 写入失败，错误信息：[Errno 22] Invalid argument: 'D://test_file.txt'
Traceback (most recent call last):
  File "t_Tcg_BitLocker_17_BaseAPL.py", line 88, in verify_locked
    with open(test_file, "w") as file:
OSError: [Errno 22] Invalid argument: 'D://test_file.txt'
2025-03-27 16:44:48,610 [ERROR] 读取失败，错误信息：[WinError -2144272384] BitLocker 驱动器加密已锁定该驱动器。必须从控制面板解除此驱动器锁定。: 'D://'
Traceback (most recent call last):
  File "t_Tcg_BitLocker_17_BaseAPL.py", line 101, in verify_locked
    files = os.listdir(drive_letter)
OSError: [WinError -2144272384] BitLocker 驱动器加密已锁定该驱动器。必须从控制面板解除此驱动器锁定。: 'D://'
2025-03-27 16:44:48,610 [INFO] D: 已被锁定。
2025-03-27 16:44:48,610 [INFO] step 7: bitlocker unlock
2025-03-27 16:44:54,499 [INFO] current_locked_state : 已解锁
2025-03-27 16:44:54,499 [INFO] step 8: bitlocker off
2025-03-27 16:44:59,749 [INFO] current_transition_state : 完全解密
2025-03-27 16:44:59,750 [INFO] step 9: bitlocker on again
2025-03-27 16:45:09,709 [INFO] key: 185185-672012-174185-499664-575696-242880-575443-189398
2025-03-27 16:45:09,709 [INFO] step 10: bitlocker off
2025-03-27 16:45:15,013 [INFO] current_transition_state : 完全解密
2025-03-27 16:45:15,014 [INFO] step 11: APL
2025-03-27 16:45:15,016 [INFO] delay power off
2025-03-27 16:45:15,019 [INFO] 识盘命令输出：
2025-03-27 16:45:15,135 [INFO] smart_log : 
2025-03-27 16:45:16,146 [INFO] 识盘命令输出：
2025-03-27 16:45:16,214 [INFO] smart_log : 
2025-03-27 16:45:17,240 [INFO] 识盘命令输出：
2025-03-27 16:45:17,800 [INFO] smart_log : 错误代码 2: 
2025-03-27 16:45:18,807 [INFO] 识盘命令输出：
2025-03-27 16:45:18,867 [INFO] smart_log : 错误代码 1: 
2025-03-27 16:45:19,877 [INFO] 识盘命令输出：
2025-03-27 16:45:19,930 [INFO] smart_log : 错误代码 1: 
2025-03-27 16:45:20,933 [INFO] 识盘命令输出：
2025-03-27 16:45:20,991 [INFO] smart_log : 错误代码 1: 
2025-03-27 16:45:21,994 [INFO] 识盘命令输出：
2025-03-27 16:45:22,050 [INFO] smart_log : 错误代码 1: 
2025-03-27 16:45:23,063 [INFO] 识盘命令输出：
2025-03-27 16:45:23,120 [INFO] smart_log : 错误代码 1: 
2025-03-27 16:45:24,135 [INFO] 识盘命令输出：
2025-03-27 16:45:24,193 [INFO] smart_log : 错误代码 1: 
2025-03-27 16:45:25,207 [INFO] 等待5秒后开始上电
