2025-02-21 14:58:21,614 [INFO] 程序已以管理员权限运行。
2025-02-21 14:58:21,614 [INFO] step 0: delay power off
2025-02-21 14:58:21,615 [INFO] step 1 Format
2025-02-21 14:58:41,922 [INFO] step 2: status check
2025-02-21 14:58:41,952 [INFO] current_transition_state : 错误代码 136: Invalid or unsupported disk \\.\PhysicalDrive0
2025-02-21 14:58:41,952 [INFO] 识盘命令输出：
2025-02-21 14:58:42,075 [INFO] smart_log : 错误代码 1: 
2025-02-21 14:58:43,083 [INFO] 识盘命令输出：
2025-02-21 14:58:43,138 [INFO] smart_log : 错误代码 1: 
2025-02-21 14:58:44,150 [INFO] 识盘命令输出：
2025-02-21 14:58:44,205 [INFO] smart_log : 错误代码 1: 
2025-02-21 14:58:45,215 [INFO] 识盘命令输出：
2025-02-21 14:58:45,274 [INFO] smart_log : 错误代码 1: 
2025-02-21 14:58:46,278 [INFO] 识盘命令输出：
2025-02-21 14:58:46,331 [INFO] smart_log : 错误代码 1: 
2025-02-21 14:58:47,344 [INFO] 识盘命令输出：
2025-02-21 14:58:47,384 [INFO] smart_log : 错误代码 1: 
2025-02-21 14:58:48,391 [INFO] 识盘命令输出：
2025-02-21 14:58:48,445 [INFO] smart_log : 错误代码 1: 
2025-02-21 14:58:49,456 [INFO] 识盘命令输出：
2025-02-21 14:58:49,506 [INFO] smart_log : 错误代码 1: 
2025-02-21 14:58:50,508 [INFO] 识盘命令输出：
2025-02-21 14:58:50,572 [INFO] smart_log : 错误代码 1: 
2025-02-21 14:58:51,575 [INFO] 识盘命令输出：
2025-02-21 14:58:51,629 [INFO] smart_log : 错误代码 1: 
2025-02-21 14:58:52,643 [INFO] 等待5秒后开始上电
