2025-04-03 17:26:36,352 [INFO] 程序已以管理员权限运行。
2025-04-03 17:26:36,352 [INFO] new volume
2025-04-03 17:26:56,715 [INFO] Scanning for Opal compliant disks
\\.\PhysicalDrive0  2      RSYE3839B-480                            SP301016
\\.\PhysicalDrive1 No       
No more disks present ending scan
2025-04-03 17:26:56,715 [INFO] step 1: status check
2025-04-03 17:26:56,768 [INFO] BitLocker 驱动器加密: 配置工具版本 10.0.19041
版权所有 (C) 2013 Microsoft Corporation。保留所有权利。

卷 D: []
[数据卷]

    大小:              447.12 GB
    BitLocker 版本:    无
    转换状态:          完全解密
    已加密百分比:      0.0%
    加密方法:          无
    保护状态:          保护关闭
    锁定状态:          已解锁
    标识字段:          无
    自动解锁:          已禁用
    密钥保护器:        找不到
2025-04-03 17:26:56,769 [INFO] disk_current_status : {'BitLocker 驱动器加密': '配置工具版本 10.0.19041', '卷 D': '[]', '大小': '447.12 GB', 'BitLocker 版本': '无', '转换状态': '完全解密', '已加密百分比': '0.0%', '加密方法': '无', '保护状态': '保护关闭', '锁定状态': '已解锁', '标识字段': '无', '自动解锁': '已禁用', '密钥保护器': '找不到'}
2025-04-03 17:26:56,769 [INFO] FIO read write
2025-04-03 17:26:56,769 [INFO] Running command: fio.exe --name=seqwrite --rw=write --bs=128k --size=10G --directory=D\:\fio_test --filename=testfile --iodepth=1 --output=fio_log\seqwrite.log
2025-04-03 17:27:12,590 [INFO] Sequential write completed successfully.
2025-04-03 17:27:12,590 [INFO] step 2: bitlocker on
2025-04-03 17:27:21,660 [INFO] key: {password}
2025-04-03 17:27:22,731 [INFO] disk_current_status : {'BitLocker 驱动器加密': '配置工具版本 10.0.19041', '卷 D': '[]', '大小': '447.12 GB', 'BitLocker 版本': '无', '转换状态': '完全解密', '已加密百分比': '0.0%', '加密方法': '无', '保护状态': '保护关闭', '锁定状态': '已解锁', '标识字段': '无', '自动解锁': '已禁用', '密钥保护器': '找不到'}
2025-04-03 17:27:22,731 [INFO] step 3: bitlocker add password
2025-04-03 17:27:27,498 [INFO] step 4: bitlocker change password
2025-04-03 17:27:33,236 [INFO] step 5: bitlocker lock
2025-04-03 17:27:36,810 [INFO] BitLocker 驱动器加密: 配置工具版本 10.0.19041
版权所有 (C) 2013 Microsoft Corporation。保留所有权利。

卷 D: 现在已锁定
2025-04-03 17:27:37,895 [INFO] current_locked_state : 已锁定
2025-04-03 17:27:37,895 [INFO] step 6: read and write after disk locked
2025-04-03 17:27:37,895 [ERROR] 写入失败，错误信息：[Errno 22] Invalid argument: 'D://test_file.txt'
Traceback (most recent call last):
  File "t_Tcg_BitLocker_20_BaseIoAPL.py", line 91, in verify_locked
    with open(test_file, "w") as file:
OSError: [Errno 22] Invalid argument: 'D://test_file.txt'
2025-04-03 17:27:37,896 [ERROR] 读取失败，错误信息：[WinError -2144272384] BitLocker 驱动器加密已锁定该驱动器。必须从控制面板解除此驱动器锁定。: 'D://'
Traceback (most recent call last):
  File "t_Tcg_BitLocker_20_BaseIoAPL.py", line 104, in verify_locked
    files = os.listdir(drive_letter)
OSError: [WinError -2144272384] BitLocker 驱动器加密已锁定该驱动器。必须从控制面板解除此驱动器锁定。: 'D://'
2025-04-03 17:27:37,896 [ERROR] 写入失败，错误信息：[Errno 22] Invalid argument: 'D://test_file.txt'
Traceback (most recent call last):
  File "t_Tcg_BitLocker_20_BaseIoAPL.py", line 91, in verify_locked
    with open(test_file, "w") as file:
OSError: [Errno 22] Invalid argument: 'D://test_file.txt'
2025-04-03 17:27:37,896 [ERROR] 读取失败，错误信息：[WinError -2144272384] BitLocker 驱动器加密已锁定该驱动器。必须从控制面板解除此驱动器锁定。: 'D://'
Traceback (most recent call last):
  File "t_Tcg_BitLocker_20_BaseIoAPL.py", line 104, in verify_locked
    files = os.listdir(drive_letter)
OSError: [WinError -2144272384] BitLocker 驱动器加密已锁定该驱动器。必须从控制面板解除此驱动器锁定。: 'D://'
2025-04-03 17:27:37,896 [INFO] D: 已被锁定。
2025-04-03 17:27:37,897 [INFO] step 7: bitlocker unlock
2025-04-03 17:27:43,599 [INFO] current_locked_state : 已解锁
2025-04-03 17:27:43,599 [INFO] step 8: bitlocker off
2025-04-03 17:27:48,941 [INFO] current_transition_state : 完全解密
2025-04-03 17:27:48,942 [INFO] step 9: bitlocker on again
2025-04-03 17:27:58,080 [INFO] key: 486409-218999-256168-447909-382723-120791-550484-005665
2025-04-03 17:27:58,081 [INFO] step 10: bitlocker off
2025-04-03 17:28:03,473 [INFO] current_transition_state : 完全解密
2025-04-03 17:28:03,474 [INFO] step 11: APL
2025-04-03 17:28:03,477 [INFO] delay power off
2025-04-03 17:28:03,479 [INFO] 识盘命令输出：
2025-04-03 17:28:03,537 [INFO] smart_log : 
2025-04-03 17:28:04,540 [INFO] 识盘命令输出：
2025-04-03 17:28:04,611 [INFO] smart_log : 
2025-04-03 17:28:05,621 [INFO] 识盘命令输出：
2025-04-03 17:28:06,386 [INFO] smart_log : 错误代码 2: 
2025-04-03 17:28:07,402 [INFO] 识盘命令输出：
2025-04-03 17:28:07,462 [INFO] smart_log : 错误代码 1: 
2025-04-03 17:28:08,470 [INFO] 识盘命令输出：
2025-04-03 17:28:08,524 [INFO] smart_log : 错误代码 1: 
2025-04-03 17:28:09,538 [INFO] 识盘命令输出：
2025-04-03 17:28:09,591 [INFO] smart_log : 错误代码 1: 
2025-04-03 17:28:10,606 [INFO] 识盘命令输出：
2025-04-03 17:28:10,663 [INFO] smart_log : 错误代码 1: 
2025-04-03 17:28:11,674 [INFO] 识盘命令输出：
2025-04-03 17:28:11,733 [INFO] smart_log : 错误代码 1: 
2025-04-03 17:28:12,743 [INFO] 识盘命令输出：
2025-04-03 17:28:12,805 [INFO] smart_log : 错误代码 1: 
2025-04-03 17:28:13,811 [INFO] 等待5秒后开始上电
