2025-02-18 11:26:04,884 [INFO] 程序已以管理员权限运行。
2025-02-18 11:26:04,885 [INFO] step 1: bitlocker unlock
2025-02-18 11:26:10,676 [INFO] current_locked_state : 已解锁
2025-02-18 11:26:10,676 [INFO] step 2: bitlocker change password
2025-02-18 11:26:17,600 [INFO] step 3: delay power off
2025-02-18 11:26:17,600 [INFO] 识盘命令输出：
2025-02-18 11:26:17,703 [INFO] smart_log : 
2025-02-18 11:26:18,706 [INFO] 识盘命令输出：
2025-02-18 11:26:18,750 [INFO] smart_log : 
2025-02-18 11:26:19,755 [INFO] 识盘命令输出：
2025-02-18 11:26:19,837 [INFO] smart_log : 
2025-02-18 11:26:20,839 [INFO] 识盘命令输出：
2025-02-18 11:26:20,923 [INFO] smart_log : 
2025-02-18 11:26:21,938 [INFO] 识盘命令输出：
2025-02-18 11:26:22,007 [INFO] smart_log : 
2025-02-18 11:26:23,020 [INFO] 识盘命令输出：
2025-02-18 11:26:23,093 [INFO] smart_log : 
2025-02-18 11:26:24,105 [INFO] 识盘命令输出：
2025-02-18 11:26:24,182 [INFO] smart_log : 
2025-02-18 11:26:25,189 [INFO] 识盘命令输出：
2025-02-18 11:26:25,255 [INFO] smart_log : 
2025-02-18 11:26:26,256 [INFO] 识盘命令输出：
2025-02-18 11:26:26,318 [INFO] smart_log : 
2025-02-18 11:26:27,324 [INFO] 识盘命令输出：
2025-02-18 11:26:27,399 [INFO] smart_log : 
2025-02-18 11:26:28,408 [INFO] 识盘命令输出：
2025-02-18 11:26:28,449 [INFO] smart_log : 错误代码 1: 
2025-02-18 11:26:29,460 [INFO] 识盘命令输出：
2025-02-18 11:26:29,529 [INFO] smart_log : 错误代码 1: 
2025-02-18 11:26:30,543 [INFO] 识盘命令输出：
2025-02-18 11:26:30,581 [INFO] smart_log : 错误代码 1: 
2025-02-18 11:26:31,596 [INFO] 识盘命令输出：
2025-02-18 11:26:31,660 [INFO] smart_log : 错误代码 1: 
2025-02-18 11:26:32,664 [INFO] 识盘命令输出：
2025-02-18 11:26:32,727 [INFO] smart_log : 错误代码 1: 
2025-02-18 11:26:33,733 [INFO] 识盘命令输出：
2025-02-18 11:26:33,788 [INFO] smart_log : 错误代码 1: 
2025-02-18 11:26:34,801 [INFO] 识盘命令输出：
2025-02-18 11:26:34,841 [INFO] smart_log : 错误代码 1: 
2025-02-18 11:26:35,852 [INFO] 识盘命令输出：
2025-02-18 11:26:35,903 [INFO] smart_log : 错误代码 1: 
2025-02-18 11:26:36,904 [INFO] 识盘命令输出：
2025-02-18 11:26:36,966 [INFO] smart_log : 错误代码 1: 
2025-02-18 11:26:37,972 [INFO] 识盘命令输出：
2025-02-18 11:26:38,036 [INFO] smart_log : 错误代码 1: 
2025-02-18 11:26:39,041 [INFO] 识盘命令输出：
2025-02-18 11:26:39,103 [INFO] smart_log : 错误代码 1: 
2025-02-18 11:26:40,107 [INFO] 识盘命令输出：
2025-02-18 11:26:40,149 [INFO] smart_log : 错误代码 1: 
2025-02-18 11:26:41,159 [INFO] 识盘命令输出：
2025-02-18 11:26:41,209 [INFO] smart_log : 错误代码 1: 
2025-02-18 11:26:42,210 [INFO] 识盘命令输出：
2025-02-18 11:26:42,270 [INFO] smart_log : 错误代码 1: 
2025-02-18 11:26:43,279 [INFO] 识盘命令输出：
2025-02-18 11:26:43,335 [INFO] smart_log : 错误代码 1: 
2025-02-18 11:26:44,344 [INFO] 识盘命令输出：
2025-02-18 11:26:44,392 [INFO] smart_log : 错误代码 1: 
2025-02-18 11:26:45,397 [INFO] 识盘命令输出：
2025-02-18 11:26:45,454 [INFO] smart_log : 错误代码 1: 
2025-02-18 11:26:46,462 [INFO] 识盘命令输出：
2025-02-18 11:26:46,532 [INFO] smart_log : 错误代码 1: 
2025-02-18 11:26:47,546 [INFO] 识盘命令输出：
2025-02-18 11:26:47,592 [INFO] smart_log : 错误代码 1: 
2025-02-18 11:26:48,595 [INFO] 等待5秒后开始上电
2025-02-18 11:28:04,372 [INFO] current_transition_state : 已锁定
