2025-03-02 22:12:19,426 [INFO] 程序已以管理员权限运行。
2025-03-02 22:12:19,427 [INFO] new volume
2025-03-02 22:12:39,782 [INFO] Scanning for Opal compliant disks
\\.\PhysicalDrive0  2      RSYE3839S-480G                           SP301010
\\.\PhysicalDrive1 No       
No more disks present ending scan
2025-03-02 22:12:39,782 [INFO] step 1: status check
2025-03-02 22:12:39,829 [INFO] BitLocker 驱动器加密: 配置工具版本 10.0.19041
版权所有 (C) 2013 Microsoft Corporation。保留所有权利。

卷 D: []
[数据卷]

    大小:              447.12 GB
    BitLocker 版本:    无
    转换状态:          完全解密
    已加密百分比:      0.0%
    加密方法:          无
    保护状态:          保护关闭
    锁定状态:          已解锁
    标识字段:          无
    自动解锁:          已禁用
    密钥保护器:        找不到
2025-03-02 22:12:39,830 [INFO] disk_current_status : {'BitLocker 驱动器加密': '配置工具版本 10.0.19041', '卷 D': '[]', '大小': '447.12 GB', 'BitLocker 版本': '无', '转换状态': '完全解密', '已加密百分比': '0.0%', '加密方法': '无', '保护状态': '保护关闭', '锁定状态': '已解锁', '标识字段': '无', '自动解锁': '已禁用', '密钥保护器': '找不到'}
2025-03-02 22:12:39,830 [INFO] FIO read write
2025-03-02 22:12:39,830 [INFO] Running command: fio.exe --name=seqwrite --rw=write --bs=128k --size=10G --directory=D\:\fio_test --filename=testfile --iodepth=1 --output=fio_log\seqwrite.log
2025-03-02 22:12:55,658 [INFO] Sequential write completed successfully.
2025-03-02 22:12:55,658 [INFO] step 2: bitlocker on
2025-03-02 22:13:11,077 [INFO] key: {password}
2025-03-02 22:13:12,141 [INFO] disk_current_status : {'BitLocker 驱动器加密': '配置工具版本 10.0.19041', '卷 D': '[]', '大小': '447.12 GB', 'BitLocker 版本': '无', '转换状态': '完全解密', '已加密百分比': '0.0%', '加密方法': '无', '保护状态': '保护关闭', '锁定状态': '已解锁', '标识字段': '无', '自动解锁': '已禁用', '密钥保护器': '找不到'}
2025-03-02 22:13:12,141 [INFO] step 3: bitlocker add password
2025-03-02 22:13:17,966 [INFO] step 4: bitlocker change password
2025-03-02 22:13:25,006 [INFO] step 5: bitlocker lock
2025-03-02 22:13:28,766 [INFO] BitLocker 驱动器加密: 配置工具版本 10.0.19041
版权所有 (C) 2013 Microsoft Corporation。保留所有权利。

卷 D: 现在已锁定
2025-03-02 22:13:29,833 [INFO] current_locked_state : 已锁定
2025-03-02 22:13:29,833 [INFO] step 6: read and write after disk locked
2025-03-02 22:13:29,834 [ERROR] 写入失败，错误信息：[Errno 22] Invalid argument: 'D://test_file.txt'
Traceback (most recent call last):
  File "t_Tcg_BitLocker_20_BaseIoAPL.py", line 91, in verify_locked
    with open(test_file, "w") as file:
OSError: [Errno 22] Invalid argument: 'D://test_file.txt'
2025-03-02 22:13:29,834 [ERROR] 读取失败，错误信息：[WinError -2144272384] BitLocker 驱动器加密已锁定该驱动器。必须从控制面板解除此驱动器锁定。: 'D://'
Traceback (most recent call last):
  File "t_Tcg_BitLocker_20_BaseIoAPL.py", line 104, in verify_locked
    files = os.listdir(drive_letter)
OSError: [WinError -2144272384] BitLocker 驱动器加密已锁定该驱动器。必须从控制面板解除此驱动器锁定。: 'D://'
2025-03-02 22:13:29,835 [ERROR] 写入失败，错误信息：[Errno 22] Invalid argument: 'D://test_file.txt'
Traceback (most recent call last):
  File "t_Tcg_BitLocker_20_BaseIoAPL.py", line 91, in verify_locked
    with open(test_file, "w") as file:
OSError: [Errno 22] Invalid argument: 'D://test_file.txt'
2025-03-02 22:13:29,835 [ERROR] 读取失败，错误信息：[WinError -2144272384] BitLocker 驱动器加密已锁定该驱动器。必须从控制面板解除此驱动器锁定。: 'D://'
Traceback (most recent call last):
  File "t_Tcg_BitLocker_20_BaseIoAPL.py", line 104, in verify_locked
    files = os.listdir(drive_letter)
OSError: [WinError -2144272384] BitLocker 驱动器加密已锁定该驱动器。必须从控制面板解除此驱动器锁定。: 'D://'
2025-03-02 22:13:29,835 [INFO] D: 已被锁定。
2025-03-02 22:13:29,835 [INFO] step 7: bitlocker unlock
2025-03-02 22:13:35,453 [INFO] current_locked_state : 已解锁
2025-03-02 22:13:35,453 [INFO] step 8: bitlocker off
2025-03-02 22:13:41,706 [INFO] current_transition_state : 完全解密
2025-03-02 22:13:41,707 [INFO] step 9: bitlocker on again
2025-03-02 22:13:56,395 [INFO] key: 309342-507430-653433-584672-600424-173613-645799-316635
2025-03-02 22:13:56,395 [INFO] step 10: bitlocker off
2025-03-02 22:14:02,700 [INFO] current_transition_state : 完全解密
2025-03-02 22:14:02,701 [INFO] step 11: APL
2025-03-02 22:14:02,704 [INFO] delay power off
2025-03-02 22:14:02,706 [INFO] 识盘命令输出：
2025-03-02 22:14:02,776 [INFO] smart_log : 
2025-03-02 22:14:03,782 [INFO] 识盘命令输出：
2025-03-02 22:14:03,853 [INFO] smart_log : 
2025-03-02 22:14:04,866 [INFO] 识盘命令输出：
2025-03-02 22:14:05,614 [INFO] smart_log : 错误代码 2: 
2025-03-02 22:14:06,628 [INFO] 识盘命令输出：
2025-03-02 22:14:06,687 [INFO] smart_log : 错误代码 1: 
2025-03-02 22:14:07,697 [INFO] 识盘命令输出：
2025-03-02 22:14:07,756 [INFO] smart_log : 错误代码 1: 
2025-03-02 22:14:08,764 [INFO] 识盘命令输出：
2025-03-02 22:14:08,821 [INFO] smart_log : 错误代码 1: 
2025-03-02 22:14:09,832 [INFO] 识盘命令输出：
2025-03-02 22:14:09,889 [INFO] smart_log : 错误代码 1: 
2025-03-02 22:14:10,899 [INFO] 识盘命令输出：
2025-03-02 22:14:10,956 [INFO] smart_log : 错误代码 1: 
2025-03-02 22:14:11,968 [INFO] 识盘命令输出：
2025-03-02 22:14:12,038 [INFO] smart_log : 错误代码 1: 
2025-03-02 22:14:13,050 [INFO] 等待5秒后开始上电
