2025-03-27 16:50:48,420 [INFO] 程序已以管理员权限运行。
2025-03-27 16:50:48,420 [INFO] 程序已以管理员权限运行。
2025-03-27 16:50:48,462 [INFO] BitLocker 驱动器加密: 配置工具版本 10.0.19041
版权所有 (C) 2013 Microsoft Corporation。保留所有权利。

卷 D: []
[数据卷]

    大小:              3576.97 GB
    BitLocker 版本:    无
    转换状态:          完全解密
    已加密百分比:      0.0%
    加密方法:          无
    保护状态:          保护关闭
    锁定状态:          已解锁
    标识字段:          无
    自动解锁:          已禁用
    密钥保护器:        找不到
2025-03-27 16:50:48,463 [INFO] [INFO] Initial run. Running enable BitLocker logic...
2025-03-27 16:50:58,105 [INFO] step 1: status check
2025-03-27 16:50:58,156 [INFO] BitLocker 驱动器加密: 配置工具版本 10.0.19041
版权所有 (C) 2013 Microsoft Corporation。保留所有权利。

卷 D: []
[数据卷]

    大小:              3576.97 GB
    BitLocker 版本:    2.0
    转换状态:          完全加密
    已加密百分比:      100.0%
    加密方法:    硬件加密 - 1.3.111.2.1619.0.1.2
    保护状态:          保护已启用
    锁定状态:          已解锁
    标识字段:          未知
    自动解锁:          已禁用
    密钥保护器:
        外部密钥
        数字密码
2025-03-27 16:50:58,156 [INFO] disk_current_status : 硬件加密 - 1.3.111.2.1619.0.1.2
2025-03-27 16:51:01,162 [INFO] step 2: bitlocker add password
2025-03-27 16:51:11,059 [INFO] step 3: APL
2025-03-27 16:51:11,060 [INFO] delay power off
2025-03-27 16:51:11,064 [INFO] 识盘命令输出：
2025-03-27 16:51:11,122 [INFO] smart_log : 
2025-03-27 16:51:12,131 [INFO] 识盘命令输出：
2025-03-27 16:51:12,194 [INFO] smart_log : 
2025-03-27 16:51:13,203 [INFO] 识盘命令输出：
2025-03-27 16:51:13,856 [INFO] smart_log : 错误代码 2: 
2025-03-27 16:51:14,857 [INFO] 识盘命令输出：
2025-03-27 16:51:14,916 [INFO] smart_log : 错误代码 1: 
2025-03-27 16:51:15,928 [INFO] 识盘命令输出：
2025-03-27 16:51:15,984 [INFO] smart_log : 错误代码 1: 
2025-03-27 16:51:16,995 [INFO] 识盘命令输出：
2025-03-27 16:51:17,050 [INFO] smart_log : 错误代码 1: 
2025-03-27 16:51:18,065 [INFO] 识盘命令输出：
2025-03-27 16:51:18,123 [INFO] smart_log : 错误代码 1: 
2025-03-27 16:51:19,137 [INFO] 识盘命令输出：
2025-03-27 16:51:19,193 [INFO] smart_log : 错误代码 1: 
2025-03-27 16:51:20,193 [INFO] 识盘命令输出：
2025-03-27 16:51:20,247 [INFO] smart_log : 错误代码 1: 
2025-03-27 16:51:21,258 [INFO] 等待5秒后开始上电
2025-03-27 16:51:41,994 [INFO] [INFO] Task created successfully.
2025-03-27 16:51:41,995 [INFO] Batch file generated and placed in startup directory: C:\ProgramData\Microsoft\Windows\Start Menu\Programs\StartUp\run_script.bat
2025-03-27 16:51:41,995 [INFO] [INFO] System will now reboot...
2025-03-27 16:51:44,035 [INFO] 流程完成。
