2025-02-18 11:43:30,513 [INFO] 程序已以管理员权限运行。
2025-02-18 11:43:30,513 [INFO] step 0: delay power off
2025-02-18 11:43:30,514 [INFO] step 1 Format
2025-02-18 11:43:50,884 [INFO] step 2: status check
2025-02-18 11:43:50,907 [INFO] current_transition_state : 错误代码 136: Invalid or unsupported disk \\.\PhysicalDrive0
2025-02-18 11:43:50,908 [INFO] 识盘命令输出：
2025-02-18 11:43:50,940 [INFO] smart_log : 错误代码 1: 
2025-02-18 11:43:51,940 [INFO] 识盘命令输出：
2025-02-18 11:43:51,997 [INFO] smart_log : 错误代码 1: 
2025-02-18 11:43:53,011 [INFO] 识盘命令输出：
2025-02-18 11:43:53,059 [INFO] smart_log : 错误代码 1: 
2025-02-18 11:43:54,067 [INFO] 识盘命令输出：
2025-02-18 11:43:54,121 [INFO] smart_log : 错误代码 1: 
2025-02-18 11:43:55,122 [INFO] 识盘命令输出：
2025-02-18 11:43:55,186 [INFO] smart_log : 错误代码 1: 
2025-02-18 11:43:56,194 [INFO] 识盘命令输出：
2025-02-18 11:43:56,235 [INFO] smart_log : 错误代码 1: 
2025-02-18 11:43:57,250 [INFO] 识盘命令输出：
2025-02-18 11:43:57,309 [INFO] smart_log : 错误代码 1: 
2025-02-18 11:43:58,322 [INFO] 识盘命令输出：
2025-02-18 11:43:58,363 [INFO] smart_log : 错误代码 1: 
2025-02-18 11:43:59,378 [INFO] 识盘命令输出：
2025-02-18 11:43:59,437 [INFO] smart_log : 错误代码 1: 
2025-02-18 11:44:00,450 [INFO] 识盘命令输出：
2025-02-18 11:44:00,488 [INFO] smart_log : 错误代码 1: 
2025-02-18 11:44:01,489 [INFO] 等待5秒后开始上电
