2025-03-05 10:23:54,613 [INFO] 程序已以管理员权限运行。
2025-03-05 10:23:54,613 [INFO] new volume
2025-03-05 10:24:14,981 [INFO] Scanning for Opal compliant disks
\\.\PhysicalDrive0  2      RSYE3839S-480G                           SP301012
\\.\PhysicalDrive1 No       
No more disks present ending scan
2025-03-05 10:24:14,981 [INFO] step 1: status check
2025-03-05 10:24:15,032 [INFO] BitLocker 驱动器加密: 配置工具版本 10.0.19041
版权所有 (C) 2013 Microsoft Corporation。保留所有权利。

卷 D: []
[数据卷]

    大小:              447.12 GB
    BitLocker 版本:    无
    转换状态:          完全解密
    已加密百分比:      0.0%
    加密方法:          无
    保护状态:          保护关闭
    锁定状态:          已解锁
    标识字段:          无
    自动解锁:          已禁用
    密钥保护器:        找不到
2025-03-05 10:24:15,033 [INFO] disk_current_status : {'BitLocker 驱动器加密': '配置工具版本 10.0.19041', '卷 D': '[]', '大小': '447.12 GB', 'BitLocker 版本': '无', '转换状态': '完全解密', '已加密百分比': '0.0%', '加密方法': '无', '保护状态': '保护关闭', '锁定状态': '已解锁', '标识字段': '无', '自动解锁': '已禁用', '密钥保护器': '找不到'}
2025-03-05 10:24:15,033 [INFO] step 2: bitlocker on
2025-03-05 10:24:30,210 [INFO] key: {password}
2025-03-05 10:24:31,279 [INFO] disk_current_status : {'BitLocker 驱动器加密': '配置工具版本 10.0.19041', '卷 D': '[]', '大小': '447.12 GB', 'BitLocker 版本': '无', '转换状态': '完全解密', '已加密百分比': '0.0%', '加密方法': '无', '保护状态': '保护关闭', '锁定状态': '已解锁', '标识字段': '无', '自动解锁': '已禁用', '密钥保护器': '找不到'}
2025-03-05 10:24:31,279 [INFO] step 3: bitlocker add password
2025-03-05 10:24:37,276 [INFO] step 4: bitlocker change password
2025-03-05 10:24:44,236 [INFO] step 5: bitlocker lock
2025-03-05 10:24:45,926 [INFO] BitLocker 驱动器加密: 配置工具版本 10.0.19041
版权所有 (C) 2013 Microsoft Corporation。保留所有权利。

卷 D: 现在已锁定
2025-03-05 10:24:47,014 [INFO] current_locked_state : 已锁定
2025-03-05 10:24:47,014 [INFO] step 6: read and write after disk locked
2025-03-05 10:24:47,017 [ERROR] 写入失败，错误信息：[Errno 22] Invalid argument: 'D://test_file.txt'
Traceback (most recent call last):
  File "t_Tcg_BitLocker_17_BaseAPL.py", line 88, in verify_locked
    with open(test_file, "w") as file:
OSError: [Errno 22] Invalid argument: 'D://test_file.txt'
2025-03-05 10:24:47,020 [ERROR] 读取失败，错误信息：[WinError -2144272384] BitLocker 驱动器加密已锁定该驱动器。必须从控制面板解除此驱动器锁定。: 'D://'
Traceback (most recent call last):
  File "t_Tcg_BitLocker_17_BaseAPL.py", line 101, in verify_locked
    files = os.listdir(drive_letter)
OSError: [WinError -2144272384] BitLocker 驱动器加密已锁定该驱动器。必须从控制面板解除此驱动器锁定。: 'D://'
2025-03-05 10:24:47,022 [ERROR] 写入失败，错误信息：[Errno 22] Invalid argument: 'D://test_file.txt'
Traceback (most recent call last):
  File "t_Tcg_BitLocker_17_BaseAPL.py", line 88, in verify_locked
    with open(test_file, "w") as file:
OSError: [Errno 22] Invalid argument: 'D://test_file.txt'
2025-03-05 10:24:47,025 [ERROR] 读取失败，错误信息：[WinError -2144272384] BitLocker 驱动器加密已锁定该驱动器。必须从控制面板解除此驱动器锁定。: 'D://'
Traceback (most recent call last):
  File "t_Tcg_BitLocker_17_BaseAPL.py", line 101, in verify_locked
    files = os.listdir(drive_letter)
OSError: [WinError -2144272384] BitLocker 驱动器加密已锁定该驱动器。必须从控制面板解除此驱动器锁定。: 'D://'
2025-03-05 10:24:47,025 [INFO] D: 已被锁定。
2025-03-05 10:24:47,025 [INFO] step 7: bitlocker unlock
2025-03-05 10:24:52,522 [INFO] current_locked_state : 已解锁
2025-03-05 10:24:52,522 [INFO] step 8: bitlocker off
2025-03-05 10:24:58,939 [INFO] current_transition_state : 完全解密
2025-03-05 10:24:58,940 [INFO] step 9: bitlocker on again
2025-03-05 10:25:14,156 [INFO] key: 393195-481690-303149-183227-566665-127501-022022-492932
2025-03-05 10:25:14,157 [INFO] step 10: bitlocker off
2025-03-05 10:25:20,709 [INFO] current_transition_state : 完全解密
2025-03-05 10:25:20,710 [INFO] step 11: APL
2025-03-05 10:25:20,713 [INFO] delay power off
2025-03-05 10:25:20,715 [INFO] 识盘命令输出：
2025-03-05 10:25:20,780 [INFO] smart_log : 
2025-03-05 10:25:21,781 [INFO] 识盘命令输出：
2025-03-05 10:25:21,854 [INFO] smart_log : 
2025-03-05 10:25:22,858 [INFO] 识盘命令输出：
2025-03-05 10:25:23,502 [INFO] smart_log : 错误代码 2: 
2025-03-05 10:25:24,507 [INFO] 识盘命令输出：
2025-03-05 10:25:24,560 [INFO] smart_log : 错误代码 1: 
2025-03-05 10:25:25,562 [INFO] 识盘命令输出：
2025-03-05 10:25:25,623 [INFO] smart_log : 错误代码 1: 
2025-03-05 10:25:26,633 [INFO] 识盘命令输出：
2025-03-05 10:25:26,682 [INFO] smart_log : 错误代码 1: 
2025-03-05 10:25:27,689 [INFO] 识盘命令输出：
2025-03-05 10:25:27,747 [INFO] smart_log : 错误代码 1: 
2025-03-05 10:25:28,761 [INFO] 识盘命令输出：
2025-03-05 10:25:28,820 [INFO] smart_log : 错误代码 1: 
2025-03-05 10:25:29,833 [INFO] 识盘命令输出：
2025-03-05 10:25:29,894 [INFO] smart_log : 错误代码 1: 
2025-03-05 10:25:30,905 [INFO] 等待5秒后开始上电
