2025-04-03 17:21:44,153 [INFO] 程序已以管理员权限运行。
2025-04-03 17:21:44,154 [INFO] new volume
2025-04-03 17:22:04,506 [INFO] Scanning for Opal compliant disks
\\.\PhysicalDrive0  2      RSYE3839B-480                            SP301016
\\.\PhysicalDrive1 No       
No more disks present ending scan
2025-04-03 17:22:04,507 [INFO] step 1: status check
2025-04-03 17:22:04,553 [INFO] BitLocker 驱动器加密: 配置工具版本 10.0.19041
版权所有 (C) 2013 Microsoft Corporation。保留所有权利。

卷 D: []
[数据卷]

    大小:              447.12 GB
    BitLocker 版本:    无
    转换状态:          完全解密
    已加密百分比:      0.0%
    加密方法:          无
    保护状态:          保护关闭
    锁定状态:          已解锁
    标识字段:          无
    自动解锁:          已禁用
    密钥保护器:        找不到
2025-04-03 17:22:04,554 [INFO] disk_current_status : {'BitLocker 驱动器加密': '配置工具版本 10.0.19041', '卷 D': '[]', '大小': '447.12 GB', 'BitLocker 版本': '无', '转换状态': '完全解密', '已加密百分比': '0.0%', '加密方法': '无', '保护状态': '保护关闭', '锁定状态': '已解锁', '标识字段': '无', '自动解锁': '已禁用', '密钥保护器': '找不到'}
2025-04-03 17:22:04,554 [INFO] step 2: bitlocker on
2025-04-03 17:22:14,216 [INFO] key: {password}
2025-04-03 17:22:15,293 [INFO] disk_current_status : {'BitLocker 驱动器加密': '配置工具版本 10.0.19041', '卷 D': '[]', '大小': '447.12 GB', 'BitLocker 版本': '无', '转换状态': '完全解密', '已加密百分比': '0.0%', '加密方法': '无', '保护状态': '保护关闭', '锁定状态': '已解锁', '标识字段': '无', '自动解锁': '已禁用', '密钥保护器': '找不到'}
2025-04-03 17:22:15,293 [INFO] step 3: bitlocker add password
2025-04-03 17:22:20,117 [INFO] step 4: bitlocker change password
2025-04-03 17:22:25,966 [INFO] step 5: bitlocker lock
2025-04-03 17:22:27,396 [INFO] BitLocker 驱动器加密: 配置工具版本 10.0.19041
版权所有 (C) 2013 Microsoft Corporation。保留所有权利。

卷 D: 现在已锁定
2025-04-03 17:22:28,480 [INFO] current_locked_state : 已锁定
2025-04-03 17:22:28,480 [INFO] step 6: read and write after disk locked
2025-04-03 17:22:28,481 [ERROR] 写入失败，错误信息：[Errno 22] Invalid argument: 'D://test_file.txt'
Traceback (most recent call last):
  File "t_Tcg_BitLocker_17_BaseAPL.py", line 88, in verify_locked
    with open(test_file, "w") as file:
OSError: [Errno 22] Invalid argument: 'D://test_file.txt'
2025-04-03 17:22:28,481 [ERROR] 读取失败，错误信息：[WinError -2144272384] BitLocker 驱动器加密已锁定该驱动器。必须从控制面板解除此驱动器锁定。: 'D://'
Traceback (most recent call last):
  File "t_Tcg_BitLocker_17_BaseAPL.py", line 101, in verify_locked
    files = os.listdir(drive_letter)
OSError: [WinError -2144272384] BitLocker 驱动器加密已锁定该驱动器。必须从控制面板解除此驱动器锁定。: 'D://'
2025-04-03 17:22:28,482 [ERROR] 写入失败，错误信息：[Errno 22] Invalid argument: 'D://test_file.txt'
Traceback (most recent call last):
  File "t_Tcg_BitLocker_17_BaseAPL.py", line 88, in verify_locked
    with open(test_file, "w") as file:
OSError: [Errno 22] Invalid argument: 'D://test_file.txt'
2025-04-03 17:22:28,482 [ERROR] 读取失败，错误信息：[WinError -2144272384] BitLocker 驱动器加密已锁定该驱动器。必须从控制面板解除此驱动器锁定。: 'D://'
Traceback (most recent call last):
  File "t_Tcg_BitLocker_17_BaseAPL.py", line 101, in verify_locked
    files = os.listdir(drive_letter)
OSError: [WinError -2144272384] BitLocker 驱动器加密已锁定该驱动器。必须从控制面板解除此驱动器锁定。: 'D://'
2025-04-03 17:22:28,482 [INFO] D: 已被锁定。
2025-04-03 17:22:28,482 [INFO] step 7: bitlocker unlock
2025-04-03 17:22:33,941 [INFO] current_locked_state : 已解锁
2025-04-03 17:22:33,941 [INFO] step 8: bitlocker off
2025-04-03 17:22:39,011 [INFO] current_transition_state : 完全解密
2025-04-03 17:22:39,012 [INFO] step 9: bitlocker on again
2025-04-03 17:22:48,695 [INFO] key: 008096-519717-344641-610236-411796-204424-650045-408133
2025-04-03 17:22:48,695 [INFO] step 10: bitlocker off
2025-04-03 17:22:53,726 [INFO] current_transition_state : 完全解密
2025-04-03 17:22:53,727 [INFO] step 11: APL
2025-04-03 17:22:53,730 [INFO] delay power off
2025-04-03 17:22:53,732 [INFO] 识盘命令输出：
2025-04-03 17:22:53,791 [INFO] smart_log : 
2025-04-03 17:22:54,792 [INFO] 识盘命令输出：
2025-04-03 17:22:54,848 [INFO] smart_log : 
2025-04-03 17:22:55,861 [INFO] 识盘命令输出：
2025-04-03 17:22:56,638 [INFO] smart_log : 错误代码 2: 
2025-04-03 17:22:57,640 [INFO] 识盘命令输出：
2025-04-03 17:22:57,700 [INFO] smart_log : 错误代码 1: 
2025-04-03 17:22:58,708 [INFO] 识盘命令输出：
2025-04-03 17:22:58,765 [INFO] smart_log : 错误代码 1: 
2025-04-03 17:22:59,776 [INFO] 识盘命令输出：
2025-04-03 17:22:59,830 [INFO] smart_log : 错误代码 1: 
2025-04-03 17:23:00,845 [INFO] 识盘命令输出：
2025-04-03 17:23:00,902 [INFO] smart_log : 错误代码 1: 
2025-04-03 17:23:01,913 [INFO] 识盘命令输出：
2025-04-03 17:23:01,973 [INFO] smart_log : 错误代码 1: 
2025-04-03 17:23:02,980 [INFO] 识盘命令输出：
2025-04-03 17:23:03,033 [INFO] smart_log : 错误代码 1: 
2025-04-03 17:23:04,048 [INFO] 等待5秒后开始上电
