2025-04-07 12:48:56,794 [INFO] 程序已以管理员权限运行。
2025-04-07 12:48:56,795 [INFO] new volume
2025-04-07 12:49:17,179 [INFO] Scanning for Opal compliant disks
\\.\PhysicalDrive0  2      RSYE3839S-3840                           SP301017
\\.\PhysicalDrive1 No       
No more disks present ending scan
2025-04-07 12:49:17,179 [INFO] step 1: status check
2025-04-07 12:49:17,224 [INFO] BitLocker 驱动器加密: 配置工具版本 10.0.19041
版权所有 (C) 2013 Microsoft Corporation。保留所有权利。

卷 D: []
[数据卷]

    大小:              3576.97 GB
    BitLocker 版本:    无
    转换状态:          完全解密
    已加密百分比:      0.0%
    加密方法:          无
    保护状态:          保护关闭
    锁定状态:          已解锁
    标识字段:          无
    自动解锁:          已禁用
    密钥保护器:        找不到
2025-04-07 12:49:17,225 [INFO] disk_current_status : {'BitLocker 驱动器加密': '配置工具版本 10.0.19041', '卷 D': '[]', '大小': '3576.97 GB', 'BitLocker 版本': '无', '转换状态': '完全解密', '已加密百分比': '0.0%', '加密方法': '无', '保护状态': '保护关闭', '锁定状态': '已解锁', '标识字段': '无', '自动解锁': '已禁用', '密钥保护器': '找不到'}
2025-04-07 12:49:17,225 [INFO] FIO read write
2025-04-07 12:49:17,226 [INFO] Running command: fio.exe --name=seqwrite --rw=write --bs=128k --size=10G --directory=D\:\fio_test --filename=testfile --iodepth=1 --output=fio_log\seqwrite.log
2025-04-07 12:49:32,550 [INFO] Sequential write completed successfully.
2025-04-07 12:49:32,551 [INFO] step 2: bitlocker on
2025-04-07 12:49:42,314 [INFO] key: {password}
2025-04-07 12:49:43,384 [INFO] disk_current_status : {'BitLocker 驱动器加密': '配置工具版本 10.0.19041', '卷 D': '[]', '大小': '3576.97 GB', 'BitLocker 版本': '无', '转换状态': '完全解密', '已加密百分比': '0.0%', '加密方法': '无', '保护状态': '保护关闭', '锁定状态': '已解锁', '标识字段': '无', '自动解锁': '已禁用', '密钥保护器': '找不到'}
2025-04-07 12:49:43,384 [INFO] step 3: bitlocker add password
2025-04-07 12:49:48,112 [INFO] step 4: bitlocker change password
2025-04-07 12:49:53,981 [INFO] step 5: bitlocker lock
2025-04-07 12:49:57,511 [INFO] BitLocker 驱动器加密: 配置工具版本 10.0.19041
版权所有 (C) 2013 Microsoft Corporation。保留所有权利。

卷 D: 现在已锁定
2025-04-07 12:49:58,591 [INFO] current_locked_state : 已锁定
2025-04-07 12:49:58,591 [INFO] step 6: read and write after disk locked
2025-04-07 12:49:58,592 [ERROR] 写入失败，错误信息：[Errno 22] Invalid argument: 'D://test_file.txt'
Traceback (most recent call last):
  File "t_Tcg_BitLocker_19_BaseIoFormat.py", line 87, in verify_locked
    with open(test_file, "w") as file:
OSError: [Errno 22] Invalid argument: 'D://test_file.txt'
2025-04-07 12:49:58,592 [ERROR] 读取失败，错误信息：[WinError -2144272384] BitLocker 驱动器加密已锁定该驱动器。必须从控制面板解除此驱动器锁定。: 'D://'
Traceback (most recent call last):
  File "t_Tcg_BitLocker_19_BaseIoFormat.py", line 100, in verify_locked
    files = os.listdir(drive_letter)
OSError: [WinError -2144272384] BitLocker 驱动器加密已锁定该驱动器。必须从控制面板解除此驱动器锁定。: 'D://'
2025-04-07 12:49:58,593 [ERROR] 写入失败，错误信息：[Errno 22] Invalid argument: 'D://test_file.txt'
Traceback (most recent call last):
  File "t_Tcg_BitLocker_19_BaseIoFormat.py", line 87, in verify_locked
    with open(test_file, "w") as file:
OSError: [Errno 22] Invalid argument: 'D://test_file.txt'
2025-04-07 12:49:58,593 [ERROR] 读取失败，错误信息：[WinError -2144272384] BitLocker 驱动器加密已锁定该驱动器。必须从控制面板解除此驱动器锁定。: 'D://'
Traceback (most recent call last):
  File "t_Tcg_BitLocker_19_BaseIoFormat.py", line 100, in verify_locked
    files = os.listdir(drive_letter)
OSError: [WinError -2144272384] BitLocker 驱动器加密已锁定该驱动器。必须从控制面板解除此驱动器锁定。: 'D://'
2025-04-07 12:49:58,593 [INFO] D: 已被锁定。
2025-04-07 12:49:58,593 [INFO] step 7: bitlocker unlock
2025-04-07 12:50:04,582 [INFO] current_locked_state : 已解锁
2025-04-07 12:50:04,582 [INFO] step 8: bitlocker off
2025-04-07 12:50:09,670 [INFO] current_transition_state : 完全解密
2025-04-07 12:50:09,671 [INFO] step 9: bitlocker on again
2025-04-07 12:50:19,584 [INFO] key: 165143-262240-505296-423181-001309-476927-169268-265595
2025-04-07 12:50:19,584 [INFO] step 10: bitlocker off
2025-04-07 12:50:25,027 [INFO] current_transition_state : 完全解密
2025-04-07 12:50:25,028 [INFO] step 11: format
2025-04-07 12:50:45,397 [INFO] Scanning for Opal compliant disks
\\.\PhysicalDrive0  2      RSYE3839S-3840                           SP301017
\\.\PhysicalDrive1 No       
No more disks present ending scan
