2025-04-07 20:20:18,228 [INFO] 程序已以管理员权限运行。
2025-04-07 20:20:18,228 [INFO] step 1: bitlocker unlock
2025-04-07 20:20:23,395 [INFO] current_locked_state : 已解锁
2025-04-07 20:20:23,395 [INFO] step 2: bitlocker change password
2025-04-07 20:20:28,972 [INFO] step 3: delay power off
2025-04-07 20:20:28,972 [INFO] 识盘命令输出：
2025-04-07 20:20:29,018 [INFO] smart_log : 
2025-04-07 20:20:30,027 [INFO] 识盘命令输出：
2025-04-07 20:20:30,087 [INFO] smart_log : 
2025-04-07 20:20:31,096 [INFO] 识盘命令输出：
2025-04-07 20:20:31,163 [INFO] smart_log : 
2025-04-07 20:20:32,167 [INFO] 识盘命令输出：
2025-04-07 20:20:32,233 [INFO] smart_log : 
2025-04-07 20:20:33,238 [INFO] 识盘命令输出：
2025-04-07 20:20:33,305 [INFO] smart_log : 
2025-04-07 20:20:34,312 [INFO] 识盘命令输出：
2025-04-07 20:20:34,375 [INFO] smart_log : 
2025-04-07 20:20:35,384 [INFO] 识盘命令输出：
2025-04-07 20:20:35,446 [INFO] smart_log : 
2025-04-07 20:20:36,452 [INFO] 识盘命令输出：
2025-04-07 20:20:36,516 [INFO] smart_log : 
2025-04-07 20:20:37,523 [INFO] 识盘命令输出：
2025-04-07 20:20:37,587 [INFO] smart_log : 
2025-04-07 20:20:38,597 [INFO] 识盘命令输出：
2025-04-07 20:20:38,662 [INFO] smart_log : 
2025-04-07 20:20:39,663 [INFO] 识盘命令输出：
2025-04-07 20:20:40,152 [INFO] smart_log : 错误代码 2: 
2025-04-07 20:20:41,167 [INFO] 识盘命令输出：
2025-04-07 20:20:41,225 [INFO] smart_log : 错误代码 1: 
2025-04-07 20:20:42,233 [INFO] 识盘命令输出：
2025-04-07 20:20:42,285 [INFO] smart_log : 错误代码 1: 
2025-04-07 20:20:43,290 [INFO] 识盘命令输出：
2025-04-07 20:20:43,348 [INFO] smart_log : 错误代码 1: 
2025-04-07 20:20:44,360 [INFO] 识盘命令输出：
2025-04-07 20:20:44,418 [INFO] smart_log : 错误代码 1: 
2025-04-07 20:20:45,429 [INFO] 识盘命令输出：
2025-04-07 20:20:45,484 [INFO] smart_log : 错误代码 1: 
2025-04-07 20:20:46,485 [INFO] 识盘命令输出：
2025-04-07 20:20:46,537 [INFO] smart_log : 错误代码 1: 
2025-04-07 20:20:47,541 [INFO] 识盘命令输出：
2025-04-07 20:20:47,585 [INFO] smart_log : 错误代码 1: 
2025-04-07 20:20:48,597 [INFO] 识盘命令输出：
2025-04-07 20:20:48,647 [INFO] smart_log : 错误代码 1: 
2025-04-07 20:20:49,653 [INFO] 识盘命令输出：
2025-04-07 20:20:49,708 [INFO] smart_log : 错误代码 1: 
2025-04-07 20:20:50,709 [INFO] 识盘命令输出：
2025-04-07 20:20:50,768 [INFO] smart_log : 错误代码 1: 
2025-04-07 20:20:51,780 [INFO] 识盘命令输出：
2025-04-07 20:20:51,835 [INFO] smart_log : 错误代码 1: 
2025-04-07 20:20:52,835 [INFO] 识盘命令输出：
2025-04-07 20:20:52,897 [INFO] smart_log : 错误代码 1: 
2025-04-07 20:20:53,907 [INFO] 识盘命令输出：
2025-04-07 20:20:53,966 [INFO] smart_log : 错误代码 1: 
2025-04-07 20:20:54,979 [INFO] 识盘命令输出：
2025-04-07 20:20:55,038 [INFO] smart_log : 错误代码 1: 
2025-04-07 20:20:56,049 [INFO] 识盘命令输出：
2025-04-07 20:20:56,102 [INFO] smart_log : 错误代码 1: 
2025-04-07 20:20:57,103 [INFO] 识盘命令输出：
2025-04-07 20:20:57,156 [INFO] smart_log : 错误代码 1: 
2025-04-07 20:20:58,159 [INFO] 识盘命令输出：
2025-04-07 20:20:58,206 [INFO] smart_log : 错误代码 1: 
2025-04-07 20:20:59,212 [INFO] 等待5秒后开始上电
2025-04-07 20:22:14,989 [INFO] current_transition_state : 已锁定
