2025-03-05 10:31:44,342 [INFO] 程序已以管理员权限运行。
2025-03-05 10:31:44,342 [INFO] 程序已以管理员权限运行。
2025-03-05 10:31:44,382 [INFO] BitLocker 驱动器加密: 配置工具版本 10.0.19041
版权所有 (C) 2013 Microsoft Corporation。保留所有权利。

卷 D: []
[数据卷]

    大小:              447.12 GB
    BitLocker 版本:    无
    转换状态:          完全解密
    已加密百分比:      0.0%
    加密方法:          无
    保护状态:          保护关闭
    锁定状态:          已解锁
    标识字段:          无
    自动解锁:          已禁用
    密钥保护器:        找不到
2025-03-05 10:31:44,383 [INFO] [INFO] Initial run. Running enable BitLocker logic...
2025-03-05 10:31:59,594 [INFO] step 1: status check
2025-03-05 10:31:59,648 [INFO] BitLocker 驱动器加密: 配置工具版本 10.0.19041
版权所有 (C) 2013 Microsoft Corporation。保留所有权利。

卷 D: []
[数据卷]

    大小:              447.12 GB
    BitLocker 版本:    2.0
    转换状态:          完全加密
    已加密百分比:      100.0%
    加密方法:    硬件加密 - 1.3.111.2.1619.0.1.2
    保护状态:          保护已启用
    锁定状态:          已解锁
    标识字段:          未知
    自动解锁:          已禁用
    密钥保护器:
        外部密钥
        数字密码
2025-03-05 10:31:59,648 [INFO] disk_current_status : 硬件加密 - 1.3.111.2.1619.0.1.2
2025-03-05 10:32:02,649 [INFO] step 2: bitlocker add password
2025-03-05 10:32:13,499 [INFO] step 3: APL
2025-03-05 10:32:13,499 [INFO] delay power off
2025-03-05 10:32:13,503 [INFO] 识盘命令输出：
2025-03-05 10:32:13,556 [INFO] smart_log : 
2025-03-05 10:32:14,557 [INFO] 识盘命令输出：
2025-03-05 10:32:14,620 [INFO] smart_log : 
2025-03-05 10:32:15,630 [INFO] 识盘命令输出：
2025-03-05 10:32:16,279 [INFO] smart_log : 错误代码 2: 
2025-03-05 10:32:17,286 [INFO] 识盘命令输出：
2025-03-05 10:32:17,319 [INFO] smart_log : 错误代码 1: 
2025-03-05 10:32:18,320 [INFO] 识盘命令输出：
2025-03-05 10:32:18,349 [INFO] smart_log : 错误代码 1: 
2025-03-05 10:32:19,356 [INFO] 识盘命令输出：
2025-03-05 10:32:19,391 [INFO] smart_log : 错误代码 1: 
2025-03-05 10:32:20,406 [INFO] 识盘命令输出：
2025-03-05 10:32:20,467 [INFO] smart_log : 错误代码 1: 
2025-03-05 10:32:21,471 [INFO] 识盘命令输出：
2025-03-05 10:32:21,521 [INFO] smart_log : 错误代码 1: 
2025-03-05 10:32:22,521 [INFO] 识盘命令输出：
2025-03-05 10:32:22,568 [INFO] smart_log : 错误代码 1: 
2025-03-05 10:32:23,571 [INFO] 等待5秒后开始上电
2025-03-05 10:32:44,309 [INFO] [INFO] Task created successfully.
2025-03-05 10:32:44,310 [INFO] Batch file generated and placed in startup directory: C:\ProgramData\Microsoft\Windows\Start Menu\Programs\StartUp\run_script.bat
2025-03-05 10:32:44,310 [INFO] [INFO] System will now reboot...
2025-03-05 10:32:46,355 [INFO] 流程完成。
