2025-03-17 21:22:03,296 [INFO] 程序已以管理员权限运行。
2025-03-17 21:22:03,297 [INFO] new volume
2025-03-17 21:22:23,693 [INFO] Scanning for Opal compliant disks
\\.\PhysicalDrive0  2      RSYE3839Z-960G                           SP301012
\\.\PhysicalDrive1 No       
No more disks present ending scan
2025-03-17 21:22:23,693 [INFO] step 1: status check
2025-03-17 21:22:23,736 [INFO] BitLocker 驱动器加密: 配置工具版本 10.0.19041
版权所有 (C) 2013 Microsoft Corporation。保留所有权利。

卷 D: []
[数据卷]

    大小:              894.24 GB
    BitLocker 版本:    无
    转换状态:          完全解密
    已加密百分比:      0.0%
    加密方法:          无
    保护状态:          保护关闭
    锁定状态:          已解锁
    标识字段:          无
    自动解锁:          已禁用
    密钥保护器:        找不到
2025-03-17 21:22:23,736 [INFO] disk_current_status : {'BitLocker 驱动器加密': '配置工具版本 10.0.19041', '卷 D': '[]', '大小': '894.24 GB', 'BitLocker 版本': '无', '转换状态': '完全解密', '已加密百分比': '0.0%', '加密方法': '无', '保护状态': '保护关闭', '锁定状态': '已解锁', '标识字段': '无', '自动解锁': '已禁用', '密钥保护器': '找不到'}
2025-03-17 21:22:23,737 [INFO] step 2: bitlocker on
2025-03-17 21:22:39,234 [INFO] key: {password}
2025-03-17 21:22:40,310 [INFO] disk_current_status : {'BitLocker 驱动器加密': '配置工具版本 10.0.19041', '卷 D': '[]', '大小': '894.24 GB', 'BitLocker 版本': '无', '转换状态': '完全解密', '已加密百分比': '0.0%', '加密方法': '无', '保护状态': '保护关闭', '锁定状态': '已解锁', '标识字段': '无', '自动解锁': '已禁用', '密钥保护器': '找不到'}
2025-03-17 21:22:40,311 [INFO] step 3: bitlocker add password
2025-03-17 21:22:46,262 [INFO] step 4: bitlocker change password
2025-03-17 21:22:53,188 [INFO] step 5: bitlocker lock
2025-03-17 21:22:54,878 [INFO] BitLocker 驱动器加密: 配置工具版本 10.0.19041
版权所有 (C) 2013 Microsoft Corporation。保留所有权利。

卷 D: 现在已锁定
2025-03-17 21:22:55,957 [INFO] current_locked_state : 已锁定
2025-03-17 21:22:55,957 [INFO] step 6: read and write after disk locked
2025-03-17 21:22:55,958 [ERROR] 写入失败，错误信息：[Errno 22] Invalid argument: 'D://test_file.txt'
Traceback (most recent call last):
  File "t_Tcg_BitLocker_16_BaseFormat.py", line 86, in verify_locked
    with open(test_file, "w") as file:
OSError: [Errno 22] Invalid argument: 'D://test_file.txt'
2025-03-17 21:22:55,959 [ERROR] 读取失败，错误信息：[WinError -2144272384] BitLocker 驱动器加密已锁定该驱动器。必须从控制面板解除此驱动器锁定。: 'D://'
Traceback (most recent call last):
  File "t_Tcg_BitLocker_16_BaseFormat.py", line 99, in verify_locked
    files = os.listdir(drive_letter)
OSError: [WinError -2144272384] BitLocker 驱动器加密已锁定该驱动器。必须从控制面板解除此驱动器锁定。: 'D://'
2025-03-17 21:22:55,959 [ERROR] 写入失败，错误信息：[Errno 22] Invalid argument: 'D://test_file.txt'
Traceback (most recent call last):
  File "t_Tcg_BitLocker_16_BaseFormat.py", line 86, in verify_locked
    with open(test_file, "w") as file:
OSError: [Errno 22] Invalid argument: 'D://test_file.txt'
2025-03-17 21:22:55,959 [ERROR] 读取失败，错误信息：[WinError -2144272384] BitLocker 驱动器加密已锁定该驱动器。必须从控制面板解除此驱动器锁定。: 'D://'
Traceback (most recent call last):
  File "t_Tcg_BitLocker_16_BaseFormat.py", line 99, in verify_locked
    files = os.listdir(drive_letter)
OSError: [WinError -2144272384] BitLocker 驱动器加密已锁定该驱动器。必须从控制面板解除此驱动器锁定。: 'D://'
2025-03-17 21:22:55,959 [INFO] D: 已被锁定。
2025-03-17 21:22:55,959 [INFO] step 7: bitlocker unlock
2025-03-17 21:23:01,617 [INFO] current_locked_state : 已解锁
2025-03-17 21:23:01,617 [INFO] step 8: bitlocker off
2025-03-17 21:23:07,943 [INFO] current_transition_state : 完全解密
2025-03-17 21:23:07,944 [INFO] step 9: bitlocker on again
2025-03-17 21:23:23,618 [INFO] key: 073535-147015-004697-509344-505725-643632-444389-572363
2025-03-17 21:23:23,618 [INFO] step 10: bitlocker off
2025-03-17 21:23:29,992 [INFO] current_transition_state : 完全解密
2025-03-17 21:23:29,993 [INFO] step 11: format
2025-03-17 21:23:50,368 [INFO] Scanning for Opal compliant disks
\\.\PhysicalDrive0  2      RSYE3839Z-960G                           SP301012
\\.\PhysicalDrive1 No       
No more disks present ending scan
