2025-02-21 15:10:08,472 [INFO] 程序已以管理员权限运行。
2025-02-21 15:10:08,472 [INFO] 程序已以管理员权限运行。
2025-02-21 15:10:08,513 [INFO] BitLocker 驱动器加密: 配置工具版本 10.0.19041
版权所有 (C) 2013 Microsoft Corporation。保留所有权利。

卷 D: []
[数据卷]

    大小:              447.12 GB
    BitLocker 版本:    无
    转换状态:          完全解密
    已加密百分比:      0.0%
    加密方法:          无
    保护状态:          保护关闭
    锁定状态:          已解锁
    标识字段:          无
    自动解锁:          已禁用
    密钥保护器:        找不到
2025-02-21 15:10:08,514 [INFO] [INFO] Initial run. Running enable BitLocker logic...
2025-02-21 15:10:22,816 [INFO] step 1: status check
2025-02-21 15:10:22,869 [INFO] BitLocker 驱动器加密: 配置工具版本 10.0.19041
版权所有 (C) 2013 Microsoft Corporation。保留所有权利。

卷 D: []
[数据卷]

    大小:              447.12 GB
    BitLocker 版本:    2.0
    转换状态:          完全加密
    已加密百分比:      100.0%
    加密方法:    硬件加密 - 1.3.111.2.1619.0.1.2
    保护状态:          保护已启用
    锁定状态:          已解锁
    标识字段:          未知
    自动解锁:          已禁用
    密钥保护器:
        外部密钥
        数字密码
2025-02-21 15:10:22,870 [INFO] disk_current_status : 硬件加密 - 1.3.111.2.1619.0.1.2
2025-02-21 15:10:25,879 [INFO] step 2: bitlocker add password
2025-02-21 15:10:36,698 [INFO] step 3: APL
2025-02-21 15:10:36,698 [INFO] delay power off
2025-02-21 15:10:36,702 [INFO] 识盘命令输出：
2025-02-21 15:10:36,774 [INFO] smart_log : 
2025-02-21 15:10:37,780 [INFO] 识盘命令输出：
2025-02-21 15:10:37,855 [INFO] smart_log : 
2025-02-21 15:10:38,862 [INFO] 识盘命令输出：
2025-02-21 15:10:39,587 [INFO] smart_log : 错误代码 2: 
2025-02-21 15:10:40,600 [INFO] 识盘命令输出：
2025-02-21 15:10:40,641 [INFO] smart_log : 错误代码 1: 
2025-02-21 15:10:41,653 [INFO] 识盘命令输出：
2025-02-21 15:10:41,701 [INFO] smart_log : 错误代码 1: 
2025-02-21 15:10:42,705 [INFO] 识盘命令输出：
2025-02-21 15:10:42,758 [INFO] smart_log : 错误代码 1: 
2025-02-21 15:10:43,772 [INFO] 识盘命令输出：
2025-02-21 15:10:43,828 [INFO] smart_log : 错误代码 1: 
2025-02-21 15:10:44,838 [INFO] 识盘命令输出：
2025-02-21 15:10:44,890 [INFO] smart_log : 错误代码 1: 
2025-02-21 15:10:45,890 [INFO] 识盘命令输出：
2025-02-21 15:10:45,936 [INFO] smart_log : 错误代码 1: 
2025-02-21 15:10:46,942 [INFO] 等待5秒后开始上电
2025-02-21 15:11:07,656 [INFO] [INFO] Task created successfully.
2025-02-21 15:11:07,658 [INFO] Batch file generated and placed in startup directory: C:\ProgramData\Microsoft\Windows\Start Menu\Programs\StartUp\run_script.bat
2025-02-21 15:11:07,658 [INFO] [INFO] System will now reboot...
2025-02-21 15:11:09,708 [INFO] 流程完成。
