2025-03-27 16:16:11,692 [INFO] 程序已以管理员权限运行。
2025-03-27 16:16:11,692 [INFO] step 1: bitlocker unlock
2025-03-27 16:16:17,487 [INFO] current_locked_state : 已解锁
2025-03-27 16:16:17,487 [INFO] step 2: delay power off
2025-03-27 16:16:17,488 [INFO] step 3: bitlocker lock
2025-03-27 16:16:18,963 [INFO] BitLocker 驱动器加密: 配置工具版本 10.0.19041
版权所有 (C) 2013 Microsoft Corporation。保留所有权利。

卷 D: 现在已锁定
2025-03-27 16:16:20,001 [INFO] current_locked_state : 已锁定
2025-03-27 16:16:20,001 [INFO] 识盘命令输出：
2025-03-27 16:16:20,043 [INFO] smart_log : 
2025-03-27 16:16:21,059 [INFO] 识盘命令输出：
2025-03-27 16:16:21,106 [INFO] smart_log : 
2025-03-27 16:16:22,111 [INFO] 识盘命令输出：
2025-03-27 16:16:22,184 [INFO] smart_log : 
2025-03-27 16:16:23,189 [INFO] 识盘命令输出：
2025-03-27 16:16:23,228 [INFO] smart_log : 
2025-03-27 16:16:24,237 [INFO] 识盘命令输出：
2025-03-27 16:16:24,320 [INFO] smart_log : 
2025-03-27 16:16:25,335 [INFO] 识盘命令输出：
2025-03-27 16:16:25,401 [INFO] smart_log : 
2025-03-27 16:16:26,402 [INFO] 识盘命令输出：
2025-03-27 16:16:26,480 [INFO] smart_log : 
2025-03-27 16:16:27,485 [INFO] 识盘命令输出：
2025-03-27 16:16:28,285 [INFO] smart_log : 错误代码 4: 
2025-03-27 16:16:29,301 [INFO] 识盘命令输出：
2025-03-27 16:16:29,353 [INFO] smart_log : 错误代码 1: 
2025-03-27 16:16:30,367 [INFO] 识盘命令输出：
2025-03-27 16:16:30,407 [INFO] smart_log : 错误代码 1: 
2025-03-27 16:16:31,413 [INFO] 识盘命令输出：
2025-03-27 16:16:31,470 [INFO] smart_log : 错误代码 1: 
2025-03-27 16:16:32,482 [INFO] 识盘命令输出：
2025-03-27 16:16:32,511 [INFO] smart_log : 错误代码 1: 
2025-03-27 16:16:33,515 [INFO] 识盘命令输出：
2025-03-27 16:16:33,573 [INFO] smart_log : 错误代码 1: 
2025-03-27 16:16:34,580 [INFO] 识盘命令输出：
2025-03-27 16:16:34,641 [INFO] smart_log : 错误代码 1: 
2025-03-27 16:16:35,655 [INFO] 识盘命令输出：
2025-03-27 16:16:35,712 [INFO] smart_log : 错误代码 1: 
2025-03-27 16:16:36,723 [INFO] 识盘命令输出：
2025-03-27 16:16:36,781 [INFO] smart_log : 错误代码 1: 
2025-03-27 16:16:37,791 [INFO] 识盘命令输出：
2025-03-27 16:16:37,846 [INFO] smart_log : 错误代码 1: 
2025-03-27 16:16:38,860 [INFO] 识盘命令输出：
2025-03-27 16:16:38,919 [INFO] smart_log : 错误代码 1: 
2025-03-27 16:16:39,928 [INFO] 识盘命令输出：
2025-03-27 16:16:39,991 [INFO] smart_log : 错误代码 1: 
2025-03-27 16:16:40,997 [INFO] 识盘命令输出：
2025-03-27 16:16:41,064 [INFO] smart_log : 错误代码 1: 
2025-03-27 16:16:42,079 [INFO] 识盘命令输出：
2025-03-27 16:16:42,139 [INFO] smart_log : 错误代码 1: 
2025-03-27 16:16:43,147 [INFO] 识盘命令输出：
2025-03-27 16:16:43,204 [INFO] smart_log : 错误代码 1: 
2025-03-27 16:16:44,215 [INFO] 识盘命令输出：
2025-03-27 16:16:44,273 [INFO] smart_log : 错误代码 1: 
2025-03-27 16:16:45,280 [INFO] 识盘命令输出：
2025-03-27 16:16:45,342 [INFO] smart_log : 错误代码 1: 
2025-03-27 16:16:46,348 [INFO] 识盘命令输出：
2025-03-27 16:16:46,408 [INFO] smart_log : 错误代码 1: 
2025-03-27 16:16:47,417 [INFO] 识盘命令输出：
2025-03-27 16:16:47,477 [INFO] smart_log : 错误代码 1: 
2025-03-27 16:16:48,485 [INFO] 识盘命令输出：
2025-03-27 16:16:48,544 [INFO] smart_log : 错误代码 1: 
2025-03-27 16:16:49,552 [INFO] 识盘命令输出：
2025-03-27 16:16:49,605 [INFO] smart_log : 错误代码 1: 
2025-03-27 16:16:50,619 [INFO] 等待5秒后开始上电
