2025-02-18 11:16:10,395 [INFO] 程序已以管理员权限运行。
2025-02-18 11:16:10,395 [INFO] step 1: status check
2025-02-18 11:16:10,455 [INFO] BitLocker 驱动器加密: 配置工具版本 10.0.19041
版权所有 (C) 2013 Microsoft Corporation。保留所有权利。

卷 D: []
[数据卷]

    大小:              894.24 GB
    BitLocker 版本:    无
    转换状态:          完全解密
    已加密百分比:      0.0%
    加密方法:          无
    保护状态:          保护关闭
    锁定状态:          已解锁
    标识字段:          无
    自动解锁:          已禁用
    密钥保护器:        找不到
2025-02-18 11:16:10,457 [INFO] disk_current_status : {'BitLocker 驱动器加密': '配置工具版本 10.0.19041', '卷 D': '[]', '大小': '894.24 GB', 'BitLocker 版本': '无', '转换状态': '完全解密', '已加密百分比': '0.0%', '加密方法': '无', '保护状态': '保护关闭', '锁定状态': '已解锁', '标识字段': '无', '自动解锁': '已禁用', '密钥保护器': '找不到'}
2025-02-18 11:16:10,458 [INFO] step 2: bitlocker on
2025-02-18 11:16:25,516 [INFO] key: 432366-656678-507177-477928-156310-244662-062843-374979
2025-02-18 11:16:25,516 [INFO] step 3: bitlocker add password
2025-02-18 11:16:31,419 [INFO] step 4: delay power off
2025-02-18 11:16:31,419 [INFO] 识盘命令输出：
2025-02-18 11:16:31,473 [INFO] smart_log : 
2025-02-18 11:16:32,474 [INFO] 识盘命令输出：
2025-02-18 11:16:32,515 [INFO] smart_log : 
2025-02-18 11:16:33,525 [INFO] 识盘命令输出：
2025-02-18 11:16:33,602 [INFO] smart_log : 
2025-02-18 11:16:34,606 [INFO] 识盘命令输出：
2025-02-18 11:16:34,681 [INFO] smart_log : 
2025-02-18 11:16:35,690 [INFO] 识盘命令输出：
2025-02-18 11:16:35,763 [INFO] smart_log : 
2025-02-18 11:16:36,773 [INFO] 识盘命令输出：
2025-02-18 11:16:37,221 [INFO] smart_log : 错误代码 2: 
2025-02-18 11:16:38,223 [INFO] 识盘命令输出：
2025-02-18 11:16:38,265 [INFO] smart_log : 错误代码 1: 
2025-02-18 11:16:39,275 [INFO] 识盘命令输出：
2025-02-18 11:16:39,317 [INFO] smart_log : 错误代码 1: 
2025-02-18 11:16:40,324 [INFO] 识盘命令输出：
2025-02-18 11:16:40,365 [INFO] smart_log : 错误代码 1: 
2025-02-18 11:16:41,375 [INFO] 识盘命令输出：
2025-02-18 11:16:41,419 [INFO] smart_log : 错误代码 1: 
2025-02-18 11:16:42,426 [INFO] 识盘命令输出：
2025-02-18 11:16:42,471 [INFO] smart_log : 错误代码 1: 
2025-02-18 11:16:43,479 [INFO] 识盘命令输出：
2025-02-18 11:16:43,522 [INFO] smart_log : 错误代码 1: 
2025-02-18 11:16:44,529 [INFO] 识盘命令输出：
2025-02-18 11:16:44,584 [INFO] smart_log : 错误代码 1: 
2025-02-18 11:16:45,598 [INFO] 识盘命令输出：
2025-02-18 11:16:45,634 [INFO] smart_log : 错误代码 1: 
2025-02-18 11:16:46,650 [INFO] 识盘命令输出：
2025-02-18 11:16:46,695 [INFO] smart_log : 错误代码 1: 
2025-02-18 11:16:47,702 [INFO] 识盘命令输出：
2025-02-18 11:16:47,749 [INFO] smart_log : 错误代码 1: 
2025-02-18 11:16:48,753 [INFO] 识盘命令输出：
2025-02-18 11:16:48,802 [INFO] smart_log : 错误代码 1: 
2025-02-18 11:16:49,805 [INFO] 识盘命令输出：
2025-02-18 11:16:49,853 [INFO] smart_log : 错误代码 1: 
2025-02-18 11:16:50,857 [INFO] 识盘命令输出：
2025-02-18 11:16:50,921 [INFO] smart_log : 错误代码 1: 
2025-02-18 11:16:51,924 [INFO] 等待5秒后开始上电
