2025-04-03 17:01:20,367 [INFO] 程序已以管理员权限运行。
2025-04-03 17:01:20,367 [INFO] step 1: status check
2025-04-03 17:01:20,423 [INFO] BitLocker 驱动器加密: 配置工具版本 10.0.19041
版权所有 (C) 2013 Microsoft Corporation。保留所有权利。

卷 D: []
[数据卷]

    大小:              447.12 GB
    BitLocker 版本:    无
    转换状态:          完全解密
    已加密百分比:      0.0%
    加密方法:          无
    保护状态:          保护关闭
    锁定状态:          已解锁
    标识字段:          无
    自动解锁:          已禁用
    密钥保护器:        找不到
2025-04-03 17:01:20,423 [INFO] disk_current_status : {'BitLocker 驱动器加密': '配置工具版本 10.0.19041', '卷 D': '[]', '大小': '447.12 GB', 'BitLocker 版本': '无', '转换状态': '完全解密', '已加密百分比': '0.0%', '加密方法': '无', '保护状态': '保护关闭', '锁定状态': '已解锁', '标识字段': '无', '自动解锁': '已禁用', '密钥保护器': '找不到'}
2025-04-03 17:01:20,424 [INFO] step 2: bitlocker on
2025-04-03 17:01:30,264 [INFO] key: 689799-693451-324533-256564-072721-646096-340384-673948
2025-04-03 17:01:30,264 [INFO] step 3: bitlocker add password
2025-04-03 17:01:35,105 [INFO] step 4: delay power off
2025-04-03 17:01:35,105 [INFO] 识盘命令输出：
2025-04-03 17:01:35,153 [INFO] smart_log : 
2025-04-03 17:01:36,156 [INFO] 识盘命令输出：
2025-04-03 17:01:36,228 [INFO] smart_log : 
2025-04-03 17:01:37,239 [INFO] 识盘命令输出：
2025-04-03 17:01:37,309 [INFO] smart_log : 
2025-04-03 17:01:38,318 [INFO] 识盘命令输出：
2025-04-03 17:01:38,383 [INFO] smart_log : 
2025-04-03 17:01:39,387 [INFO] 识盘命令输出：
2025-04-03 17:01:39,454 [INFO] smart_log : 
2025-04-03 17:01:40,455 [INFO] 识盘命令输出：
2025-04-03 17:01:40,917 [INFO] smart_log : 错误代码 2: 
2025-04-03 17:01:41,921 [INFO] 识盘命令输出：
2025-04-03 17:01:41,981 [INFO] smart_log : 错误代码 1: 
2025-04-03 17:01:42,989 [INFO] 识盘命令输出：
2025-04-03 17:01:43,052 [INFO] smart_log : 错误代码 1: 
2025-04-03 17:01:44,056 [INFO] 识盘命令输出：
2025-04-03 17:01:44,118 [INFO] smart_log : 错误代码 1: 
2025-04-03 17:01:45,124 [INFO] 识盘命令输出：
2025-04-03 17:01:45,179 [INFO] smart_log : 错误代码 1: 
2025-04-03 17:01:46,191 [INFO] 识盘命令输出：
2025-04-03 17:01:46,244 [INFO] smart_log : 错误代码 1: 
2025-04-03 17:01:47,258 [INFO] 识盘命令输出：
2025-04-03 17:01:47,318 [INFO] smart_log : 错误代码 1: 
2025-04-03 17:01:48,326 [INFO] 识盘命令输出：
2025-04-03 17:01:48,386 [INFO] smart_log : 错误代码 1: 
2025-04-03 17:01:49,401 [INFO] 识盘命令输出：
2025-04-03 17:01:49,463 [INFO] smart_log : 错误代码 1: 
2025-04-03 17:01:50,468 [INFO] 识盘命令输出：
2025-04-03 17:01:50,528 [INFO] smart_log : 错误代码 1: 
2025-04-03 17:01:51,536 [INFO] 识盘命令输出：
2025-04-03 17:01:51,594 [INFO] smart_log : 错误代码 1: 
2025-04-03 17:01:52,604 [INFO] 识盘命令输出：
2025-04-03 17:01:52,666 [INFO] smart_log : 错误代码 1: 
2025-04-03 17:01:53,673 [INFO] 识盘命令输出：
2025-04-03 17:01:53,736 [INFO] smart_log : 错误代码 1: 
2025-04-03 17:01:54,740 [INFO] 识盘命令输出：
2025-04-03 17:01:54,802 [INFO] smart_log : 错误代码 1: 
2025-04-03 17:01:55,808 [INFO] 等待5秒后开始上电
2025-04-03 17:03:11,567 [INFO] disk_current_status : {'BitLocker 驱动器加密': '配置工具版本 10.0.19041', '卷 D': '[]', '大小': '447.12 GB', 'BitLocker 版本': '无', '转换状态': '完全解密', '已加密百分比': '0.0%', '加密方法': '无', '保护状态': '保护关闭', '锁定状态': '已解锁', '标识字段': '无', '自动解锁': '已禁用', '密钥保护器': '找不到'}
