2025-03-24 15:22:17,745 [INFO] 程序已以管理员权限运行。
2025-03-24 15:22:17,745 [INFO] step 0: delay power off
2025-03-24 15:22:17,746 [INFO] step 1 Format
2025-03-24 15:22:38,025 [INFO] step 2: status check
2025-03-24 15:22:38,053 [INFO] current_transition_state : 错误代码 136: Invalid or unsupported disk \\.\PhysicalDrive0
2025-03-24 15:22:38,053 [INFO] 识盘命令输出：
2025-03-24 15:22:38,169 [INFO] smart_log : 错误代码 1: 
2025-03-24 15:22:39,184 [INFO] 识盘命令输出：
2025-03-24 15:22:39,228 [INFO] smart_log : 错误代码 1: 
2025-03-24 15:22:40,236 [INFO] 识盘命令输出：
2025-03-24 15:22:40,277 [INFO] smart_log : 错误代码 1: 
2025-03-24 15:22:41,285 [INFO] 识盘命令输出：
2025-03-24 15:22:41,327 [INFO] smart_log : 错误代码 1: 
2025-03-24 15:22:42,336 [INFO] 识盘命令输出：
2025-03-24 15:22:42,377 [INFO] smart_log : 错误代码 1: 
2025-03-24 15:22:43,387 [INFO] 识盘命令输出：
2025-03-24 15:22:43,429 [INFO] smart_log : 错误代码 1: 
2025-03-24 15:22:44,434 [INFO] 识盘命令输出：
2025-03-24 15:22:44,476 [INFO] smart_log : 错误代码 1: 
2025-03-24 15:22:45,486 [INFO] 识盘命令输出：
2025-03-24 15:22:45,527 [INFO] smart_log : 错误代码 1: 
2025-03-24 15:22:46,537 [INFO] 识盘命令输出：
2025-03-24 15:22:46,570 [INFO] smart_log : 错误代码 1: 
2025-03-24 15:22:47,572 [INFO] 识盘命令输出：
2025-03-24 15:22:47,607 [INFO] smart_log : 错误代码 1: 
2025-03-24 15:22:48,607 [INFO] 等待5秒后开始上电
