2025-02-21 09:23:15,597 [INFO] 程序已以管理员权限运行。
2025-02-21 09:23:15,597 [INFO] step 1: bitlocker unlock
2025-02-21 09:23:21,285 [INFO] current_locked_state : 已解锁
2025-02-21 09:23:21,286 [INFO] step 2: bitlocker change password
2025-02-21 09:23:28,211 [INFO] step 3: delay power off
2025-02-21 09:23:28,212 [INFO] 识盘命令输出：
2025-02-21 09:23:28,260 [INFO] smart_log : 
2025-02-21 09:23:29,267 [INFO] 识盘命令输出：
2025-02-21 09:23:29,333 [INFO] smart_log : 
2025-02-21 09:23:30,346 [INFO] 识盘命令输出：
2025-02-21 09:23:30,421 [INFO] smart_log : 
2025-02-21 09:23:31,427 [INFO] 识盘命令输出：
2025-02-21 09:23:31,500 [INFO] smart_log : 
2025-02-21 09:23:32,512 [INFO] 识盘命令输出：
2025-02-21 09:23:32,583 [INFO] smart_log : 
2025-02-21 09:23:33,595 [INFO] 识盘命令输出：
2025-02-21 09:23:33,663 [INFO] smart_log : 
2025-02-21 09:23:34,678 [INFO] 识盘命令输出：
2025-02-21 09:23:34,755 [INFO] smart_log : 
2025-02-21 09:23:35,763 [INFO] 识盘命令输出：
2025-02-21 09:23:35,840 [INFO] smart_log : 
2025-02-21 09:23:36,842 [INFO] 识盘命令输出：
2025-02-21 09:23:36,917 [INFO] smart_log : 
2025-02-21 09:23:37,931 [INFO] 识盘命令输出：
2025-02-21 09:23:38,008 [INFO] smart_log : 
2025-02-21 09:23:39,014 [INFO] 识盘命令输出：
2025-02-21 09:23:39,054 [INFO] smart_log : 错误代码 1: 
2025-02-21 09:23:40,057 [INFO] 识盘命令输出：
2025-02-21 09:23:40,118 [INFO] smart_log : 错误代码 1: 
2025-02-21 09:23:41,123 [INFO] 识盘命令输出：
2025-02-21 09:23:41,183 [INFO] smart_log : 错误代码 1: 
2025-02-21 09:23:42,187 [INFO] 识盘命令输出：
2025-02-21 09:23:42,249 [INFO] smart_log : 错误代码 1: 
2025-02-21 09:23:43,255 [INFO] 识盘命令输出：
2025-02-21 09:23:43,313 [INFO] smart_log : 错误代码 1: 
2025-02-21 09:23:44,323 [INFO] 识盘命令输出：
2025-02-21 09:23:44,380 [INFO] smart_log : 错误代码 1: 
2025-02-21 09:23:45,380 [INFO] 识盘命令输出：
2025-02-21 09:23:45,441 [INFO] smart_log : 错误代码 1: 
2025-02-21 09:23:46,449 [INFO] 识盘命令输出：
2025-02-21 09:23:46,504 [INFO] smart_log : 错误代码 1: 
2025-02-21 09:23:47,517 [INFO] 识盘命令输出：
2025-02-21 09:23:47,581 [INFO] smart_log : 错误代码 1: 
2025-02-21 09:23:48,586 [INFO] 识盘命令输出：
2025-02-21 09:23:48,644 [INFO] smart_log : 错误代码 1: 
2025-02-21 09:23:49,654 [INFO] 识盘命令输出：
2025-02-21 09:23:49,713 [INFO] smart_log : 错误代码 1: 
2025-02-21 09:23:50,718 [INFO] 识盘命令输出：
2025-02-21 09:23:50,780 [INFO] smart_log : 错误代码 1: 
2025-02-21 09:23:51,786 [INFO] 识盘命令输出：
2025-02-21 09:23:51,836 [INFO] smart_log : 错误代码 1: 
2025-02-21 09:23:52,846 [INFO] 识盘命令输出：
2025-02-21 09:23:52,898 [INFO] smart_log : 错误代码 1: 
2025-02-21 09:23:53,913 [INFO] 识盘命令输出：
2025-02-21 09:23:53,974 [INFO] smart_log : 错误代码 1: 
2025-02-21 09:23:54,981 [INFO] 识盘命令输出：
2025-02-21 09:23:55,042 [INFO] smart_log : 错误代码 1: 
2025-02-21 09:23:56,050 [INFO] 识盘命令输出：
2025-02-21 09:23:56,113 [INFO] smart_log : 错误代码 1: 
2025-02-21 09:23:57,117 [INFO] 识盘命令输出：
2025-02-21 09:23:57,178 [INFO] smart_log : 错误代码 1: 
2025-02-21 09:23:58,186 [INFO] 识盘命令输出：
2025-02-21 09:23:58,252 [INFO] smart_log : 错误代码 1: 
2025-02-21 09:23:59,254 [INFO] 等待5秒后开始上电
2025-02-21 09:25:15,053 [INFO] current_transition_state : 已锁定
