2025-03-02 21:43:07,132 [INFO] 程序已以管理员权限运行。
2025-03-02 21:43:07,132 [INFO] step 1: bitlocker unlock
2025-03-02 21:43:12,752 [INFO] current_locked_state : 已解锁
2025-03-02 21:43:12,752 [INFO] step 2: delay power off
2025-03-02 21:43:12,753 [INFO] step 3: bitlocker lock
2025-03-02 21:43:14,417 [INFO] BitLocker 驱动器加密: 配置工具版本 10.0.19041
版权所有 (C) 2013 Microsoft Corporation。保留所有权利。

卷 D: 现在已锁定
2025-03-02 21:43:15,497 [INFO] current_locked_state : 已锁定
2025-03-02 21:43:15,497 [INFO] 识盘命令输出：
2025-03-02 21:43:15,543 [INFO] smart_log : 
2025-03-02 21:43:16,558 [INFO] 识盘命令输出：
2025-03-02 21:43:16,624 [INFO] smart_log : 
2025-03-02 21:43:17,633 [INFO] 识盘命令输出：
2025-03-02 21:43:17,696 [INFO] smart_log : 
2025-03-02 21:43:18,708 [INFO] 识盘命令输出：
2025-03-02 21:43:18,773 [INFO] smart_log : 
2025-03-02 21:43:19,783 [INFO] 识盘命令输出：
2025-03-02 21:43:19,860 [INFO] smart_log : 
2025-03-02 21:43:20,870 [INFO] 识盘命令输出：
2025-03-02 21:43:20,932 [INFO] smart_log : 
2025-03-02 21:43:21,934 [INFO] 识盘命令输出：
2025-03-02 21:43:21,999 [INFO] smart_log : 
2025-03-02 21:43:23,015 [INFO] 识盘命令输出：
2025-03-02 21:43:23,613 [INFO] smart_log : 错误代码 2: 
2025-03-02 21:43:24,620 [INFO] 识盘命令输出：
2025-03-02 21:43:24,671 [INFO] smart_log : 错误代码 1: 
2025-03-02 21:43:25,686 [INFO] 识盘命令输出：
2025-03-02 21:43:25,724 [INFO] smart_log : 错误代码 1: 
2025-03-02 21:43:26,737 [INFO] 识盘命令输出：
2025-03-02 21:43:26,775 [INFO] smart_log : 错误代码 1: 
2025-03-02 21:43:27,781 [INFO] 识盘命令输出：
2025-03-02 21:43:27,843 [INFO] smart_log : 错误代码 1: 
2025-03-02 21:43:28,844 [INFO] 识盘命令输出：
2025-03-02 21:43:28,885 [INFO] smart_log : 错误代码 1: 
2025-03-02 21:43:29,887 [INFO] 识盘命令输出：
2025-03-02 21:43:29,939 [INFO] smart_log : 错误代码 1: 
2025-03-02 21:43:30,940 [INFO] 识盘命令输出：
2025-03-02 21:43:30,983 [INFO] smart_log : 错误代码 1: 
2025-03-02 21:43:31,988 [INFO] 识盘命令输出：
2025-03-02 21:43:32,046 [INFO] smart_log : 错误代码 1: 
2025-03-02 21:43:33,053 [INFO] 识盘命令输出：
2025-03-02 21:43:33,111 [INFO] smart_log : 错误代码 1: 
2025-03-02 21:43:34,117 [INFO] 识盘命令输出：
2025-03-02 21:43:34,173 [INFO] smart_log : 错误代码 1: 
2025-03-02 21:43:35,179 [INFO] 识盘命令输出：
2025-03-02 21:43:35,237 [INFO] smart_log : 错误代码 1: 
2025-03-02 21:43:36,245 [INFO] 识盘命令输出：
2025-03-02 21:43:36,290 [INFO] smart_log : 错误代码 1: 
2025-03-02 21:43:37,306 [INFO] 识盘命令输出：
2025-03-02 21:43:37,352 [INFO] smart_log : 错误代码 1: 
2025-03-02 21:43:38,365 [INFO] 识盘命令输出：
2025-03-02 21:43:38,417 [INFO] smart_log : 错误代码 1: 
2025-03-02 21:43:39,418 [INFO] 识盘命令输出：
2025-03-02 21:43:39,458 [INFO] smart_log : 错误代码 1: 
2025-03-02 21:43:40,467 [INFO] 识盘命令输出：
2025-03-02 21:43:40,527 [INFO] smart_log : 错误代码 1: 
2025-03-02 21:43:41,535 [INFO] 识盘命令输出：
2025-03-02 21:43:41,595 [INFO] smart_log : 错误代码 1: 
2025-03-02 21:43:42,600 [INFO] 识盘命令输出：
2025-03-02 21:43:42,647 [INFO] smart_log : 错误代码 1: 
2025-03-02 21:43:43,661 [INFO] 识盘命令输出：
2025-03-02 21:43:43,721 [INFO] smart_log : 错误代码 1: 
2025-03-02 21:43:44,727 [INFO] 识盘命令输出：
2025-03-02 21:43:44,779 [INFO] smart_log : 错误代码 1: 
2025-03-02 21:43:45,793 [INFO] 等待5秒后开始上电
