2025-03-17 21:27:27,261 [INFO] 程序已以管理员权限运行。
2025-03-17 21:27:27,262 [INFO] new volume
2025-03-17 21:27:47,616 [INFO] Scanning for Opal compliant disks
\\.\PhysicalDrive0  2      RSYE3839Z-960G                           SP301012
\\.\PhysicalDrive1 No       
No more disks present ending scan
2025-03-17 21:27:47,617 [INFO] step 1: status check
2025-03-17 21:27:47,662 [INFO] BitLocker 驱动器加密: 配置工具版本 10.0.19041
版权所有 (C) 2013 Microsoft Corporation。保留所有权利。

卷 D: []
[数据卷]

    大小:              894.24 GB
    BitLocker 版本:    无
    转换状态:          完全解密
    已加密百分比:      0.0%
    加密方法:          无
    保护状态:          保护关闭
    锁定状态:          已解锁
    标识字段:          无
    自动解锁:          已禁用
    密钥保护器:        找不到
2025-03-17 21:27:47,664 [INFO] disk_current_status : {'BitLocker 驱动器加密': '配置工具版本 10.0.19041', '卷 D': '[]', '大小': '894.24 GB', 'BitLocker 版本': '无', '转换状态': '完全解密', '已加密百分比': '0.0%', '加密方法': '无', '保护状态': '保护关闭', '锁定状态': '已解锁', '标识字段': '无', '自动解锁': '已禁用', '密钥保护器': '找不到'}
2025-03-17 21:27:47,664 [INFO] FIO read write
2025-03-17 21:27:47,665 [INFO] Running command: fio.exe --name=seqwrite --rw=write --bs=128k --size=10G --directory=D\:\fio_test --filename=testfile --iodepth=1 --output=fio_log\seqwrite.log
2025-03-17 21:28:03,487 [INFO] Sequential write completed successfully.
2025-03-17 21:28:03,487 [INFO] step 2: bitlocker on
2025-03-17 21:28:18,530 [INFO] key: {password}
2025-03-17 21:28:19,603 [INFO] disk_current_status : {'BitLocker 驱动器加密': '配置工具版本 10.0.19041', '卷 D': '[]', '大小': '894.24 GB', 'BitLocker 版本': '无', '转换状态': '完全解密', '已加密百分比': '0.0%', '加密方法': '无', '保护状态': '保护关闭', '锁定状态': '已解锁', '标识字段': '无', '自动解锁': '已禁用', '密钥保护器': '找不到'}
2025-03-17 21:28:19,603 [INFO] step 3: bitlocker add password
2025-03-17 21:28:25,524 [INFO] step 4: bitlocker change password
2025-03-17 21:28:32,495 [INFO] step 5: bitlocker lock
2025-03-17 21:28:36,479 [INFO] BitLocker 驱动器加密: 配置工具版本 10.0.19041
版权所有 (C) 2013 Microsoft Corporation。保留所有权利。

卷 D: 现在已锁定
2025-03-17 21:28:37,549 [INFO] current_locked_state : 已锁定
2025-03-17 21:28:37,549 [INFO] step 6: read and write after disk locked
2025-03-17 21:28:37,550 [ERROR] 写入失败，错误信息：[Errno 22] Invalid argument: 'D://test_file.txt'
Traceback (most recent call last):
  File "t_Tcg_BitLocker_19_BaseIoFormat.py", line 87, in verify_locked
    with open(test_file, "w") as file:
OSError: [Errno 22] Invalid argument: 'D://test_file.txt'
2025-03-17 21:28:37,550 [ERROR] 读取失败，错误信息：[WinError -2144272384] BitLocker 驱动器加密已锁定该驱动器。必须从控制面板解除此驱动器锁定。: 'D://'
Traceback (most recent call last):
  File "t_Tcg_BitLocker_19_BaseIoFormat.py", line 100, in verify_locked
    files = os.listdir(drive_letter)
OSError: [WinError -2144272384] BitLocker 驱动器加密已锁定该驱动器。必须从控制面板解除此驱动器锁定。: 'D://'
2025-03-17 21:28:37,550 [ERROR] 写入失败，错误信息：[Errno 22] Invalid argument: 'D://test_file.txt'
Traceback (most recent call last):
  File "t_Tcg_BitLocker_19_BaseIoFormat.py", line 87, in verify_locked
    with open(test_file, "w") as file:
OSError: [Errno 22] Invalid argument: 'D://test_file.txt'
2025-03-17 21:28:37,551 [ERROR] 读取失败，错误信息：[WinError -2144272384] BitLocker 驱动器加密已锁定该驱动器。必须从控制面板解除此驱动器锁定。: 'D://'
Traceback (most recent call last):
  File "t_Tcg_BitLocker_19_BaseIoFormat.py", line 100, in verify_locked
    files = os.listdir(drive_letter)
OSError: [WinError -2144272384] BitLocker 驱动器加密已锁定该驱动器。必须从控制面板解除此驱动器锁定。: 'D://'
2025-03-17 21:28:37,551 [INFO] D: 已被锁定。
2025-03-17 21:28:37,551 [INFO] step 7: bitlocker unlock
2025-03-17 21:28:43,168 [INFO] current_locked_state : 已解锁
2025-03-17 21:28:43,168 [INFO] step 8: bitlocker off
2025-03-17 21:28:49,686 [INFO] current_transition_state : 完全解密
2025-03-17 21:28:49,687 [INFO] step 9: bitlocker on again
2025-03-17 21:29:05,003 [INFO] key: 281061-589721-612744-704759-084007-054373-506869-287056
2025-03-17 21:29:05,003 [INFO] step 10: bitlocker off
2025-03-17 21:29:11,531 [INFO] current_transition_state : 完全解密
2025-03-17 21:29:11,532 [INFO] step 11: format
2025-03-17 21:29:31,904 [INFO] Scanning for Opal compliant disks
\\.\PhysicalDrive0  2      RSYE3839Z-960G                           SP301012
\\.\PhysicalDrive1 No       
No more disks present ending scan
