2025-03-05 10:29:34,930 [INFO] 程序已以管理员权限运行。
2025-03-05 10:29:34,931 [INFO] new volume
2025-03-05 10:29:55,250 [INFO] Scanning for Opal compliant disks
\\.\PhysicalDrive0  2      RSYE3839S-480G                           SP301012
\\.\PhysicalDrive1 No       
No more disks present ending scan
2025-03-05 10:29:55,250 [INFO] step 1: status check
2025-03-05 10:29:55,300 [INFO] BitLocker 驱动器加密: 配置工具版本 10.0.19041
版权所有 (C) 2013 Microsoft Corporation。保留所有权利。

卷 D: []
[数据卷]

    大小:              447.12 GB
    BitLocker 版本:    无
    转换状态:          完全解密
    已加密百分比:      0.0%
    加密方法:          无
    保护状态:          保护关闭
    锁定状态:          已解锁
    标识字段:          无
    自动解锁:          已禁用
    密钥保护器:        找不到
2025-03-05 10:29:55,301 [INFO] disk_current_status : {'BitLocker 驱动器加密': '配置工具版本 10.0.19041', '卷 D': '[]', '大小': '447.12 GB', 'BitLocker 版本': '无', '转换状态': '完全解密', '已加密百分比': '0.0%', '加密方法': '无', '保护状态': '保护关闭', '锁定状态': '已解锁', '标识字段': '无', '自动解锁': '已禁用', '密钥保护器': '找不到'}
2025-03-05 10:29:55,301 [INFO] FIO read write
2025-03-05 10:29:55,302 [INFO] Running command: fio.exe --name=seqwrite --rw=write --bs=128k --size=10G --directory=D\:\fio_test --filename=testfile --iodepth=1 --output=fio_log\seqwrite.log
2025-03-05 10:30:11,124 [INFO] Sequential write completed successfully.
2025-03-05 10:30:11,125 [INFO] step 2: bitlocker on
2025-03-05 10:30:26,556 [INFO] key: {password}
2025-03-05 10:30:27,630 [INFO] disk_current_status : {'BitLocker 驱动器加密': '配置工具版本 10.0.19041', '卷 D': '[]', '大小': '447.12 GB', 'BitLocker 版本': '无', '转换状态': '完全解密', '已加密百分比': '0.0%', '加密方法': '无', '保护状态': '保护关闭', '锁定状态': '已解锁', '标识字段': '无', '自动解锁': '已禁用', '密钥保护器': '找不到'}
2025-03-05 10:30:27,630 [INFO] step 3: bitlocker add password
2025-03-05 10:30:33,407 [INFO] step 4: bitlocker change password
2025-03-05 10:30:40,217 [INFO] step 5: bitlocker lock
2025-03-05 10:30:43,801 [INFO] BitLocker 驱动器加密: 配置工具版本 10.0.19041
版权所有 (C) 2013 Microsoft Corporation。保留所有权利。

卷 D: 现在已锁定
2025-03-05 10:30:44,887 [INFO] current_locked_state : 已锁定
2025-03-05 10:30:44,887 [INFO] step 6: read and write after disk locked
2025-03-05 10:30:44,890 [ERROR] 写入失败，错误信息：[Errno 22] Invalid argument: 'D://test_file.txt'
Traceback (most recent call last):
  File "t_Tcg_BitLocker_20_BaseIoAPL.py", line 91, in verify_locked
    with open(test_file, "w") as file:
OSError: [Errno 22] Invalid argument: 'D://test_file.txt'
2025-03-05 10:30:44,893 [ERROR] 读取失败，错误信息：[WinError -2144272384] BitLocker 驱动器加密已锁定该驱动器。必须从控制面板解除此驱动器锁定。: 'D://'
Traceback (most recent call last):
  File "t_Tcg_BitLocker_20_BaseIoAPL.py", line 104, in verify_locked
    files = os.listdir(drive_letter)
OSError: [WinError -2144272384] BitLocker 驱动器加密已锁定该驱动器。必须从控制面板解除此驱动器锁定。: 'D://'
2025-03-05 10:30:44,895 [ERROR] 写入失败，错误信息：[Errno 22] Invalid argument: 'D://test_file.txt'
Traceback (most recent call last):
  File "t_Tcg_BitLocker_20_BaseIoAPL.py", line 91, in verify_locked
    with open(test_file, "w") as file:
OSError: [Errno 22] Invalid argument: 'D://test_file.txt'
2025-03-05 10:30:44,898 [ERROR] 读取失败，错误信息：[WinError -2144272384] BitLocker 驱动器加密已锁定该驱动器。必须从控制面板解除此驱动器锁定。: 'D://'
Traceback (most recent call last):
  File "t_Tcg_BitLocker_20_BaseIoAPL.py", line 104, in verify_locked
    files = os.listdir(drive_letter)
OSError: [WinError -2144272384] BitLocker 驱动器加密已锁定该驱动器。必须从控制面板解除此驱动器锁定。: 'D://'
2025-03-05 10:30:44,898 [INFO] D: 已被锁定。
2025-03-05 10:30:44,899 [INFO] step 7: bitlocker unlock
2025-03-05 10:30:50,177 [INFO] current_locked_state : 已解锁
2025-03-05 10:30:50,178 [INFO] step 8: bitlocker off
2025-03-05 10:30:56,739 [INFO] current_transition_state : 完全解密
2025-03-05 10:30:56,740 [INFO] step 9: bitlocker on again
2025-03-05 10:31:11,856 [INFO] key: 214126-057365-322157-522830-342518-588357-348238-710259
2025-03-05 10:31:11,856 [INFO] step 10: bitlocker off
2025-03-05 10:31:18,293 [INFO] current_transition_state : 完全解密
2025-03-05 10:31:18,294 [INFO] step 11: APL
2025-03-05 10:31:18,297 [INFO] delay power off
2025-03-05 10:31:18,299 [INFO] 识盘命令输出：
2025-03-05 10:31:18,371 [INFO] smart_log : 
2025-03-05 10:31:19,381 [INFO] 识盘命令输出：
2025-03-05 10:31:19,455 [INFO] smart_log : 
2025-03-05 10:31:20,466 [INFO] 识盘命令输出：
2025-03-05 10:31:21,168 [INFO] smart_log : 错误代码 2: 
2025-03-05 10:31:22,172 [INFO] 识盘命令输出：
2025-03-05 10:31:22,229 [INFO] smart_log : 错误代码 1: 
2025-03-05 10:31:23,231 [INFO] 识盘命令输出：
2025-03-05 10:31:23,286 [INFO] smart_log : 错误代码 1: 
2025-03-05 10:31:24,287 [INFO] 识盘命令输出：
2025-03-05 10:31:24,337 [INFO] smart_log : 错误代码 1: 
2025-03-05 10:31:25,343 [INFO] 识盘命令输出：
2025-03-05 10:31:25,401 [INFO] smart_log : 错误代码 1: 
2025-03-05 10:31:26,415 [INFO] 识盘命令输出：
2025-03-05 10:31:26,473 [INFO] smart_log : 错误代码 1: 
2025-03-05 10:31:27,485 [INFO] 识盘命令输出：
2025-03-05 10:31:27,542 [INFO] smart_log : 错误代码 1: 
2025-03-05 10:31:28,556 [INFO] 等待5秒后开始上电
