2025-02-21 16:09:15,858 [INFO] 程序已以管理员权限运行。
2025-02-21 16:09:15,858 [INFO] step 0: delay power off
2025-02-21 16:09:15,859 [INFO] step 1 Format
2025-02-21 16:09:36,182 [INFO] step 2: status check
2025-02-21 16:09:36,206 [INFO] current_transition_state : 错误代码 136: Invalid or unsupported disk \\.\PhysicalDrive0
2025-02-21 16:09:36,206 [INFO] 识盘命令输出：
2025-02-21 16:09:36,241 [INFO] smart_log : 错误代码 1: 
2025-02-21 16:09:37,246 [INFO] 识盘命令输出：
2025-02-21 16:09:37,294 [INFO] smart_log : 错误代码 1: 
2025-02-21 16:09:38,308 [INFO] 识盘命令输出：
2025-02-21 16:09:38,369 [INFO] smart_log : 错误代码 1: 
2025-02-21 16:09:39,372 [INFO] 识盘命令输出：
2025-02-21 16:09:39,437 [INFO] smart_log : 错误代码 1: 
2025-02-21 16:09:40,452 [INFO] 识盘命令输出：
2025-02-21 16:09:40,508 [INFO] smart_log : 错误代码 1: 
2025-02-21 16:09:41,516 [INFO] 识盘命令输出：
2025-02-21 16:09:41,575 [INFO] smart_log : 错误代码 1: 
2025-02-21 16:09:42,584 [INFO] 识盘命令输出：
2025-02-21 16:09:42,636 [INFO] smart_log : 错误代码 1: 
2025-02-21 16:09:43,650 [INFO] 识盘命令输出：
2025-02-21 16:09:43,709 [INFO] smart_log : 错误代码 1: 
2025-02-21 16:09:44,712 [INFO] 识盘命令输出：
2025-02-21 16:09:44,770 [INFO] smart_log : 错误代码 1: 
2025-02-21 16:09:45,779 [INFO] 识盘命令输出：
2025-02-21 16:09:45,818 [INFO] smart_log : 错误代码 1: 
2025-02-21 16:09:46,830 [INFO] 等待5秒后开始上电
