2025-04-07 11:06:14,040 [INFO] 程序已以管理员权限运行。
2025-04-07 11:06:14,040 [INFO] step 1: status check
2025-04-07 11:06:14,109 [INFO] BitLocker 驱动器加密: 配置工具版本 10.0.19041
版权所有 (C) 2013 Microsoft Corporation。保留所有权利。

卷 D: []
[数据卷]

    大小:              894.24 GB
    BitLocker 版本:    无
    转换状态:          完全解密
    已加密百分比:      0.0%
    加密方法:          无
    保护状态:          保护关闭
    锁定状态:          已解锁
    标识字段:          无
    自动解锁:          已禁用
    密钥保护器:        找不到
2025-04-07 11:06:14,111 [INFO] disk_current_status : {'BitLocker 驱动器加密': '配置工具版本 10.0.19041', '卷 D': '[]', '大小': '894.24 GB', 'BitLocker 版本': '无', '转换状态': '完全解密', '已加密百分比': '0.0%', '加密方法': '无', '保护状态': '保护关闭', '锁定状态': '已解锁', '标识字段': '无', '自动解锁': '已禁用', '密钥保护器': '找不到'}
2025-04-07 11:06:14,111 [INFO] step 2: bitlocker on
2025-04-07 11:06:23,824 [INFO] key: 181467-593032-005148-013222-340571-036564-251768-632621
2025-04-07 11:06:23,824 [INFO] step 3: bitlocker add password
2025-04-07 11:06:28,728 [INFO] step 4: delay power off
2025-04-07 11:06:28,728 [INFO] 识盘命令输出：
2025-04-07 11:06:28,775 [INFO] smart_log : 
2025-04-07 11:06:29,777 [INFO] 识盘命令输出：
2025-04-07 11:06:29,837 [INFO] smart_log : 
2025-04-07 11:06:30,845 [INFO] 识盘命令输出：
2025-04-07 11:06:30,913 [INFO] smart_log : 
2025-04-07 11:06:31,925 [INFO] 识盘命令输出：
2025-04-07 11:06:31,997 [INFO] smart_log : 
2025-04-07 11:06:33,008 [INFO] 识盘命令输出：
2025-04-07 11:06:33,077 [INFO] smart_log : 
2025-04-07 11:06:34,092 [INFO] 识盘命令输出：
2025-04-07 11:06:34,516 [INFO] smart_log : 错误代码 2: 
2025-04-07 11:06:35,527 [INFO] 识盘命令输出：
2025-04-07 11:06:35,587 [INFO] smart_log : 错误代码 1: 
2025-04-07 11:06:36,595 [INFO] 识盘命令输出：
2025-04-07 11:06:36,656 [INFO] smart_log : 错误代码 1: 
2025-04-07 11:06:37,663 [INFO] 识盘命令输出：
2025-04-07 11:06:37,719 [INFO] smart_log : 错误代码 1: 
2025-04-07 11:06:38,732 [INFO] 识盘命令输出：
2025-04-07 11:06:38,792 [INFO] smart_log : 错误代码 1: 
2025-04-07 11:06:39,800 [INFO] 识盘命令输出：
2025-04-07 11:06:39,856 [INFO] smart_log : 错误代码 1: 
2025-04-07 11:06:40,869 [INFO] 识盘命令输出：
2025-04-07 11:06:40,928 [INFO] smart_log : 错误代码 1: 
2025-04-07 11:06:41,937 [INFO] 识盘命令输出：
2025-04-07 11:06:41,996 [INFO] smart_log : 错误代码 1: 
2025-04-07 11:06:43,005 [INFO] 识盘命令输出：
2025-04-07 11:06:43,064 [INFO] smart_log : 错误代码 1: 
2025-04-07 11:06:44,073 [INFO] 识盘命令输出：
2025-04-07 11:06:44,132 [INFO] smart_log : 错误代码 1: 
2025-04-07 11:06:45,141 [INFO] 识盘命令输出：
2025-04-07 11:06:45,196 [INFO] smart_log : 错误代码 1: 
2025-04-07 11:06:46,210 [INFO] 识盘命令输出：
2025-04-07 11:06:46,265 [INFO] smart_log : 错误代码 1: 
2025-04-07 11:06:47,277 [INFO] 识盘命令输出：
2025-04-07 11:06:47,338 [INFO] smart_log : 错误代码 1: 
2025-04-07 11:06:48,345 [INFO] 识盘命令输出：
2025-04-07 11:06:48,405 [INFO] smart_log : 错误代码 1: 
2025-04-07 11:06:49,412 [INFO] 等待5秒后开始上电
2025-04-07 11:08:05,175 [INFO] disk_current_status : {'BitLocker 驱动器加密': '配置工具版本 10.0.19041', '卷 D': '[]', '大小': '894.24 GB', 'BitLocker 版本': '无', '转换状态': '完全解密', '已加密百分比': '0.0%', '加密方法': '无', '保护状态': '保护关闭', '锁定状态': '已解锁', '标识字段': '无', '自动解锁': '已禁用', '密钥保护器': '找不到'}
