2025-02-18 11:53:09,210 [INFO] 程序已以管理员权限运行。
2025-02-18 11:53:09,210 [INFO] new volume
2025-02-18 11:53:29,555 [INFO] Scanning for Opal compliant disks
\\.\PhysicalDrive0  2      RSYE3839S-960G                           SP30100B
\\.\PhysicalDrive1 No       
No more disks present ending scan
2025-02-18 11:53:29,556 [INFO] step 1: status check
2025-02-18 11:53:29,600 [INFO] BitLocker 驱动器加密: 配置工具版本 10.0.19041
版权所有 (C) 2013 Microsoft Corporation。保留所有权利。

卷 D: []
[数据卷]

    大小:              894.24 GB
    BitLocker 版本:    无
    转换状态:          完全解密
    已加密百分比:      0.0%
    加密方法:          无
    保护状态:          保护关闭
    锁定状态:          已解锁
    标识字段:          无
    自动解锁:          已禁用
    密钥保护器:        找不到
2025-02-18 11:53:29,601 [INFO] disk_current_status : {'BitLocker 驱动器加密': '配置工具版本 10.0.19041', '卷 D': '[]', '大小': '894.24 GB', 'BitLocker 版本': '无', '转换状态': '完全解密', '已加密百分比': '0.0%', '加密方法': '无', '保护状态': '保护关闭', '锁定状态': '已解锁', '标识字段': '无', '自动解锁': '已禁用', '密钥保护器': '找不到'}
2025-02-18 11:53:29,601 [INFO] FIO read write
2025-02-18 11:53:29,602 [INFO] Running command: fio.exe --name=seqwrite --rw=write --bs=128k --size=10G --directory=D\:\fio_test --filename=testfile --iodepth=1 --output=fio_log\seqwrite.log
2025-02-18 11:53:45,084 [INFO] Sequential write completed successfully.
2025-02-18 11:53:45,084 [INFO] step 2: bitlocker on
2025-02-18 11:54:00,187 [INFO] key: {password}
2025-02-18 11:54:01,249 [INFO] disk_current_status : {'BitLocker 驱动器加密': '配置工具版本 10.0.19041', '卷 D': '[]', '大小': '894.24 GB', 'BitLocker 版本': '无', '转换状态': '完全解密', '已加密百分比': '0.0%', '加密方法': '无', '保护状态': '保护关闭', '锁定状态': '已解锁', '标识字段': '无', '自动解锁': '已禁用', '密钥保护器': '找不到'}
2025-02-18 11:54:01,249 [INFO] step 3: bitlocker add password
2025-02-18 11:54:07,205 [INFO] step 4: bitlocker change password
2025-02-18 11:54:14,128 [INFO] step 5: bitlocker lock
2025-02-18 11:54:18,065 [INFO] BitLocker 驱动器加密: 配置工具版本 10.0.19041
版权所有 (C) 2013 Microsoft Corporation。保留所有权利。

卷 D: 现在已锁定
2025-02-18 11:54:19,166 [INFO] current_locked_state : 已锁定
2025-02-18 11:54:19,166 [INFO] step 6: read and write after disk locked
2025-02-18 11:54:19,169 [ERROR] 写入失败，错误信息：[Errno 22] Invalid argument: 'D://test_file.txt'
Traceback (most recent call last):
  File "t_Tcg_BitLocker_20_BaseIoAPL.py", line 91, in verify_locked
    with open(test_file, "w") as file:
OSError: [Errno 22] Invalid argument: 'D://test_file.txt'
2025-02-18 11:54:19,172 [ERROR] 读取失败，错误信息：[WinError -2144272384] BitLocker 驱动器加密已锁定该驱动器。必须从控制面板解除此驱动器锁定。: 'D://'
Traceback (most recent call last):
  File "t_Tcg_BitLocker_20_BaseIoAPL.py", line 104, in verify_locked
    files = os.listdir(drive_letter)
OSError: [WinError -2144272384] BitLocker 驱动器加密已锁定该驱动器。必须从控制面板解除此驱动器锁定。: 'D://'
2025-02-18 11:54:19,175 [ERROR] 写入失败，错误信息：[Errno 22] Invalid argument: 'D://test_file.txt'
Traceback (most recent call last):
  File "t_Tcg_BitLocker_20_BaseIoAPL.py", line 91, in verify_locked
    with open(test_file, "w") as file:
OSError: [Errno 22] Invalid argument: 'D://test_file.txt'
2025-02-18 11:54:19,177 [ERROR] 读取失败，错误信息：[WinError -2144272384] BitLocker 驱动器加密已锁定该驱动器。必须从控制面板解除此驱动器锁定。: 'D://'
Traceback (most recent call last):
  File "t_Tcg_BitLocker_20_BaseIoAPL.py", line 104, in verify_locked
    files = os.listdir(drive_letter)
OSError: [WinError -2144272384] BitLocker 驱动器加密已锁定该驱动器。必须从控制面板解除此驱动器锁定。: 'D://'
2025-02-18 11:54:19,178 [INFO] D: 已被锁定。
2025-02-18 11:54:19,178 [INFO] step 7: bitlocker unlock
2025-02-18 11:54:24,880 [INFO] current_locked_state : 已解锁
2025-02-18 11:54:24,880 [INFO] step 8: bitlocker off
2025-02-18 11:54:31,231 [INFO] current_transition_state : 完全解密
2025-02-18 11:54:31,231 [INFO] step 9: bitlocker on again
2025-02-18 11:54:46,655 [INFO] key: 182677-510499-371041-022561-485452-148247-188639-148709
2025-02-18 11:54:46,655 [INFO] step 10: bitlocker off
2025-02-18 11:54:53,059 [INFO] current_transition_state : 完全解密
2025-02-18 11:54:53,060 [INFO] step 11: APL
2025-02-18 11:54:53,063 [INFO] delay power off
2025-02-18 11:54:53,065 [INFO] 识盘命令输出：
2025-02-18 11:54:53,141 [INFO] smart_log : 
2025-02-18 11:54:54,146 [INFO] 识盘命令输出：
2025-02-18 11:54:54,220 [INFO] smart_log : 
2025-02-18 11:54:55,234 [INFO] 识盘命令输出：
2025-02-18 11:54:55,856 [INFO] smart_log : 错误代码 2: 
2025-02-18 11:54:56,865 [INFO] 识盘命令输出：
2025-02-18 11:54:56,931 [INFO] smart_log : 错误代码 1: 
2025-02-18 11:54:57,934 [INFO] 识盘命令输出：
2025-02-18 11:54:57,998 [INFO] smart_log : 错误代码 1: 
2025-02-18 11:54:59,006 [INFO] 识盘命令输出：
2025-02-18 11:54:59,069 [INFO] smart_log : 错误代码 1: 
2025-02-18 11:55:00,078 [INFO] 识盘命令输出：
2025-02-18 11:55:00,134 [INFO] smart_log : 错误代码 1: 
2025-02-18 11:55:01,149 [INFO] 识盘命令输出：
2025-02-18 11:55:01,205 [INFO] smart_log : 错误代码 1: 
2025-02-18 11:55:02,220 [INFO] 识盘命令输出：
2025-02-18 11:55:02,278 [INFO] smart_log : 错误代码 1: 
2025-02-18 11:55:03,291 [INFO] 等待5秒后开始上电
