2025-02-21 15:53:20,627 [INFO] 程序已以管理员权限运行。
2025-02-21 15:53:20,628 [INFO] step 1: bitlocker unlock
2025-02-21 15:53:26,428 [INFO] current_locked_state : 已解锁
2025-02-21 15:53:26,428 [INFO] step 2: delay power off
2025-02-21 15:53:26,429 [INFO] step 3: bitlocker lock
2025-02-21 15:53:28,118 [INFO] BitLocker 驱动器加密: 配置工具版本 10.0.19041
版权所有 (C) 2013 Microsoft Corporation。保留所有权利。

卷 D: 现在已锁定
2025-02-21 15:53:29,201 [INFO] current_locked_state : 已锁定
2025-02-21 15:53:29,201 [INFO] 识盘命令输出：
2025-02-21 15:53:29,251 [INFO] smart_log : 
2025-02-21 15:53:30,258 [INFO] 识盘命令输出：
2025-02-21 15:53:30,309 [INFO] smart_log : 
2025-02-21 15:53:31,319 [INFO] 识盘命令输出：
2025-02-21 15:53:31,389 [INFO] smart_log : 
2025-02-21 15:53:32,399 [INFO] 识盘命令输出：
2025-02-21 15:53:32,459 [INFO] smart_log : 
2025-02-21 15:53:33,475 [INFO] 识盘命令输出：
2025-02-21 15:53:33,538 [INFO] smart_log : 
2025-02-21 15:53:34,541 [INFO] 识盘命令输出：
2025-02-21 15:53:34,608 [INFO] smart_log : 
2025-02-21 15:53:35,615 [INFO] 识盘命令输出：
2025-02-21 15:53:35,685 [INFO] smart_log : 
2025-02-21 15:53:36,696 [INFO] 识盘命令输出：
2025-02-21 15:53:37,307 [INFO] smart_log : 错误代码 2: 
2025-02-21 15:53:38,312 [INFO] 识盘命令输出：
2025-02-21 15:53:38,358 [INFO] smart_log : 错误代码 1: 
2025-02-21 15:53:39,363 [INFO] 识盘命令输出：
2025-02-21 15:53:39,399 [INFO] smart_log : 错误代码 1: 
2025-02-21 15:53:40,412 [INFO] 识盘命令输出：
2025-02-21 15:53:40,453 [INFO] smart_log : 错误代码 1: 
2025-02-21 15:53:41,454 [INFO] 识盘命令输出：
2025-02-21 15:53:41,498 [INFO] smart_log : 错误代码 1: 
2025-02-21 15:53:42,505 [INFO] 识盘命令输出：
2025-02-21 15:53:42,550 [INFO] smart_log : 错误代码 1: 
2025-02-21 15:53:43,556 [INFO] 识盘命令输出：
2025-02-21 15:53:43,588 [INFO] smart_log : 错误代码 1: 
2025-02-21 15:53:44,601 [INFO] 识盘命令输出：
2025-02-21 15:53:44,646 [INFO] smart_log : 错误代码 1: 
2025-02-21 15:53:45,652 [INFO] 识盘命令输出：
2025-02-21 15:53:45,700 [INFO] smart_log : 错误代码 1: 
2025-02-21 15:53:46,702 [INFO] 识盘命令输出：
2025-02-21 15:53:46,755 [INFO] smart_log : 错误代码 1: 
2025-02-21 15:53:47,768 [INFO] 识盘命令输出：
2025-02-21 15:53:47,823 [INFO] smart_log : 错误代码 1: 
2025-02-21 15:53:48,836 [INFO] 识盘命令输出：
2025-02-21 15:53:48,879 [INFO] smart_log : 错误代码 1: 
2025-02-21 15:53:49,886 [INFO] 识盘命令输出：
2025-02-21 15:53:49,929 [INFO] smart_log : 错误代码 1: 
2025-02-21 15:53:50,936 [INFO] 识盘命令输出：
2025-02-21 15:53:50,994 [INFO] smart_log : 错误代码 1: 
2025-02-21 15:53:51,997 [INFO] 识盘命令输出：
2025-02-21 15:53:52,055 [INFO] smart_log : 错误代码 1: 
2025-02-21 15:53:53,059 [INFO] 识盘命令输出：
2025-02-21 15:53:53,112 [INFO] smart_log : 错误代码 1: 
2025-02-21 15:53:54,127 [INFO] 识盘命令输出：
2025-02-21 15:53:54,167 [INFO] smart_log : 错误代码 1: 
2025-02-21 15:53:55,179 [INFO] 识盘命令输出：
2025-02-21 15:53:55,228 [INFO] smart_log : 错误代码 1: 
2025-02-21 15:53:56,229 [INFO] 识盘命令输出：
2025-02-21 15:53:56,288 [INFO] smart_log : 错误代码 1: 
2025-02-21 15:53:57,293 [INFO] 识盘命令输出：
2025-02-21 15:53:57,351 [INFO] smart_log : 错误代码 1: 
2025-02-21 15:53:58,357 [INFO] 识盘命令输出：
2025-02-21 15:53:58,408 [INFO] smart_log : 错误代码 1: 
2025-02-21 15:53:59,422 [INFO] 等待5秒后开始上电
