2025-03-05 09:25:35,246 [INFO] 程序已以管理员权限运行。
2025-03-05 09:25:35,246 [INFO] step 1: status check
2025-03-05 09:25:35,310 [INFO] BitLocker 驱动器加密: 配置工具版本 10.0.19041
版权所有 (C) 2013 Microsoft Corporation。保留所有权利。

卷 D: []
[数据卷]

    大小:              447.12 GB
    BitLocker 版本:    无
    转换状态:          完全解密
    已加密百分比:      0.0%
    加密方法:          无
    保护状态:          保护关闭
    锁定状态:          已解锁
    标识字段:          无
    自动解锁:          已禁用
    密钥保护器:        找不到
2025-03-05 09:25:35,312 [INFO] disk_current_status : {'BitLocker 驱动器加密': '配置工具版本 10.0.19041', '卷 D': '[]', '大小': '447.12 GB', 'BitLocker 版本': '无', '转换状态': '完全解密', '已加密百分比': '0.0%', '加密方法': '无', '保护状态': '保护关闭', '锁定状态': '已解锁', '标识字段': '无', '自动解锁': '已禁用', '密钥保护器': '找不到'}
2025-03-05 09:25:35,312 [INFO] step 2: bitlocker on
2025-03-05 09:25:50,556 [INFO] key: 445610-325314-155199-545446-014102-088187-591976-395318
2025-03-05 09:25:50,556 [INFO] step 3: bitlocker add password
2025-03-05 09:25:56,504 [INFO] step 4: delay power off
2025-03-05 09:25:56,505 [INFO] 识盘命令输出：
2025-03-05 09:25:56,557 [INFO] smart_log : 
2025-03-05 09:25:57,558 [INFO] 识盘命令输出：
2025-03-05 09:25:57,627 [INFO] smart_log : 
2025-03-05 09:25:58,641 [INFO] 识盘命令输出：
2025-03-05 09:25:58,710 [INFO] smart_log : 
2025-03-05 09:25:59,723 [INFO] 识盘命令输出：
2025-03-05 09:25:59,805 [INFO] smart_log : 
2025-03-05 09:26:00,807 [INFO] 识盘命令输出：
2025-03-05 09:26:00,882 [INFO] smart_log : 
2025-03-05 09:26:01,891 [INFO] 识盘命令输出：
2025-03-05 09:26:02,304 [INFO] smart_log : 错误代码 2: 
2025-03-05 09:26:03,310 [INFO] 识盘命令输出：
2025-03-05 09:26:03,369 [INFO] smart_log : 错误代码 1: 
2025-03-05 09:26:04,370 [INFO] 识盘命令输出：
2025-03-05 09:26:04,432 [INFO] smart_log : 错误代码 1: 
2025-03-05 09:26:05,433 [INFO] 识盘命令输出：
2025-03-05 09:26:05,492 [INFO] smart_log : 错误代码 1: 
2025-03-05 09:26:06,499 [INFO] 识盘命令输出：
2025-03-05 09:26:06,545 [INFO] smart_log : 错误代码 1: 
2025-03-05 09:26:07,557 [INFO] 识盘命令输出：
2025-03-05 09:26:07,615 [INFO] smart_log : 错误代码 1: 
2025-03-05 09:26:08,624 [INFO] 识盘命令输出：
2025-03-05 09:26:08,680 [INFO] smart_log : 错误代码 1: 
2025-03-05 09:26:09,693 [INFO] 识盘命令输出：
2025-03-05 09:26:09,756 [INFO] smart_log : 错误代码 1: 
2025-03-05 09:26:10,772 [INFO] 识盘命令输出：
2025-03-05 09:26:10,826 [INFO] smart_log : 错误代码 1: 
2025-03-05 09:26:11,838 [INFO] 识盘命令输出：
2025-03-05 09:26:11,901 [INFO] smart_log : 错误代码 1: 
2025-03-05 09:26:12,907 [INFO] 识盘命令输出：
2025-03-05 09:26:12,970 [INFO] smart_log : 错误代码 1: 
2025-03-05 09:26:13,974 [INFO] 识盘命令输出：
2025-03-05 09:26:14,035 [INFO] smart_log : 错误代码 1: 
2025-03-05 09:26:15,041 [INFO] 识盘命令输出：
2025-03-05 09:26:15,100 [INFO] smart_log : 错误代码 1: 
2025-03-05 09:26:16,108 [INFO] 识盘命令输出：
2025-03-05 09:26:16,169 [INFO] smart_log : 错误代码 1: 
2025-03-05 09:26:17,172 [INFO] 等待5秒后开始上电
2025-03-05 09:27:32,903 [INFO] disk_current_status : {'BitLocker 驱动器加密': '配置工具版本 10.0.19041', '卷 D': '[]', '大小': '447.12 GB', 'BitLocker 版本': '无', '转换状态': '完全解密', '已加密百分比': '0.0%', '加密方法': '无', '保护状态': '保护关闭', '锁定状态': '已解锁', '标识字段': '无', '自动解锁': '已禁用', '密钥保护器': '找不到'}
