2025-03-27 16:40:57,659 [INFO] 程序已以管理员权限运行。
2025-03-27 16:40:57,659 [INFO] step 0: delay power off
2025-03-27 16:40:57,660 [INFO] step 1 Format
2025-03-27 16:41:18,027 [INFO] step 2: status check
2025-03-27 16:41:18,057 [INFO] current_transition_state : 错误代码 136: Invalid or unsupported disk \\.\PhysicalDrive0
2025-03-27 16:41:18,057 [INFO] 识盘命令输出：
2025-03-27 16:41:18,153 [INFO] smart_log : 错误代码 1: 
2025-03-27 16:41:19,159 [INFO] 识盘命令输出：
2025-03-27 16:41:19,216 [INFO] smart_log : 错误代码 1: 
2025-03-27 16:41:20,229 [INFO] 识盘命令输出：
2025-03-27 16:41:20,279 [INFO] smart_log : 错误代码 1: 
2025-03-27 16:41:21,285 [INFO] 识盘命令输出：
2025-03-27 16:41:21,339 [INFO] smart_log : 错误代码 1: 
2025-03-27 16:41:22,341 [INFO] 识盘命令输出：
2025-03-27 16:41:22,401 [INFO] smart_log : 错误代码 1: 
2025-03-27 16:41:23,411 [INFO] 识盘命令输出：
2025-03-27 16:41:23,469 [INFO] smart_log : 错误代码 1: 
2025-03-27 16:41:24,469 [INFO] 识盘命令输出：
2025-03-27 16:41:24,525 [INFO] smart_log : 错误代码 1: 
2025-03-27 16:41:25,540 [INFO] 识盘命令输出：
2025-03-27 16:41:25,597 [INFO] smart_log : 错误代码 1: 
2025-03-27 16:41:26,604 [INFO] 识盘命令输出：
2025-03-27 16:41:26,656 [INFO] smart_log : 错误代码 1: 
2025-03-27 16:41:27,669 [INFO] 识盘命令输出：
2025-03-27 16:41:27,729 [INFO] smart_log : 错误代码 1: 
2025-03-27 16:41:28,731 [INFO] 等待5秒后开始上电
