2025-02-18 14:36:26,893 [INFO] 程序已以管理员权限运行。
2025-02-18 14:36:26,893 [INFO] 程序已以管理员权限运行。
2025-02-18 14:36:26,932 [INFO] BitLocker 驱动器加密: 配置工具版本 10.0.19041
版权所有 (C) 2013 Microsoft Corporation。保留所有权利。

卷 D: []
[数据卷]

    大小:              1788.48 GB
    BitLocker 版本:    无
    转换状态:          完全解密
    已加密百分比:      0.0%
    加密方法:          无
    保护状态:          保护关闭
    锁定状态:          已解锁
    标识字段:          无
    自动解锁:          已禁用
    密钥保护器:        找不到
2025-02-18 14:36:26,932 [INFO] [INFO] Initial run. Running enable BitLocker logic...
2025-02-18 14:36:42,364 [INFO] step 1: status check
2025-02-18 14:36:42,420 [INFO] BitLocker 驱动器加密: 配置工具版本 10.0.19041
版权所有 (C) 2013 Microsoft Corporation。保留所有权利。

卷 D: []
[数据卷]

    大小:              1788.48 GB
    BitLocker 版本:    2.0
    转换状态:          完全加密
    已加密百分比:      100.0%
    加密方法:    硬件加密 - 1.3.111.2.1619.0.1.2
    保护状态:          保护已启用
    锁定状态:          已解锁
    标识字段:          未知
    自动解锁:          已禁用
    密钥保护器:
        外部密钥
        数字密码
2025-02-18 14:36:42,421 [INFO] disk_current_status : 硬件加密 - 1.3.111.2.1619.0.1.2
2025-02-18 14:36:45,428 [INFO] step 2: bitlocker add password
2025-02-18 14:36:56,351 [INFO] step 3: APL
2025-02-18 14:36:56,351 [INFO] delay power off
2025-02-18 14:36:56,356 [INFO] 识盘命令输出：
2025-02-18 14:36:56,424 [INFO] smart_log : 
2025-02-18 14:36:57,438 [INFO] 识盘命令输出：
2025-02-18 14:36:57,512 [INFO] smart_log : 
2025-02-18 14:36:58,526 [INFO] 识盘命令输出：
2025-02-18 14:36:59,137 [INFO] smart_log : 错误代码 2: 
2025-02-18 14:37:00,140 [INFO] 识盘命令输出：
2025-02-18 14:37:00,191 [INFO] smart_log : 错误代码 1: 
2025-02-18 14:37:01,195 [INFO] 识盘命令输出：
2025-02-18 14:37:01,242 [INFO] smart_log : 错误代码 1: 
2025-02-18 14:37:02,251 [INFO] 识盘命令输出：
2025-02-18 14:37:02,299 [INFO] smart_log : 错误代码 1: 
2025-02-18 14:37:03,306 [INFO] 识盘命令输出：
2025-02-18 14:37:03,372 [INFO] smart_log : 错误代码 1: 
2025-02-18 14:37:04,377 [INFO] 识盘命令输出：
2025-02-18 14:37:04,425 [INFO] smart_log : 错误代码 1: 
2025-02-18 14:37:05,433 [INFO] 识盘命令输出：
2025-02-18 14:37:05,489 [INFO] smart_log : 错误代码 1: 
2025-02-18 14:37:06,490 [INFO] 等待5秒后开始上电
2025-02-18 14:37:27,201 [INFO] [INFO] Task created successfully.
2025-02-18 14:37:27,203 [INFO] Batch file generated and placed in startup directory: C:\ProgramData\Microsoft\Windows\Start Menu\Programs\StartUp\run_script.bat
2025-02-18 14:37:27,204 [INFO] [INFO] System will now reboot...
2025-02-18 14:37:29,236 [INFO] 流程完成。
