2025-02-21 18:02:48,575 [INFO] 程序已以管理员权限运行。
2025-02-21 18:02:48,576 [INFO] new volume
2025-02-21 18:03:09,004 [INFO] Scanning for Opal compliant disks
\\.\PhysicalDrive0  2      RSYE3839S-3840                           SP30100B
\\.\PhysicalDrive1 No       
No more disks present ending scan
2025-02-21 18:03:09,004 [INFO] step 1: status check
2025-02-21 18:03:09,053 [INFO] BitLocker 驱动器加密: 配置工具版本 10.0.19041
版权所有 (C) 2013 Microsoft Corporation。保留所有权利。

卷 D: []
[数据卷]

    大小:              3576.97 GB
    BitLocker 版本:    无
    转换状态:          完全解密
    已加密百分比:      0.0%
    加密方法:          无
    保护状态:          保护关闭
    锁定状态:          已解锁
    标识字段:          无
    自动解锁:          已禁用
    密钥保护器:        找不到
2025-02-21 18:03:09,054 [INFO] disk_current_status : {'BitLocker 驱动器加密': '配置工具版本 10.0.19041', '卷 D': '[]', '大小': '3576.97 GB', 'BitLocker 版本': '无', '转换状态': '完全解密', '已加密百分比': '0.0%', '加密方法': '无', '保护状态': '保护关闭', '锁定状态': '已解锁', '标识字段': '无', '自动解锁': '已禁用', '密钥保护器': '找不到'}
2025-02-21 18:03:09,054 [INFO] step 2: bitlocker on
2025-02-21 18:03:12,241 [INFO] key: {password}
2025-02-21 18:03:13,305 [INFO] disk_current_status : {'BitLocker 驱动器加密': '配置工具版本 10.0.19041', '卷 D': '[]', '大小': '3576.97 GB', 'BitLocker 版本': '无', '转换状态': '完全解密', '已加密百分比': '0.0%', '加密方法': '无', '保护状态': '保护关闭', '锁定状态': '已解锁', '标识字段': '无', '自动解锁': '已禁用', '密钥保护器': '找不到'}
2025-02-21 18:03:13,306 [INFO] step 3: bitlocker add password
2025-02-21 18:03:17,145 [INFO] step 4: bitlocker change password
2025-02-21 18:03:24,115 [INFO] step 5: bitlocker lock
2025-02-21 18:03:25,808 [INFO] BitLocker 驱动器加密: 配置工具版本 10.0.19041
版权所有 (C) 2013 Microsoft Corporation。保留所有权利。

卷 D: 现在已锁定
2025-02-21 18:03:26,885 [INFO] current_locked_state : 已锁定
2025-02-21 18:03:26,885 [INFO] step 6: read and write after disk locked
2025-02-21 18:03:26,886 [ERROR] 写入失败，错误信息：[Errno 22] Invalid argument: 'D://test_file.txt'
Traceback (most recent call last):
  File "t_Tcg_BitLocker_17_BaseAPL.py", line 88, in verify_locked
    with open(test_file, "w") as file:
OSError: [Errno 22] Invalid argument: 'D://test_file.txt'
2025-02-21 18:03:26,886 [ERROR] 读取失败，错误信息：[WinError -2144272384] BitLocker 驱动器加密已锁定该驱动器。必须从控制面板解除此驱动器锁定。: 'D://'
Traceback (most recent call last):
  File "t_Tcg_BitLocker_17_BaseAPL.py", line 101, in verify_locked
    files = os.listdir(drive_letter)
OSError: [WinError -2144272384] BitLocker 驱动器加密已锁定该驱动器。必须从控制面板解除此驱动器锁定。: 'D://'
2025-02-21 18:03:26,886 [ERROR] 写入失败，错误信息：[Errno 22] Invalid argument: 'D://test_file.txt'
Traceback (most recent call last):
  File "t_Tcg_BitLocker_17_BaseAPL.py", line 88, in verify_locked
    with open(test_file, "w") as file:
OSError: [Errno 22] Invalid argument: 'D://test_file.txt'
2025-02-21 18:03:26,886 [ERROR] 读取失败，错误信息：[WinError -2144272384] BitLocker 驱动器加密已锁定该驱动器。必须从控制面板解除此驱动器锁定。: 'D://'
Traceback (most recent call last):
  File "t_Tcg_BitLocker_17_BaseAPL.py", line 101, in verify_locked
    files = os.listdir(drive_letter)
OSError: [WinError -2144272384] BitLocker 驱动器加密已锁定该驱动器。必须从控制面板解除此驱动器锁定。: 'D://'
2025-02-21 18:03:26,887 [INFO] D: 已被锁定。
2025-02-21 18:03:26,887 [INFO] step 7: bitlocker unlock
2025-02-21 18:03:32,987 [INFO] current_locked_state : 已解锁
2025-02-21 18:03:32,987 [INFO] step 8: bitlocker off
2025-02-21 18:03:39,572 [INFO] current_transition_state : 完全解密
2025-02-21 18:03:39,573 [INFO] step 9: bitlocker on again
2025-02-21 18:03:54,816 [INFO] key: 546161-688182-562265-093797-661056-059719-434214-087175
2025-02-21 18:03:54,817 [INFO] step 10: bitlocker off
2025-02-21 18:04:01,400 [INFO] current_transition_state : 完全解密
2025-02-21 18:04:01,401 [INFO] step 11: APL
2025-02-21 18:04:01,404 [INFO] delay power off
2025-02-21 18:04:01,406 [INFO] 识盘命令输出：
2025-02-21 18:04:01,472 [INFO] smart_log : 
2025-02-21 18:04:02,487 [INFO] 识盘命令输出：
2025-02-21 18:04:02,555 [INFO] smart_log : 
2025-02-21 18:04:03,557 [INFO] 识盘命令输出：
2025-02-21 18:04:04,187 [INFO] smart_log : 错误代码 2: 
2025-02-21 18:04:05,202 [INFO] 识盘命令输出：
2025-02-21 18:04:05,264 [INFO] smart_log : 错误代码 1: 
2025-02-21 18:04:06,274 [INFO] 识盘命令输出：
2025-02-21 18:04:06,341 [INFO] smart_log : 错误代码 1: 
2025-02-21 18:04:07,354 [INFO] 识盘命令输出：
2025-02-21 18:04:07,416 [INFO] smart_log : 错误代码 1: 
2025-02-21 18:04:08,424 [INFO] 识盘命令输出：
2025-02-21 18:04:08,474 [INFO] smart_log : 错误代码 1: 
2025-02-21 18:04:09,479 [INFO] 识盘命令输出：
2025-02-21 18:04:09,546 [INFO] smart_log : 错误代码 1: 
2025-02-21 18:04:10,550 [INFO] 识盘命令输出：
2025-02-21 18:04:10,619 [INFO] smart_log : 错误代码 1: 
2025-02-21 18:04:11,621 [INFO] 等待5秒后开始上电
