2025-02-18 10:30:25,602 [INFO] 程序已以管理员权限运行。
2025-02-18 10:30:25,602 [INFO] step 1: status check
2025-02-18 10:30:25,649 [INFO] BitLocker 驱动器加密: 配置工具版本 10.0.19041
版权所有 (C) 2013 Microsoft Corporation。保留所有权利。

卷 D: []
[数据卷]

    大小:              447.12 GB
    BitLocker 版本:    无
    转换状态:          完全解密
    已加密百分比:      0.0%
    加密方法:          无
    保护状态:          保护关闭
    锁定状态:          已解锁
    标识字段:          无
    自动解锁:          已禁用
    密钥保护器:        找不到
2025-02-18 10:30:25,650 [INFO] disk_current_status : {'BitLocker 驱动器加密': '配置工具版本 10.0.19041', '卷 D': '[]', '大小': '447.12 GB', 'BitLocker 版本': '无', '转换状态': '完全解密', '已加密百分比': '0.0%', '加密方法': '无', '保护状态': '保护关闭', '锁定状态': '已解锁', '标识字段': '无', '自动解锁': '已禁用', '密钥保护器': '找不到'}
2025-02-18 10:30:25,650 [INFO] step 2: bitlocker on
2025-02-18 10:30:40,976 [INFO] key: 269951-697081-075647-716650-686961-490446-454201-286220
2025-02-18 10:30:40,976 [INFO] step 3: bitlocker add password
2025-02-18 10:30:46,888 [INFO] step 4: delay power off
2025-02-18 10:30:46,889 [INFO] 识盘命令输出：
2025-02-18 10:30:46,943 [INFO] smart_log : 
2025-02-18 10:30:47,947 [INFO] 识盘命令输出：
2025-02-18 10:30:48,022 [INFO] smart_log : 
2025-02-18 10:30:49,028 [INFO] 识盘命令输出：
2025-02-18 10:30:49,105 [INFO] smart_log : 
2025-02-18 10:30:50,111 [INFO] 识盘命令输出：
2025-02-18 10:30:50,199 [INFO] smart_log : 
2025-02-18 10:30:51,211 [INFO] 识盘命令输出：
2025-02-18 10:30:51,271 [INFO] smart_log : 
2025-02-18 10:30:52,278 [INFO] 识盘命令输出：
2025-02-18 10:30:52,691 [INFO] smart_log : 错误代码 2: 
2025-02-18 10:30:53,704 [INFO] 识盘命令输出：
2025-02-18 10:30:53,747 [INFO] smart_log : 错误代码 1: 
2025-02-18 10:30:54,751 [INFO] 识盘命令输出：
2025-02-18 10:30:54,795 [INFO] smart_log : 错误代码 1: 
2025-02-18 10:30:55,801 [INFO] 识盘命令输出：
2025-02-18 10:30:55,856 [INFO] smart_log : 错误代码 1: 
2025-02-18 10:30:56,869 [INFO] 识盘命令输出：
2025-02-18 10:30:56,931 [INFO] smart_log : 错误代码 1: 
2025-02-18 10:30:57,937 [INFO] 识盘命令输出：
2025-02-18 10:30:58,009 [INFO] smart_log : 错误代码 1: 
2025-02-18 10:30:59,018 [INFO] 识盘命令输出：
2025-02-18 10:30:59,084 [INFO] smart_log : 错误代码 1: 
2025-02-18 10:31:00,091 [INFO] 识盘命令输出：
2025-02-18 10:31:00,151 [INFO] smart_log : 错误代码 1: 
2025-02-18 10:31:01,160 [INFO] 识盘命令输出：
2025-02-18 10:31:01,221 [INFO] smart_log : 错误代码 1: 
2025-02-18 10:31:02,228 [INFO] 识盘命令输出：
2025-02-18 10:31:02,284 [INFO] smart_log : 错误代码 1: 
2025-02-18 10:31:03,292 [INFO] 识盘命令输出：
2025-02-18 10:31:03,341 [INFO] smart_log : 错误代码 1: 
2025-02-18 10:31:04,343 [INFO] 识盘命令输出：
2025-02-18 10:31:04,401 [INFO] smart_log : 错误代码 1: 
2025-02-18 10:31:05,412 [INFO] 识盘命令输出：
2025-02-18 10:31:05,479 [INFO] smart_log : 错误代码 1: 
2025-02-18 10:31:06,496 [INFO] 识盘命令输出：
2025-02-18 10:31:06,551 [INFO] smart_log : 错误代码 1: 
2025-02-18 10:31:07,564 [INFO] 等待5秒后开始上电
2025-02-18 10:32:23,328 [INFO] disk_current_status : {'BitLocker 驱动器加密': '配置工具版本 10.0.19041', '卷 D': '[]', '大小': '447.12 GB', 'BitLocker 版本': '无', '转换状态': '完全解密', '已加密百分比': '0.0%', '加密方法': '无', '保护状态': '保护关闭', '锁定状态': '已解锁', '标识字段': '无', '自动解锁': '已禁用', '密钥保护器': '找不到'}
