2025-03-17 21:06:03,241 [INFO] 程序已以管理员权限运行。
2025-03-17 21:06:03,242 [INFO] new volume
2025-03-17 21:06:23,573 [INFO] Scanning for Opal compliant disks
\\.\PhysicalDrive0  2      RSYE3839Z-960G                           SP301012
\\.\PhysicalDrive1 No       
No more disks present ending scan
2025-03-17 21:06:23,573 [INFO] step 1: status check
2025-03-17 21:06:23,627 [INFO] BitLocker 驱动器加密: 配置工具版本 10.0.19041
版权所有 (C) 2013 Microsoft Corporation。保留所有权利。

卷 D: []
[数据卷]

    大小:              894.24 GB
    BitLocker 版本:    无
    转换状态:          完全解密
    已加密百分比:      0.0%
    加密方法:          无
    保护状态:          保护关闭
    锁定状态:          已解锁
    标识字段:          无
    自动解锁:          已禁用
    密钥保护器:        找不到
2025-03-17 21:06:23,627 [INFO] disk_current_status : {'BitLocker 驱动器加密': '配置工具版本 10.0.19041', '卷 D': '[]', '大小': '894.24 GB', 'BitLocker 版本': '无', '转换状态': '完全解密', '已加密百分比': '0.0%', '加密方法': '无', '保护状态': '保护关闭', '锁定状态': '已解锁', '标识字段': '无', '自动解锁': '已禁用', '密钥保护器': '找不到'}
2025-03-17 21:06:23,628 [INFO] step 2: bitlocker on
2025-03-17 21:06:39,195 [INFO] key: {password}
2025-03-17 21:06:40,279 [INFO] disk_current_status : {'BitLocker 驱动器加密': '配置工具版本 10.0.19041', '卷 D': '[]', '大小': '894.24 GB', 'BitLocker 版本': '无', '转换状态': '完全解密', '已加密百分比': '0.0%', '加密方法': '无', '保护状态': '保护关闭', '锁定状态': '已解锁', '标识字段': '无', '自动解锁': '已禁用', '密钥保护器': '找不到'}
2025-03-17 21:06:40,279 [INFO] step 3: bitlocker add password
2025-03-17 21:06:46,194 [INFO] step 4: bitlocker change password
2025-03-17 21:06:53,287 [INFO] step 5: bitlocker lock
2025-03-17 21:06:54,979 [INFO] BitLocker 驱动器加密: 配置工具版本 10.0.19041
版权所有 (C) 2013 Microsoft Corporation。保留所有权利。

卷 D: 现在已锁定
2025-03-17 21:06:56,071 [INFO] current_locked_state : 已锁定
2025-03-17 21:06:56,071 [INFO] step 6: read and write after disk locked
2025-03-17 21:06:56,072 [ERROR] 写入失败，错误信息：[Errno 22] Invalid argument: 'D://test_file.txt'
Traceback (most recent call last):
  File "t_Tcg_BitLocker_17_BaseAPL.py", line 88, in verify_locked
    with open(test_file, "w") as file:
OSError: [Errno 22] Invalid argument: 'D://test_file.txt'
2025-03-17 21:06:56,072 [ERROR] 读取失败，错误信息：[WinError -2144272384] BitLocker 驱动器加密已锁定该驱动器。必须从控制面板解除此驱动器锁定。: 'D://'
Traceback (most recent call last):
  File "t_Tcg_BitLocker_17_BaseAPL.py", line 101, in verify_locked
    files = os.listdir(drive_letter)
OSError: [WinError -2144272384] BitLocker 驱动器加密已锁定该驱动器。必须从控制面板解除此驱动器锁定。: 'D://'
2025-03-17 21:06:56,073 [ERROR] 写入失败，错误信息：[Errno 22] Invalid argument: 'D://test_file.txt'
Traceback (most recent call last):
  File "t_Tcg_BitLocker_17_BaseAPL.py", line 88, in verify_locked
    with open(test_file, "w") as file:
OSError: [Errno 22] Invalid argument: 'D://test_file.txt'
2025-03-17 21:06:56,073 [ERROR] 读取失败，错误信息：[WinError -2144272384] BitLocker 驱动器加密已锁定该驱动器。必须从控制面板解除此驱动器锁定。: 'D://'
Traceback (most recent call last):
  File "t_Tcg_BitLocker_17_BaseAPL.py", line 101, in verify_locked
    files = os.listdir(drive_letter)
OSError: [WinError -2144272384] BitLocker 驱动器加密已锁定该驱动器。必须从控制面板解除此驱动器锁定。: 'D://'
2025-03-17 21:06:56,073 [INFO] D: 已被锁定。
2025-03-17 21:06:56,073 [INFO] step 7: bitlocker unlock
2025-03-17 21:07:01,737 [INFO] current_locked_state : 已解锁
2025-03-17 21:07:01,737 [INFO] step 8: bitlocker off
2025-03-17 21:07:08,311 [INFO] current_transition_state : 完全解密
2025-03-17 21:07:08,312 [INFO] step 9: bitlocker on again
2025-03-17 21:07:23,609 [INFO] key: 216590-623205-196922-629904-519046-083996-659890-669372
2025-03-17 21:07:23,610 [INFO] step 10: bitlocker off
2025-03-17 21:07:30,103 [INFO] current_transition_state : 完全解密
2025-03-17 21:07:30,104 [INFO] step 11: APL
2025-03-17 21:07:30,107 [INFO] delay power off
2025-03-17 21:07:30,109 [INFO] 识盘命令输出：
2025-03-17 21:07:30,167 [INFO] smart_log : 
2025-03-17 21:07:31,181 [INFO] 识盘命令输出：
2025-03-17 21:07:31,259 [INFO] smart_log : 
2025-03-17 21:07:32,261 [INFO] 识盘命令输出：
2025-03-17 21:07:33,002 [INFO] smart_log : 错误代码 2: 
2025-03-17 21:07:34,015 [INFO] 识盘命令输出：
2025-03-17 21:07:34,080 [INFO] smart_log : 错误代码 1: 
2025-03-17 21:07:35,083 [INFO] 识盘命令输出：
2025-03-17 21:07:35,148 [INFO] smart_log : 错误代码 1: 
2025-03-17 21:07:36,151 [INFO] 识盘命令输出：
2025-03-17 21:07:36,206 [INFO] smart_log : 错误代码 1: 
2025-03-17 21:07:37,220 [INFO] 识盘命令输出：
2025-03-17 21:07:37,286 [INFO] smart_log : 错误代码 1: 
2025-03-17 21:07:38,288 [INFO] 识盘命令输出：
2025-03-17 21:07:38,353 [INFO] smart_log : 错误代码 1: 
2025-03-17 21:07:39,356 [INFO] 识盘命令输出：
2025-03-17 21:07:39,415 [INFO] smart_log : 错误代码 1: 
2025-03-17 21:07:40,425 [INFO] 等待5秒后开始上电
