2025-03-18 09:30:59,115 [INFO] 程序已以管理员权限运行。
2025-03-18 09:30:59,116 [INFO] step 0: delay power off
2025-03-18 09:30:59,116 [INFO] step 1 Format
2025-03-18 09:31:19,467 [INFO] step 2: status check
2025-03-18 09:31:19,495 [INFO] current_transition_state : 错误代码 136: Invalid or unsupported disk \\.\PhysicalDrive0
2025-03-18 09:31:19,495 [INFO] 识盘命令输出：
2025-03-18 09:31:19,596 [INFO] smart_log : 错误代码 1: 
2025-03-18 09:31:20,599 [INFO] 识盘命令输出：
2025-03-18 09:31:20,661 [INFO] smart_log : 错误代码 1: 
2025-03-18 09:31:21,668 [INFO] 识盘命令输出：
2025-03-18 09:31:21,719 [INFO] smart_log : 错误代码 1: 
2025-03-18 09:31:22,720 [INFO] 识盘命令输出：
2025-03-18 09:31:22,778 [INFO] smart_log : 错误代码 1: 
2025-03-18 09:31:23,789 [INFO] 识盘命令输出：
2025-03-18 09:31:23,840 [INFO] smart_log : 错误代码 1: 
2025-03-18 09:31:24,853 [INFO] 识盘命令输出：
2025-03-18 09:31:24,912 [INFO] smart_log : 错误代码 1: 
2025-03-18 09:31:25,922 [INFO] 识盘命令输出：
2025-03-18 09:31:25,978 [INFO] smart_log : 错误代码 1: 
2025-03-18 09:31:26,990 [INFO] 识盘命令输出：
2025-03-18 09:31:27,047 [INFO] smart_log : 错误代码 1: 
2025-03-18 09:31:28,059 [INFO] 识盘命令输出：
2025-03-18 09:31:28,123 [INFO] smart_log : 错误代码 1: 
2025-03-18 09:31:29,127 [INFO] 识盘命令输出：
2025-03-18 09:31:29,185 [INFO] smart_log : 错误代码 1: 
2025-03-18 09:31:30,190 [INFO] 等待5秒后开始上电
