2025-04-07 13:46:00,896 [INFO] 程序已以管理员权限运行。
2025-04-07 13:46:00,896 [INFO] step 1: bitlocker unlock
2025-04-07 13:46:06,766 [INFO] current_locked_state : 已解锁
2025-04-07 13:46:06,766 [INFO] step 2: bitlocker change password
2025-04-07 13:46:12,683 [INFO] step 3: delay power off
2025-04-07 13:46:12,683 [INFO] 识盘命令输出：
2025-04-07 13:46:12,738 [INFO] smart_log : 
2025-04-07 13:46:13,751 [INFO] 识盘命令输出：
2025-04-07 13:46:13,815 [INFO] smart_log : 
2025-04-07 13:46:14,832 [INFO] 识盘命令输出：
2025-04-07 13:46:14,897 [INFO] smart_log : 
2025-04-07 13:46:15,913 [INFO] 识盘命令输出：
2025-04-07 13:46:15,975 [INFO] smart_log : 
2025-04-07 13:46:16,980 [INFO] 识盘命令输出：
2025-04-07 13:46:17,043 [INFO] smart_log : 
2025-04-07 13:46:18,048 [INFO] 识盘命令输出：
2025-04-07 13:46:18,109 [INFO] smart_log : 
2025-04-07 13:46:19,116 [INFO] 识盘命令输出：
2025-04-07 13:46:19,186 [INFO] smart_log : 
2025-04-07 13:46:20,200 [INFO] 识盘命令输出：
2025-04-07 13:46:20,266 [INFO] smart_log : 
2025-04-07 13:46:21,269 [INFO] 识盘命令输出：
2025-04-07 13:46:21,337 [INFO] smart_log : 
2025-04-07 13:46:22,352 [INFO] 识盘命令输出：
2025-04-07 13:46:22,419 [INFO] smart_log : 
2025-04-07 13:46:23,421 [INFO] 识盘命令输出：
2025-04-07 13:46:23,488 [INFO] smart_log : 错误代码 2: 
2025-04-07 13:46:24,504 [INFO] 识盘命令输出：
2025-04-07 13:46:24,558 [INFO] smart_log : 错误代码 1: 
2025-04-07 13:46:25,571 [INFO] 识盘命令输出：
2025-04-07 13:46:25,624 [INFO] smart_log : 错误代码 1: 
2025-04-07 13:46:26,639 [INFO] 识盘命令输出：
2025-04-07 13:46:26,691 [INFO] smart_log : 错误代码 1: 
2025-04-07 13:46:27,707 [INFO] 识盘命令输出：
2025-04-07 13:46:27,761 [INFO] smart_log : 错误代码 1: 
2025-04-07 13:46:28,776 [INFO] 识盘命令输出：
2025-04-07 13:46:28,828 [INFO] smart_log : 错误代码 1: 
2025-04-07 13:46:29,844 [INFO] 识盘命令输出：
2025-04-07 13:46:29,906 [INFO] smart_log : 错误代码 1: 
2025-04-07 13:46:30,913 [INFO] 识盘命令输出：
2025-04-07 13:46:30,965 [INFO] smart_log : 错误代码 1: 
2025-04-07 13:46:31,980 [INFO] 识盘命令输出：
2025-04-07 13:46:32,034 [INFO] smart_log : 错误代码 1: 
2025-04-07 13:46:33,049 [INFO] 识盘命令输出：
2025-04-07 13:46:33,109 [INFO] smart_log : 错误代码 1: 
2025-04-07 13:46:34,117 [INFO] 识盘命令输出：
2025-04-07 13:46:34,175 [INFO] smart_log : 错误代码 1: 
2025-04-07 13:46:35,185 [INFO] 识盘命令输出：
2025-04-07 13:46:35,235 [INFO] smart_log : 错误代码 1: 
2025-04-07 13:46:36,238 [INFO] 识盘命令输出：
2025-04-07 13:46:36,295 [INFO] smart_log : 错误代码 1: 
2025-04-07 13:46:37,306 [INFO] 识盘命令输出：
2025-04-07 13:46:37,358 [INFO] smart_log : 错误代码 1: 
2025-04-07 13:46:38,359 [INFO] 识盘命令输出：
2025-04-07 13:46:38,410 [INFO] smart_log : 错误代码 1: 
2025-04-07 13:46:39,411 [INFO] 识盘命令输出：
2025-04-07 13:46:39,464 [INFO] smart_log : 错误代码 1: 
2025-04-07 13:46:40,479 [INFO] 识盘命令输出：
2025-04-07 13:46:40,534 [INFO] smart_log : 错误代码 1: 
2025-04-07 13:46:41,547 [INFO] 识盘命令输出：
2025-04-07 13:46:41,605 [INFO] smart_log : 错误代码 1: 
2025-04-07 13:46:42,616 [INFO] 识盘命令输出：
2025-04-07 13:46:42,668 [INFO] smart_log : 错误代码 1: 
2025-04-07 13:46:43,684 [INFO] 等待5秒后开始上电
2025-04-07 13:47:59,455 [INFO] current_transition_state : 已锁定
