2025-03-05 09:27:57,542 [INFO] 程序已以管理员权限运行。
2025-03-05 09:27:57,542 [INFO] step 1: bitlocker unlock
2025-03-05 09:28:03,242 [INFO] current_locked_state : 已解锁
2025-03-05 09:28:03,243 [INFO] step 2: bitlocker change password
2025-03-05 09:28:10,132 [INFO] step 3: delay power off
2025-03-05 09:28:10,132 [INFO] 识盘命令输出：
2025-03-05 09:28:10,191 [INFO] smart_log : 
2025-03-05 09:28:11,196 [INFO] 识盘命令输出：
2025-03-05 09:28:11,269 [INFO] smart_log : 
2025-03-05 09:28:12,279 [INFO] 识盘命令输出：
2025-03-05 09:28:12,351 [INFO] smart_log : 
2025-03-05 09:28:13,363 [INFO] 识盘命令输出：
2025-03-05 09:28:13,434 [INFO] smart_log : 
2025-03-05 09:28:14,445 [INFO] 识盘命令输出：
2025-03-05 09:28:14,518 [INFO] smart_log : 
2025-03-05 09:28:15,528 [INFO] 识盘命令输出：
2025-03-05 09:28:15,598 [INFO] smart_log : 
2025-03-05 09:28:16,613 [INFO] 识盘命令输出：
2025-03-05 09:28:16,689 [INFO] smart_log : 
2025-03-05 09:28:17,697 [INFO] 识盘命令输出：
2025-03-05 09:28:17,774 [INFO] smart_log : 
2025-03-05 09:28:18,778 [INFO] 识盘命令输出：
2025-03-05 09:28:18,855 [INFO] smart_log : 
2025-03-05 09:28:19,863 [INFO] 识盘命令输出：
2025-03-05 09:28:19,935 [INFO] smart_log : 
2025-03-05 09:28:20,945 [INFO] 识盘命令输出：
2025-03-05 09:28:20,987 [INFO] smart_log : 错误代码 1: 
2025-03-05 09:28:21,996 [INFO] 识盘命令输出：
2025-03-05 09:28:22,052 [INFO] smart_log : 错误代码 1: 
2025-03-05 09:28:23,065 [INFO] 识盘命令输出：
2025-03-05 09:28:23,120 [INFO] smart_log : 错误代码 1: 
2025-03-05 09:28:24,133 [INFO] 识盘命令输出：
2025-03-05 09:28:24,192 [INFO] smart_log : 错误代码 1: 
2025-03-05 09:28:25,202 [INFO] 识盘命令输出：
2025-03-05 09:28:25,265 [INFO] smart_log : 错误代码 1: 
2025-03-05 09:28:26,270 [INFO] 识盘命令输出：
2025-03-05 09:28:26,319 [INFO] smart_log : 错误代码 1: 
2025-03-05 09:28:27,334 [INFO] 识盘命令输出：
2025-03-05 09:28:27,389 [INFO] smart_log : 错误代码 1: 
2025-03-05 09:28:28,401 [INFO] 识盘命令输出：
2025-03-05 09:28:28,456 [INFO] smart_log : 错误代码 1: 
2025-03-05 09:28:29,470 [INFO] 识盘命令输出：
2025-03-05 09:28:29,529 [INFO] smart_log : 错误代码 1: 
2025-03-05 09:28:30,538 [INFO] 识盘命令输出：
2025-03-05 09:28:30,595 [INFO] smart_log : 错误代码 1: 
2025-03-05 09:28:31,607 [INFO] 识盘命令输出：
2025-03-05 09:28:31,664 [INFO] smart_log : 错误代码 1: 
2025-03-05 09:28:32,674 [INFO] 识盘命令输出：
2025-03-05 09:28:32,728 [INFO] smart_log : 错误代码 1: 
2025-03-05 09:28:33,742 [INFO] 识盘命令输出：
2025-03-05 09:28:33,793 [INFO] smart_log : 错误代码 1: 
2025-03-05 09:28:34,805 [INFO] 识盘命令输出：
2025-03-05 09:28:34,862 [INFO] smart_log : 错误代码 1: 
2025-03-05 09:28:35,873 [INFO] 识盘命令输出：
2025-03-05 09:28:35,925 [INFO] smart_log : 错误代码 1: 
2025-03-05 09:28:36,941 [INFO] 识盘命令输出：
2025-03-05 09:28:36,996 [INFO] smart_log : 错误代码 1: 
2025-03-05 09:28:38,010 [INFO] 识盘命令输出：
2025-03-05 09:28:38,067 [INFO] smart_log : 错误代码 1: 
2025-03-05 09:28:39,078 [INFO] 识盘命令输出：
2025-03-05 09:28:39,134 [INFO] smart_log : 错误代码 1: 
2025-03-05 09:28:40,147 [INFO] 等待5秒后开始上电
