2025-03-04 20:50:42,008 [INFO] 程序已以管理员权限运行。
2025-03-04 20:50:42,008 [INFO] new volume
2025-03-04 20:51:02,401 [INFO] Scanning for Opal compliant disks
\\.\PhysicalDrive0  2      RSYE3839S-480G                           SP301011
\\.\PhysicalDrive1 No       
No more disks present ending scan
2025-03-04 20:51:02,401 [INFO] step 1: status check
2025-03-04 20:51:02,455 [INFO] BitLocker 驱动器加密: 配置工具版本 10.0.19041
版权所有 (C) 2013 Microsoft Corporation。保留所有权利。

卷 D: []
[数据卷]

    大小:              447.12 GB
    BitLocker 版本:    无
    转换状态:          完全解密
    已加密百分比:      0.0%
    加密方法:          无
    保护状态:          保护关闭
    锁定状态:          已解锁
    标识字段:          无
    自动解锁:          已禁用
    密钥保护器:        找不到
2025-03-04 20:51:02,456 [INFO] disk_current_status : {'BitLocker 驱动器加密': '配置工具版本 10.0.19041', '卷 D': '[]', '大小': '447.12 GB', 'BitLocker 版本': '无', '转换状态': '完全解密', '已加密百分比': '0.0%', '加密方法': '无', '保护状态': '保护关闭', '锁定状态': '已解锁', '标识字段': '无', '自动解锁': '已禁用', '密钥保护器': '找不到'}
2025-03-04 20:51:02,457 [INFO] step 2: bitlocker on
2025-03-04 20:51:17,353 [INFO] key: {password}
2025-03-04 20:51:18,422 [INFO] disk_current_status : {'BitLocker 驱动器加密': '配置工具版本 10.0.19041', '卷 D': '[]', '大小': '447.12 GB', 'BitLocker 版本': '无', '转换状态': '完全解密', '已加密百分比': '0.0%', '加密方法': '无', '保护状态': '保护关闭', '锁定状态': '已解锁', '标识字段': '无', '自动解锁': '已禁用', '密钥保护器': '找不到'}
2025-03-04 20:51:18,422 [INFO] step 3: bitlocker add password
2025-03-04 20:51:24,375 [INFO] step 4: bitlocker change password
2025-03-04 20:51:31,317 [INFO] step 5: bitlocker lock
2025-03-04 20:51:32,957 [INFO] BitLocker 驱动器加密: 配置工具版本 10.0.19041
版权所有 (C) 2013 Microsoft Corporation。保留所有权利。

卷 D: 现在已锁定
2025-03-04 20:51:34,043 [INFO] current_locked_state : 已锁定
2025-03-04 20:51:34,043 [INFO] step 6: read and write after disk locked
2025-03-04 20:51:34,044 [ERROR] 写入失败，错误信息：[Errno 22] Invalid argument: 'D://test_file.txt'
Traceback (most recent call last):
  File "t_Tcg_BitLocker_17_BaseAPL.py", line 88, in verify_locked
    with open(test_file, "w") as file:
OSError: [Errno 22] Invalid argument: 'D://test_file.txt'
2025-03-04 20:51:34,044 [ERROR] 读取失败，错误信息：[WinError -2144272384] BitLocker 驱动器加密已锁定该驱动器。必须从控制面板解除此驱动器锁定。: 'D://'
Traceback (most recent call last):
  File "t_Tcg_BitLocker_17_BaseAPL.py", line 101, in verify_locked
    files = os.listdir(drive_letter)
OSError: [WinError -2144272384] BitLocker 驱动器加密已锁定该驱动器。必须从控制面板解除此驱动器锁定。: 'D://'
2025-03-04 20:51:34,045 [ERROR] 写入失败，错误信息：[Errno 22] Invalid argument: 'D://test_file.txt'
Traceback (most recent call last):
  File "t_Tcg_BitLocker_17_BaseAPL.py", line 88, in verify_locked
    with open(test_file, "w") as file:
OSError: [Errno 22] Invalid argument: 'D://test_file.txt'
2025-03-04 20:51:34,045 [ERROR] 读取失败，错误信息：[WinError -2144272384] BitLocker 驱动器加密已锁定该驱动器。必须从控制面板解除此驱动器锁定。: 'D://'
Traceback (most recent call last):
  File "t_Tcg_BitLocker_17_BaseAPL.py", line 101, in verify_locked
    files = os.listdir(drive_letter)
OSError: [WinError -2144272384] BitLocker 驱动器加密已锁定该驱动器。必须从控制面板解除此驱动器锁定。: 'D://'
2025-03-04 20:51:34,045 [INFO] D: 已被锁定。
2025-03-04 20:51:34,045 [INFO] step 7: bitlocker unlock
2025-03-04 20:51:39,740 [INFO] current_locked_state : 已解锁
2025-03-04 20:51:39,740 [INFO] step 8: bitlocker off
2025-03-04 20:51:46,103 [INFO] current_transition_state : 完全解密
2025-03-04 20:51:46,104 [INFO] step 9: bitlocker on again
2025-03-04 20:52:01,410 [INFO] key: 080520-622633-500236-109593-522379-018106-333817-225159
2025-03-04 20:52:01,411 [INFO] step 10: bitlocker off
2025-03-04 20:52:07,884 [INFO] current_transition_state : 完全解密
2025-03-04 20:52:07,885 [INFO] step 11: APL
2025-03-04 20:52:07,888 [INFO] delay power off
2025-03-04 20:52:07,890 [INFO] 识盘命令输出：
2025-03-04 20:52:08,037 [INFO] smart_log : 
2025-03-04 20:52:09,044 [INFO] 识盘命令输出：
2025-03-04 20:52:09,122 [INFO] smart_log : 
2025-03-04 20:52:10,124 [INFO] 识盘命令输出：
2025-03-04 20:52:10,786 [INFO] smart_log : 错误代码 2: 
2025-03-04 20:52:11,795 [INFO] 识盘命令输出：
2025-03-04 20:52:11,861 [INFO] smart_log : 错误代码 1: 
2025-03-04 20:52:12,863 [INFO] 识盘命令输出：
2025-03-04 20:52:12,926 [INFO] smart_log : 错误代码 1: 
2025-03-04 20:52:13,930 [INFO] 识盘命令输出：
2025-03-04 20:52:13,985 [INFO] smart_log : 错误代码 1: 
2025-03-04 20:52:14,997 [INFO] 识盘命令输出：
2025-03-04 20:52:15,058 [INFO] smart_log : 错误代码 1: 
2025-03-04 20:52:16,064 [INFO] 识盘命令输出：
2025-03-04 20:52:16,121 [INFO] smart_log : 错误代码 1: 
2025-03-04 20:52:17,130 [INFO] 识盘命令输出：
2025-03-04 20:52:17,189 [INFO] smart_log : 错误代码 1: 
2025-03-04 20:52:18,198 [INFO] 等待5秒后开始上电
