2025-04-07 19:01:50,491 [INFO] 程序已以管理员权限运行。
2025-04-07 19:01:50,491 [INFO] 程序已以管理员权限运行。
2025-04-07 19:01:50,549 [INFO] BitLocker 驱动器加密: 配置工具版本 10.0.19041
版权所有 (C) 2013 Microsoft Corporation。保留所有权利。

卷 D: [新加卷]
[数据卷]

    大小:              3576.97 GB
    BitLocker 版本:    无
    转换状态:          完全解密
    已加密百分比:      0.0%
    加密方法:          无
    保护状态:          保护关闭
    锁定状态:          已解锁
    标识字段:          无
    自动解锁:          已禁用
    密钥保护器:        找不到
2025-04-07 19:01:50,549 [INFO] [INFO] Initial run. Running enable BitLocker logic...
2025-04-07 19:01:56,744 [INFO] step 1: status check
2025-04-07 19:01:56,796 [INFO] BitLocker 驱动器加密: 配置工具版本 10.0.19041
版权所有 (C) 2013 Microsoft Corporation。保留所有权利。

卷 D: [新加卷]
[数据卷]

    大小:              3576.97 GB
    BitLocker 版本:    2.0
    转换状态:          完全加密
    已加密百分比:      100.0%
    加密方法:    硬件加密 - 1.3.111.2.1619.0.1.2
    保护状态:          保护已启用
    锁定状态:          已解锁
    标识字段:          未知
    自动解锁:          已禁用
    密钥保护器:
        外部密钥
        数字密码
2025-04-07 19:01:56,797 [INFO] disk_current_status : 硬件加密 - 1.3.111.2.1619.0.1.2
2025-04-07 19:01:59,809 [INFO] step 2: bitlocker add password
2025-04-07 19:02:09,239 [INFO] step 3: APL
2025-04-07 19:02:09,240 [INFO] delay power off
2025-04-07 19:02:09,244 [INFO] 识盘命令输出：
2025-04-07 19:02:09,391 [INFO] smart_log : 
2025-04-07 19:02:10,395 [INFO] 识盘命令输出：
2025-04-07 19:02:10,453 [INFO] smart_log : 
2025-04-07 19:02:11,453 [INFO] 识盘命令输出：
2025-04-07 19:02:12,138 [INFO] smart_log : 错误代码 2: 
2025-04-07 19:02:13,141 [INFO] 识盘命令输出：
2025-04-07 19:02:13,196 [INFO] smart_log : 错误代码 1: 
2025-04-07 19:02:14,211 [INFO] 识盘命令输出：
2025-04-07 19:02:14,271 [INFO] smart_log : 错误代码 1: 
2025-04-07 19:02:15,283 [INFO] 识盘命令输出：
2025-04-07 19:02:15,345 [INFO] smart_log : 错误代码 1: 
2025-04-07 19:02:16,352 [INFO] 识盘命令输出：
2025-04-07 19:02:16,408 [INFO] smart_log : 错误代码 1: 
2025-04-07 19:02:17,408 [INFO] 识盘命令输出：
2025-04-07 19:02:17,461 [INFO] smart_log : 错误代码 1: 
2025-04-07 19:02:18,476 [INFO] 识盘命令输出：
2025-04-07 19:02:18,533 [INFO] smart_log : 错误代码 1: 
2025-04-07 19:02:19,539 [INFO] 等待5秒后开始上电
2025-04-07 19:02:40,279 [INFO] [INFO] Task created successfully.
2025-04-07 19:02:40,280 [INFO] Batch file generated and placed in startup directory: C:\ProgramData\Microsoft\Windows\Start Menu\Programs\StartUp\run_script.bat
2025-04-07 19:02:40,280 [INFO] [INFO] System will now reboot...
2025-04-07 19:02:42,328 [INFO] 流程完成。
