2025-04-03 17:18:16,955 [INFO] 程序已以管理员权限运行。
2025-04-03 17:18:16,955 [INFO] step 0: delay power off
2025-04-03 17:18:16,956 [INFO] step 1 Format
2025-04-03 17:18:37,297 [INFO] step 2: status check
2025-04-03 17:18:37,332 [INFO] current_transition_state : 错误代码 136: Invalid or unsupported disk \\.\PhysicalDrive0
2025-04-03 17:18:37,332 [INFO] 识盘命令输出：
2025-04-03 17:18:37,369 [INFO] smart_log : 错误代码 1: 
2025-04-03 17:18:38,381 [INFO] 识盘命令输出：
2025-04-03 17:18:38,439 [INFO] smart_log : 错误代码 1: 
2025-04-03 17:18:39,447 [INFO] 识盘命令输出：
2025-04-03 17:18:39,509 [INFO] smart_log : 错误代码 1: 
2025-04-03 17:18:40,515 [INFO] 识盘命令输出：
2025-04-03 17:18:40,581 [INFO] smart_log : 错误代码 1: 
2025-04-03 17:18:41,593 [INFO] 识盘命令输出：
2025-04-03 17:18:41,657 [INFO] smart_log : 错误代码 1: 
2025-04-03 17:18:42,659 [INFO] 识盘命令输出：
2025-04-03 17:18:42,701 [INFO] smart_log : 错误代码 1: 
2025-04-03 17:18:43,712 [INFO] 识盘命令输出：
2025-04-03 17:18:43,767 [INFO] smart_log : 错误代码 1: 
2025-04-03 17:18:44,776 [INFO] 识盘命令输出：
2025-04-03 17:18:44,833 [INFO] smart_log : 错误代码 1: 
2025-04-03 17:18:45,844 [INFO] 识盘命令输出：
2025-04-03 17:18:45,905 [INFO] smart_log : 错误代码 1: 
2025-04-03 17:18:46,912 [INFO] 识盘命令输出：
2025-04-03 17:18:46,974 [INFO] smart_log : 错误代码 1: 
2025-04-03 17:18:47,981 [INFO] 等待5秒后开始上电
