2025-02-21 10:04:04,534 [INFO] 程序已以管理员权限运行。
2025-02-21 10:04:04,534 [INFO] 程序已以管理员权限运行。
2025-02-21 10:04:04,575 [INFO] BitLocker 驱动器加密: 配置工具版本 10.0.19041
版权所有 (C) 2013 Microsoft Corporation。保留所有权利。

卷 D: []
[数据卷]

    大小:              894.24 GB
    BitLocker 版本:    无
    转换状态:          完全解密
    已加密百分比:      0.0%
    加密方法:          无
    保护状态:          保护关闭
    锁定状态:          已解锁
    标识字段:          无
    自动解锁:          已禁用
    密钥保护器:        找不到
2025-02-21 10:04:04,575 [INFO] [INFO] Initial run. Running enable BitLocker logic...
2025-02-21 10:04:19,209 [INFO] step 1: status check
2025-02-21 10:04:19,257 [INFO] BitLocker 驱动器加密: 配置工具版本 10.0.19041
版权所有 (C) 2013 Microsoft Corporation。保留所有权利。

卷 D: []
[数据卷]

    大小:              894.24 GB
    BitLocker 版本:    2.0
    转换状态:          完全加密
    已加密百分比:      100.0%
    加密方法:    硬件加密 - 1.3.111.2.1619.0.1.2
    保护状态:          保护已启用
    锁定状态:          已解锁
    标识字段:          未知
    自动解锁:          已禁用
    密钥保护器:
        外部密钥
        数字密码
2025-02-21 10:04:19,257 [INFO] disk_current_status : 硬件加密 - 1.3.111.2.1619.0.1.2
2025-02-21 10:04:22,272 [INFO] step 2: bitlocker add password
2025-02-21 10:04:33,002 [INFO] step 3: APL
2025-02-21 10:04:33,002 [INFO] delay power off
2025-02-21 10:04:33,007 [INFO] 识盘命令输出：
2025-02-21 10:04:33,077 [INFO] smart_log : 
2025-02-21 10:04:34,087 [INFO] 识盘命令输出：
2025-02-21 10:04:34,151 [INFO] smart_log : 
2025-02-21 10:04:35,152 [INFO] 识盘命令输出：
2025-02-21 10:04:35,791 [INFO] smart_log : 错误代码 2: 
2025-02-21 10:04:36,805 [INFO] 识盘命令输出：
2025-02-21 10:04:36,864 [INFO] smart_log : 错误代码 1: 
2025-02-21 10:04:37,873 [INFO] 识盘命令输出：
2025-02-21 10:04:37,932 [INFO] smart_log : 错误代码 1: 
2025-02-21 10:04:38,941 [INFO] 识盘命令输出：
2025-02-21 10:04:38,997 [INFO] smart_log : 错误代码 1: 
2025-02-21 10:04:40,008 [INFO] 识盘命令输出：
2025-02-21 10:04:40,064 [INFO] smart_log : 错误代码 1: 
2025-02-21 10:04:41,075 [INFO] 识盘命令输出：
2025-02-21 10:04:41,132 [INFO] smart_log : 错误代码 1: 
2025-02-21 10:04:42,142 [INFO] 识盘命令输出：
2025-02-21 10:04:42,206 [INFO] smart_log : 错误代码 1: 
2025-02-21 10:04:43,211 [INFO] 等待5秒后开始上电
2025-02-21 10:05:03,934 [INFO] [INFO] Task created successfully.
2025-02-21 10:05:03,935 [INFO] Batch file generated and placed in startup directory: C:\ProgramData\Microsoft\Windows\Start Menu\Programs\StartUp\run_script.bat
2025-02-21 10:05:03,935 [INFO] [INFO] System will now reboot...
2025-02-21 10:05:05,985 [INFO] 流程完成。
