2025-03-17 21:52:43,600 [INFO] 程序已以管理员权限运行。
2025-03-17 21:52:43,601 [INFO] new volume
2025-03-17 21:53:04,010 [INFO] Scanning for Opal compliant disks
\\.\PhysicalDrive0  2      RSYE3839S-960G                           SP301012
\\.\PhysicalDrive1 No       
No more disks present ending scan
2025-03-17 21:53:04,010 [INFO] step 1: status check
2025-03-17 21:53:04,055 [INFO] BitLocker 驱动器加密: 配置工具版本 10.0.19041
版权所有 (C) 2013 Microsoft Corporation。保留所有权利。

卷 D: []
[数据卷]

    大小:              894.24 GB
    BitLocker 版本:    无
    转换状态:          完全解密
    已加密百分比:      0.0%
    加密方法:          无
    保护状态:          保护关闭
    锁定状态:          已解锁
    标识字段:          无
    自动解锁:          已禁用
    密钥保护器:        找不到
2025-03-17 21:53:04,056 [INFO] disk_current_status : {'BitLocker 驱动器加密': '配置工具版本 10.0.19041', '卷 D': '[]', '大小': '894.24 GB', 'BitLocker 版本': '无', '转换状态': '完全解密', '已加密百分比': '0.0%', '加密方法': '无', '保护状态': '保护关闭', '锁定状态': '已解锁', '标识字段': '无', '自动解锁': '已禁用', '密钥保护器': '找不到'}
2025-03-17 21:53:04,056 [INFO] step 2: bitlocker on
2025-03-17 21:53:19,295 [INFO] key: {password}
2025-03-17 21:53:20,365 [INFO] disk_current_status : {'BitLocker 驱动器加密': '配置工具版本 10.0.19041', '卷 D': '[]', '大小': '894.24 GB', 'BitLocker 版本': '无', '转换状态': '完全解密', '已加密百分比': '0.0%', '加密方法': '无', '保护状态': '保护关闭', '锁定状态': '已解锁', '标识字段': '无', '自动解锁': '已禁用', '密钥保护器': '找不到'}
2025-03-17 21:53:20,365 [INFO] step 3: bitlocker add password
2025-03-17 21:53:26,348 [INFO] step 4: bitlocker change password
2025-03-17 21:53:33,321 [INFO] step 5: bitlocker lock
2025-03-17 21:53:34,978 [INFO] BitLocker 驱动器加密: 配置工具版本 10.0.19041
版权所有 (C) 2013 Microsoft Corporation。保留所有权利。

卷 D: 现在已锁定
2025-03-17 21:53:36,075 [INFO] current_locked_state : 已锁定
2025-03-17 21:53:36,076 [INFO] step 6: read and write after disk locked
2025-03-17 21:53:36,076 [ERROR] 写入失败，错误信息：[Errno 22] Invalid argument: 'D://test_file.txt'
Traceback (most recent call last):
  File "t_Tcg_BitLocker_16_BaseFormat.py", line 86, in verify_locked
    with open(test_file, "w") as file:
OSError: [Errno 22] Invalid argument: 'D://test_file.txt'
2025-03-17 21:53:36,077 [ERROR] 读取失败，错误信息：[WinError -2144272384] BitLocker 驱动器加密已锁定该驱动器。必须从控制面板解除此驱动器锁定。: 'D://'
Traceback (most recent call last):
  File "t_Tcg_BitLocker_16_BaseFormat.py", line 99, in verify_locked
    files = os.listdir(drive_letter)
OSError: [WinError -2144272384] BitLocker 驱动器加密已锁定该驱动器。必须从控制面板解除此驱动器锁定。: 'D://'
2025-03-17 21:53:36,077 [ERROR] 写入失败，错误信息：[Errno 22] Invalid argument: 'D://test_file.txt'
Traceback (most recent call last):
  File "t_Tcg_BitLocker_16_BaseFormat.py", line 86, in verify_locked
    with open(test_file, "w") as file:
OSError: [Errno 22] Invalid argument: 'D://test_file.txt'
2025-03-17 21:53:36,077 [ERROR] 读取失败，错误信息：[WinError -2144272384] BitLocker 驱动器加密已锁定该驱动器。必须从控制面板解除此驱动器锁定。: 'D://'
Traceback (most recent call last):
  File "t_Tcg_BitLocker_16_BaseFormat.py", line 99, in verify_locked
    files = os.listdir(drive_letter)
OSError: [WinError -2144272384] BitLocker 驱动器加密已锁定该驱动器。必须从控制面板解除此驱动器锁定。: 'D://'
2025-03-17 21:53:36,077 [INFO] D: 已被锁定。
2025-03-17 21:53:36,077 [INFO] step 7: bitlocker unlock
2025-03-17 21:53:41,919 [INFO] current_locked_state : 已解锁
2025-03-17 21:53:41,919 [INFO] step 8: bitlocker off
2025-03-17 21:53:48,346 [INFO] current_transition_state : 完全解密
2025-03-17 21:53:48,346 [INFO] step 9: bitlocker on again
2025-03-17 21:54:03,920 [INFO] key: 017501-443157-489709-445313-553586-169378-335445-251636
2025-03-17 21:54:03,920 [INFO] step 10: bitlocker off
2025-03-17 21:54:10,329 [INFO] current_transition_state : 完全解密
2025-03-17 21:54:10,330 [INFO] step 11: format
2025-03-17 21:54:30,716 [INFO] Scanning for Opal compliant disks
\\.\PhysicalDrive0  2      RSYE3839S-960G                           SP301012
\\.\PhysicalDrive1 No       
No more disks present ending scan
