2025-02-18 11:51:05,560 [INFO] 程序已以管理员权限运行。
2025-02-18 11:51:05,561 [INFO] new volume
2025-02-18 11:51:25,892 [INFO] Scanning for Opal compliant disks
\\.\PhysicalDrive0  2      RSYE3839S-960G                           SP30100B
\\.\PhysicalDrive1 No       
No more disks present ending scan
2025-02-18 11:51:25,892 [INFO] step 1: status check
2025-02-18 11:51:25,930 [INFO] BitLocker 驱动器加密: 配置工具版本 10.0.19041
版权所有 (C) 2013 Microsoft Corporation。保留所有权利。

卷 D: []
[数据卷]

    大小:              894.24 GB
    BitLocker 版本:    无
    转换状态:          完全解密
    已加密百分比:      0.0%
    加密方法:          无
    保护状态:          保护关闭
    锁定状态:          已解锁
    标识字段:          无
    自动解锁:          已禁用
    密钥保护器:        找不到
2025-02-18 11:51:25,930 [INFO] disk_current_status : {'BitLocker 驱动器加密': '配置工具版本 10.0.19041', '卷 D': '[]', '大小': '894.24 GB', 'BitLocker 版本': '无', '转换状态': '完全解密', '已加密百分比': '0.0%', '加密方法': '无', '保护状态': '保护关闭', '锁定状态': '已解锁', '标识字段': '无', '自动解锁': '已禁用', '密钥保护器': '找不到'}
2025-02-18 11:51:25,931 [INFO] FIO read write
2025-02-18 11:51:25,931 [INFO] Running command: fio.exe --name=seqwrite --rw=write --bs=128k --size=10G --directory=D\:\fio_test --filename=testfile --iodepth=1 --output=fio_log\seqwrite.log
2025-02-18 11:51:41,426 [INFO] Sequential write completed successfully.
2025-02-18 11:51:41,427 [INFO] step 2: bitlocker on
2025-02-18 11:51:56,554 [INFO] key: {password}
2025-02-18 11:51:57,616 [INFO] disk_current_status : {'BitLocker 驱动器加密': '配置工具版本 10.0.19041', '卷 D': '[]', '大小': '894.24 GB', 'BitLocker 版本': '无', '转换状态': '完全解密', '已加密百分比': '0.0%', '加密方法': '无', '保护状态': '保护关闭', '锁定状态': '已解锁', '标识字段': '无', '自动解锁': '已禁用', '密钥保护器': '找不到'}
2025-02-18 11:51:57,616 [INFO] step 3: bitlocker add password
2025-02-18 11:52:03,527 [INFO] step 4: bitlocker change password
2025-02-18 11:52:10,320 [INFO] step 5: bitlocker lock
2025-02-18 11:52:13,992 [INFO] BitLocker 驱动器加密: 配置工具版本 10.0.19041
版权所有 (C) 2013 Microsoft Corporation。保留所有权利。

卷 D: 现在已锁定
2025-02-18 11:52:15,061 [INFO] current_locked_state : 已锁定
2025-02-18 11:52:15,061 [INFO] step 6: read and write after disk locked
2025-02-18 11:52:15,064 [ERROR] 写入失败，错误信息：[Errno 22] Invalid argument: 'D://test_file.txt'
Traceback (most recent call last):
  File "t_Tcg_BitLocker_19_BaseIoFormat.py", line 87, in verify_locked
    with open(test_file, "w") as file:
OSError: [Errno 22] Invalid argument: 'D://test_file.txt'
2025-02-18 11:52:15,067 [ERROR] 读取失败，错误信息：[WinError -2144272384] BitLocker 驱动器加密已锁定该驱动器。必须从控制面板解除此驱动器锁定。: 'D://'
Traceback (most recent call last):
  File "t_Tcg_BitLocker_19_BaseIoFormat.py", line 100, in verify_locked
    files = os.listdir(drive_letter)
OSError: [WinError -2144272384] BitLocker 驱动器加密已锁定该驱动器。必须从控制面板解除此驱动器锁定。: 'D://'
2025-02-18 11:52:15,070 [ERROR] 写入失败，错误信息：[Errno 22] Invalid argument: 'D://test_file.txt'
Traceback (most recent call last):
  File "t_Tcg_BitLocker_19_BaseIoFormat.py", line 87, in verify_locked
    with open(test_file, "w") as file:
OSError: [Errno 22] Invalid argument: 'D://test_file.txt'
2025-02-18 11:52:15,072 [ERROR] 读取失败，错误信息：[WinError -2144272384] BitLocker 驱动器加密已锁定该驱动器。必须从控制面板解除此驱动器锁定。: 'D://'
Traceback (most recent call last):
  File "t_Tcg_BitLocker_19_BaseIoFormat.py", line 100, in verify_locked
    files = os.listdir(drive_letter)
OSError: [WinError -2144272384] BitLocker 驱动器加密已锁定该驱动器。必须从控制面板解除此驱动器锁定。: 'D://'
2025-02-18 11:52:15,073 [INFO] D: 已被锁定。
2025-02-18 11:52:15,073 [INFO] step 7: bitlocker unlock
2025-02-18 11:52:20,735 [INFO] current_locked_state : 已解锁
2025-02-18 11:52:20,735 [INFO] step 8: bitlocker off
2025-02-18 11:52:27,190 [INFO] current_transition_state : 完全解密
2025-02-18 11:52:27,190 [INFO] step 9: bitlocker on again
2025-02-18 11:52:42,403 [INFO] key: 342628-442112-146597-464695-044231-338085-302302-409332
2025-02-18 11:52:42,403 [INFO] step 10: bitlocker off
2025-02-18 11:52:48,729 [INFO] current_transition_state : 完全解密
2025-02-18 11:52:48,730 [INFO] step 11: format
2025-02-18 11:53:09,075 [INFO] Scanning for Opal compliant disks
\\.\PhysicalDrive0  2      RSYE3839S-960G                           SP30100B
\\.\PhysicalDrive1 No       
No more disks present ending scan
