2025-04-03 17:08:28,897 [INFO] 程序已以管理员权限运行。
2025-04-03 17:08:28,897 [INFO] step 1: bitlocker unlock
2025-04-03 17:08:34,447 [INFO] current_locked_state : 已解锁
2025-04-03 17:08:34,447 [INFO] step 2: delay power off
2025-04-03 17:08:34,448 [INFO] step 3: bitlocker lock
2025-04-03 17:08:35,823 [INFO] BitLocker 驱动器加密: 配置工具版本 10.0.19041
版权所有 (C) 2013 Microsoft Corporation。保留所有权利。

卷 D: 现在已锁定
2025-04-03 17:08:36,881 [INFO] current_locked_state : 已锁定
2025-04-03 17:08:36,882 [INFO] 识盘命令输出：
2025-04-03 17:08:36,921 [INFO] smart_log : 
2025-04-03 17:08:37,938 [INFO] 识盘命令输出：
2025-04-03 17:08:38,000 [INFO] smart_log : 
2025-04-03 17:08:39,004 [INFO] 识盘命令输出：
2025-04-03 17:08:39,072 [INFO] smart_log : 
2025-04-03 17:08:40,084 [INFO] 识盘命令输出：
2025-04-03 17:08:40,153 [INFO] smart_log : 
2025-04-03 17:08:41,166 [INFO] 识盘命令输出：
2025-04-03 17:08:41,217 [INFO] smart_log : 
2025-04-03 17:08:42,231 [INFO] 识盘命令输出：
2025-04-03 17:08:42,302 [INFO] smart_log : 
2025-04-03 17:08:43,315 [INFO] 识盘命令输出：
2025-04-03 17:08:43,373 [INFO] smart_log : 
2025-04-03 17:08:44,382 [INFO] 识盘命令输出：
2025-04-03 17:08:44,449 [INFO] smart_log : 
2025-04-03 17:08:45,453 [INFO] 识盘命令输出：
2025-04-03 17:08:45,489 [INFO] smart_log : 错误代码 1: 
2025-04-03 17:08:46,503 [INFO] 识盘命令输出：
2025-04-03 17:08:46,561 [INFO] smart_log : 错误代码 1: 
2025-04-03 17:08:47,566 [INFO] 识盘命令输出：
2025-04-03 17:08:47,624 [INFO] smart_log : 错误代码 1: 
2025-04-03 17:08:48,633 [INFO] 识盘命令输出：
2025-04-03 17:08:48,692 [INFO] smart_log : 错误代码 1: 
2025-04-03 17:08:49,701 [INFO] 识盘命令输出：
2025-04-03 17:08:49,753 [INFO] smart_log : 错误代码 1: 
2025-04-03 17:08:50,753 [INFO] 识盘命令输出：
2025-04-03 17:08:50,812 [INFO] smart_log : 错误代码 1: 
2025-04-03 17:08:51,822 [INFO] 识盘命令输出：
2025-04-03 17:08:51,858 [INFO] smart_log : 错误代码 1: 
2025-04-03 17:08:52,872 [INFO] 识盘命令输出：
2025-04-03 17:08:52,930 [INFO] smart_log : 错误代码 1: 
2025-04-03 17:08:53,934 [INFO] 识盘命令输出：
2025-04-03 17:08:53,989 [INFO] smart_log : 错误代码 1: 
2025-04-03 17:08:54,999 [INFO] 识盘命令输出：
2025-04-03 17:08:55,056 [INFO] smart_log : 错误代码 1: 
2025-04-03 17:08:56,068 [INFO] 识盘命令输出：
2025-04-03 17:08:56,122 [INFO] smart_log : 错误代码 1: 
2025-04-03 17:08:57,135 [INFO] 识盘命令输出：
2025-04-03 17:08:57,189 [INFO] smart_log : 错误代码 1: 
2025-04-03 17:08:58,203 [INFO] 识盘命令输出：
2025-04-03 17:08:58,258 [INFO] smart_log : 错误代码 1: 
2025-04-03 17:08:59,271 [INFO] 识盘命令输出：
2025-04-03 17:08:59,331 [INFO] smart_log : 错误代码 1: 
2025-04-03 17:09:00,339 [INFO] 识盘命令输出：
2025-04-03 17:09:00,398 [INFO] smart_log : 错误代码 1: 
2025-04-03 17:09:01,407 [INFO] 识盘命令输出：
2025-04-03 17:09:01,460 [INFO] smart_log : 错误代码 1: 
2025-04-03 17:09:02,474 [INFO] 识盘命令输出：
2025-04-03 17:09:02,520 [INFO] smart_log : 错误代码 1: 
2025-04-03 17:09:03,527 [INFO] 识盘命令输出：
2025-04-03 17:09:03,580 [INFO] smart_log : 错误代码 1: 
2025-04-03 17:09:04,594 [INFO] 识盘命令输出：
2025-04-03 17:09:04,650 [INFO] smart_log : 错误代码 1: 
2025-04-03 17:09:05,663 [INFO] 识盘命令输出：
2025-04-03 17:09:05,718 [INFO] smart_log : 错误代码 1: 
2025-04-03 17:09:06,730 [INFO] 识盘命令输出：
2025-04-03 17:09:06,785 [INFO] smart_log : 错误代码 1: 
2025-04-03 17:09:07,798 [INFO] 等待5秒后开始上电
