2025-03-02 21:37:40,509 [INFO] 程序已以管理员权限运行。
2025-03-02 21:37:40,509 [INFO] step 1: status check
2025-03-02 21:37:40,566 [INFO] BitLocker 驱动器加密: 配置工具版本 10.0.19041
版权所有 (C) 2013 Microsoft Corporation。保留所有权利。

卷 D: []
[数据卷]

    大小:              447.12 GB
    BitLocker 版本:    无
    转换状态:          完全解密
    已加密百分比:      0.0%
    加密方法:          无
    保护状态:          保护关闭
    锁定状态:          已解锁
    标识字段:          无
    自动解锁:          已禁用
    密钥保护器:        找不到
2025-03-02 21:37:40,567 [INFO] disk_current_status : {'BitLocker 驱动器加密': '配置工具版本 10.0.19041', '卷 D': '[]', '大小': '447.12 GB', 'BitLocker 版本': '无', '转换状态': '完全解密', '已加密百分比': '0.0%', '加密方法': '无', '保护状态': '保护关闭', '锁定状态': '已解锁', '标识字段': '无', '自动解锁': '已禁用', '密钥保护器': '找不到'}
2025-03-02 21:37:40,568 [INFO] step 2: bitlocker on
2025-03-02 21:37:55,732 [INFO] key: 141845-004554-088132-670725-524084-600314-604593-150414
2025-03-02 21:37:55,732 [INFO] step 3: bitlocker add password
2025-03-02 21:38:01,797 [INFO] step 4: delay power off
2025-03-02 21:38:01,798 [INFO] 识盘命令输出：
2025-03-02 21:38:01,844 [INFO] smart_log : 
2025-03-02 21:38:02,856 [INFO] 识盘命令输出：
2025-03-02 21:38:02,932 [INFO] smart_log : 
2025-03-02 21:38:03,938 [INFO] 识盘命令输出：
2025-03-02 21:38:04,018 [INFO] smart_log : 
2025-03-02 21:38:05,022 [INFO] 识盘命令输出：
2025-03-02 21:38:05,091 [INFO] smart_log : 
2025-03-02 21:38:06,106 [INFO] 识盘命令输出：
2025-03-02 21:38:06,179 [INFO] smart_log : 
2025-03-02 21:38:07,187 [INFO] 识盘命令输出：
2025-03-02 21:38:07,602 [INFO] smart_log : 错误代码 2: 
2025-03-02 21:38:08,608 [INFO] 识盘命令输出：
2025-03-02 21:38:08,664 [INFO] smart_log : 错误代码 1: 
2025-03-02 21:38:09,675 [INFO] 识盘命令输出：
2025-03-02 21:38:09,730 [INFO] smart_log : 错误代码 1: 
2025-03-02 21:38:10,743 [INFO] 识盘命令输出：
2025-03-02 21:38:10,799 [INFO] smart_log : 错误代码 1: 
2025-03-02 21:38:11,811 [INFO] 识盘命令输出：
2025-03-02 21:38:11,859 [INFO] smart_log : 错误代码 1: 
2025-03-02 21:38:12,864 [INFO] 识盘命令输出：
2025-03-02 21:38:12,919 [INFO] smart_log : 错误代码 1: 
2025-03-02 21:38:13,932 [INFO] 识盘命令输出：
2025-03-02 21:38:13,991 [INFO] smart_log : 错误代码 1: 
2025-03-02 21:38:15,001 [INFO] 识盘命令输出：
2025-03-02 21:38:15,056 [INFO] smart_log : 错误代码 1: 
2025-03-02 21:38:16,069 [INFO] 识盘命令输出：
2025-03-02 21:38:16,125 [INFO] smart_log : 错误代码 1: 
2025-03-02 21:38:17,138 [INFO] 识盘命令输出：
2025-03-02 21:38:17,196 [INFO] smart_log : 错误代码 1: 
2025-03-02 21:38:18,206 [INFO] 识盘命令输出：
2025-03-02 21:38:18,266 [INFO] smart_log : 错误代码 1: 
2025-03-02 21:38:19,275 [INFO] 识盘命令输出：
2025-03-02 21:38:19,331 [INFO] smart_log : 错误代码 1: 
2025-03-02 21:38:20,343 [INFO] 识盘命令输出：
2025-03-02 21:38:20,401 [INFO] smart_log : 错误代码 1: 
2025-03-02 21:38:21,410 [INFO] 识盘命令输出：
2025-03-02 21:38:21,465 [INFO] smart_log : 错误代码 1: 
2025-03-02 21:38:22,479 [INFO] 等待5秒后开始上电
2025-03-02 21:39:38,242 [INFO] disk_current_status : {'BitLocker 驱动器加密': '配置工具版本 10.0.19041', '卷 D': '[]', '大小': '447.12 GB', 'BitLocker 版本': '无', '转换状态': '完全解密', '已加密百分比': '0.0%', '加密方法': '无', '保护状态': '保护关闭', '锁定状态': '已解锁', '标识字段': '无', '自动解锁': '已禁用', '密钥保护器': '找不到'}
