2025-02-18 13:46:53,350 [INFO] 程序已以管理员权限运行。
2025-02-18 13:46:53,350 [INFO] step 1: bitlocker unlock
2025-02-18 13:46:59,397 [INFO] current_locked_state : 已解锁
2025-02-18 13:46:59,397 [INFO] step 2: bitlocker change password
2025-02-18 13:47:06,294 [INFO] step 3: delay power off
2025-02-18 13:47:06,295 [INFO] 识盘命令输出：
2025-02-18 13:47:06,355 [INFO] smart_log : 
2025-02-18 13:47:07,363 [INFO] 识盘命令输出：
2025-02-18 13:47:07,437 [INFO] smart_log : 
2025-02-18 13:47:08,446 [INFO] 识盘命令输出：
2025-02-18 13:47:08,513 [INFO] smart_log : 
2025-02-18 13:47:09,528 [INFO] 识盘命令输出：
2025-02-18 13:47:09,602 [INFO] smart_log : 
2025-02-18 13:47:10,607 [INFO] 识盘命令输出：
2025-02-18 13:47:10,676 [INFO] smart_log : 
2025-02-18 13:47:11,691 [INFO] 识盘命令输出：
2025-02-18 13:47:11,765 [INFO] smart_log : 
2025-02-18 13:47:12,774 [INFO] 识盘命令输出：
2025-02-18 13:47:12,846 [INFO] smart_log : 
2025-02-18 13:47:13,859 [INFO] 识盘命令输出：
2025-02-18 13:47:13,925 [INFO] smart_log : 
2025-02-18 13:47:14,926 [INFO] 识盘命令输出：
2025-02-18 13:47:15,001 [INFO] smart_log : 
2025-02-18 13:47:16,009 [INFO] 识盘命令输出：
2025-02-18 13:47:16,080 [INFO] smart_log : 
2025-02-18 13:47:17,094 [INFO] 识盘命令输出：
2025-02-18 13:47:17,152 [INFO] smart_log : 错误代码 1: 
2025-02-18 13:47:18,161 [INFO] 识盘命令输出：
2025-02-18 13:47:18,223 [INFO] smart_log : 错误代码 1: 
2025-02-18 13:47:19,228 [INFO] 识盘命令输出：
2025-02-18 13:47:19,288 [INFO] smart_log : 错误代码 1: 
2025-02-18 13:47:20,295 [INFO] 识盘命令输出：
2025-02-18 13:47:20,357 [INFO] smart_log : 错误代码 1: 
2025-02-18 13:47:21,364 [INFO] 识盘命令输出：
2025-02-18 13:47:21,406 [INFO] smart_log : 错误代码 1: 
2025-02-18 13:47:22,416 [INFO] 识盘命令输出：
2025-02-18 13:47:22,466 [INFO] smart_log : 错误代码 1: 
2025-02-18 13:47:23,469 [INFO] 识盘命令输出：
2025-02-18 13:47:23,518 [INFO] smart_log : 错误代码 1: 
2025-02-18 13:47:24,520 [INFO] 识盘命令输出：
2025-02-18 13:47:24,569 [INFO] smart_log : 错误代码 1: 
2025-02-18 13:47:25,573 [INFO] 识盘命令输出：
2025-02-18 13:47:25,635 [INFO] smart_log : 错误代码 1: 
2025-02-18 13:47:26,640 [INFO] 识盘命令输出：
2025-02-18 13:47:26,700 [INFO] smart_log : 错误代码 1: 
2025-02-18 13:47:27,708 [INFO] 识盘命令输出：
2025-02-18 13:47:27,756 [INFO] smart_log : 错误代码 1: 
2025-02-18 13:47:28,760 [INFO] 识盘命令输出：
2025-02-18 13:47:28,815 [INFO] smart_log : 错误代码 1: 
2025-02-18 13:47:29,828 [INFO] 识盘命令输出：
2025-02-18 13:47:29,892 [INFO] smart_log : 错误代码 1: 
2025-02-18 13:47:30,895 [INFO] 识盘命令输出：
2025-02-18 13:47:30,947 [INFO] smart_log : 错误代码 1: 
2025-02-18 13:47:31,963 [INFO] 识盘命令输出：
2025-02-18 13:47:32,004 [INFO] smart_log : 错误代码 1: 
2025-02-18 13:47:33,015 [INFO] 识盘命令输出：
2025-02-18 13:47:33,063 [INFO] smart_log : 错误代码 1: 
2025-02-18 13:47:34,067 [INFO] 识盘命令输出：
2025-02-18 13:47:34,119 [INFO] smart_log : 错误代码 1: 
2025-02-18 13:47:35,133 [INFO] 识盘命令输出：
2025-02-18 13:47:35,189 [INFO] smart_log : 错误代码 1: 
2025-02-18 13:47:36,201 [INFO] 识盘命令输出：
2025-02-18 13:47:36,240 [INFO] smart_log : 错误代码 1: 
2025-02-18 13:47:37,252 [INFO] 等待5秒后开始上电
2025-02-18 13:48:53,028 [INFO] current_transition_state : 已锁定
