2025-04-07 11:18:33,734 [INFO] 程序已以管理员权限运行。
2025-04-07 11:18:33,734 [INFO] step 3: delay power off
2025-04-07 11:18:33,735 [INFO] step 4: bitlocker unlock
2025-04-07 11:18:39,334 [INFO] current_locked_state : 已解锁
2025-04-07 11:18:39,334 [INFO] 识盘命令输出：
2025-04-07 11:18:39,375 [INFO] smart_log : 
2025-04-07 11:18:40,376 [INFO] 识盘命令输出：
2025-04-07 11:18:40,419 [INFO] smart_log : 
2025-04-07 11:18:41,424 [INFO] 识盘命令输出：
2025-04-07 11:18:41,493 [INFO] smart_log : 
2025-04-07 11:18:42,509 [INFO] 识盘命令输出：
2025-04-07 11:18:42,582 [INFO] smart_log : 
2025-04-07 11:18:43,592 [INFO] 识盘命令输出：
2025-04-07 11:18:43,663 [INFO] smart_log : 
2025-04-07 11:18:44,676 [INFO] 识盘命令输出：
2025-04-07 11:18:44,734 [INFO] smart_log : 错误代码 1: 
2025-04-07 11:18:45,743 [INFO] 识盘命令输出：
2025-04-07 11:18:45,805 [INFO] smart_log : 错误代码 1: 
2025-04-07 11:18:46,811 [INFO] 识盘命令输出：
2025-04-07 11:18:46,866 [INFO] smart_log : 错误代码 1: 
2025-04-07 11:18:47,875 [INFO] 识盘命令输出：
2025-04-07 11:18:47,937 [INFO] smart_log : 错误代码 1: 
2025-04-07 11:18:48,938 [INFO] 识盘命令输出：
2025-04-07 11:18:48,998 [INFO] smart_log : 错误代码 1: 
2025-04-07 11:18:50,005 [INFO] 识盘命令输出：
2025-04-07 11:18:50,067 [INFO] smart_log : 错误代码 1: 
2025-04-07 11:18:51,068 [INFO] 识盘命令输出：
2025-04-07 11:18:51,119 [INFO] smart_log : 错误代码 1: 
2025-04-07 11:18:52,135 [INFO] 识盘命令输出：
2025-04-07 11:18:52,198 [INFO] smart_log : 错误代码 1: 
2025-04-07 11:18:53,202 [INFO] 识盘命令输出：
2025-04-07 11:18:53,260 [INFO] smart_log : 错误代码 1: 
2025-04-07 11:18:54,271 [INFO] 识盘命令输出：
2025-04-07 11:18:54,330 [INFO] smart_log : 错误代码 1: 
2025-04-07 11:18:55,338 [INFO] 识盘命令输出：
2025-04-07 11:18:55,393 [INFO] smart_log : 错误代码 1: 
2025-04-07 11:18:56,407 [INFO] 识盘命令输出：
2025-04-07 11:18:56,468 [INFO] smart_log : 错误代码 1: 
2025-04-07 11:18:57,474 [INFO] 识盘命令输出：
2025-04-07 11:18:57,537 [INFO] smart_log : 错误代码 1: 
2025-04-07 11:18:58,543 [INFO] 识盘命令输出：
2025-04-07 11:18:58,601 [INFO] smart_log : 错误代码 1: 
2025-04-07 11:18:59,609 [INFO] 识盘命令输出：
2025-04-07 11:18:59,669 [INFO] smart_log : 错误代码 1: 
2025-04-07 11:19:00,674 [INFO] 识盘命令输出：
2025-04-07 11:19:00,724 [INFO] smart_log : 错误代码 1: 
2025-04-07 11:19:01,734 [INFO] 识盘命令输出：
2025-04-07 11:19:01,788 [INFO] smart_log : 错误代码 1: 
2025-04-07 11:19:02,802 [INFO] 识盘命令输出：
2025-04-07 11:19:02,866 [INFO] smart_log : 错误代码 1: 
2025-04-07 11:19:03,870 [INFO] 识盘命令输出：
2025-04-07 11:19:03,931 [INFO] smart_log : 错误代码 1: 
2025-04-07 11:19:04,939 [INFO] 识盘命令输出：
2025-04-07 11:19:05,003 [INFO] smart_log : 错误代码 1: 
2025-04-07 11:19:06,006 [INFO] 识盘命令输出：
2025-04-07 11:19:06,066 [INFO] smart_log : 错误代码 1: 
2025-04-07 11:19:07,074 [INFO] 识盘命令输出：
2025-04-07 11:19:07,136 [INFO] smart_log : 错误代码 1: 
2025-04-07 11:19:08,143 [INFO] 识盘命令输出：
2025-04-07 11:19:08,198 [INFO] smart_log : 错误代码 1: 
2025-04-07 11:19:09,211 [INFO] 识盘命令输出：
2025-04-07 11:19:09,265 [INFO] smart_log : 错误代码 1: 
2025-04-07 11:19:10,280 [INFO] 等待5秒后开始上电
2025-04-07 11:19:26,044 [INFO] current_transition_state : 已锁定
2025-04-07 11:19:26,044 [INFO] step 5: bitlocker unlock again
2025-04-07 11:19:31,610 [INFO] current_locked_state : 已解锁
2025-04-07 11:19:31,610 [INFO] step 8: bitlocker off
2025-04-07 11:19:36,963 [INFO] current_transition_state : 完全解密
