2025-03-17 21:02:02,843 [INFO] 程序已以管理员权限运行。
2025-03-17 21:02:02,843 [INFO] step 0: delay power off
2025-03-17 21:02:02,844 [INFO] step 1 Format
2025-03-17 21:02:23,227 [INFO] step 2: status check
2025-03-17 21:02:23,257 [INFO] current_transition_state : 错误代码 136: Invalid or unsupported disk \\.\PhysicalDrive0
2025-03-17 21:02:23,258 [INFO] 识盘命令输出：
2025-03-17 21:02:23,356 [INFO] smart_log : 错误代码 1: 
2025-03-17 21:02:24,364 [INFO] 识盘命令输出：
2025-03-17 21:02:24,424 [INFO] smart_log : 错误代码 1: 
2025-03-17 21:02:25,432 [INFO] 识盘命令输出：
2025-03-17 21:02:25,489 [INFO] smart_log : 错误代码 1: 
2025-03-17 21:02:26,500 [INFO] 识盘命令输出：
2025-03-17 21:02:26,561 [INFO] smart_log : 错误代码 1: 
2025-03-17 21:02:27,568 [INFO] 识盘命令输出：
2025-03-17 21:02:27,636 [INFO] smart_log : 错误代码 1: 
2025-03-17 21:02:28,642 [INFO] 识盘命令输出：
2025-03-17 21:02:28,699 [INFO] smart_log : 错误代码 1: 
2025-03-17 21:02:29,710 [INFO] 识盘命令输出：
2025-03-17 21:02:29,770 [INFO] smart_log : 错误代码 1: 
2025-03-17 21:02:30,774 [INFO] 识盘命令输出：
2025-03-17 21:02:30,837 [INFO] smart_log : 错误代码 1: 
2025-03-17 21:02:31,843 [INFO] 识盘命令输出：
2025-03-17 21:02:31,898 [INFO] smart_log : 错误代码 1: 
2025-03-17 21:02:32,909 [INFO] 识盘命令输出：
2025-03-17 21:02:32,975 [INFO] smart_log : 错误代码 1: 
2025-03-17 21:02:33,978 [INFO] 等待5秒后开始上电
